<?xml version="1.0" encoding="UTF-8"?>
<testsuite name="org.mozilla.javascript.typedarrays.ByteIo_ESTest" tests="24" skipped="0" failures="0" errors="0" timestamp="2018-08-05T05:03:33" hostname="cobb" time="0.856">
  <properties/>
  <testcase name="test10" classname="org.mozilla.javascript.typedarrays.ByteIo_ESTest" time="0.09"/>
  <testcase name="test21" classname="org.mozilla.javascript.typedarrays.ByteIo_ESTest" time="0.046"/>
  <testcase name="test20" classname="org.mozilla.javascript.typedarrays.ByteIo_ESTest" time="0.058"/>
  <testcase name="test01" classname="org.mozilla.javascript.typedarrays.ByteIo_ESTest" time="0.024"/>
  <testcase name="test12" classname="org.mozilla.javascript.typedarrays.ByteIo_ESTest" time="0.028"/>
  <testcase name="test23" classname="org.mozilla.javascript.typedarrays.ByteIo_ESTest" time="0.04"/>
  <testcase name="test00" classname="org.mozilla.javascript.typedarrays.ByteIo_ESTest" time="0.022"/>
  <testcase name="test11" classname="org.mozilla.javascript.typedarrays.ByteIo_ESTest" time="0.044"/>
  <testcase name="test22" classname="org.mozilla.javascript.typedarrays.ByteIo_ESTest" time="0.022"/>
  <testcase name="test03" classname="org.mozilla.javascript.typedarrays.ByteIo_ESTest" time="0.038"/>
  <testcase name="test14" classname="org.mozilla.javascript.typedarrays.ByteIo_ESTest" time="0.021"/>
  <testcase name="test02" classname="org.mozilla.javascript.typedarrays.ByteIo_ESTest" time="0.026"/>
  <testcase name="test13" classname="org.mozilla.javascript.typedarrays.ByteIo_ESTest" time="0.025"/>
  <testcase name="test05" classname="org.mozilla.javascript.typedarrays.ByteIo_ESTest" time="0.017"/>
  <testcase name="test16" classname="org.mozilla.javascript.typedarrays.ByteIo_ESTest" time="0.066"/>
  <testcase name="test04" classname="org.mozilla.javascript.typedarrays.ByteIo_ESTest" time="0.032"/>
  <testcase name="test15" classname="org.mozilla.javascript.typedarrays.ByteIo_ESTest" time="0.031"/>
  <testcase name="test07" classname="org.mozilla.javascript.typedarrays.ByteIo_ESTest" time="0.016"/>
  <testcase name="test18" classname="org.mozilla.javascript.typedarrays.ByteIo_ESTest" time="0.027"/>
  <testcase name="test06" classname="org.mozilla.javascript.typedarrays.ByteIo_ESTest" time="0.031"/>
  <testcase name="test17" classname="org.mozilla.javascript.typedarrays.ByteIo_ESTest" time="0.021"/>
  <testcase name="test09" classname="org.mozilla.javascript.typedarrays.ByteIo_ESTest" time="0.034"/>
  <testcase name="test08" classname="org.mozilla.javascript.typedarrays.ByteIo_ESTest" time="0.028"/>
  <testcase name="test19" classname="org.mozilla.javascript.typedarrays.ByteIo_ESTest" time="0.05"/>
  <system-out><![CDATA[]]></system-out>
  <system-err><![CDATA[Aug 04, 2018 10:03:28 PM org.evosuite.runtime.instrumentation.EvoClassLoader loadClass
INFO: Seeing class for first time: org.mozilla.javascript.typedarrays.ByteIo_ESTest
Aug 04, 2018 10:03:28 PM org.evosuite.runtime.instrumentation.EvoClassLoader instrumentClass
INFO: Instrumenting class 'org.mozilla.javascript.typedarrays.ByteIo_ESTest'.
Aug 04, 2018 10:03:29 PM org.evosuite.runtime.instrumentation.EvoClassLoader loadClass
INFO: Seeing class for first time: org.mozilla.javascript.typedarrays.ByteIo_ESTest_scaffolding
Aug 04, 2018 10:03:29 PM org.evosuite.runtime.instrumentation.EvoClassLoader instrumentClass
INFO: Instrumenting class 'org.mozilla.javascript.typedarrays.ByteIo_ESTest_scaffolding'.
Aug 04, 2018 10:03:29 PM org.evosuite.runtime.instrumentation.EvoClassLoader instrumentClass
INFO: Keeping class: org.mozilla.javascript.typedarrays.ByteIo_ESTest_scaffolding
Aug 04, 2018 10:03:29 PM org.evosuite.runtime.instrumentation.EvoClassLoader instrumentClass
INFO: Keeping class: org.mozilla.javascript.typedarrays.ByteIo_ESTest
Aug 05, 2018 5:03:31 AM org.evosuite.runtime.instrumentation.EvoClassLoader loadClass
INFO: Seeing class for first time: org.mozilla.javascript.typedarrays.ByteIo
Aug 05, 2018 5:03:31 AM org.evosuite.runtime.instrumentation.EvoClassLoader instrumentClass
INFO: Instrumenting class 'org.mozilla.javascript.typedarrays.ByteIo'.
Aug 05, 2018 5:03:31 AM org.evosuite.runtime.instrumentation.MethodCallReplacementClassAdapter visit
INFO: Adding mock interface to class org/mozilla/javascript/typedarrays/ByteIo
Aug 05, 2018 5:03:32 AM org.evosuite.runtime.instrumentation.CreateClassResetClassAdapter createEmptyStaticReset
INFO: Creating brand-new static initializer in class org/mozilla/javascript/typedarrays/ByteIo
Aug 05, 2018 5:03:32 AM org.evosuite.runtime.instrumentation.EvoClassLoader instrumentClass
INFO: Keeping class: org.mozilla.javascript.typedarrays.ByteIo
Aug 05, 2018 5:03:33 AM org.evosuite.runtime.thread.ThreadStopper killAndJoinClientThreads
INFO: Found new thread
Aug 05, 2018 5:03:33 AM org.evosuite.runtime.thread.ThreadStopper killAndJoinClientThreads
INFO: Found new thread
Aug 05, 2018 5:03:33 AM org.evosuite.runtime.thread.ThreadStopper killAndJoinClientThreads
INFO: Found new thread
Aug 05, 2018 5:03:33 AM org.evosuite.runtime.thread.ThreadStopper killAndJoinClientThreads
INFO: Found new thread
Aug 05, 2018 5:03:33 AM org.evosuite.runtime.thread.ThreadStopper killAndJoinClientThreads
INFO: Found new thread
Aug 05, 2018 5:03:33 AM org.evosuite.runtime.thread.ThreadStopper killAndJoinClientThreads
INFO: Found new thread
Aug 05, 2018 5:03:33 AM org.evosuite.runtime.thread.ThreadStopper killAndJoinClientThreads
INFO: Found new thread
Aug 05, 2018 5:03:33 AM org.evosuite.runtime.thread.ThreadStopper killAndJoinClientThreads
INFO: Found new thread
Aug 05, 2018 5:03:33 AM org.evosuite.runtime.thread.ThreadStopper killAndJoinClientThreads
INFO: Found new thread
Aug 05, 2018 5:03:33 AM org.evosuite.runtime.thread.ThreadStopper killAndJoinClientThreads
INFO: Found new thread
Aug 05, 2018 5:03:33 AM org.evosuite.runtime.thread.ThreadStopper killAndJoinClientThreads
INFO: Found new thread
Aug 05, 2018 5:03:33 AM org.evosuite.runtime.thread.ThreadStopper killAndJoinClientThreads
INFO: Found new thread
Aug 05, 2018 5:03:33 AM org.evosuite.runtime.thread.ThreadStopper killAndJoinClientThreads
INFO: Found new thread
Aug 05, 2018 5:03:33 AM org.evosuite.runtime.thread.ThreadStopper killAndJoinClientThreads
INFO: Found new thread
Aug 05, 2018 5:03:33 AM org.evosuite.runtime.thread.ThreadStopper killAndJoinClientThreads
INFO: Found new thread
Aug 05, 2018 5:03:33 AM org.evosuite.runtime.thread.ThreadStopper killAndJoinClientThreads
INFO: Found new thread
Aug 05, 2018 5:03:33 AM org.evosuite.runtime.thread.ThreadStopper killAndJoinClientThreads
INFO: Found new thread
Aug 05, 2018 5:03:33 AM org.evosuite.runtime.thread.ThreadStopper killAndJoinClientThreads
INFO: Found new thread
Aug 05, 2018 5:03:33 AM org.evosuite.runtime.thread.ThreadStopper killAndJoinClientThreads
INFO: Found new thread
]]></system-err>
</testsuite>
