<?xml version="1.0" encoding="UTF-8"?>
<testsuite name="org.mozilla.javascript.tools.shell.ConsoleWriter_ESTest" tests="5" skipped="0" failures="0" errors="0" timestamp="2018-08-05T05:01:11" hostname="cobb" time="0.524">
  <properties/>
  <testcase name="test4" classname="org.mozilla.javascript.tools.shell.ConsoleWriter_ESTest" time="0.067"/>
  <testcase name="test3" classname="org.mozilla.javascript.tools.shell.ConsoleWriter_ESTest" time="0.149"/>
  <testcase name="test2" classname="org.mozilla.javascript.tools.shell.ConsoleWriter_ESTest" time="0.142"/>
  <testcase name="test1" classname="org.mozilla.javascript.tools.shell.ConsoleWriter_ESTest" time="0.056"/>
  <testcase name="test0" classname="org.mozilla.javascript.tools.shell.ConsoleWriter_ESTest" time="0.091"/>
  <system-out><![CDATA[]]></system-out>
  <system-err><![CDATA[Aug 04, 2018 10:01:06 PM org.evosuite.runtime.instrumentation.EvoClassLoader loadClass
INFO: Seeing class for first time: org.mozilla.javascript.tools.shell.ConsoleWriter_ESTest
Aug 04, 2018 10:01:06 PM org.evosuite.runtime.instrumentation.EvoClassLoader instrumentClass
INFO: Instrumenting class 'org.mozilla.javascript.tools.shell.ConsoleWriter_ESTest'.
Aug 04, 2018 10:01:07 PM org.evosuite.runtime.instrumentation.EvoClassLoader loadClass
INFO: Seeing class for first time: org.mozilla.javascript.tools.shell.ConsoleWriter_ESTest_scaffolding
Aug 04, 2018 10:01:07 PM org.evosuite.runtime.instrumentation.EvoClassLoader instrumentClass
INFO: Instrumenting class 'org.mozilla.javascript.tools.shell.ConsoleWriter_ESTest_scaffolding'.
Aug 04, 2018 10:01:07 PM org.evosuite.runtime.instrumentation.EvoClassLoader instrumentClass
INFO: Keeping class: org.mozilla.javascript.tools.shell.ConsoleWriter_ESTest_scaffolding
Aug 04, 2018 10:01:07 PM org.evosuite.runtime.instrumentation.EvoClassLoader instrumentClass
INFO: Keeping class: org.mozilla.javascript.tools.shell.ConsoleWriter_ESTest
Aug 05, 2018 5:01:09 AM org.evosuite.runtime.instrumentation.EvoClassLoader loadClass
INFO: Seeing class for first time: org.mozilla.javascript.tools.shell.ConsoleWrite
Aug 05, 2018 5:01:09 AM org.evosuite.runtime.instrumentation.EvoClassLoader instrumentClass
INFO: Instrumenting class 'org.mozilla.javascript.tools.shell.ConsoleWrite'.
Aug 05, 2018 5:01:09 AM org.evosuite.runtime.instrumentation.MethodCallReplacementClassAdapter visit
INFO: Adding mock interface to class org/mozilla/javascript/tools/shell/ConsoleWrite
Aug 05, 2018 5:01:10 AM org.evosuite.runtime.instrumentation.CreateClassResetClassAdapter createEmptyStaticReset
INFO: Creating brand-new static initializer in class org/mozilla/javascript/tools/shell/ConsoleWrite
Aug 05, 2018 5:01:11 AM org.evosuite.runtime.instrumentation.EvoClassLoader instrumentClass
INFO: Keeping class: org.mozilla.javascript.tools.shell.ConsoleWrite
Aug 05, 2018 5:01:11 AM org.evosuite.runtime.instrumentation.EvoClassLoader loadClass
INFO: Seeing class for first time: org.mozilla.javascript.tools.shell.ConsoleWriter
Aug 05, 2018 5:01:11 AM org.evosuite.runtime.instrumentation.EvoClassLoader instrumentClass
INFO: Instrumenting class 'org.mozilla.javascript.tools.shell.ConsoleWriter'.
Aug 05, 2018 5:01:11 AM org.evosuite.runtime.instrumentation.MethodCallReplacementClassAdapter visit
INFO: Adding mock interface to class org/mozilla/javascript/tools/shell/ConsoleWriter
Aug 05, 2018 5:01:11 AM org.evosuite.runtime.instrumentation.CreateClassResetClassAdapter createEmptyStaticReset
INFO: Creating brand-new static initializer in class org/mozilla/javascript/tools/shell/ConsoleWriter
Aug 05, 2018 5:01:11 AM org.evosuite.runtime.instrumentation.EvoClassLoader instrumentClass
INFO: Keeping class: org.mozilla.javascript.tools.shell.ConsoleWriter
Aug 05, 2018 5:01:11 AM org.evosuite.runtime.instrumentation.EvoClassLoader loadClass
INFO: Seeing class for first time: org.mozilla.javascript.tools.shell.ConsoleTextArea
Aug 05, 2018 5:01:11 AM org.evosuite.runtime.instrumentation.EvoClassLoader instrumentClass
INFO: Instrumenting class 'org.mozilla.javascript.tools.shell.ConsoleTextArea'.
Aug 05, 2018 5:01:11 AM org.evosuite.runtime.instrumentation.MethodCallReplacementClassAdapter visit
INFO: Adding mock interface to class org/mozilla/javascript/tools/shell/ConsoleTextArea
Aug 05, 2018 5:01:11 AM org.evosuite.runtime.instrumentation.CreateClassResetClassAdapter createEmptyStaticReset
INFO: Creating brand-new static initializer in class org/mozilla/javascript/tools/shell/ConsoleTextArea
Aug 05, 2018 5:01:11 AM org.evosuite.runtime.instrumentation.EvoClassLoader instrumentClass
INFO: Keeping class: org.mozilla.javascript.tools.shell.ConsoleTextArea
Aug 05, 2018 5:01:11 AM org.evosuite.runtime.thread.ThreadStopper killAndJoinClientThreads
INFO: Found new thread
Aug 05, 2018 5:01:11 AM org.evosuite.runtime.thread.ThreadStopper killAndJoinClientThreads
INFO: Found new thread
Aug 05, 2018 5:01:11 AM org.evosuite.runtime.thread.ThreadStopper killAndJoinClientThreads
INFO: Found new thread
Aug 05, 2018 5:01:11 AM org.evosuite.runtime.thread.ThreadStopper killAndJoinClientThreads
INFO: Found new thread
Exception in thread "AWT-EventQueue-0" java.lang.RuntimeException: Kill switch
	at org.evosuite.runtime.thread.KillSwitchHandler.checkTimeout(KillSwitchHandler.java:50)
	at org.evosuite.runtime.thread.KillSwitchHandler.killIfTimeout(KillSwitchHandler.java:59)
	at org.mozilla.javascript.tools.shell.ConsoleTextArea.insertUpdate(ConsoleTextArea.java:230)
	at javax.swing.text.AbstractDocument.fireInsertUpdate(AbstractDocument.java:201)
	at javax.swing.text.AbstractDocument.handleInsertString(AbstractDocument.java:748)
	at javax.swing.text.AbstractDocument.insertString(AbstractDocument.java:707)
	at javax.swing.text.PlainDocument.insertString(PlainDocument.java:130)
	at javax.swing.JTextArea.insert(JTextArea.java:459)
	at org.mozilla.javascript.tools.shell.ConsoleTextArea.write(ConsoleTextArea.java:223)
	at org.mozilla.javascript.tools.shell.ConsoleWrite.run(ConsoleTextArea.java:25)
	at java.awt.event.InvocationEvent.dispatch(InvocationEvent.java:311)
]]></system-err>
</testsuite>
