<?xml version="1.0" encoding="UTF-8"?>
<testsuite name="org.mozilla.javascript.regexp.SubString_ESTest" tests="3" skipped="0" failures="0" errors="0" timestamp="2018-08-05T05:01:00" hostname="cobb" time="0.181">
  <properties/>
  <testcase name="test2" classname="org.mozilla.javascript.regexp.SubString_ESTest" time="0.084"/>
  <testcase name="test0" classname="org.mozilla.javascript.regexp.SubString_ESTest" time="0.056"/>
  <testcase name="test1" classname="org.mozilla.javascript.regexp.SubString_ESTest" time="0.034"/>
  <system-out><![CDATA[]]></system-out>
  <system-err><![CDATA[Aug 04, 2018 10:00:53 PM org.evosuite.runtime.instrumentation.EvoClassLoader loadClass
INFO: Seeing class for first time: org.mozilla.javascript.regexp.SubString_ESTest
Aug 04, 2018 10:00:54 PM org.evosuite.runtime.instrumentation.EvoClassLoader instrumentClass
INFO: Instrumenting class 'org.mozilla.javascript.regexp.SubString_ESTest'.
Aug 04, 2018 10:00:55 PM org.evosuite.runtime.instrumentation.EvoClassLoader loadClass
INFO: Seeing class for first time: org.mozilla.javascript.regexp.SubString_ESTest_scaffolding
Aug 04, 2018 10:00:55 PM org.evosuite.runtime.instrumentation.EvoClassLoader instrumentClass
INFO: Instrumenting class 'org.mozilla.javascript.regexp.SubString_ESTest_scaffolding'.
Aug 04, 2018 10:00:55 PM org.evosuite.runtime.instrumentation.EvoClassLoader instrumentClass
INFO: Keeping class: org.mozilla.javascript.regexp.SubString_ESTest_scaffolding
Aug 04, 2018 10:00:55 PM org.evosuite.runtime.instrumentation.EvoClassLoader instrumentClass
INFO: Keeping class: org.mozilla.javascript.regexp.SubString_ESTest
Aug 05, 2018 5:00:57 AM org.evosuite.runtime.instrumentation.EvoClassLoader loadClass
INFO: Seeing class for first time: org.mozilla.javascript.regexp.SubString
Aug 05, 2018 5:00:57 AM org.evosuite.runtime.instrumentation.EvoClassLoader instrumentClass
INFO: Instrumenting class 'org.mozilla.javascript.regexp.SubString'.
Aug 05, 2018 5:00:57 AM org.evosuite.runtime.instrumentation.MethodCallReplacementClassAdapter visit
INFO: Adding mock interface to class org/mozilla/javascript/regexp/SubString
Aug 05, 2018 5:01:00 AM org.evosuite.runtime.instrumentation.CreateClassResetClassAdapter createEmptyStaticReset
INFO: Creating brand-new static initializer in class org/mozilla/javascript/regexp/SubString
Aug 05, 2018 5:01:00 AM org.evosuite.runtime.instrumentation.EvoClassLoader instrumentClass
INFO: Keeping class: org.mozilla.javascript.regexp.SubString
Aug 05, 2018 5:01:00 AM org.evosuite.runtime.thread.ThreadStopper killAndJoinClientThreads
INFO: Found new thread
Aug 05, 2018 5:01:00 AM org.evosuite.runtime.thread.ThreadStopper killAndJoinClientThreads
INFO: Found new thread
Aug 05, 2018 5:01:00 AM org.evosuite.runtime.thread.ThreadStopper killAndJoinClientThreads
INFO: Found new thread
]]></system-err>
</testsuite>
