<?xml version="1.0" encoding="UTF-8"?>
<testsuite name="org.mozilla.javascript.ast.ParseProblem_ESTest" tests="6" skipped="0" failures="0" errors="0" timestamp="2018-08-05T04:58:04" hostname="cobb" time="0.282">
  <properties/>
  <testcase name="test0" classname="org.mozilla.javascript.ast.ParseProblem_ESTest" time="0.092"/>
  <testcase name="test1" classname="org.mozilla.javascript.ast.ParseProblem_ESTest" time="0.077"/>
  <testcase name="test4" classname="org.mozilla.javascript.ast.ParseProblem_ESTest" time="0.033"/>
  <testcase name="test5" classname="org.mozilla.javascript.ast.ParseProblem_ESTest" time="0.021"/>
  <testcase name="test2" classname="org.mozilla.javascript.ast.ParseProblem_ESTest" time="0.022"/>
  <testcase name="test3" classname="org.mozilla.javascript.ast.ParseProblem_ESTest" time="0.035"/>
  <system-out><![CDATA[]]></system-out>
  <system-err><![CDATA[Aug 04, 2018 9:58:00 PM org.evosuite.runtime.instrumentation.EvoClassLoader loadClass
INFO: Seeing class for first time: org.mozilla.javascript.ast.ParseProblem_ESTest
Aug 04, 2018 9:58:00 PM org.evosuite.runtime.instrumentation.EvoClassLoader instrumentClass
INFO: Instrumenting class 'org.mozilla.javascript.ast.ParseProblem_ESTest'.
Aug 04, 2018 9:58:00 PM org.evosuite.runtime.instrumentation.EvoClassLoader loadClass
INFO: Seeing class for first time: org.mozilla.javascript.ast.ParseProblem_ESTest_scaffolding
Aug 04, 2018 9:58:00 PM org.evosuite.runtime.instrumentation.EvoClassLoader instrumentClass
INFO: Instrumenting class 'org.mozilla.javascript.ast.ParseProblem_ESTest_scaffolding'.
Aug 04, 2018 9:58:00 PM org.evosuite.runtime.instrumentation.EvoClassLoader instrumentClass
INFO: Keeping class: org.mozilla.javascript.ast.ParseProblem_ESTest_scaffolding
Aug 04, 2018 9:58:00 PM org.evosuite.runtime.instrumentation.EvoClassLoader instrumentClass
INFO: Keeping class: org.mozilla.javascript.ast.ParseProblem_ESTest
Aug 05, 2018 4:58:02 AM org.evosuite.runtime.instrumentation.EvoClassLoader loadClass
INFO: Seeing class for first time: org.mozilla.javascript.ast.ParseProblem
Aug 05, 2018 4:58:02 AM org.evosuite.runtime.instrumentation.EvoClassLoader instrumentClass
INFO: Instrumenting class 'org.mozilla.javascript.ast.ParseProblem'.
Aug 05, 2018 4:58:02 AM org.evosuite.runtime.instrumentation.MethodCallReplacementClassAdapter visit
INFO: Adding mock interface to class org/mozilla/javascript/ast/ParseProblem
Aug 05, 2018 4:58:04 AM org.evosuite.runtime.instrumentation.CreateClassResetClassAdapter createEmptyStaticReset
INFO: Creating brand-new static initializer in class org/mozilla/javascript/ast/ParseProblem
Aug 05, 2018 4:58:04 AM org.evosuite.runtime.instrumentation.EvoClassLoader instrumentClass
INFO: Keeping class: org.mozilla.javascript.ast.ParseProblem
Aug 05, 2018 4:58:04 AM org.evosuite.runtime.instrumentation.EvoClassLoader loadClass
INFO: Seeing class for first time: org.mozilla.javascript.ast.ParseProblem$Type
Aug 05, 2018 4:58:04 AM org.evosuite.runtime.instrumentation.EvoClassLoader instrumentClass
INFO: Instrumenting class 'org.mozilla.javascript.ast.ParseProblem$Type'.
Aug 05, 2018 4:58:04 AM org.evosuite.runtime.instrumentation.MethodCallReplacementClassAdapter visit
INFO: Adding mock interface to class org/mozilla/javascript/ast/ParseProblem$Type
Aug 05, 2018 4:58:04 AM org.evosuite.runtime.instrumentation.CreateClassResetClassAdapter visitMethod
INFO: Found static initializer in class org/mozilla/javascript/ast/ParseProblem$Type
Aug 05, 2018 4:58:04 AM org.evosuite.runtime.instrumentation.EvoClassLoader instrumentClass
INFO: Keeping class: org.mozilla.javascript.ast.ParseProblem$Type
Aug 05, 2018 4:58:04 AM org.evosuite.runtime.thread.ThreadStopper killAndJoinClientThreads
INFO: Found new thread
Aug 05, 2018 4:58:04 AM org.evosuite.runtime.thread.ThreadStopper killAndJoinClientThreads
INFO: Found new thread
Aug 05, 2018 4:58:04 AM org.evosuite.runtime.thread.ThreadStopper killAndJoinClientThreads
INFO: Found new thread
]]></system-err>
</testsuite>
