<?xml version="1.0" encoding="UTF-8"?>
<testsuite name="org.mozilla.javascript.regexp.REProgState_ESTest" tests="1" skipped="0" failures="0" errors="0" timestamp="2018-08-05T05:01:29" hostname="cobb" time="0.14">
  <properties/>
  <testcase name="test0" classname="org.mozilla.javascript.regexp.REProgState_ESTest" time="0.14"/>
  <system-out><![CDATA[]]></system-out>
  <system-err><![CDATA[Aug 04, 2018 10:01:23 PM org.evosuite.runtime.instrumentation.EvoClassLoader loadClass
INFO: Seeing class for first time: org.mozilla.javascript.regexp.REProgState_ESTest
Aug 04, 2018 10:01:23 PM org.evosuite.runtime.instrumentation.EvoClassLoader instrumentClass
INFO: Instrumenting class 'org.mozilla.javascript.regexp.REProgState_ESTest'.
Aug 04, 2018 10:01:24 PM org.evosuite.runtime.instrumentation.EvoClassLoader loadClass
INFO: Seeing class for first time: org.mozilla.javascript.regexp.REProgState_ESTest_scaffolding
Aug 04, 2018 10:01:24 PM org.evosuite.runtime.instrumentation.EvoClassLoader instrumentClass
INFO: Instrumenting class 'org.mozilla.javascript.regexp.REProgState_ESTest_scaffolding'.
Aug 04, 2018 10:01:24 PM org.evosuite.runtime.instrumentation.EvoClassLoader instrumentClass
INFO: Keeping class: org.mozilla.javascript.regexp.REProgState_ESTest_scaffolding
Aug 04, 2018 10:01:24 PM org.evosuite.runtime.instrumentation.EvoClassLoader instrumentClass
INFO: Keeping class: org.mozilla.javascript.regexp.REProgState_ESTest
Aug 05, 2018 5:01:26 AM org.evosuite.runtime.instrumentation.EvoClassLoader loadClass
INFO: Seeing class for first time: org.mozilla.javascript.regexp.REProgState
Aug 05, 2018 5:01:26 AM org.evosuite.runtime.instrumentation.EvoClassLoader instrumentClass
INFO: Instrumenting class 'org.mozilla.javascript.regexp.REProgState'.
Aug 05, 2018 5:01:26 AM org.evosuite.runtime.instrumentation.MethodCallReplacementClassAdapter visit
INFO: Adding mock interface to class org/mozilla/javascript/regexp/REProgState
Aug 05, 2018 5:01:28 AM org.evosuite.runtime.instrumentation.CreateClassResetClassAdapter createEmptyStaticReset
INFO: Creating brand-new static initializer in class org/mozilla/javascript/regexp/REProgState
Aug 05, 2018 5:01:28 AM org.evosuite.runtime.instrumentation.EvoClassLoader instrumentClass
INFO: Keeping class: org.mozilla.javascript.regexp.REProgState
Aug 05, 2018 5:01:28 AM org.evosuite.runtime.instrumentation.EvoClassLoader loadClass
INFO: Seeing class for first time: org.mozilla.javascript.regexp.REBackTrackData
Aug 05, 2018 5:01:28 AM org.evosuite.runtime.instrumentation.EvoClassLoader instrumentClass
INFO: Instrumenting class 'org.mozilla.javascript.regexp.REBackTrackData'.
Aug 05, 2018 5:01:28 AM org.evosuite.runtime.instrumentation.MethodCallReplacementClassAdapter visit
INFO: Adding mock interface to class org/mozilla/javascript/regexp/REBackTrackData
Aug 05, 2018 5:01:28 AM org.evosuite.runtime.instrumentation.CreateClassResetClassAdapter createEmptyStaticReset
INFO: Creating brand-new static initializer in class org/mozilla/javascript/regexp/REBackTrackData
Aug 05, 2018 5:01:28 AM org.evosuite.runtime.instrumentation.EvoClassLoader instrumentClass
INFO: Keeping class: org.mozilla.javascript.regexp.REBackTrackData
Aug 05, 2018 5:01:28 AM org.evosuite.runtime.instrumentation.EvoClassLoader loadClass
INFO: Seeing class for first time: org.mozilla.javascript.regexp.RECharSet
Aug 05, 2018 5:01:28 AM org.evosuite.runtime.instrumentation.EvoClassLoader instrumentClass
INFO: Instrumenting class 'org.mozilla.javascript.regexp.RECharSet'.
Aug 05, 2018 5:01:28 AM org.evosuite.runtime.instrumentation.MethodCallReplacementClassAdapter visit
INFO: Adding mock interface to class org/mozilla/javascript/regexp/RECharSet
Aug 05, 2018 5:01:28 AM org.evosuite.runtime.instrumentation.CreateClassResetClassAdapter createEmptyStaticReset
INFO: Creating brand-new static initializer in class org/mozilla/javascript/regexp/RECharSet
Aug 05, 2018 5:01:28 AM org.evosuite.runtime.instrumentation.EvoClassLoader instrumentClass
INFO: Keeping class: org.mozilla.javascript.regexp.RECharSet
Aug 05, 2018 5:01:28 AM org.evosuite.runtime.instrumentation.EvoClassLoader loadClass
INFO: Seeing class for first time: org.mozilla.javascript.regexp.REGlobalData
Aug 05, 2018 5:01:28 AM org.evosuite.runtime.instrumentation.EvoClassLoader instrumentClass
INFO: Instrumenting class 'org.mozilla.javascript.regexp.REGlobalData'.
Aug 05, 2018 5:01:28 AM org.evosuite.runtime.instrumentation.MethodCallReplacementClassAdapter visit
INFO: Adding mock interface to class org/mozilla/javascript/regexp/REGlobalData
Aug 05, 2018 5:01:28 AM org.evosuite.runtime.instrumentation.CreateClassResetClassAdapter createEmptyStaticReset
INFO: Creating brand-new static initializer in class org/mozilla/javascript/regexp/REGlobalData
Aug 05, 2018 5:01:28 AM org.evosuite.runtime.instrumentation.EvoClassLoader instrumentClass
INFO: Keeping class: org.mozilla.javascript.regexp.REGlobalData
Aug 05, 2018 5:01:28 AM org.evosuite.runtime.instrumentation.EvoClassLoader loadClass
INFO: Seeing class for first time: org.mozilla.javascript.regexp.RECompiled
Aug 05, 2018 5:01:28 AM org.evosuite.runtime.instrumentation.EvoClassLoader instrumentClass
INFO: Instrumenting class 'org.mozilla.javascript.regexp.RECompiled'.
Aug 05, 2018 5:01:28 AM org.evosuite.runtime.instrumentation.MethodCallReplacementClassAdapter visit
INFO: Adding mock interface to class org/mozilla/javascript/regexp/RECompiled
Aug 05, 2018 5:01:28 AM org.evosuite.runtime.instrumentation.CreateClassResetClassAdapter createEmptyStaticReset
INFO: Creating brand-new static initializer in class org/mozilla/javascript/regexp/RECompiled
Aug 05, 2018 5:01:28 AM org.evosuite.runtime.instrumentation.EvoClassLoader instrumentClass
INFO: Keeping class: org.mozilla.javascript.regexp.RECompiled
Aug 05, 2018 5:01:29 AM org.evosuite.runtime.thread.ThreadStopper killAndJoinClientThreads
INFO: Found new thread
]]></system-err>
</testsuite>
