<?xml version="1.0" encoding="UTF-8"?>
<testsuite name="org.mozilla.javascript.ConsString_ESTest" tests="4" skipped="0" failures="0" errors="0" timestamp="2018-08-05T05:06:59" hostname="cobb" time="0.156">
  <properties/>
  <testcase name="test2" classname="org.mozilla.javascript.ConsString_ESTest" time="0.085"/>
  <testcase name="test3" classname="org.mozilla.javascript.ConsString_ESTest" time="0.024"/>
  <testcase name="test0" classname="org.mozilla.javascript.ConsString_ESTest" time="0.028"/>
  <testcase name="test1" classname="org.mozilla.javascript.ConsString_ESTest" time="0.009"/>
  <system-out><![CDATA[]]></system-out>
  <system-err><![CDATA[Aug 04, 2018 10:06:54 PM org.evosuite.runtime.instrumentation.EvoClassLoader loadClass
INFO: Seeing class for first time: org.mozilla.javascript.ConsString_ESTest
Aug 04, 2018 10:06:54 PM org.evosuite.runtime.instrumentation.EvoClassLoader instrumentClass
INFO: Instrumenting class 'org.mozilla.javascript.ConsString_ESTest'.
Aug 04, 2018 10:06:55 PM org.evosuite.runtime.instrumentation.EvoClassLoader loadClass
INFO: Seeing class for first time: org.mozilla.javascript.ConsString_ESTest_scaffolding
Aug 04, 2018 10:06:55 PM org.evosuite.runtime.instrumentation.EvoClassLoader instrumentClass
INFO: Instrumenting class 'org.mozilla.javascript.ConsString_ESTest_scaffolding'.
Aug 04, 2018 10:06:55 PM org.evosuite.runtime.instrumentation.EvoClassLoader instrumentClass
INFO: Keeping class: org.mozilla.javascript.ConsString_ESTest_scaffolding
Aug 04, 2018 10:06:55 PM org.evosuite.runtime.instrumentation.EvoClassLoader instrumentClass
INFO: Keeping class: org.mozilla.javascript.ConsString_ESTest
Aug 05, 2018 5:06:57 AM org.evosuite.runtime.instrumentation.EvoClassLoader loadClass
INFO: Seeing class for first time: org.mozilla.javascript.ConsString
Aug 05, 2018 5:06:57 AM org.evosuite.runtime.instrumentation.EvoClassLoader instrumentClass
INFO: Instrumenting class 'org.mozilla.javascript.ConsString'.
Aug 05, 2018 5:06:57 AM org.evosuite.runtime.instrumentation.MethodCallReplacementClassAdapter visit
INFO: Adding mock interface to class org/mozilla/javascript/ConsString
Aug 05, 2018 5:06:58 AM org.evosuite.runtime.instrumentation.CreateClassResetClassAdapter createEmptyStaticReset
INFO: Creating brand-new static initializer in class org/mozilla/javascript/ConsString
Aug 05, 2018 5:06:59 AM org.evosuite.runtime.instrumentation.EvoClassLoader instrumentClass
INFO: Keeping class: org.mozilla.javascript.ConsString
Aug 05, 2018 5:06:59 AM org.evosuite.runtime.thread.ThreadStopper killAndJoinClientThreads
INFO: Found new thread
Aug 05, 2018 5:06:59 AM org.evosuite.runtime.thread.ThreadStopper killAndJoinClientThreads
INFO: Found new thread
]]></system-err>
</testsuite>
