<?xml version="1.0" encoding="UTF-8"?>
<testsuite name="org.mozilla.javascript.tools.shell.ConsoleTextArea_ESTest" tests="19" skipped="0" failures="0" errors="0" timestamp="2018-08-05T05:01:11" hostname="cobb" time="1.363">
  <properties/>
  <testcase name="test08" classname="org.mozilla.javascript.tools.shell.ConsoleTextArea_ESTest" time="0.402"/>
  <testcase name="test09" classname="org.mozilla.javascript.tools.shell.ConsoleTextArea_ESTest" time="0.071"/>
  <testcase name="test06" classname="org.mozilla.javascript.tools.shell.ConsoleTextArea_ESTest" time="0.112"/>
  <testcase name="test17" classname="org.mozilla.javascript.tools.shell.ConsoleTextArea_ESTest" time="0.029"/>
  <testcase name="test07" classname="org.mozilla.javascript.tools.shell.ConsoleTextArea_ESTest" time="0.047"/>
  <testcase name="test18" classname="org.mozilla.javascript.tools.shell.ConsoleTextArea_ESTest" time="0.066"/>
  <testcase name="test04" classname="org.mozilla.javascript.tools.shell.ConsoleTextArea_ESTest" time="0.042"/>
  <testcase name="test15" classname="org.mozilla.javascript.tools.shell.ConsoleTextArea_ESTest" time="0.063"/>
  <testcase name="test05" classname="org.mozilla.javascript.tools.shell.ConsoleTextArea_ESTest" time="0.069"/>
  <testcase name="test16" classname="org.mozilla.javascript.tools.shell.ConsoleTextArea_ESTest" time="0.036"/>
  <testcase name="test02" classname="org.mozilla.javascript.tools.shell.ConsoleTextArea_ESTest" time="0.027"/>
  <testcase name="test13" classname="org.mozilla.javascript.tools.shell.ConsoleTextArea_ESTest" time="0.018"/>
  <testcase name="test03" classname="org.mozilla.javascript.tools.shell.ConsoleTextArea_ESTest" time="0.047"/>
  <testcase name="test14" classname="org.mozilla.javascript.tools.shell.ConsoleTextArea_ESTest" time="0.047"/>
  <testcase name="test00" classname="org.mozilla.javascript.tools.shell.ConsoleTextArea_ESTest" time="0.041"/>
  <testcase name="test11" classname="org.mozilla.javascript.tools.shell.ConsoleTextArea_ESTest" time="0.062"/>
  <testcase name="test01" classname="org.mozilla.javascript.tools.shell.ConsoleTextArea_ESTest" time="0.064"/>
  <testcase name="test12" classname="org.mozilla.javascript.tools.shell.ConsoleTextArea_ESTest" time="0.045"/>
  <testcase name="test10" classname="org.mozilla.javascript.tools.shell.ConsoleTextArea_ESTest" time="0.031"/>
  <system-out><![CDATA[]]></system-out>
  <system-err><![CDATA[Aug 04, 2018 10:01:07 PM org.evosuite.runtime.instrumentation.EvoClassLoader loadClass
INFO: Seeing class for first time: org.mozilla.javascript.tools.shell.ConsoleTextArea_ESTest
Aug 04, 2018 10:01:07 PM org.evosuite.runtime.instrumentation.EvoClassLoader instrumentClass
INFO: Instrumenting class 'org.mozilla.javascript.tools.shell.ConsoleTextArea_ESTest'.
Aug 04, 2018 10:01:08 PM org.evosuite.runtime.instrumentation.EvoClassLoader loadClass
INFO: Seeing class for first time: org.mozilla.javascript.tools.shell.ConsoleTextArea_ESTest_scaffolding
Aug 04, 2018 10:01:08 PM org.evosuite.runtime.instrumentation.EvoClassLoader instrumentClass
INFO: Instrumenting class 'org.mozilla.javascript.tools.shell.ConsoleTextArea_ESTest_scaffolding'.
Aug 04, 2018 10:01:08 PM org.evosuite.runtime.instrumentation.EvoClassLoader instrumentClass
INFO: Keeping class: org.mozilla.javascript.tools.shell.ConsoleTextArea_ESTest_scaffolding
Aug 04, 2018 10:01:08 PM org.evosuite.runtime.instrumentation.EvoClassLoader instrumentClass
INFO: Keeping class: org.mozilla.javascript.tools.shell.ConsoleTextArea_ESTest
Aug 04, 2018 10:01:08 PM org.evosuite.runtime.instrumentation.EvoClassLoader loadClass
INFO: Seeing class for first time: org.mozilla.javascript.tools.shell.ConsoleTextArea
Aug 04, 2018 10:01:08 PM org.evosuite.runtime.instrumentation.EvoClassLoader instrumentClass
INFO: Instrumenting class 'org.mozilla.javascript.tools.shell.ConsoleTextArea'.
Aug 04, 2018 10:01:08 PM org.evosuite.runtime.instrumentation.MethodCallReplacementClassAdapter visit
INFO: Adding mock interface to class org/mozilla/javascript/tools/shell/ConsoleTextArea
Aug 04, 2018 10:01:10 PM org.evosuite.runtime.instrumentation.CreateClassResetClassAdapter createEmptyStaticReset
INFO: Creating brand-new static initializer in class org/mozilla/javascript/tools/shell/ConsoleTextArea
Aug 04, 2018 10:01:10 PM org.evosuite.runtime.instrumentation.EvoClassLoader instrumentClass
INFO: Keeping class: org.mozilla.javascript.tools.shell.ConsoleTextArea
Aug 05, 2018 5:01:11 AM org.evosuite.runtime.instrumentation.EvoClassLoader loadClass
INFO: Seeing class for first time: org.mozilla.javascript.tools.shell.ConsoleWrite
Aug 05, 2018 5:01:11 AM org.evosuite.runtime.instrumentation.EvoClassLoader instrumentClass
INFO: Instrumenting class 'org.mozilla.javascript.tools.shell.ConsoleWrite'.
Aug 05, 2018 5:01:11 AM org.evosuite.runtime.instrumentation.MethodCallReplacementClassAdapter visit
INFO: Adding mock interface to class org/mozilla/javascript/tools/shell/ConsoleWrite
Aug 05, 2018 5:01:11 AM org.evosuite.runtime.instrumentation.CreateClassResetClassAdapter createEmptyStaticReset
INFO: Creating brand-new static initializer in class org/mozilla/javascript/tools/shell/ConsoleWrite
Aug 05, 2018 5:01:11 AM org.evosuite.runtime.instrumentation.EvoClassLoader instrumentClass
INFO: Keeping class: org.mozilla.javascript.tools.shell.ConsoleWrite
Aug 05, 2018 5:01:11 AM org.evosuite.runtime.instrumentation.EvoClassLoader loadClass
INFO: Seeing class for first time: org.mozilla.javascript.tools.shell.ConsoleWriter
Aug 05, 2018 5:01:11 AM org.evosuite.runtime.instrumentation.EvoClassLoader instrumentClass
INFO: Instrumenting class 'org.mozilla.javascript.tools.shell.ConsoleWriter'.
Aug 05, 2018 5:01:11 AM org.evosuite.runtime.instrumentation.MethodCallReplacementClassAdapter visit
INFO: Adding mock interface to class org/mozilla/javascript/tools/shell/ConsoleWriter
Aug 05, 2018 5:01:11 AM org.evosuite.runtime.instrumentation.CreateClassResetClassAdapter createEmptyStaticReset
INFO: Creating brand-new static initializer in class org/mozilla/javascript/tools/shell/ConsoleWriter
Aug 05, 2018 5:01:11 AM org.evosuite.runtime.instrumentation.EvoClassLoader instrumentClass
INFO: Keeping class: org.mozilla.javascript.tools.shell.ConsoleWriter
Aug 05, 2018 5:01:12 AM org.evosuite.runtime.thread.ThreadStopper killAndJoinClientThreads
INFO: Found new thread
Aug 05, 2018 5:01:12 AM org.evosuite.runtime.thread.ThreadStopper killAndJoinClientThreads
INFO: Found new thread
Aug 05, 2018 5:01:12 AM org.evosuite.runtime.thread.ThreadStopper killAndJoinClientThreads
INFO: Found new thread
Aug 05, 2018 5:01:12 AM org.evosuite.runtime.thread.ThreadStopper killAndJoinClientThreads
INFO: Found new thread
Aug 05, 2018 5:01:12 AM org.evosuite.runtime.thread.ThreadStopper killAndJoinClientThreads
INFO: Found new thread
Aug 05, 2018 5:01:12 AM org.evosuite.runtime.thread.ThreadStopper killAndJoinClientThreads
INFO: Found new thread
Aug 05, 2018 5:01:12 AM org.evosuite.runtime.thread.ThreadStopper killAndJoinClientThreads
INFO: Found new thread
Aug 05, 2018 5:01:12 AM org.evosuite.runtime.thread.ThreadStopper killAndJoinClientThreads
INFO: Found new thread
Aug 05, 2018 5:01:12 AM org.evosuite.runtime.thread.ThreadStopper killAndJoinClientThreads
INFO: Found new thread
Aug 05, 2018 5:01:12 AM org.evosuite.runtime.thread.ThreadStopper killAndJoinClientThreads
INFO: Found new thread
Aug 05, 2018 5:01:12 AM org.evosuite.runtime.thread.ThreadStopper killAndJoinClientThreads
INFO: Found new thread
Aug 05, 2018 5:01:13 AM org.evosuite.runtime.thread.ThreadStopper killAndJoinClientThreads
INFO: Found new thread
Aug 05, 2018 5:01:13 AM org.evosuite.runtime.thread.ThreadStopper killAndJoinClientThreads
INFO: Found new thread
javax.swing.text.BadLocationException: Invalid location
	at javax.swing.text.GapContent.getChars(GapContent.java:186)
	at javax.swing.text.AbstractDocument.getText(AbstractDocument.java:810)
	at org.mozilla.javascript.tools.shell.ConsoleTextArea.returnPressed(ConsoleTextArea.java:123)
	at org.mozilla.javascript.tools.shell.ConsoleTextArea_ESTest.test01(ConsoleTextArea_ESTest.java:47)
	at sun.reflect.NativeMethodAccessorImpl.invoke0(Native Method)
	at sun.reflect.NativeMethodAccessorImpl.invoke(NativeMethodAccessorImpl.java:62)
	at sun.reflect.DelegatingMethodAccessorImpl.invoke(DelegatingMethodAccessorImpl.java:43)
	at java.lang.reflect.Method.invoke(Method.java:498)
	at org.junit.runners.model.FrameworkMethod$1.runReflectiveCall(FrameworkMethod.java:50)
	at org.junit.internal.runners.model.ReflectiveCallable.run(ReflectiveCallable.java:12)
	at org.junit.runners.model.FrameworkMethod.invokeExplosively(FrameworkMethod.java:47)
	at org.junit.internal.runners.statements.InvokeMethod.evaluate(InvokeMethod.java:17)
	at org.junit.internal.runners.statements.FailOnTimeout$CallableStatement.call(FailOnTimeout.java:298)
	at org.junit.internal.runners.statements.FailOnTimeout$CallableStatement.call(FailOnTimeout.java:292)
	at java.util.concurrent.FutureTask.run(FutureTask.java:266)
	at java.lang.Thread.run(Thread.java:748)
Aug 05, 2018 5:01:13 AM org.evosuite.runtime.thread.ThreadStopper killAndJoinClientThreads
INFO: Found new thread
Aug 05, 2018 5:01:13 AM org.evosuite.runtime.thread.ThreadStopper killAndJoinClientThreads
INFO: Found new thread
]]></system-err>
</testsuite>
