<?xml version="1.0" encoding="UTF-8"?>
<testsuite name="org.mozilla.javascript.commonjs.module.provider.DefaultUrlConnectionExpiryCalculator_ESTest" tests="2" skipped="0" failures="0" errors="0" timestamp="2018-08-05T05:05:22" hostname="cobb" time="0.542">
  <properties/>
  <testcase name="test1" classname="org.mozilla.javascript.commonjs.module.provider.DefaultUrlConnectionExpiryCalculator_ESTest" time="0.423"/>
  <testcase name="test0" classname="org.mozilla.javascript.commonjs.module.provider.DefaultUrlConnectionExpiryCalculator_ESTest" time="0.107"/>
  <system-out><![CDATA[]]></system-out>
  <system-err><![CDATA[Aug 04, 2018 10:05:08 PM org.evosuite.runtime.instrumentation.EvoClassLoader loadClass
INFO: Seeing class for first time: org.mozilla.javascript.commonjs.module.provider.DefaultUrlConnectionExpiryCalculator_ESTest
Aug 04, 2018 10:05:08 PM org.evosuite.runtime.instrumentation.EvoClassLoader instrumentClass
INFO: Instrumenting class 'org.mozilla.javascript.commonjs.module.provider.DefaultUrlConnectionExpiryCalculator_ESTest'.
Aug 04, 2018 10:05:09 PM org.evosuite.runtime.instrumentation.EvoClassLoader loadClass
INFO: Seeing class for first time: org.mozilla.javascript.commonjs.module.provider.DefaultUrlConnectionExpiryCalculator_ESTest_scaffolding
Aug 04, 2018 10:05:09 PM org.evosuite.runtime.instrumentation.EvoClassLoader instrumentClass
INFO: Instrumenting class 'org.mozilla.javascript.commonjs.module.provider.DefaultUrlConnectionExpiryCalculator_ESTest_scaffolding'.
Aug 04, 2018 10:05:09 PM org.evosuite.runtime.instrumentation.EvoClassLoader instrumentClass
INFO: Keeping class: org.mozilla.javascript.commonjs.module.provider.DefaultUrlConnectionExpiryCalculator_ESTest_scaffolding
Aug 04, 2018 10:05:09 PM org.evosuite.runtime.instrumentation.EvoClassLoader instrumentClass
INFO: Keeping class: org.mozilla.javascript.commonjs.module.provider.DefaultUrlConnectionExpiryCalculator_ESTest
Aug 05, 2018 5:05:10 AM org.evosuite.runtime.instrumentation.EvoClassLoader loadClass
INFO: Seeing class for first time: org.mozilla.javascript.commonjs.module.provider.UrlConnectionExpiryCalculator
Aug 05, 2018 5:05:10 AM org.evosuite.runtime.instrumentation.EvoClassLoader instrumentClass
INFO: Instrumenting class 'org.mozilla.javascript.commonjs.module.provider.UrlConnectionExpiryCalculator'.
Aug 05, 2018 5:05:11 AM org.evosuite.runtime.instrumentation.EvoClassLoader instrumentClass
INFO: Keeping class: org.mozilla.javascript.commonjs.module.provider.UrlConnectionExpiryCalculator
Aug 05, 2018 5:05:11 AM org.evosuite.runtime.instrumentation.EvoClassLoader loadClass
INFO: Seeing class for first time: org.mozilla.javascript.commonjs.module.provider.DefaultUrlConnectionExpiryCalculator
Aug 05, 2018 5:05:11 AM org.evosuite.runtime.instrumentation.EvoClassLoader instrumentClass
INFO: Instrumenting class 'org.mozilla.javascript.commonjs.module.provider.DefaultUrlConnectionExpiryCalculator'.
Aug 05, 2018 5:05:11 AM org.evosuite.runtime.instrumentation.MethodCallReplacementClassAdapter visit
INFO: Adding mock interface to class org/mozilla/javascript/commonjs/module/provider/DefaultUrlConnectionExpiryCalculator
Aug 05, 2018 5:05:12 AM org.evosuite.runtime.instrumentation.CreateClassResetClassAdapter createEmptyStaticReset
INFO: Creating brand-new static initializer in class org/mozilla/javascript/commonjs/module/provider/DefaultUrlConnectionExpiryCalculator
Aug 05, 2018 5:05:12 AM org.evosuite.runtime.instrumentation.EvoClassLoader instrumentClass
INFO: Keeping class: org.mozilla.javascript.commonjs.module.provider.DefaultUrlConnectionExpiryCalculator
Aug 05, 2018 5:05:22 AM org.evosuite.runtime.thread.ThreadStopper killAndJoinClientThreads
INFO: Found new thread
Aug 05, 2018 5:05:23 AM org.evosuite.runtime.thread.ThreadStopper killAndJoinClientThreads
INFO: Found new thread
]]></system-err>
</testsuite>
