<?xml version="1.0" encoding="UTF-8"?>
<testsuite name="org.mozilla.classfile.FieldOrMethodRef_ESTest" tests="5" skipped="0" failures="0" errors="0" timestamp="2018-08-05T05:07:08" hostname="cobb" time="0.299">
  <properties/>
  <testcase name="test3" classname="org.mozilla.classfile.FieldOrMethodRef_ESTest" time="0.141"/>
  <testcase name="test2" classname="org.mozilla.classfile.FieldOrMethodRef_ESTest" time="0.044"/>
  <testcase name="test4" classname="org.mozilla.classfile.FieldOrMethodRef_ESTest" time="0.045"/>
  <testcase name="test1" classname="org.mozilla.classfile.FieldOrMethodRef_ESTest" time="0.028"/>
  <testcase name="test0" classname="org.mozilla.classfile.FieldOrMethodRef_ESTest" time="0.031"/>
  <system-out><![CDATA[]]></system-out>
  <system-err><![CDATA[Aug 04, 2018 10:07:03 PM org.evosuite.runtime.instrumentation.EvoClassLoader loadClass
INFO: Seeing class for first time: org.mozilla.classfile.FieldOrMethodRef_ESTest
Aug 04, 2018 10:07:04 PM org.evosuite.runtime.instrumentation.EvoClassLoader instrumentClass
INFO: Instrumenting class 'org.mozilla.classfile.FieldOrMethodRef_ESTest'.
Aug 04, 2018 10:07:04 PM org.evosuite.runtime.instrumentation.EvoClassLoader loadClass
INFO: Seeing class for first time: org.mozilla.classfile.FieldOrMethodRef_ESTest_scaffolding
Aug 04, 2018 10:07:04 PM org.evosuite.runtime.instrumentation.EvoClassLoader instrumentClass
INFO: Instrumenting class 'org.mozilla.classfile.FieldOrMethodRef_ESTest_scaffolding'.
Aug 04, 2018 10:07:04 PM org.evosuite.runtime.instrumentation.EvoClassLoader instrumentClass
INFO: Keeping class: org.mozilla.classfile.FieldOrMethodRef_ESTest_scaffolding
Aug 04, 2018 10:07:04 PM org.evosuite.runtime.instrumentation.EvoClassLoader instrumentClass
INFO: Keeping class: org.mozilla.classfile.FieldOrMethodRef_ESTest
Aug 05, 2018 5:07:06 AM org.evosuite.runtime.instrumentation.EvoClassLoader loadClass
INFO: Seeing class for first time: org.mozilla.classfile.FieldOrMethodRef
Aug 05, 2018 5:07:06 AM org.evosuite.runtime.instrumentation.EvoClassLoader instrumentClass
INFO: Instrumenting class 'org.mozilla.classfile.FieldOrMethodRef'.
Aug 05, 2018 5:07:06 AM org.evosuite.runtime.instrumentation.MethodCallReplacementClassAdapter visit
INFO: Adding mock interface to class org/mozilla/classfile/FieldOrMethodRef
Aug 05, 2018 5:07:08 AM org.evosuite.runtime.instrumentation.CreateClassResetClassAdapter createEmptyStaticReset
INFO: Creating brand-new static initializer in class org/mozilla/classfile/FieldOrMethodRef
Aug 05, 2018 5:07:08 AM org.evosuite.runtime.instrumentation.EvoClassLoader instrumentClass
INFO: Keeping class: org.mozilla.classfile.FieldOrMethodRef
Aug 05, 2018 5:07:08 AM org.evosuite.runtime.thread.ThreadStopper killAndJoinClientThreads
INFO: Found new thread
Aug 05, 2018 5:07:08 AM org.evosuite.runtime.thread.ThreadStopper killAndJoinClientThreads
INFO: Found new thread
Aug 05, 2018 5:07:08 AM org.evosuite.runtime.thread.ThreadStopper killAndJoinClientThreads
INFO: Found new thread
Aug 05, 2018 5:07:09 AM org.evosuite.runtime.thread.ThreadStopper killAndJoinClientThreads
INFO: Found new thread
]]></system-err>
</testsuite>
