<?xml version="1.0" encoding="UTF-8"?>
<testsuite name="org.mozilla.javascript.StackStyle_ESTest" tests="1" skipped="0" failures="0" errors="0" timestamp="2018-08-05T05:00:28" hostname="cobb" time="0.044">
  <properties/>
  <testcase name="notGeneratedAnyTest" classname="org.mozilla.javascript.StackStyle_ESTest" time="0.044"/>
  <system-out><![CDATA[]]></system-out>
  <system-err><![CDATA[Aug 04, 2018 10:00:24 PM org.evosuite.runtime.instrumentation.EvoClassLoader loadClass
INFO: Seeing class for first time: org.mozilla.javascript.StackStyle_ESTest
Aug 04, 2018 10:00:24 PM org.evosuite.runtime.instrumentation.EvoClassLoader instrumentClass
INFO: Instrumenting class 'org.mozilla.javascript.StackStyle_ESTest'.
Aug 04, 2018 10:00:25 PM org.evosuite.runtime.instrumentation.EvoClassLoader loadClass
INFO: Seeing class for first time: org.mozilla.javascript.StackStyle_ESTest_scaffolding
Aug 04, 2018 10:00:25 PM org.evosuite.runtime.instrumentation.EvoClassLoader instrumentClass
INFO: Instrumenting class 'org.mozilla.javascript.StackStyle_ESTest_scaffolding'.
Aug 04, 2018 10:00:25 PM org.evosuite.runtime.instrumentation.EvoClassLoader instrumentClass
INFO: Keeping class: org.mozilla.javascript.StackStyle_ESTest_scaffolding
Aug 04, 2018 10:00:25 PM org.evosuite.runtime.instrumentation.EvoClassLoader instrumentClass
INFO: Keeping class: org.mozilla.javascript.StackStyle_ESTest
Aug 05, 2018 5:00:27 AM org.evosuite.runtime.instrumentation.EvoClassLoader loadClass
INFO: Seeing class for first time: org.mozilla.javascript.StackStyle
Aug 05, 2018 5:00:27 AM org.evosuite.runtime.instrumentation.EvoClassLoader instrumentClass
INFO: Instrumenting class 'org.mozilla.javascript.StackStyle'.
Aug 05, 2018 5:00:27 AM org.evosuite.runtime.instrumentation.MethodCallReplacementClassAdapter visit
INFO: Adding mock interface to class org/mozilla/javascript/StackStyle
Aug 05, 2018 5:00:28 AM org.evosuite.runtime.instrumentation.CreateClassResetClassAdapter visitMethod
INFO: Found static initializer in class org/mozilla/javascript/StackStyle
Aug 05, 2018 5:00:28 AM org.evosuite.runtime.instrumentation.EvoClassLoader instrumentClass
INFO: Keeping class: org.mozilla.javascript.StackStyle
]]></system-err>
</testsuite>
