<?xml version="1.0" encoding="UTF-8"?>
<testsuite name="org.mozilla.javascript.v8dtoa.DiyFp_ESTest" tests="8" skipped="0" failures="0" errors="0" timestamp="2018-08-05T05:00:20" hostname="cobb" time="0.311">
  <properties/>
  <testcase name="test3" classname="org.mozilla.javascript.v8dtoa.DiyFp_ESTest" time="0.075"/>
  <testcase name="test2" classname="org.mozilla.javascript.v8dtoa.DiyFp_ESTest" time="0.046"/>
  <testcase name="test5" classname="org.mozilla.javascript.v8dtoa.DiyFp_ESTest" time="0.032"/>
  <testcase name="test4" classname="org.mozilla.javascript.v8dtoa.DiyFp_ESTest" time="0.034"/>
  <testcase name="test7" classname="org.mozilla.javascript.v8dtoa.DiyFp_ESTest" time="0.038"/>
  <testcase name="test6" classname="org.mozilla.javascript.v8dtoa.DiyFp_ESTest" time="0.028"/>
  <testcase name="test1" classname="org.mozilla.javascript.v8dtoa.DiyFp_ESTest" time="0.023"/>
  <testcase name="test0" classname="org.mozilla.javascript.v8dtoa.DiyFp_ESTest" time="0.031"/>
  <system-out><![CDATA[]]></system-out>
  <system-err><![CDATA[Aug 04, 2018 10:00:16 PM org.evosuite.runtime.instrumentation.EvoClassLoader loadClass
INFO: Seeing class for first time: org.mozilla.javascript.v8dtoa.DiyFp_ESTest
Aug 04, 2018 10:00:16 PM org.evosuite.runtime.instrumentation.EvoClassLoader instrumentClass
INFO: Instrumenting class 'org.mozilla.javascript.v8dtoa.DiyFp_ESTest'.
Aug 04, 2018 10:00:16 PM org.evosuite.runtime.instrumentation.EvoClassLoader loadClass
INFO: Seeing class for first time: org.mozilla.javascript.v8dtoa.DiyFp_ESTest_scaffolding
Aug 04, 2018 10:00:16 PM org.evosuite.runtime.instrumentation.EvoClassLoader instrumentClass
INFO: Instrumenting class 'org.mozilla.javascript.v8dtoa.DiyFp_ESTest_scaffolding'.
Aug 04, 2018 10:00:17 PM org.evosuite.runtime.instrumentation.EvoClassLoader instrumentClass
INFO: Keeping class: org.mozilla.javascript.v8dtoa.DiyFp_ESTest_scaffolding
Aug 04, 2018 10:00:17 PM org.evosuite.runtime.instrumentation.EvoClassLoader instrumentClass
INFO: Keeping class: org.mozilla.javascript.v8dtoa.DiyFp_ESTest
Aug 05, 2018 5:00:18 AM org.evosuite.runtime.instrumentation.EvoClassLoader loadClass
INFO: Seeing class for first time: org.mozilla.javascript.v8dtoa.DiyFp
Aug 05, 2018 5:00:18 AM org.evosuite.runtime.instrumentation.EvoClassLoader instrumentClass
INFO: Instrumenting class 'org.mozilla.javascript.v8dtoa.DiyFp'.
Aug 05, 2018 5:00:19 AM org.evosuite.runtime.instrumentation.MethodCallReplacementClassAdapter visit
INFO: Adding mock interface to class org/mozilla/javascript/v8dtoa/DiyFp
Aug 05, 2018 5:00:20 AM org.evosuite.runtime.instrumentation.CreateClassResetClassAdapter visitMethod
INFO: Found static initializer in class org/mozilla/javascript/v8dtoa/DiyFp
Aug 05, 2018 5:00:20 AM org.evosuite.runtime.instrumentation.EvoClassLoader instrumentClass
INFO: Keeping class: org.mozilla.javascript.v8dtoa.DiyFp
Aug 05, 2018 5:00:20 AM org.evosuite.runtime.thread.ThreadStopper killAndJoinClientThreads
INFO: Found new thread
Aug 05, 2018 5:00:20 AM org.evosuite.runtime.thread.ThreadStopper killAndJoinClientThreads
INFO: Found new thread
Aug 05, 2018 5:00:21 AM org.evosuite.runtime.thread.ThreadStopper killAndJoinClientThreads
INFO: Found new thread
Aug 05, 2018 5:00:21 AM org.evosuite.runtime.thread.ThreadStopper killAndJoinClientThreads
INFO: Found new thread
Aug 05, 2018 5:00:21 AM org.evosuite.runtime.thread.ThreadStopper killAndJoinClientThreads
INFO: Found new thread
Aug 05, 2018 5:00:21 AM org.evosuite.runtime.thread.ThreadStopper killAndJoinClientThreads
INFO: Found new thread
Aug 05, 2018 5:00:21 AM org.evosuite.runtime.thread.ThreadStopper killAndJoinClientThreads
INFO: Found new thread
]]></system-err>
</testsuite>
