<?xml version="1.0" encoding="UTF-8"?>
<testsuite name="org.mozilla.javascript.tools.idswitch.IdValuePair_ESTest" tests="2" skipped="0" failures="0" errors="0" timestamp="2018-08-05T04:07:00" hostname="cobb" time="0.144">
  <properties/>
  <testcase name="test0" classname="org.mozilla.javascript.tools.idswitch.IdValuePair_ESTest" time="0.12"/>
  <testcase name="test1" classname="org.mozilla.javascript.tools.idswitch.IdValuePair_ESTest" time="0.023"/>
  <system-out><![CDATA[]]></system-out>
  <system-err><![CDATA[Aug 04, 2018 9:06:57 PM org.evosuite.runtime.instrumentation.EvoClassLoader loadClass
INFO: Seeing class for first time: org.mozilla.javascript.tools.idswitch.IdValuePair_ESTest
Aug 04, 2018 9:06:57 PM org.evosuite.runtime.instrumentation.EvoClassLoader instrumentClass
INFO: Instrumenting class 'org.mozilla.javascript.tools.idswitch.IdValuePair_ESTest'.
Aug 04, 2018 9:06:57 PM org.evosuite.runtime.instrumentation.EvoClassLoader loadClass
INFO: Seeing class for first time: org.mozilla.javascript.tools.idswitch.IdValuePair_ESTest_scaffolding
Aug 04, 2018 9:06:57 PM org.evosuite.runtime.instrumentation.EvoClassLoader instrumentClass
INFO: Instrumenting class 'org.mozilla.javascript.tools.idswitch.IdValuePair_ESTest_scaffolding'.
Aug 04, 2018 9:06:57 PM org.evosuite.runtime.instrumentation.EvoClassLoader instrumentClass
INFO: Keeping class: org.mozilla.javascript.tools.idswitch.IdValuePair_ESTest_scaffolding
Aug 04, 2018 9:06:57 PM org.evosuite.runtime.instrumentation.EvoClassLoader instrumentClass
INFO: Keeping class: org.mozilla.javascript.tools.idswitch.IdValuePair_ESTest
Aug 05, 2018 4:06:58 AM org.evosuite.runtime.instrumentation.EvoClassLoader loadClass
INFO: Seeing class for first time: org.mozilla.javascript.tools.idswitch.IdValuePair
Aug 05, 2018 4:06:58 AM org.evosuite.runtime.instrumentation.EvoClassLoader instrumentClass
INFO: Instrumenting class 'org.mozilla.javascript.tools.idswitch.IdValuePair'.
Aug 05, 2018 4:06:58 AM org.evosuite.runtime.instrumentation.MethodCallReplacementClassAdapter visit
INFO: Adding mock interface to class org/mozilla/javascript/tools/idswitch/IdValuePair
Aug 05, 2018 4:07:00 AM org.evosuite.runtime.instrumentation.CreateClassResetClassAdapter createEmptyStaticReset
INFO: Creating brand-new static initializer in class org/mozilla/javascript/tools/idswitch/IdValuePair
Aug 05, 2018 4:07:00 AM org.evosuite.runtime.instrumentation.EvoClassLoader instrumentClass
INFO: Keeping class: org.mozilla.javascript.tools.idswitch.IdValuePair
Aug 05, 2018 4:07:00 AM org.evosuite.runtime.thread.ThreadStopper killAndJoinClientThreads
INFO: Found new thread
Aug 05, 2018 4:07:01 AM org.evosuite.runtime.thread.ThreadStopper killAndJoinClientThreads
INFO: Found new thread
]]></system-err>
</testsuite>
