<?xml version="1.0" encoding="UTF-8"?>
<testsuite name="org.mozilla.javascript.tools.debugger.treetable.JTreeTable_ESTest" tests="10" skipped="0" failures="0" errors="0" timestamp="2018-08-05T04:06:50" hostname="cobb" time="2.129">
  <properties/>
  <testcase name="test8" classname="org.mozilla.javascript.tools.debugger.treetable.JTreeTable_ESTest" time="0.764"/>
  <testcase name="test9" classname="org.mozilla.javascript.tools.debugger.treetable.JTreeTable_ESTest" time="0.147"/>
  <testcase name="test6" classname="org.mozilla.javascript.tools.debugger.treetable.JTreeTable_ESTest" time="0.111"/>
  <testcase name="test7" classname="org.mozilla.javascript.tools.debugger.treetable.JTreeTable_ESTest" time="0.11"/>
  <testcase name="test4" classname="org.mozilla.javascript.tools.debugger.treetable.JTreeTable_ESTest" time="0.057"/>
  <testcase name="test5" classname="org.mozilla.javascript.tools.debugger.treetable.JTreeTable_ESTest" time="0.586"/>
  <testcase name="test2" classname="org.mozilla.javascript.tools.debugger.treetable.JTreeTable_ESTest" time="0.064"/>
  <testcase name="test3" classname="org.mozilla.javascript.tools.debugger.treetable.JTreeTable_ESTest" time="0.06"/>
  <testcase name="test0" classname="org.mozilla.javascript.tools.debugger.treetable.JTreeTable_ESTest" time="0.038"/>
  <testcase name="test1" classname="org.mozilla.javascript.tools.debugger.treetable.JTreeTable_ESTest" time="0.18"/>
  <system-out><![CDATA[]]></system-out>
  <system-err><![CDATA[Aug 04, 2018 9:06:36 PM org.evosuite.runtime.instrumentation.EvoClassLoader loadClass
INFO: Seeing class for first time: org.mozilla.javascript.tools.debugger.treetable.JTreeTable_ESTest
Aug 04, 2018 9:06:36 PM org.evosuite.runtime.instrumentation.EvoClassLoader instrumentClass
INFO: Instrumenting class 'org.mozilla.javascript.tools.debugger.treetable.JTreeTable_ESTest'.
Aug 04, 2018 9:06:37 PM org.evosuite.runtime.instrumentation.EvoClassLoader loadClass
INFO: Seeing class for first time: org.mozilla.javascript.tools.debugger.treetable.JTreeTable_ESTest_scaffolding
Aug 04, 2018 9:06:37 PM org.evosuite.runtime.instrumentation.EvoClassLoader instrumentClass
INFO: Instrumenting class 'org.mozilla.javascript.tools.debugger.treetable.JTreeTable_ESTest_scaffolding'.
Aug 04, 2018 9:06:37 PM org.evosuite.runtime.instrumentation.EvoClassLoader instrumentClass
INFO: Keeping class: org.mozilla.javascript.tools.debugger.treetable.JTreeTable_ESTest_scaffolding
Aug 04, 2018 9:06:37 PM org.evosuite.runtime.instrumentation.EvoClassLoader instrumentClass
INFO: Keeping class: org.mozilla.javascript.tools.debugger.treetable.JTreeTable_ESTest
Aug 04, 2018 9:06:37 PM org.evosuite.runtime.instrumentation.EvoClassLoader loadClass
INFO: Seeing class for first time: org.mozilla.javascript.tools.debugger.treetable.JTreeTable
Aug 04, 2018 9:06:37 PM org.evosuite.runtime.instrumentation.EvoClassLoader instrumentClass
INFO: Instrumenting class 'org.mozilla.javascript.tools.debugger.treetable.JTreeTable'.
Aug 04, 2018 9:06:37 PM org.evosuite.runtime.instrumentation.MethodCallReplacementClassAdapter visit
INFO: Adding mock interface to class org/mozilla/javascript/tools/debugger/treetable/JTreeTable
Aug 04, 2018 9:06:38 PM org.evosuite.runtime.instrumentation.CreateClassResetClassAdapter createEmptyStaticReset
INFO: Creating brand-new static initializer in class org/mozilla/javascript/tools/debugger/treetable/JTreeTable
Aug 04, 2018 9:06:38 PM org.evosuite.runtime.instrumentation.EvoClassLoader instrumentClass
INFO: Keeping class: org.mozilla.javascript.tools.debugger.treetable.JTreeTable
Aug 05, 2018 4:06:40 AM org.evosuite.runtime.instrumentation.EvoClassLoader loadClass
INFO: Seeing class for first time: org.mozilla.javascript.tools.debugger.treetable.JTreeTable$ListToTreeSelectionModelWrapper
Aug 05, 2018 4:06:40 AM org.evosuite.runtime.instrumentation.EvoClassLoader instrumentClass
INFO: Instrumenting class 'org.mozilla.javascript.tools.debugger.treetable.JTreeTable$ListToTreeSelectionModelWrapper'.
Aug 05, 2018 4:06:40 AM org.evosuite.runtime.instrumentation.MethodCallReplacementClassAdapter visit
INFO: Adding mock interface to class org/mozilla/javascript/tools/debugger/treetable/JTreeTable$ListToTreeSelectionModelWrapper
Aug 05, 2018 4:06:40 AM org.evosuite.runtime.instrumentation.CreateClassResetClassAdapter createEmptyStaticReset
INFO: Creating brand-new static initializer in class org/mozilla/javascript/tools/debugger/treetable/JTreeTable$ListToTreeSelectionModelWrapper
Aug 05, 2018 4:06:40 AM org.evosuite.runtime.instrumentation.EvoClassLoader instrumentClass
INFO: Keeping class: org.mozilla.javascript.tools.debugger.treetable.JTreeTable$ListToTreeSelectionModelWrapper
Aug 05, 2018 4:06:40 AM org.evosuite.runtime.instrumentation.EvoClassLoader loadClass
INFO: Seeing class for first time: org.mozilla.javascript.tools.debugger.treetable.TreeTableModelAdapter$2
Aug 05, 2018 4:06:40 AM org.evosuite.runtime.instrumentation.EvoClassLoader instrumentClass
INFO: Instrumenting class 'org.mozilla.javascript.tools.debugger.treetable.TreeTableModelAdapter$2'.
Aug 05, 2018 4:06:40 AM org.evosuite.runtime.instrumentation.MethodCallReplacementClassAdapter visit
INFO: Adding mock interface to class org/mozilla/javascript/tools/debugger/treetable/TreeTableModelAdapter$2
Aug 05, 2018 4:06:40 AM org.evosuite.runtime.instrumentation.EvoClassLoader instrumentClass
INFO: Keeping class: org.mozilla.javascript.tools.debugger.treetable.TreeTableModelAdapter$2
Aug 05, 2018 4:06:40 AM org.evosuite.runtime.instrumentation.EvoClassLoader loadClass
INFO: Seeing class for first time: org.mozilla.javascript.tools.debugger.treetable.TreeTableModelAdapter$1
Aug 05, 2018 4:06:40 AM org.evosuite.runtime.instrumentation.EvoClassLoader instrumentClass
INFO: Instrumenting class 'org.mozilla.javascript.tools.debugger.treetable.TreeTableModelAdapter$1'.
Aug 05, 2018 4:06:40 AM org.evosuite.runtime.instrumentation.MethodCallReplacementClassAdapter visit
INFO: Adding mock interface to class org/mozilla/javascript/tools/debugger/treetable/TreeTableModelAdapter$1
Aug 05, 2018 4:06:40 AM org.evosuite.runtime.instrumentation.EvoClassLoader instrumentClass
INFO: Keeping class: org.mozilla.javascript.tools.debugger.treetable.TreeTableModelAdapter$1
Aug 05, 2018 4:06:40 AM org.evosuite.runtime.instrumentation.EvoClassLoader loadClass
INFO: Seeing class for first time: org.mozilla.javascript.tools.debugger.treetable.AbstractCellEditor
Aug 05, 2018 4:06:40 AM org.evosuite.runtime.instrumentation.EvoClassLoader instrumentClass
INFO: Instrumenting class 'org.mozilla.javascript.tools.debugger.treetable.AbstractCellEditor'.
Aug 05, 2018 4:06:40 AM org.evosuite.runtime.instrumentation.MethodCallReplacementClassAdapter visit
INFO: Adding mock interface to class org/mozilla/javascript/tools/debugger/treetable/AbstractCellEditor
Aug 05, 2018 4:06:40 AM org.evosuite.runtime.instrumentation.CreateClassResetClassAdapter createEmptyStaticReset
INFO: Creating brand-new static initializer in class org/mozilla/javascript/tools/debugger/treetable/AbstractCellEditor
Aug 05, 2018 4:06:40 AM org.evosuite.runtime.instrumentation.EvoClassLoader instrumentClass
INFO: Keeping class: org.mozilla.javascript.tools.debugger.treetable.AbstractCellEditor
Aug 05, 2018 4:06:40 AM org.evosuite.runtime.instrumentation.EvoClassLoader loadClass
INFO: Seeing class for first time: org.mozilla.javascript.tools.debugger.treetable.JTreeTable$TreeTableCellRenderer
Aug 05, 2018 4:06:40 AM org.evosuite.runtime.instrumentation.EvoClassLoader instrumentClass
INFO: Instrumenting class 'org.mozilla.javascript.tools.debugger.treetable.JTreeTable$TreeTableCellRenderer'.
Aug 05, 2018 4:06:40 AM org.evosuite.runtime.instrumentation.MethodCallReplacementClassAdapter visit
INFO: Adding mock interface to class org/mozilla/javascript/tools/debugger/treetable/JTreeTable$TreeTableCellRenderer
Aug 05, 2018 4:06:40 AM org.evosuite.runtime.instrumentation.CreateClassResetClassAdapter createEmptyStaticReset
INFO: Creating brand-new static initializer in class org/mozilla/javascript/tools/debugger/treetable/JTreeTable$TreeTableCellRenderer
Aug 05, 2018 4:06:40 AM org.evosuite.runtime.instrumentation.EvoClassLoader instrumentClass
INFO: Keeping class: org.mozilla.javascript.tools.debugger.treetable.JTreeTable$TreeTableCellRenderer
Aug 05, 2018 4:06:40 AM org.evosuite.runtime.instrumentation.EvoClassLoader loadClass
INFO: Seeing class for first time: org.mozilla.javascript.tools.debugger.treetable.JTreeTable$TreeTableCellEditor
Aug 05, 2018 4:06:40 AM org.evosuite.runtime.instrumentation.EvoClassLoader instrumentClass
INFO: Instrumenting class 'org.mozilla.javascript.tools.debugger.treetable.JTreeTable$TreeTableCellEditor'.
Aug 05, 2018 4:06:40 AM org.evosuite.runtime.instrumentation.MethodCallReplacementClassAdapter visit
INFO: Adding mock interface to class org/mozilla/javascript/tools/debugger/treetable/JTreeTable$TreeTableCellEditor
Aug 05, 2018 4:06:40 AM org.evosuite.runtime.instrumentation.CreateClassResetClassAdapter createEmptyStaticReset
INFO: Creating brand-new static initializer in class org/mozilla/javascript/tools/debugger/treetable/JTreeTable$TreeTableCellEditor
Aug 05, 2018 4:06:40 AM org.evosuite.runtime.instrumentation.EvoClassLoader instrumentClass
INFO: Keeping class: org.mozilla.javascript.tools.debugger.treetable.JTreeTable$TreeTableCellEditor
Aug 05, 2018 4:06:40 AM org.evosuite.runtime.instrumentation.EvoClassLoader loadClass
INFO: Seeing class for first time: org.mozilla.javascript.tools.debugger.treetable.TreeTableModel
Aug 05, 2018 4:06:40 AM org.evosuite.runtime.instrumentation.EvoClassLoader instrumentClass
INFO: Instrumenting class 'org.mozilla.javascript.tools.debugger.treetable.TreeTableModel'.
Aug 05, 2018 4:06:40 AM org.evosuite.runtime.instrumentation.EvoClassLoader instrumentClass
INFO: Keeping class: org.mozilla.javascript.tools.debugger.treetable.TreeTableModel
Aug 05, 2018 4:06:40 AM org.evosuite.runtime.instrumentation.EvoClassLoader loadClass
INFO: Seeing class for first time: org.mozilla.javascript.tools.debugger.treetable.TreeTableModelAdapter
Aug 05, 2018 4:06:40 AM org.evosuite.runtime.instrumentation.EvoClassLoader instrumentClass
INFO: Instrumenting class 'org.mozilla.javascript.tools.debugger.treetable.TreeTableModelAdapter'.
Aug 05, 2018 4:06:40 AM org.evosuite.runtime.instrumentation.MethodCallReplacementClassAdapter visit
INFO: Adding mock interface to class org/mozilla/javascript/tools/debugger/treetable/TreeTableModelAdapter
Aug 05, 2018 4:06:40 AM org.evosuite.runtime.instrumentation.CreateClassResetClassAdapter createEmptyStaticReset
INFO: Creating brand-new static initializer in class org/mozilla/javascript/tools/debugger/treetable/TreeTableModelAdapter
Aug 05, 2018 4:06:40 AM org.evosuite.runtime.instrumentation.EvoClassLoader instrumentClass
INFO: Keeping class: org.mozilla.javascript.tools.debugger.treetable.TreeTableModelAdapter
Aug 05, 2018 4:06:40 AM org.evosuite.runtime.instrumentation.EvoClassLoader loadClass
INFO: Seeing class for first time: org.mozilla.javascript.tools.debugger.treetable.JTreeTable$ListToTreeSelectionModelWrapper$ListSelectionHandler
Aug 05, 2018 4:06:40 AM org.evosuite.runtime.instrumentation.EvoClassLoader instrumentClass
INFO: Instrumenting class 'org.mozilla.javascript.tools.debugger.treetable.JTreeTable$ListToTreeSelectionModelWrapper$ListSelectionHandler'.
Aug 05, 2018 4:06:40 AM org.evosuite.runtime.instrumentation.MethodCallReplacementClassAdapter visit
INFO: Adding mock interface to class org/mozilla/javascript/tools/debugger/treetable/JTreeTable$ListToTreeSelectionModelWrapper$ListSelectionHandler
Aug 05, 2018 4:06:40 AM org.evosuite.runtime.instrumentation.CreateClassResetClassAdapter createEmptyStaticReset
INFO: Creating brand-new static initializer in class org/mozilla/javascript/tools/debugger/treetable/JTreeTable$ListToTreeSelectionModelWrapper$ListSelectionHandler
Aug 05, 2018 4:06:41 AM org.evosuite.runtime.instrumentation.EvoClassLoader instrumentClass
INFO: Keeping class: org.mozilla.javascript.tools.debugger.treetable.JTreeTable$ListToTreeSelectionModelWrapper$ListSelectionHandler
Aug 05, 2018 4:06:51 AM org.evosuite.runtime.thread.ThreadStopper killAndJoinClientThreads
INFO: Found new thread
Aug 05, 2018 4:06:51 AM org.evosuite.runtime.thread.ThreadStopper killAndJoinClientThreads
INFO: Found new thread
Aug 05, 2018 4:06:51 AM org.evosuite.runtime.thread.ThreadStopper killAndJoinClientThreads
INFO: Found new thread
Aug 05, 2018 4:06:51 AM org.evosuite.runtime.thread.ThreadStopper killAndJoinClientThreads
INFO: Found new thread
Aug 05, 2018 4:06:51 AM org.evosuite.runtime.thread.ThreadStopper killAndJoinClientThreads
INFO: Found new thread
Aug 05, 2018 4:06:52 AM org.evosuite.runtime.thread.ThreadStopper killAndJoinClientThreads
INFO: Found new thread
Aug 05, 2018 4:06:52 AM org.evosuite.runtime.thread.ThreadStopper killAndJoinClientThreads
INFO: Found new thread
Aug 05, 2018 4:06:52 AM org.evosuite.runtime.thread.ThreadStopper killAndJoinClientThreads
INFO: Found new thread
Aug 05, 2018 4:06:52 AM org.evosuite.runtime.thread.ThreadStopper killAndJoinClientThreads
INFO: Found new thread
]]></system-err>
</testsuite>
