<?xml version="1.0" encoding="UTF-8"?>
<testsuite name="org.mozilla.javascript.tools.SourceReader_ESTest" tests="6" skipped="0" failures="0" errors="0" timestamp="2018-08-05T04:06:02" hostname="cobb" time="0.34">
  <properties/>
  <testcase name="test4" classname="org.mozilla.javascript.tools.SourceReader_ESTest" time="0.068"/>
  <testcase name="test5" classname="org.mozilla.javascript.tools.SourceReader_ESTest" time="0.061"/>
  <testcase name="test2" classname="org.mozilla.javascript.tools.SourceReader_ESTest" time="0.064"/>
  <testcase name="test3" classname="org.mozilla.javascript.tools.SourceReader_ESTest" time="0.054"/>
  <testcase name="test0" classname="org.mozilla.javascript.tools.SourceReader_ESTest" time="0.026"/>
  <testcase name="test1" classname="org.mozilla.javascript.tools.SourceReader_ESTest" time="0.058"/>
  <system-out><![CDATA[]]></system-out>
  <system-err><![CDATA[Aug 04, 2018 9:05:58 PM org.evosuite.runtime.instrumentation.EvoClassLoader loadClass
INFO: Seeing class for first time: org.mozilla.javascript.tools.SourceReader_ESTest
Aug 04, 2018 9:05:58 PM org.evosuite.runtime.instrumentation.EvoClassLoader instrumentClass
INFO: Instrumenting class 'org.mozilla.javascript.tools.SourceReader_ESTest'.
Aug 04, 2018 9:05:58 PM org.evosuite.runtime.instrumentation.EvoClassLoader loadClass
INFO: Seeing class for first time: org.mozilla.javascript.tools.SourceReader_ESTest_scaffolding
Aug 04, 2018 9:05:58 PM org.evosuite.runtime.instrumentation.EvoClassLoader instrumentClass
INFO: Instrumenting class 'org.mozilla.javascript.tools.SourceReader_ESTest_scaffolding'.
Aug 04, 2018 9:05:58 PM org.evosuite.runtime.instrumentation.EvoClassLoader instrumentClass
INFO: Keeping class: org.mozilla.javascript.tools.SourceReader_ESTest_scaffolding
Aug 04, 2018 9:05:58 PM org.evosuite.runtime.instrumentation.EvoClassLoader instrumentClass
INFO: Keeping class: org.mozilla.javascript.tools.SourceReader_ESTest
Aug 05, 2018 4:06:00 AM org.evosuite.runtime.instrumentation.EvoClassLoader loadClass
INFO: Seeing class for first time: org.mozilla.javascript.Kit
Aug 05, 2018 4:06:00 AM org.evosuite.runtime.instrumentation.EvoClassLoader instrumentClass
INFO: Instrumenting class 'org.mozilla.javascript.Kit'.
Aug 05, 2018 4:06:00 AM org.evosuite.runtime.instrumentation.MethodCallReplacementClassAdapter visit
INFO: Adding mock interface to class org/mozilla/javascript/Kit
Aug 05, 2018 4:06:02 AM org.evosuite.runtime.instrumentation.CreateClassResetClassAdapter visitMethod
INFO: Found static initializer in class org/mozilla/javascript/Kit
Aug 05, 2018 4:06:02 AM org.evosuite.runtime.instrumentation.EvoClassLoader createPackageDefinition
INFO: Defined package (3): package org.mozilla.javascript, -1130473355
Aug 05, 2018 4:06:02 AM org.evosuite.runtime.instrumentation.EvoClassLoader instrumentClass
INFO: Keeping class: org.mozilla.javascript.Kit
Aug 05, 2018 4:06:02 AM org.evosuite.runtime.instrumentation.EvoClassLoader loadClass
INFO: Seeing class for first time: org.mozilla.javascript.tools.SourceReader
Aug 05, 2018 4:06:02 AM org.evosuite.runtime.instrumentation.EvoClassLoader instrumentClass
INFO: Instrumenting class 'org.mozilla.javascript.tools.SourceReader'.
Aug 05, 2018 4:06:02 AM org.evosuite.runtime.instrumentation.MethodCallReplacementClassAdapter visit
INFO: Adding mock interface to class org/mozilla/javascript/tools/SourceReader
Aug 05, 2018 4:06:02 AM org.evosuite.runtime.instrumentation.CreateClassResetClassAdapter createEmptyStaticReset
INFO: Creating brand-new static initializer in class org/mozilla/javascript/tools/SourceReader
Aug 05, 2018 4:06:02 AM org.evosuite.runtime.instrumentation.EvoClassLoader instrumentClass
INFO: Keeping class: org.mozilla.javascript.tools.SourceReader
Aug 05, 2018 4:06:02 AM org.evosuite.runtime.thread.ThreadStopper killAndJoinClientThreads
INFO: Found new thread
Aug 05, 2018 4:06:02 AM org.evosuite.runtime.thread.ThreadStopper killAndJoinClientThreads
INFO: Found new thread
Aug 05, 2018 4:06:03 AM org.evosuite.runtime.thread.ThreadStopper killAndJoinClientThreads
INFO: Found new thread
Aug 05, 2018 4:06:03 AM org.evosuite.runtime.thread.ThreadStopper killAndJoinClientThreads
INFO: Found new thread
Aug 05, 2018 4:06:03 AM org.evosuite.runtime.thread.ThreadStopper killAndJoinClientThreads
INFO: Found new thread
Aug 05, 2018 4:06:03 AM org.evosuite.runtime.thread.ThreadStopper killAndJoinClientThreads
INFO: Found new thread
]]></system-err>
</testsuite>
