<?xml version="1.0" encoding="UTF-8"?>
<testsuite name="org.mozilla.javascript.v8dtoa.FastDtoa_ESTest" tests="13" skipped="0" failures="0" errors="0" timestamp="2018-08-05T04:04:03" hostname="cobb" time="0.604">
  <properties/>
  <testcase name="test09" classname="org.mozilla.javascript.v8dtoa.FastDtoa_ESTest" time="0.068"/>
  <testcase name="test08" classname="org.mozilla.javascript.v8dtoa.FastDtoa_ESTest" time="0.063"/>
  <testcase name="test07" classname="org.mozilla.javascript.v8dtoa.FastDtoa_ESTest" time="0.061"/>
  <testcase name="test06" classname="org.mozilla.javascript.v8dtoa.FastDtoa_ESTest" time="0.035"/>
  <testcase name="test05" classname="org.mozilla.javascript.v8dtoa.FastDtoa_ESTest" time="0.056"/>
  <testcase name="test04" classname="org.mozilla.javascript.v8dtoa.FastDtoa_ESTest" time="0.022"/>
  <testcase name="test03" classname="org.mozilla.javascript.v8dtoa.FastDtoa_ESTest" time="0.028"/>
  <testcase name="test02" classname="org.mozilla.javascript.v8dtoa.FastDtoa_ESTest" time="0.033"/>
  <testcase name="test01" classname="org.mozilla.javascript.v8dtoa.FastDtoa_ESTest" time="0.049"/>
  <testcase name="test12" classname="org.mozilla.javascript.v8dtoa.FastDtoa_ESTest" time="0.042"/>
  <testcase name="test00" classname="org.mozilla.javascript.v8dtoa.FastDtoa_ESTest" time="0.045"/>
  <testcase name="test11" classname="org.mozilla.javascript.v8dtoa.FastDtoa_ESTest" time="0.038"/>
  <testcase name="test10" classname="org.mozilla.javascript.v8dtoa.FastDtoa_ESTest" time="0.053"/>
  <system-out><![CDATA[]]></system-out>
  <system-err><![CDATA[Aug 04, 2018 9:03:59 PM org.evosuite.runtime.instrumentation.EvoClassLoader loadClass
INFO: Seeing class for first time: org.mozilla.javascript.v8dtoa.FastDtoa_ESTest
Aug 04, 2018 9:03:59 PM org.evosuite.runtime.instrumentation.EvoClassLoader instrumentClass
INFO: Instrumenting class 'org.mozilla.javascript.v8dtoa.FastDtoa_ESTest'.
Aug 04, 2018 9:03:59 PM org.evosuite.runtime.instrumentation.EvoClassLoader loadClass
INFO: Seeing class for first time: org.mozilla.javascript.v8dtoa.FastDtoa_ESTest_scaffolding
Aug 04, 2018 9:03:59 PM org.evosuite.runtime.instrumentation.EvoClassLoader instrumentClass
INFO: Instrumenting class 'org.mozilla.javascript.v8dtoa.FastDtoa_ESTest_scaffolding'.
Aug 04, 2018 9:03:59 PM org.evosuite.runtime.instrumentation.EvoClassLoader instrumentClass
INFO: Keeping class: org.mozilla.javascript.v8dtoa.FastDtoa_ESTest_scaffolding
Aug 04, 2018 9:03:59 PM org.evosuite.runtime.instrumentation.EvoClassLoader instrumentClass
INFO: Keeping class: org.mozilla.javascript.v8dtoa.FastDtoa_ESTest
Aug 05, 2018 4:04:01 AM org.evosuite.runtime.instrumentation.EvoClassLoader loadClass
INFO: Seeing class for first time: org.mozilla.javascript.v8dtoa.FastDtoaBuilder
Aug 05, 2018 4:04:01 AM org.evosuite.runtime.instrumentation.EvoClassLoader instrumentClass
INFO: Instrumenting class 'org.mozilla.javascript.v8dtoa.FastDtoaBuilder'.
Aug 05, 2018 4:04:01 AM org.evosuite.runtime.instrumentation.MethodCallReplacementClassAdapter visit
INFO: Adding mock interface to class org/mozilla/javascript/v8dtoa/FastDtoaBuilder
Aug 05, 2018 4:04:02 AM org.evosuite.runtime.instrumentation.CreateClassResetClassAdapter visitMethod
INFO: Found static initializer in class org/mozilla/javascript/v8dtoa/FastDtoaBuilder
Aug 05, 2018 4:04:02 AM org.evosuite.runtime.instrumentation.EvoClassLoader instrumentClass
INFO: Keeping class: org.mozilla.javascript.v8dtoa.FastDtoaBuilder
Aug 05, 2018 4:04:02 AM org.evosuite.runtime.instrumentation.EvoClassLoader loadClass
INFO: Seeing class for first time: org.mozilla.javascript.v8dtoa.CachedPowers$CachedPower
Aug 05, 2018 4:04:02 AM org.evosuite.runtime.instrumentation.EvoClassLoader instrumentClass
INFO: Instrumenting class 'org.mozilla.javascript.v8dtoa.CachedPowers$CachedPower'.
Aug 05, 2018 4:04:02 AM org.evosuite.runtime.instrumentation.MethodCallReplacementClassAdapter visit
INFO: Adding mock interface to class org/mozilla/javascript/v8dtoa/CachedPowers$CachedPower
Aug 05, 2018 4:04:02 AM org.evosuite.runtime.instrumentation.CreateClassResetClassAdapter createEmptyStaticReset
INFO: Creating brand-new static initializer in class org/mozilla/javascript/v8dtoa/CachedPowers$CachedPower
Aug 05, 2018 4:04:02 AM org.evosuite.runtime.instrumentation.EvoClassLoader instrumentClass
INFO: Keeping class: org.mozilla.javascript.v8dtoa.CachedPowers$CachedPower
Aug 05, 2018 4:04:02 AM org.evosuite.runtime.instrumentation.EvoClassLoader loadClass
INFO: Seeing class for first time: org.mozilla.javascript.v8dtoa.CachedPowers
Aug 05, 2018 4:04:02 AM org.evosuite.runtime.instrumentation.EvoClassLoader instrumentClass
INFO: Instrumenting class 'org.mozilla.javascript.v8dtoa.CachedPowers'.
Aug 05, 2018 4:04:02 AM org.evosuite.runtime.instrumentation.MethodCallReplacementClassAdapter visit
INFO: Adding mock interface to class org/mozilla/javascript/v8dtoa/CachedPowers
Aug 05, 2018 4:04:02 AM org.evosuite.runtime.instrumentation.CreateClassResetClassAdapter visitMethod
INFO: Found static initializer in class org/mozilla/javascript/v8dtoa/CachedPowers
Aug 05, 2018 4:04:02 AM org.evosuite.runtime.instrumentation.EvoClassLoader instrumentClass
INFO: Keeping class: org.mozilla.javascript.v8dtoa.CachedPowers
Aug 05, 2018 4:04:02 AM org.evosuite.runtime.instrumentation.EvoClassLoader loadClass
INFO: Seeing class for first time: org.mozilla.javascript.v8dtoa.FastDtoa
Aug 05, 2018 4:04:02 AM org.evosuite.runtime.instrumentation.EvoClassLoader instrumentClass
INFO: Instrumenting class 'org.mozilla.javascript.v8dtoa.FastDtoa'.
Aug 05, 2018 4:04:02 AM org.evosuite.runtime.instrumentation.MethodCallReplacementClassAdapter visit
INFO: Adding mock interface to class org/mozilla/javascript/v8dtoa/FastDtoa
Aug 05, 2018 4:04:03 AM org.evosuite.runtime.instrumentation.CreateClassResetClassAdapter visitMethod
INFO: Found static initializer in class org/mozilla/javascript/v8dtoa/FastDtoa
Aug 05, 2018 4:04:03 AM org.evosuite.runtime.instrumentation.EvoClassLoader instrumentClass
INFO: Keeping class: org.mozilla.javascript.v8dtoa.FastDtoa
Aug 05, 2018 4:04:03 AM org.evosuite.runtime.instrumentation.EvoClassLoader loadClass
INFO: Seeing class for first time: org.mozilla.javascript.v8dtoa.DoubleHelper
Aug 05, 2018 4:04:03 AM org.evosuite.runtime.instrumentation.EvoClassLoader instrumentClass
INFO: Instrumenting class 'org.mozilla.javascript.v8dtoa.DoubleHelper'.
Aug 05, 2018 4:04:03 AM org.evosuite.runtime.instrumentation.MethodCallReplacementClassAdapter visit
INFO: Adding mock interface to class org/mozilla/javascript/v8dtoa/DoubleHelper
Aug 05, 2018 4:04:03 AM org.evosuite.runtime.instrumentation.CreateClassResetClassAdapter visitMethod
INFO: Found static initializer in class org/mozilla/javascript/v8dtoa/DoubleHelper
Aug 05, 2018 4:04:03 AM org.evosuite.runtime.instrumentation.EvoClassLoader instrumentClass
INFO: Keeping class: org.mozilla.javascript.v8dtoa.DoubleHelper
Aug 05, 2018 4:04:03 AM org.evosuite.runtime.instrumentation.EvoClassLoader loadClass
INFO: Seeing class for first time: org.mozilla.javascript.v8dtoa.DiyFp
Aug 05, 2018 4:04:03 AM org.evosuite.runtime.instrumentation.EvoClassLoader instrumentClass
INFO: Instrumenting class 'org.mozilla.javascript.v8dtoa.DiyFp'.
Aug 05, 2018 4:04:03 AM org.evosuite.runtime.instrumentation.MethodCallReplacementClassAdapter visit
INFO: Adding mock interface to class org/mozilla/javascript/v8dtoa/DiyFp
Aug 05, 2018 4:04:03 AM org.evosuite.runtime.instrumentation.CreateClassResetClassAdapter visitMethod
INFO: Found static initializer in class org/mozilla/javascript/v8dtoa/DiyFp
Aug 05, 2018 4:04:03 AM org.evosuite.runtime.instrumentation.EvoClassLoader instrumentClass
INFO: Keeping class: org.mozilla.javascript.v8dtoa.DiyFp
Aug 05, 2018 4:04:03 AM org.evosuite.runtime.thread.ThreadStopper killAndJoinClientThreads
INFO: Found new thread
Aug 05, 2018 4:04:03 AM org.evosuite.runtime.thread.ThreadStopper killAndJoinClientThreads
INFO: Found new thread
Aug 05, 2018 4:04:03 AM org.evosuite.runtime.thread.ThreadStopper killAndJoinClientThreads
INFO: Found new thread
Aug 05, 2018 4:04:03 AM org.evosuite.runtime.thread.ThreadStopper killAndJoinClientThreads
INFO: Found new thread
Aug 05, 2018 4:04:03 AM org.evosuite.runtime.thread.ThreadStopper killAndJoinClientThreads
INFO: Found new thread
Aug 05, 2018 4:04:03 AM org.evosuite.runtime.thread.ThreadStopper killAndJoinClientThreads
INFO: Found new thread
Aug 05, 2018 4:04:03 AM org.evosuite.runtime.thread.ThreadStopper killAndJoinClientThreads
INFO: Found new thread
Aug 05, 2018 4:04:03 AM org.evosuite.runtime.thread.ThreadStopper killAndJoinClientThreads
INFO: Found new thread
Aug 05, 2018 4:04:03 AM org.evosuite.runtime.thread.ThreadStopper killAndJoinClientThreads
INFO: Found new thread
Aug 05, 2018 4:04:03 AM org.evosuite.runtime.thread.ThreadStopper killAndJoinClientThreads
INFO: Found new thread
Aug 05, 2018 4:04:03 AM org.evosuite.runtime.thread.ThreadStopper killAndJoinClientThreads
INFO: Found new thread
]]></system-err>
</testsuite>
