<?xml version="1.0" encoding="UTF-8"?>
<testsuite name="org.mozilla.javascript.tools.debugger.treetable.AbstractCellEditor_ESTest" tests="9" skipped="0" failures="0" errors="0" timestamp="2018-08-05T04:05:50" hostname="cobb" time="0.671">
  <properties/>
  <testcase name="test8" classname="org.mozilla.javascript.tools.debugger.treetable.AbstractCellEditor_ESTest" time="0.318"/>
  <testcase name="test7" classname="org.mozilla.javascript.tools.debugger.treetable.AbstractCellEditor_ESTest" time="0.051"/>
  <testcase name="test6" classname="org.mozilla.javascript.tools.debugger.treetable.AbstractCellEditor_ESTest" time="0.068"/>
  <testcase name="test5" classname="org.mozilla.javascript.tools.debugger.treetable.AbstractCellEditor_ESTest" time="0.041"/>
  <testcase name="test4" classname="org.mozilla.javascript.tools.debugger.treetable.AbstractCellEditor_ESTest" time="0.034"/>
  <testcase name="test3" classname="org.mozilla.javascript.tools.debugger.treetable.AbstractCellEditor_ESTest" time="0.041"/>
  <testcase name="test2" classname="org.mozilla.javascript.tools.debugger.treetable.AbstractCellEditor_ESTest" time="0.035"/>
  <testcase name="test1" classname="org.mozilla.javascript.tools.debugger.treetable.AbstractCellEditor_ESTest" time="0.033"/>
  <testcase name="test0" classname="org.mozilla.javascript.tools.debugger.treetable.AbstractCellEditor_ESTest" time="0.028"/>
  <system-out><![CDATA[]]></system-out>
  <system-err><![CDATA[Aug 04, 2018 9:05:45 PM org.evosuite.runtime.instrumentation.EvoClassLoader loadClass
INFO: Seeing class for first time: org.mozilla.javascript.tools.debugger.treetable.AbstractCellEditor_ESTest
Aug 04, 2018 9:05:45 PM org.evosuite.runtime.instrumentation.EvoClassLoader instrumentClass
INFO: Instrumenting class 'org.mozilla.javascript.tools.debugger.treetable.AbstractCellEditor_ESTest'.
Aug 04, 2018 9:05:46 PM org.evosuite.runtime.instrumentation.EvoClassLoader loadClass
INFO: Seeing class for first time: org.mozilla.javascript.tools.debugger.treetable.AbstractCellEditor_ESTest_scaffolding
Aug 04, 2018 9:05:46 PM org.evosuite.runtime.instrumentation.EvoClassLoader instrumentClass
INFO: Instrumenting class 'org.mozilla.javascript.tools.debugger.treetable.AbstractCellEditor_ESTest_scaffolding'.
Aug 04, 2018 9:05:46 PM org.evosuite.runtime.instrumentation.EvoClassLoader instrumentClass
INFO: Keeping class: org.mozilla.javascript.tools.debugger.treetable.AbstractCellEditor_ESTest_scaffolding
Aug 04, 2018 9:05:46 PM org.evosuite.runtime.instrumentation.EvoClassLoader instrumentClass
INFO: Keeping class: org.mozilla.javascript.tools.debugger.treetable.AbstractCellEditor_ESTest
Aug 05, 2018 4:05:48 AM org.evosuite.runtime.instrumentation.EvoClassLoader loadClass
INFO: Seeing class for first time: org.mozilla.javascript.tools.debugger.treetable.AbstractCellEditor
Aug 05, 2018 4:05:48 AM org.evosuite.runtime.instrumentation.EvoClassLoader instrumentClass
INFO: Instrumenting class 'org.mozilla.javascript.tools.debugger.treetable.AbstractCellEditor'.
Aug 05, 2018 4:05:48 AM org.evosuite.runtime.instrumentation.MethodCallReplacementClassAdapter visit
INFO: Adding mock interface to class org/mozilla/javascript/tools/debugger/treetable/AbstractCellEditor
Aug 05, 2018 4:05:50 AM org.evosuite.runtime.instrumentation.CreateClassResetClassAdapter createEmptyStaticReset
INFO: Creating brand-new static initializer in class org/mozilla/javascript/tools/debugger/treetable/AbstractCellEditor
Aug 05, 2018 4:05:50 AM org.evosuite.runtime.instrumentation.EvoClassLoader instrumentClass
INFO: Keeping class: org.mozilla.javascript.tools.debugger.treetable.AbstractCellEditor
Aug 05, 2018 4:05:50 AM org.evosuite.runtime.thread.ThreadStopper killAndJoinClientThreads
INFO: Found new thread
Aug 05, 2018 4:05:51 AM org.evosuite.runtime.thread.ThreadStopper killAndJoinClientThreads
INFO: Found new thread
Aug 05, 2018 4:05:51 AM org.evosuite.runtime.thread.ThreadStopper killAndJoinClientThreads
INFO: Found new thread
Aug 05, 2018 4:05:51 AM org.evosuite.runtime.thread.ThreadStopper killAndJoinClientThreads
INFO: Found new thread
Aug 05, 2018 4:05:51 AM org.evosuite.runtime.thread.ThreadStopper killAndJoinClientThreads
INFO: Found new thread
Aug 05, 2018 4:05:51 AM org.evosuite.runtime.thread.ThreadStopper killAndJoinClientThreads
INFO: Found new thread
Aug 05, 2018 4:05:51 AM org.evosuite.runtime.thread.ThreadStopper killAndJoinClientThreads
INFO: Found new thread
Aug 05, 2018 4:05:51 AM org.evosuite.runtime.thread.ThreadStopper killAndJoinClientThreads
INFO: Found new thread
Aug 05, 2018 4:05:51 AM org.evosuite.runtime.thread.ThreadStopper killAndJoinClientThreads
INFO: Found new thread
]]></system-err>
</testsuite>
