<?xml version="1.0" encoding="UTF-8"?>
<testsuite name="org.mozilla.javascript.tools.idswitch.FileBody_ESTest" tests="15" skipped="0" failures="0" errors="0" timestamp="2018-08-05T04:06:55" hostname="cobb" time="0.487">
  <properties/>
  <testcase name="test10" classname="org.mozilla.javascript.tools.idswitch.FileBody_ESTest" time="0.083"/>
  <testcase name="test01" classname="org.mozilla.javascript.tools.idswitch.FileBody_ESTest" time="0.031"/>
  <testcase name="test12" classname="org.mozilla.javascript.tools.idswitch.FileBody_ESTest" time="0.025"/>
  <testcase name="test00" classname="org.mozilla.javascript.tools.idswitch.FileBody_ESTest" time="0.04"/>
  <testcase name="test11" classname="org.mozilla.javascript.tools.idswitch.FileBody_ESTest" time="0.025"/>
  <testcase name="test03" classname="org.mozilla.javascript.tools.idswitch.FileBody_ESTest" time="0.019"/>
  <testcase name="test14" classname="org.mozilla.javascript.tools.idswitch.FileBody_ESTest" time="0.029"/>
  <testcase name="test02" classname="org.mozilla.javascript.tools.idswitch.FileBody_ESTest" time="0.025"/>
  <testcase name="test13" classname="org.mozilla.javascript.tools.idswitch.FileBody_ESTest" time="0.028"/>
  <testcase name="test05" classname="org.mozilla.javascript.tools.idswitch.FileBody_ESTest" time="0.023"/>
  <testcase name="test04" classname="org.mozilla.javascript.tools.idswitch.FileBody_ESTest" time="0.036"/>
  <testcase name="test07" classname="org.mozilla.javascript.tools.idswitch.FileBody_ESTest" time="0.027"/>
  <testcase name="test06" classname="org.mozilla.javascript.tools.idswitch.FileBody_ESTest" time="0.027"/>
  <testcase name="test09" classname="org.mozilla.javascript.tools.idswitch.FileBody_ESTest" time="0.028"/>
  <testcase name="test08" classname="org.mozilla.javascript.tools.idswitch.FileBody_ESTest" time="0.02"/>
  <system-out><![CDATA[]]></system-out>
  <system-err><![CDATA[Aug 04, 2018 9:06:51 PM org.evosuite.runtime.instrumentation.EvoClassLoader loadClass
INFO: Seeing class for first time: org.mozilla.javascript.tools.idswitch.FileBody_ESTest
Aug 04, 2018 9:06:51 PM org.evosuite.runtime.instrumentation.EvoClassLoader instrumentClass
INFO: Instrumenting class 'org.mozilla.javascript.tools.idswitch.FileBody_ESTest'.
Aug 04, 2018 9:06:52 PM org.evosuite.runtime.instrumentation.EvoClassLoader loadClass
INFO: Seeing class for first time: org.mozilla.javascript.tools.idswitch.FileBody_ESTest_scaffolding
Aug 04, 2018 9:06:52 PM org.evosuite.runtime.instrumentation.EvoClassLoader instrumentClass
INFO: Instrumenting class 'org.mozilla.javascript.tools.idswitch.FileBody_ESTest_scaffolding'.
Aug 04, 2018 9:06:52 PM org.evosuite.runtime.instrumentation.EvoClassLoader instrumentClass
INFO: Keeping class: org.mozilla.javascript.tools.idswitch.FileBody_ESTest_scaffolding
Aug 04, 2018 9:06:52 PM org.evosuite.runtime.instrumentation.EvoClassLoader instrumentClass
INFO: Keeping class: org.mozilla.javascript.tools.idswitch.FileBody_ESTest
Aug 05, 2018 4:06:53 AM org.evosuite.runtime.instrumentation.EvoClassLoader loadClass
INFO: Seeing class for first time: org.mozilla.javascript.tools.idswitch.FileBody$ReplaceItem
Aug 05, 2018 4:06:53 AM org.evosuite.runtime.instrumentation.EvoClassLoader instrumentClass
INFO: Instrumenting class 'org.mozilla.javascript.tools.idswitch.FileBody$ReplaceItem'.
Aug 05, 2018 4:06:54 AM org.evosuite.runtime.instrumentation.MethodCallReplacementClassAdapter visit
INFO: Adding mock interface to class org/mozilla/javascript/tools/idswitch/FileBody$ReplaceItem
Aug 05, 2018 4:06:55 AM org.evosuite.runtime.instrumentation.CreateClassResetClassAdapter createEmptyStaticReset
INFO: Creating brand-new static initializer in class org/mozilla/javascript/tools/idswitch/FileBody$ReplaceItem
Aug 05, 2018 4:06:55 AM org.evosuite.runtime.instrumentation.EvoClassLoader instrumentClass
INFO: Keeping class: org.mozilla.javascript.tools.idswitch.FileBody$ReplaceItem
Aug 05, 2018 4:06:55 AM org.evosuite.runtime.instrumentation.EvoClassLoader loadClass
INFO: Seeing class for first time: org.mozilla.javascript.tools.idswitch.FileBody
Aug 05, 2018 4:06:55 AM org.evosuite.runtime.instrumentation.EvoClassLoader instrumentClass
INFO: Instrumenting class 'org.mozilla.javascript.tools.idswitch.FileBody'.
Aug 05, 2018 4:06:55 AM org.evosuite.runtime.instrumentation.MethodCallReplacementClassAdapter visit
INFO: Adding mock interface to class org/mozilla/javascript/tools/idswitch/FileBody
Aug 05, 2018 4:06:55 AM org.evosuite.runtime.instrumentation.CreateClassResetClassAdapter createEmptyStaticReset
INFO: Creating brand-new static initializer in class org/mozilla/javascript/tools/idswitch/FileBody
Aug 05, 2018 4:06:55 AM org.evosuite.runtime.instrumentation.EvoClassLoader instrumentClass
INFO: Keeping class: org.mozilla.javascript.tools.idswitch.FileBody
Aug 05, 2018 4:06:55 AM org.evosuite.runtime.thread.ThreadStopper killAndJoinClientThreads
INFO: Found new thread
Aug 05, 2018 4:06:55 AM org.evosuite.runtime.thread.ThreadStopper killAndJoinClientThreads
INFO: Found new thread
Aug 05, 2018 4:06:55 AM org.evosuite.runtime.thread.ThreadStopper killAndJoinClientThreads
INFO: Found new thread
Aug 05, 2018 4:06:55 AM org.evosuite.runtime.thread.ThreadStopper killAndJoinClientThreads
INFO: Found new thread
Aug 05, 2018 4:06:55 AM org.evosuite.runtime.thread.ThreadStopper killAndJoinClientThreads
INFO: Found new thread
Aug 05, 2018 4:06:56 AM org.evosuite.runtime.thread.ThreadStopper killAndJoinClientThreads
INFO: Found new thread
Aug 05, 2018 4:06:56 AM org.evosuite.runtime.thread.ThreadStopper killAndJoinClientThreads
INFO: Found new thread
Aug 05, 2018 4:06:56 AM org.evosuite.runtime.thread.ThreadStopper killAndJoinClientThreads
INFO: Found new thread
]]></system-err>
</testsuite>
