<?xml version="1.0" encoding="UTF-8"?>
<testsuite name="org.mozilla.javascript.DToA_ESTest" tests="32" skipped="0" failures="0" errors="0" timestamp="2018-08-05T04:13:50" hostname="cobb" time="0.852">
  <properties/>
  <testcase name="test12" classname="org.mozilla.javascript.DToA_ESTest" time="0.057"/>
  <testcase name="test11" classname="org.mozilla.javascript.DToA_ESTest" time="0.05"/>
  <testcase name="test10" classname="org.mozilla.javascript.DToA_ESTest" time="0.024"/>
  <testcase name="test31" classname="org.mozilla.javascript.DToA_ESTest" time="0.023"/>
  <testcase name="test16" classname="org.mozilla.javascript.DToA_ESTest" time="0.015"/>
  <testcase name="test15" classname="org.mozilla.javascript.DToA_ESTest" time="0.016"/>
  <testcase name="test14" classname="org.mozilla.javascript.DToA_ESTest" time="0.019"/>
  <testcase name="test13" classname="org.mozilla.javascript.DToA_ESTest" time="0.035"/>
  <testcase name="test19" classname="org.mozilla.javascript.DToA_ESTest" time="0.02"/>
  <testcase name="test18" classname="org.mozilla.javascript.DToA_ESTest" time="0.024"/>
  <testcase name="test17" classname="org.mozilla.javascript.DToA_ESTest" time="0.025"/>
  <testcase name="test30" classname="org.mozilla.javascript.DToA_ESTest" time="0.023"/>
  <testcase name="test01" classname="org.mozilla.javascript.DToA_ESTest" time="0.029"/>
  <testcase name="test23" classname="org.mozilla.javascript.DToA_ESTest" time="0.016"/>
  <testcase name="test00" classname="org.mozilla.javascript.DToA_ESTest" time="0.013"/>
  <testcase name="test22" classname="org.mozilla.javascript.DToA_ESTest" time="0.035"/>
  <testcase name="test21" classname="org.mozilla.javascript.DToA_ESTest" time="0.034"/>
  <testcase name="test20" classname="org.mozilla.javascript.DToA_ESTest" time="0.021"/>
  <testcase name="test05" classname="org.mozilla.javascript.DToA_ESTest" time="0.019"/>
  <testcase name="test27" classname="org.mozilla.javascript.DToA_ESTest" time="0.039"/>
  <testcase name="test04" classname="org.mozilla.javascript.DToA_ESTest" time="0.014"/>
  <testcase name="test26" classname="org.mozilla.javascript.DToA_ESTest" time="0.022"/>
  <testcase name="test03" classname="org.mozilla.javascript.DToA_ESTest" time="0.035"/>
  <testcase name="test25" classname="org.mozilla.javascript.DToA_ESTest" time="0.032"/>
  <testcase name="test02" classname="org.mozilla.javascript.DToA_ESTest" time="0.016"/>
  <testcase name="test24" classname="org.mozilla.javascript.DToA_ESTest" time="0.043"/>
  <testcase name="test09" classname="org.mozilla.javascript.DToA_ESTest" time="0.016"/>
  <testcase name="test08" classname="org.mozilla.javascript.DToA_ESTest" time="0.032"/>
  <testcase name="test07" classname="org.mozilla.javascript.DToA_ESTest" time="0.025"/>
  <testcase name="test29" classname="org.mozilla.javascript.DToA_ESTest" time="0.02"/>
  <testcase name="test06" classname="org.mozilla.javascript.DToA_ESTest" time="0.026"/>
  <testcase name="test28" classname="org.mozilla.javascript.DToA_ESTest" time="0.018"/>
  <system-out><![CDATA[]]></system-out>
  <system-err><![CDATA[Aug 04, 2018 9:13:48 PM org.evosuite.runtime.instrumentation.EvoClassLoader loadClass
INFO: Seeing class for first time: org.mozilla.javascript.DToA_ESTest
Aug 04, 2018 9:13:48 PM org.evosuite.runtime.instrumentation.EvoClassLoader instrumentClass
INFO: Instrumenting class 'org.mozilla.javascript.DToA_ESTest'.
Aug 04, 2018 9:13:48 PM org.evosuite.runtime.instrumentation.EvoClassLoader loadClass
INFO: Seeing class for first time: org.mozilla.javascript.DToA_ESTest_scaffolding
Aug 04, 2018 9:13:48 PM org.evosuite.runtime.instrumentation.EvoClassLoader instrumentClass
INFO: Instrumenting class 'org.mozilla.javascript.DToA_ESTest_scaffolding'.
Aug 04, 2018 9:13:48 PM org.evosuite.runtime.instrumentation.EvoClassLoader instrumentClass
INFO: Keeping class: org.mozilla.javascript.DToA_ESTest_scaffolding
Aug 04, 2018 9:13:48 PM org.evosuite.runtime.instrumentation.EvoClassLoader instrumentClass
INFO: Keeping class: org.mozilla.javascript.DToA_ESTest
Aug 05, 2018 4:13:49 AM org.evosuite.runtime.instrumentation.EvoClassLoader loadClass
INFO: Seeing class for first time: org.mozilla.javascript.DToA
Aug 05, 2018 4:13:49 AM org.evosuite.runtime.instrumentation.EvoClassLoader instrumentClass
INFO: Instrumenting class 'org.mozilla.javascript.DToA'.
Aug 05, 2018 4:13:49 AM org.evosuite.runtime.instrumentation.MethodCallReplacementClassAdapter visit
INFO: Adding mock interface to class org/mozilla/javascript/DToA
Aug 05, 2018 4:13:50 AM org.evosuite.runtime.instrumentation.CreateClassResetClassAdapter visitMethod
INFO: Found static initializer in class org/mozilla/javascript/DToA
Aug 05, 2018 4:13:50 AM org.evosuite.runtime.instrumentation.EvoClassLoader instrumentClass
INFO: Keeping class: org.mozilla.javascript.DToA
Aug 05, 2018 4:13:50 AM org.evosuite.runtime.thread.ThreadStopper killAndJoinClientThreads
INFO: Found new thread
Aug 05, 2018 4:13:50 AM org.evosuite.runtime.thread.ThreadStopper killAndJoinClientThreads
INFO: Found new thread
Aug 05, 2018 4:13:50 AM org.evosuite.runtime.thread.ThreadStopper killAndJoinClientThreads
INFO: Found new thread
Aug 05, 2018 4:13:50 AM org.evosuite.runtime.thread.ThreadStopper killAndJoinClientThreads
INFO: Found new thread
Aug 05, 2018 4:13:50 AM org.evosuite.runtime.thread.ThreadStopper killAndJoinClientThreads
INFO: Found new thread
Aug 05, 2018 4:13:51 AM org.evosuite.runtime.thread.ThreadStopper killAndJoinClientThreads
INFO: Found new thread
Aug 05, 2018 4:13:51 AM org.evosuite.runtime.thread.ThreadStopper killAndJoinClientThreads
INFO: Found new thread
Aug 05, 2018 4:13:51 AM org.evosuite.runtime.thread.ThreadStopper killAndJoinClientThreads
INFO: Found new thread
Aug 05, 2018 4:13:51 AM org.evosuite.runtime.thread.ThreadStopper killAndJoinClientThreads
INFO: Found new thread
Aug 05, 2018 4:13:51 AM org.evosuite.runtime.thread.ThreadStopper killAndJoinClientThreads
INFO: Found new thread
Aug 05, 2018 4:13:51 AM org.evosuite.runtime.thread.ThreadStopper killAndJoinClientThreads
INFO: Found new thread
Aug 05, 2018 4:13:51 AM org.evosuite.runtime.thread.ThreadStopper killAndJoinClientThreads
INFO: Found new thread
Aug 05, 2018 4:13:51 AM org.evosuite.runtime.thread.ThreadStopper killAndJoinClientThreads
INFO: Found new thread
Aug 05, 2018 4:13:51 AM org.evosuite.runtime.thread.ThreadStopper killAndJoinClientThreads
INFO: Found new thread
Aug 05, 2018 4:13:51 AM org.evosuite.runtime.thread.ThreadStopper killAndJoinClientThreads
INFO: Found new thread
Aug 05, 2018 4:13:51 AM org.evosuite.runtime.thread.ThreadStopper killAndJoinClientThreads
INFO: Found new thread
Aug 05, 2018 4:13:51 AM org.evosuite.runtime.thread.ThreadStopper killAndJoinClientThreads
INFO: Found new thread
Aug 05, 2018 4:13:51 AM org.evosuite.runtime.thread.ThreadStopper killAndJoinClientThreads
INFO: Found new thread
Aug 05, 2018 4:13:51 AM org.evosuite.runtime.thread.ThreadStopper killAndJoinClientThreads
INFO: Found new thread
]]></system-err>
</testsuite>
