<?xml version="1.0" encoding="UTF-8"?>
<testsuite name="org.mozilla.javascript.commonjs.module.provider.DefaultUrlConnectionExpiryCalculator_ESTest" tests="2" skipped="0" failures="0" errors="0" timestamp="2018-08-05T04:09:42" hostname="cobb" time="0.345">
  <properties/>
  <testcase name="test1" classname="org.mozilla.javascript.commonjs.module.provider.DefaultUrlConnectionExpiryCalculator_ESTest" time="0.284"/>
  <testcase name="test0" classname="org.mozilla.javascript.commonjs.module.provider.DefaultUrlConnectionExpiryCalculator_ESTest" time="0.06"/>
  <system-out><![CDATA[]]></system-out>
  <system-err><![CDATA[Aug 04, 2018 9:09:26 PM org.evosuite.runtime.instrumentation.EvoClassLoader loadClass
INFO: Seeing class for first time: org.mozilla.javascript.commonjs.module.provider.DefaultUrlConnectionExpiryCalculator_ESTest
Aug 04, 2018 9:09:27 PM org.evosuite.runtime.instrumentation.EvoClassLoader instrumentClass
INFO: Instrumenting class 'org.mozilla.javascript.commonjs.module.provider.DefaultUrlConnectionExpiryCalculator_ESTest'.
Aug 04, 2018 9:09:27 PM org.evosuite.runtime.instrumentation.EvoClassLoader loadClass
INFO: Seeing class for first time: org.mozilla.javascript.commonjs.module.provider.DefaultUrlConnectionExpiryCalculator_ESTest_scaffolding
Aug 04, 2018 9:09:27 PM org.evosuite.runtime.instrumentation.EvoClassLoader instrumentClass
INFO: Instrumenting class 'org.mozilla.javascript.commonjs.module.provider.DefaultUrlConnectionExpiryCalculator_ESTest_scaffolding'.
Aug 04, 2018 9:09:28 PM org.evosuite.runtime.instrumentation.EvoClassLoader instrumentClass
INFO: Keeping class: org.mozilla.javascript.commonjs.module.provider.DefaultUrlConnectionExpiryCalculator_ESTest_scaffolding
Aug 04, 2018 9:09:28 PM org.evosuite.runtime.instrumentation.EvoClassLoader instrumentClass
INFO: Keeping class: org.mozilla.javascript.commonjs.module.provider.DefaultUrlConnectionExpiryCalculator_ESTest
Aug 05, 2018 4:09:30 AM org.evosuite.runtime.instrumentation.EvoClassLoader loadClass
INFO: Seeing class for first time: org.mozilla.javascript.commonjs.module.provider.UrlConnectionExpiryCalculator
Aug 05, 2018 4:09:30 AM org.evosuite.runtime.instrumentation.EvoClassLoader instrumentClass
INFO: Instrumenting class 'org.mozilla.javascript.commonjs.module.provider.UrlConnectionExpiryCalculator'.
Aug 05, 2018 4:09:31 AM org.evosuite.runtime.instrumentation.EvoClassLoader instrumentClass
INFO: Keeping class: org.mozilla.javascript.commonjs.module.provider.UrlConnectionExpiryCalculator
Aug 05, 2018 4:09:31 AM org.evosuite.runtime.instrumentation.EvoClassLoader loadClass
INFO: Seeing class for first time: org.mozilla.javascript.commonjs.module.provider.DefaultUrlConnectionExpiryCalculator
Aug 05, 2018 4:09:31 AM org.evosuite.runtime.instrumentation.EvoClassLoader instrumentClass
INFO: Instrumenting class 'org.mozilla.javascript.commonjs.module.provider.DefaultUrlConnectionExpiryCalculator'.
Aug 05, 2018 4:09:31 AM org.evosuite.runtime.instrumentation.MethodCallReplacementClassAdapter visit
INFO: Adding mock interface to class org/mozilla/javascript/commonjs/module/provider/DefaultUrlConnectionExpiryCalculator
Aug 05, 2018 4:09:32 AM org.evosuite.runtime.instrumentation.CreateClassResetClassAdapter createEmptyStaticReset
INFO: Creating brand-new static initializer in class org/mozilla/javascript/commonjs/module/provider/DefaultUrlConnectionExpiryCalculator
Aug 05, 2018 4:09:32 AM org.evosuite.runtime.instrumentation.EvoClassLoader instrumentClass
INFO: Keeping class: org.mozilla.javascript.commonjs.module.provider.DefaultUrlConnectionExpiryCalculator
Aug 05, 2018 4:09:42 AM org.evosuite.runtime.thread.ThreadStopper killAndJoinClientThreads
INFO: Found new thread
]]></system-err>
</testsuite>
