<?xml version="1.0" encoding="UTF-8"?>
<testsuite name="org.mozilla.classfile.ConstantEntry_ESTest" tests="8" skipped="0" failures="0" errors="0" timestamp="2018-08-05T04:14:03" hostname="cobb" time="0.026">
  <properties/>
  <testcase name="test2" classname="org.mozilla.classfile.ConstantEntry_ESTest" time="0.01"/>
  <testcase name="test3" classname="org.mozilla.classfile.ConstantEntry_ESTest" time="0.002"/>
  <testcase name="test4" classname="org.mozilla.classfile.ConstantEntry_ESTest" time="0.003"/>
  <testcase name="test5" classname="org.mozilla.classfile.ConstantEntry_ESTest" time="0.001"/>
  <testcase name="test6" classname="org.mozilla.classfile.ConstantEntry_ESTest" time="0.001"/>
  <testcase name="test7" classname="org.mozilla.classfile.ConstantEntry_ESTest" time="0.002"/>
  <testcase name="test0" classname="org.mozilla.classfile.ConstantEntry_ESTest" time="0.001"/>
  <testcase name="test1" classname="org.mozilla.classfile.ConstantEntry_ESTest" time="0.003"/>
  <system-out><![CDATA[]]></system-out>
  <system-err><![CDATA[Aug 04, 2018 9:14:02 PM org.evosuite.runtime.instrumentation.EvoClassLoader loadClass
INFO: Seeing class for first time: org.mozilla.classfile.ConstantEntry_ESTest
Aug 04, 2018 9:14:02 PM org.evosuite.runtime.instrumentation.EvoClassLoader instrumentClass
INFO: Instrumenting class 'org.mozilla.classfile.ConstantEntry_ESTest'.
Aug 04, 2018 9:14:02 PM org.evosuite.runtime.instrumentation.EvoClassLoader loadClass
INFO: Seeing class for first time: org.mozilla.classfile.ConstantEntry_ESTest_scaffolding
Aug 04, 2018 9:14:02 PM org.evosuite.runtime.instrumentation.EvoClassLoader instrumentClass
INFO: Instrumenting class 'org.mozilla.classfile.ConstantEntry_ESTest_scaffolding'.
Aug 04, 2018 9:14:02 PM org.evosuite.runtime.instrumentation.EvoClassLoader instrumentClass
INFO: Keeping class: org.mozilla.classfile.ConstantEntry_ESTest_scaffolding
Aug 04, 2018 9:14:02 PM org.evosuite.runtime.instrumentation.EvoClassLoader instrumentClass
INFO: Keeping class: org.mozilla.classfile.ConstantEntry_ESTest
Aug 05, 2018 4:14:03 AM org.evosuite.runtime.instrumentation.EvoClassLoader loadClass
INFO: Seeing class for first time: org.mozilla.classfile.ConstantEntry
Aug 05, 2018 4:14:03 AM org.evosuite.runtime.instrumentation.EvoClassLoader instrumentClass
INFO: Instrumenting class 'org.mozilla.classfile.ConstantEntry'.
Aug 05, 2018 4:14:03 AM org.evosuite.runtime.instrumentation.MethodCallReplacementClassAdapter visit
INFO: Adding mock interface to class org/mozilla/classfile/ConstantEntry
Aug 05, 2018 4:14:03 AM org.evosuite.runtime.instrumentation.CreateClassResetClassAdapter createEmptyStaticReset
INFO: Creating brand-new static initializer in class org/mozilla/classfile/ConstantEntry
Aug 05, 2018 4:14:03 AM org.evosuite.runtime.instrumentation.EvoClassLoader instrumentClass
INFO: Keeping class: org.mozilla.classfile.ConstantEntry
]]></system-err>
</testsuite>
