<?xml version="1.0" encoding="UTF-8"?>
<testsuite name="org.mozilla.javascript.ObjToIntMap_ESTest" tests="21" skipped="0" failures="0" errors="0" timestamp="2018-08-05T04:08:03" hostname="cobb" time="1.014">
  <properties/>
  <testcase name="test09" classname="org.mozilla.javascript.ObjToIntMap_ESTest" time="0.168"/>
  <testcase name="test08" classname="org.mozilla.javascript.ObjToIntMap_ESTest" time="0.031"/>
  <testcase name="test19" classname="org.mozilla.javascript.ObjToIntMap_ESTest" time="0.025"/>
  <testcase name="test07" classname="org.mozilla.javascript.ObjToIntMap_ESTest" time="0.034"/>
  <testcase name="test18" classname="org.mozilla.javascript.ObjToIntMap_ESTest" time="0.046"/>
  <testcase name="test06" classname="org.mozilla.javascript.ObjToIntMap_ESTest" time="0.043"/>
  <testcase name="test17" classname="org.mozilla.javascript.ObjToIntMap_ESTest" time="0.017"/>
  <testcase name="test01" classname="org.mozilla.javascript.ObjToIntMap_ESTest" time="0.062"/>
  <testcase name="test12" classname="org.mozilla.javascript.ObjToIntMap_ESTest" time="0.036"/>
  <testcase name="test00" classname="org.mozilla.javascript.ObjToIntMap_ESTest" time="0.04"/>
  <testcase name="test11" classname="org.mozilla.javascript.ObjToIntMap_ESTest" time="0.034"/>
  <testcase name="test10" classname="org.mozilla.javascript.ObjToIntMap_ESTest" time="0.018"/>
  <testcase name="test20" classname="org.mozilla.javascript.ObjToIntMap_ESTest" time="0.066"/>
  <testcase name="test05" classname="org.mozilla.javascript.ObjToIntMap_ESTest" time="0.077"/>
  <testcase name="test16" classname="org.mozilla.javascript.ObjToIntMap_ESTest" time="0.069"/>
  <testcase name="test04" classname="org.mozilla.javascript.ObjToIntMap_ESTest" time="0.05"/>
  <testcase name="test15" classname="org.mozilla.javascript.ObjToIntMap_ESTest" time="0.04"/>
  <testcase name="test03" classname="org.mozilla.javascript.ObjToIntMap_ESTest" time="0.031"/>
  <testcase name="test14" classname="org.mozilla.javascript.ObjToIntMap_ESTest" time="0.027"/>
  <testcase name="test02" classname="org.mozilla.javascript.ObjToIntMap_ESTest" time="0.041"/>
  <testcase name="test13" classname="org.mozilla.javascript.ObjToIntMap_ESTest" time="0.032"/>
  <system-out><![CDATA[]]></system-out>
  <system-err><![CDATA[Aug 04, 2018 9:07:58 PM org.evosuite.runtime.instrumentation.EvoClassLoader loadClass
INFO: Seeing class for first time: org.mozilla.javascript.ObjToIntMap_ESTest
Aug 04, 2018 9:07:58 PM org.evosuite.runtime.instrumentation.EvoClassLoader instrumentClass
INFO: Instrumenting class 'org.mozilla.javascript.ObjToIntMap_ESTest'.
Aug 04, 2018 9:07:59 PM org.evosuite.runtime.instrumentation.EvoClassLoader loadClass
INFO: Seeing class for first time: org.mozilla.javascript.ObjToIntMap_ESTest_scaffolding
Aug 04, 2018 9:07:59 PM org.evosuite.runtime.instrumentation.EvoClassLoader instrumentClass
INFO: Instrumenting class 'org.mozilla.javascript.ObjToIntMap_ESTest_scaffolding'.
Aug 04, 2018 9:07:59 PM org.evosuite.runtime.instrumentation.EvoClassLoader instrumentClass
INFO: Keeping class: org.mozilla.javascript.ObjToIntMap_ESTest_scaffolding
Aug 04, 2018 9:07:59 PM org.evosuite.runtime.instrumentation.EvoClassLoader instrumentClass
INFO: Keeping class: org.mozilla.javascript.ObjToIntMap_ESTest
Aug 05, 2018 4:08:00 AM org.evosuite.runtime.instrumentation.EvoClassLoader loadClass
INFO: Seeing class for first time: org.mozilla.javascript.ObjToIntMap$Iterator
Aug 05, 2018 4:08:00 AM org.evosuite.runtime.instrumentation.EvoClassLoader instrumentClass
INFO: Instrumenting class 'org.mozilla.javascript.ObjToIntMap$Iterator'.
Aug 05, 2018 4:08:01 AM org.evosuite.runtime.instrumentation.MethodCallReplacementClassAdapter visit
INFO: Adding mock interface to class org/mozilla/javascript/ObjToIntMap$Iterator
Aug 05, 2018 4:08:02 AM org.evosuite.runtime.instrumentation.CreateClassResetClassAdapter createEmptyStaticReset
INFO: Creating brand-new static initializer in class org/mozilla/javascript/ObjToIntMap$Iterator
Aug 05, 2018 4:08:02 AM org.evosuite.runtime.instrumentation.EvoClassLoader instrumentClass
INFO: Keeping class: org.mozilla.javascript.ObjToIntMap$Iterator
Aug 05, 2018 4:08:02 AM org.evosuite.runtime.instrumentation.EvoClassLoader loadClass
INFO: Seeing class for first time: org.mozilla.javascript.UniqueTag
Aug 05, 2018 4:08:02 AM org.evosuite.runtime.instrumentation.EvoClassLoader instrumentClass
INFO: Instrumenting class 'org.mozilla.javascript.UniqueTag'.
Aug 05, 2018 4:08:02 AM org.evosuite.runtime.instrumentation.MethodCallReplacementClassAdapter visit
INFO: Adding mock interface to class org/mozilla/javascript/UniqueTag
Aug 05, 2018 4:08:02 AM org.evosuite.runtime.instrumentation.CreateClassResetClassAdapter visitMethod
INFO: Found static initializer in class org/mozilla/javascript/UniqueTag
Aug 05, 2018 4:08:03 AM org.evosuite.runtime.instrumentation.EvoClassLoader instrumentClass
INFO: Keeping class: org.mozilla.javascript.UniqueTag
Aug 05, 2018 4:08:03 AM org.evosuite.runtime.instrumentation.EvoClassLoader loadClass
INFO: Seeing class for first time: org.mozilla.javascript.Kit
Aug 05, 2018 4:08:03 AM org.evosuite.runtime.instrumentation.EvoClassLoader instrumentClass
INFO: Instrumenting class 'org.mozilla.javascript.Kit'.
Aug 05, 2018 4:08:03 AM org.evosuite.runtime.instrumentation.MethodCallReplacementClassAdapter visit
INFO: Adding mock interface to class org/mozilla/javascript/Kit
Aug 05, 2018 4:08:03 AM org.evosuite.runtime.instrumentation.CreateClassResetClassAdapter visitMethod
INFO: Found static initializer in class org/mozilla/javascript/Kit
Aug 05, 2018 4:08:03 AM org.evosuite.runtime.instrumentation.EvoClassLoader instrumentClass
INFO: Keeping class: org.mozilla.javascript.Kit
Aug 05, 2018 4:08:03 AM org.evosuite.runtime.instrumentation.EvoClassLoader loadClass
INFO: Seeing class for first time: org.mozilla.javascript.ObjToIntMap
Aug 05, 2018 4:08:03 AM org.evosuite.runtime.instrumentation.EvoClassLoader instrumentClass
INFO: Instrumenting class 'org.mozilla.javascript.ObjToIntMap'.
Aug 05, 2018 4:08:03 AM org.evosuite.runtime.instrumentation.MethodCallReplacementClassAdapter visit
INFO: Adding mock interface to class org/mozilla/javascript/ObjToIntMap
Aug 05, 2018 4:08:03 AM org.evosuite.runtime.instrumentation.CreateClassResetClassAdapter visitMethod
INFO: Found static initializer in class org/mozilla/javascript/ObjToIntMap
Aug 05, 2018 4:08:03 AM org.evosuite.runtime.instrumentation.EvoClassLoader instrumentClass
INFO: Keeping class: org.mozilla.javascript.ObjToIntMap
Aug 05, 2018 4:08:03 AM org.evosuite.runtime.thread.ThreadStopper killAndJoinClientThreads
INFO: Found new thread
Aug 05, 2018 4:08:03 AM org.evosuite.runtime.thread.ThreadStopper killAndJoinClientThreads
INFO: Found new thread
Aug 05, 2018 4:08:03 AM org.evosuite.runtime.thread.ThreadStopper killAndJoinClientThreads
INFO: Found new thread
Aug 05, 2018 4:08:03 AM org.evosuite.runtime.thread.ThreadStopper killAndJoinClientThreads
INFO: Found new thread
Aug 05, 2018 4:08:03 AM org.evosuite.runtime.thread.ThreadStopper killAndJoinClientThreads
INFO: Found new thread
Aug 05, 2018 4:08:03 AM org.evosuite.runtime.thread.ThreadStopper killAndJoinClientThreads
INFO: Found new thread
org.mozilla.javascript.Kit.codeBug(Kit.java:417)
<evosuite>.<evosuite>(<evosuite>)
<evosuite>.<evosuite>(<evosuite>)
<evosuite>.<evosuite>(<evosuite>)
<evosuite>.<evosuite>(<evosuite>)
<evosuite>.<evosuite>(<evosuite>)
Aug 05, 2018 4:08:04 AM org.evosuite.runtime.thread.ThreadStopper killAndJoinClientThreads
INFO: Found new thread
Aug 05, 2018 4:08:04 AM org.evosuite.runtime.thread.ThreadStopper killAndJoinClientThreads
INFO: Found new thread
Aug 05, 2018 4:08:04 AM org.evosuite.runtime.thread.ThreadStopper killAndJoinClientThreads
INFO: Found new thread
Aug 05, 2018 4:08:04 AM org.evosuite.runtime.thread.ThreadStopper killAndJoinClientThreads
INFO: Found new thread
Aug 05, 2018 4:08:04 AM org.evosuite.runtime.thread.ThreadStopper killAndJoinClientThreads
INFO: Found new thread
Aug 05, 2018 4:08:04 AM org.evosuite.runtime.thread.ThreadStopper killAndJoinClientThreads
INFO: Found new thread
Aug 05, 2018 4:08:04 AM org.evosuite.runtime.thread.ThreadStopper killAndJoinClientThreads
INFO: Found new thread
]]></system-err>
</testsuite>
