<?xml version="1.0" encoding="UTF-8"?>
<testsuite name="org.mozilla.javascript.Sorting_ESTest" tests="5" skipped="0" failures="0" errors="0" timestamp="2018-08-05T04:09:58" hostname="cobb" time="0.63">
  <properties/>
  <testcase name="test0" classname="org.mozilla.javascript.Sorting_ESTest" time="0.4"/>
  <testcase name="test1" classname="org.mozilla.javascript.Sorting_ESTest" time="0.055"/>
  <testcase name="test2" classname="org.mozilla.javascript.Sorting_ESTest" time="0.032"/>
  <testcase name="test3" classname="org.mozilla.javascript.Sorting_ESTest" time="0.092"/>
  <testcase name="test4" classname="org.mozilla.javascript.Sorting_ESTest" time="0.049"/>
  <system-out><![CDATA[]]></system-out>
  <system-err><![CDATA[Aug 04, 2018 9:09:44 PM org.evosuite.runtime.instrumentation.EvoClassLoader loadClass
INFO: Seeing class for first time: org.mozilla.javascript.Sorting_ESTest
Aug 04, 2018 9:09:44 PM org.evosuite.runtime.instrumentation.EvoClassLoader instrumentClass
INFO: Instrumenting class 'org.mozilla.javascript.Sorting_ESTest'.
Aug 04, 2018 9:09:45 PM org.evosuite.runtime.instrumentation.EvoClassLoader loadClass
INFO: Seeing class for first time: org.mozilla.javascript.Sorting_ESTest_scaffolding
Aug 04, 2018 9:09:45 PM org.evosuite.runtime.instrumentation.EvoClassLoader instrumentClass
INFO: Instrumenting class 'org.mozilla.javascript.Sorting_ESTest_scaffolding'.
Aug 04, 2018 9:09:45 PM org.evosuite.runtime.instrumentation.EvoClassLoader instrumentClass
INFO: Keeping class: org.mozilla.javascript.Sorting_ESTest_scaffolding
Aug 04, 2018 9:09:45 PM org.evosuite.runtime.instrumentation.EvoClassLoader instrumentClass
INFO: Keeping class: org.mozilla.javascript.Sorting_ESTest
Aug 05, 2018 4:09:47 AM org.evosuite.runtime.instrumentation.EvoClassLoader loadClass
INFO: Seeing class for first time: org.mozilla.javascript.Sorting
Aug 05, 2018 4:09:47 AM org.evosuite.runtime.instrumentation.EvoClassLoader instrumentClass
INFO: Instrumenting class 'org.mozilla.javascript.Sorting'.
Aug 05, 2018 4:09:47 AM org.evosuite.runtime.instrumentation.MethodCallReplacementClassAdapter visit
INFO: Adding mock interface to class org/mozilla/javascript/Sorting
Aug 05, 2018 4:09:49 AM org.evosuite.runtime.instrumentation.CreateClassResetClassAdapter createEmptyStaticReset
INFO: Creating brand-new static initializer in class org/mozilla/javascript/Sorting
Aug 05, 2018 4:09:49 AM org.evosuite.runtime.instrumentation.CreateClassResetClassAdapter createEmptyStaticReset
INFO: Adding bytecode for initializing field SMALLSORT
Aug 05, 2018 4:09:49 AM org.evosuite.runtime.instrumentation.EvoClassLoader instrumentClass
INFO: Keeping class: org.mozilla.javascript.Sorting
Aug 05, 2018 4:09:58 AM org.evosuite.runtime.thread.ThreadStopper killAndJoinClientThreads
INFO: Found new thread
Aug 05, 2018 4:09:58 AM org.evosuite.runtime.thread.ThreadStopper killAndJoinClientThreads
INFO: Found new thread
Aug 05, 2018 4:09:58 AM org.evosuite.runtime.thread.ThreadStopper killAndJoinClientThreads
INFO: Found new thread
Aug 05, 2018 4:09:58 AM org.evosuite.runtime.thread.ThreadStopper killAndJoinClientThreads
INFO: Found new thread
Aug 05, 2018 4:09:59 AM org.evosuite.runtime.thread.ThreadStopper killAndJoinClientThreads
INFO: Found new thread
]]></system-err>
</testsuite>
