<?xml version="1.0" encoding="UTF-8"?>
<testsuite name="org.mozilla.javascript.tools.debugger.treetable.JTreeTable_ESTest" tests="11" skipped="0" failures="0" errors="0" timestamp="2018-08-05T05:29:26" hostname="cobb" time="2.817">
  <properties/>
  <testcase name="test01" classname="org.mozilla.javascript.tools.debugger.treetable.JTreeTable_ESTest" time="2.065"/>
  <testcase name="test00" classname="org.mozilla.javascript.tools.debugger.treetable.JTreeTable_ESTest" time="0.089"/>
  <testcase name="test10" classname="org.mozilla.javascript.tools.debugger.treetable.JTreeTable_ESTest" time="0.055"/>
  <testcase name="test05" classname="org.mozilla.javascript.tools.debugger.treetable.JTreeTable_ESTest" time="0.054"/>
  <testcase name="test04" classname="org.mozilla.javascript.tools.debugger.treetable.JTreeTable_ESTest" time="0.042"/>
  <testcase name="test03" classname="org.mozilla.javascript.tools.debugger.treetable.JTreeTable_ESTest" time="0.077"/>
  <testcase name="test02" classname="org.mozilla.javascript.tools.debugger.treetable.JTreeTable_ESTest" time="0.048"/>
  <testcase name="test09" classname="org.mozilla.javascript.tools.debugger.treetable.JTreeTable_ESTest" time="0.038"/>
  <testcase name="test08" classname="org.mozilla.javascript.tools.debugger.treetable.JTreeTable_ESTest" time="0.105"/>
  <testcase name="test07" classname="org.mozilla.javascript.tools.debugger.treetable.JTreeTable_ESTest" time="0.176"/>
  <testcase name="test06" classname="org.mozilla.javascript.tools.debugger.treetable.JTreeTable_ESTest" time="0.05"/>
  <system-out><![CDATA[]]></system-out>
  <system-err><![CDATA[Aug 04, 2018 10:29:12 PM org.evosuite.runtime.instrumentation.EvoClassLoader loadClass
INFO: Seeing class for first time: org.mozilla.javascript.tools.debugger.treetable.JTreeTable_ESTest
Aug 04, 2018 10:29:13 PM org.evosuite.runtime.instrumentation.EvoClassLoader instrumentClass
INFO: Instrumenting class 'org.mozilla.javascript.tools.debugger.treetable.JTreeTable_ESTest'.
Aug 04, 2018 10:29:13 PM org.evosuite.runtime.instrumentation.EvoClassLoader loadClass
INFO: Seeing class for first time: org.mozilla.javascript.tools.debugger.treetable.JTreeTable_ESTest_scaffolding
Aug 04, 2018 10:29:13 PM org.evosuite.runtime.instrumentation.EvoClassLoader instrumentClass
INFO: Instrumenting class 'org.mozilla.javascript.tools.debugger.treetable.JTreeTable_ESTest_scaffolding'.
Aug 04, 2018 10:29:13 PM org.evosuite.runtime.instrumentation.EvoClassLoader instrumentClass
INFO: Keeping class: org.mozilla.javascript.tools.debugger.treetable.JTreeTable_ESTest_scaffolding
Aug 04, 2018 10:29:13 PM org.evosuite.runtime.instrumentation.EvoClassLoader instrumentClass
INFO: Keeping class: org.mozilla.javascript.tools.debugger.treetable.JTreeTable_ESTest
Aug 04, 2018 10:29:13 PM org.evosuite.runtime.instrumentation.EvoClassLoader loadClass
INFO: Seeing class for first time: org.mozilla.javascript.tools.debugger.treetable.JTreeTable
Aug 04, 2018 10:29:13 PM org.evosuite.runtime.instrumentation.EvoClassLoader instrumentClass
INFO: Instrumenting class 'org.mozilla.javascript.tools.debugger.treetable.JTreeTable'.
Aug 04, 2018 10:29:13 PM org.evosuite.runtime.instrumentation.MethodCallReplacementClassAdapter visit
INFO: Adding mock interface to class org/mozilla/javascript/tools/debugger/treetable/JTreeTable
Aug 04, 2018 10:29:15 PM org.evosuite.runtime.instrumentation.CreateClassResetClassAdapter createEmptyStaticReset
INFO: Creating brand-new static initializer in class org/mozilla/javascript/tools/debugger/treetable/JTreeTable
Aug 04, 2018 10:29:15 PM org.evosuite.runtime.instrumentation.EvoClassLoader instrumentClass
INFO: Keeping class: org.mozilla.javascript.tools.debugger.treetable.JTreeTable
Aug 05, 2018 5:29:16 AM org.evosuite.runtime.instrumentation.EvoClassLoader loadClass
INFO: Seeing class for first time: org.mozilla.javascript.tools.debugger.treetable.JTreeTable$ListToTreeSelectionModelWrapper
Aug 05, 2018 5:29:16 AM org.evosuite.runtime.instrumentation.EvoClassLoader instrumentClass
INFO: Instrumenting class 'org.mozilla.javascript.tools.debugger.treetable.JTreeTable$ListToTreeSelectionModelWrapper'.
Aug 05, 2018 5:29:16 AM org.evosuite.runtime.instrumentation.MethodCallReplacementClassAdapter visit
INFO: Adding mock interface to class org/mozilla/javascript/tools/debugger/treetable/JTreeTable$ListToTreeSelectionModelWrapper
Aug 05, 2018 5:29:17 AM org.evosuite.runtime.instrumentation.CreateClassResetClassAdapter createEmptyStaticReset
INFO: Creating brand-new static initializer in class org/mozilla/javascript/tools/debugger/treetable/JTreeTable$ListToTreeSelectionModelWrapper
Aug 05, 2018 5:29:17 AM org.evosuite.runtime.instrumentation.EvoClassLoader instrumentClass
INFO: Keeping class: org.mozilla.javascript.tools.debugger.treetable.JTreeTable$ListToTreeSelectionModelWrapper
Aug 05, 2018 5:29:17 AM org.evosuite.runtime.instrumentation.EvoClassLoader loadClass
INFO: Seeing class for first time: org.mozilla.javascript.tools.debugger.treetable.TreeTableModelAdapter$2
Aug 05, 2018 5:29:17 AM org.evosuite.runtime.instrumentation.EvoClassLoader instrumentClass
INFO: Instrumenting class 'org.mozilla.javascript.tools.debugger.treetable.TreeTableModelAdapter$2'.
Aug 05, 2018 5:29:17 AM org.evosuite.runtime.instrumentation.MethodCallReplacementClassAdapter visit
INFO: Adding mock interface to class org/mozilla/javascript/tools/debugger/treetable/TreeTableModelAdapter$2
Aug 05, 2018 5:29:17 AM org.evosuite.runtime.instrumentation.EvoClassLoader instrumentClass
INFO: Keeping class: org.mozilla.javascript.tools.debugger.treetable.TreeTableModelAdapter$2
Aug 05, 2018 5:29:17 AM org.evosuite.runtime.instrumentation.EvoClassLoader loadClass
INFO: Seeing class for first time: org.mozilla.javascript.tools.debugger.treetable.TreeTableModelAdapter$1
Aug 05, 2018 5:29:17 AM org.evosuite.runtime.instrumentation.EvoClassLoader instrumentClass
INFO: Instrumenting class 'org.mozilla.javascript.tools.debugger.treetable.TreeTableModelAdapter$1'.
Aug 05, 2018 5:29:17 AM org.evosuite.runtime.instrumentation.MethodCallReplacementClassAdapter visit
INFO: Adding mock interface to class org/mozilla/javascript/tools/debugger/treetable/TreeTableModelAdapter$1
Aug 05, 2018 5:29:17 AM org.evosuite.runtime.instrumentation.EvoClassLoader instrumentClass
INFO: Keeping class: org.mozilla.javascript.tools.debugger.treetable.TreeTableModelAdapter$1
Aug 05, 2018 5:29:17 AM org.evosuite.runtime.instrumentation.EvoClassLoader loadClass
INFO: Seeing class for first time: org.mozilla.javascript.tools.debugger.treetable.AbstractCellEditor
Aug 05, 2018 5:29:17 AM org.evosuite.runtime.instrumentation.EvoClassLoader instrumentClass
INFO: Instrumenting class 'org.mozilla.javascript.tools.debugger.treetable.AbstractCellEditor'.
Aug 05, 2018 5:29:17 AM org.evosuite.runtime.instrumentation.MethodCallReplacementClassAdapter visit
INFO: Adding mock interface to class org/mozilla/javascript/tools/debugger/treetable/AbstractCellEditor
Aug 05, 2018 5:29:17 AM org.evosuite.runtime.instrumentation.CreateClassResetClassAdapter createEmptyStaticReset
INFO: Creating brand-new static initializer in class org/mozilla/javascript/tools/debugger/treetable/AbstractCellEditor
Aug 05, 2018 5:29:17 AM org.evosuite.runtime.instrumentation.EvoClassLoader instrumentClass
INFO: Keeping class: org.mozilla.javascript.tools.debugger.treetable.AbstractCellEditor
Aug 05, 2018 5:29:17 AM org.evosuite.runtime.instrumentation.EvoClassLoader loadClass
INFO: Seeing class for first time: org.mozilla.javascript.tools.debugger.treetable.JTreeTable$TreeTableCellRenderer
Aug 05, 2018 5:29:17 AM org.evosuite.runtime.instrumentation.EvoClassLoader instrumentClass
INFO: Instrumenting class 'org.mozilla.javascript.tools.debugger.treetable.JTreeTable$TreeTableCellRenderer'.
Aug 05, 2018 5:29:17 AM org.evosuite.runtime.instrumentation.MethodCallReplacementClassAdapter visit
INFO: Adding mock interface to class org/mozilla/javascript/tools/debugger/treetable/JTreeTable$TreeTableCellRenderer
Aug 05, 2018 5:29:17 AM org.evosuite.runtime.instrumentation.CreateClassResetClassAdapter createEmptyStaticReset
INFO: Creating brand-new static initializer in class org/mozilla/javascript/tools/debugger/treetable/JTreeTable$TreeTableCellRenderer
Aug 05, 2018 5:29:17 AM org.evosuite.runtime.instrumentation.EvoClassLoader instrumentClass
INFO: Keeping class: org.mozilla.javascript.tools.debugger.treetable.JTreeTable$TreeTableCellRenderer
Aug 05, 2018 5:29:17 AM org.evosuite.runtime.instrumentation.EvoClassLoader loadClass
INFO: Seeing class for first time: org.mozilla.javascript.tools.debugger.treetable.JTreeTable$TreeTableCellEditor
Aug 05, 2018 5:29:17 AM org.evosuite.runtime.instrumentation.EvoClassLoader instrumentClass
INFO: Instrumenting class 'org.mozilla.javascript.tools.debugger.treetable.JTreeTable$TreeTableCellEditor'.
Aug 05, 2018 5:29:17 AM org.evosuite.runtime.instrumentation.MethodCallReplacementClassAdapter visit
INFO: Adding mock interface to class org/mozilla/javascript/tools/debugger/treetable/JTreeTable$TreeTableCellEditor
Aug 05, 2018 5:29:17 AM org.evosuite.runtime.instrumentation.CreateClassResetClassAdapter createEmptyStaticReset
INFO: Creating brand-new static initializer in class org/mozilla/javascript/tools/debugger/treetable/JTreeTable$TreeTableCellEditor
Aug 05, 2018 5:29:17 AM org.evosuite.runtime.instrumentation.EvoClassLoader instrumentClass
INFO: Keeping class: org.mozilla.javascript.tools.debugger.treetable.JTreeTable$TreeTableCellEditor
Aug 05, 2018 5:29:17 AM org.evosuite.runtime.instrumentation.EvoClassLoader loadClass
INFO: Seeing class for first time: org.mozilla.javascript.tools.debugger.treetable.TreeTableModel
Aug 05, 2018 5:29:17 AM org.evosuite.runtime.instrumentation.EvoClassLoader instrumentClass
INFO: Instrumenting class 'org.mozilla.javascript.tools.debugger.treetable.TreeTableModel'.
Aug 05, 2018 5:29:17 AM org.evosuite.runtime.instrumentation.EvoClassLoader instrumentClass
INFO: Keeping class: org.mozilla.javascript.tools.debugger.treetable.TreeTableModel
Aug 05, 2018 5:29:17 AM org.evosuite.runtime.instrumentation.EvoClassLoader loadClass
INFO: Seeing class for first time: org.mozilla.javascript.tools.debugger.treetable.TreeTableModelAdapter
Aug 05, 2018 5:29:17 AM org.evosuite.runtime.instrumentation.EvoClassLoader instrumentClass
INFO: Instrumenting class 'org.mozilla.javascript.tools.debugger.treetable.TreeTableModelAdapter'.
Aug 05, 2018 5:29:17 AM org.evosuite.runtime.instrumentation.MethodCallReplacementClassAdapter visit
INFO: Adding mock interface to class org/mozilla/javascript/tools/debugger/treetable/TreeTableModelAdapter
Aug 05, 2018 5:29:17 AM org.evosuite.runtime.instrumentation.CreateClassResetClassAdapter createEmptyStaticReset
INFO: Creating brand-new static initializer in class org/mozilla/javascript/tools/debugger/treetable/TreeTableModelAdapter
Aug 05, 2018 5:29:17 AM org.evosuite.runtime.instrumentation.EvoClassLoader instrumentClass
INFO: Keeping class: org.mozilla.javascript.tools.debugger.treetable.TreeTableModelAdapter
Aug 05, 2018 5:29:17 AM org.evosuite.runtime.instrumentation.EvoClassLoader loadClass
INFO: Seeing class for first time: org.mozilla.javascript.tools.debugger.treetable.JTreeTable$ListToTreeSelectionModelWrapper$ListSelectionHandler
Aug 05, 2018 5:29:17 AM org.evosuite.runtime.instrumentation.EvoClassLoader instrumentClass
INFO: Instrumenting class 'org.mozilla.javascript.tools.debugger.treetable.JTreeTable$ListToTreeSelectionModelWrapper$ListSelectionHandler'.
Aug 05, 2018 5:29:17 AM org.evosuite.runtime.instrumentation.MethodCallReplacementClassAdapter visit
INFO: Adding mock interface to class org/mozilla/javascript/tools/debugger/treetable/JTreeTable$ListToTreeSelectionModelWrapper$ListSelectionHandler
Aug 05, 2018 5:29:17 AM org.evosuite.runtime.instrumentation.CreateClassResetClassAdapter createEmptyStaticReset
INFO: Creating brand-new static initializer in class org/mozilla/javascript/tools/debugger/treetable/JTreeTable$ListToTreeSelectionModelWrapper$ListSelectionHandler
Aug 05, 2018 5:29:17 AM org.evosuite.runtime.instrumentation.EvoClassLoader instrumentClass
INFO: Keeping class: org.mozilla.javascript.tools.debugger.treetable.JTreeTable$ListToTreeSelectionModelWrapper$ListSelectionHandler
Aug 05, 2018 5:29:28 AM org.evosuite.runtime.thread.ThreadStopper killAndJoinClientThreads
INFO: Found new thread
Aug 05, 2018 5:29:28 AM org.evosuite.runtime.thread.ThreadStopper killAndJoinClientThreads
INFO: Found new thread
Aug 05, 2018 5:29:29 AM org.evosuite.runtime.thread.ThreadStopper killAndJoinClientThreads
INFO: Found new thread
Aug 05, 2018 5:29:29 AM org.evosuite.runtime.thread.ThreadStopper killAndJoinClientThreads
INFO: Found new thread
Aug 05, 2018 5:29:29 AM org.evosuite.runtime.thread.ThreadStopper killAndJoinClientThreads
INFO: Found new thread
Aug 05, 2018 5:29:29 AM org.evosuite.runtime.thread.ThreadStopper killAndJoinClientThreads
INFO: Found new thread
Aug 05, 2018 5:29:29 AM org.evosuite.runtime.thread.ThreadStopper killAndJoinClientThreads
INFO: Found new thread
Aug 05, 2018 5:29:29 AM org.evosuite.runtime.thread.ThreadStopper killAndJoinClientThreads
INFO: Found new thread
]]></system-err>
</testsuite>
