<?xml version="1.0" encoding="UTF-8"?>
<testsuite name="org.mozilla.classfile.ConstantEntry_ESTest" tests="8" skipped="0" failures="0" errors="0" timestamp="2018-08-05T05:37:55" hostname="cobb" time="0.257">
  <properties/>
  <testcase name="test2" classname="org.mozilla.classfile.ConstantEntry_ESTest" time="0.054"/>
  <testcase name="test3" classname="org.mozilla.classfile.ConstantEntry_ESTest" time="0.018"/>
  <testcase name="test4" classname="org.mozilla.classfile.ConstantEntry_ESTest" time="0.015"/>
  <testcase name="test5" classname="org.mozilla.classfile.ConstantEntry_ESTest" time="0.022"/>
  <testcase name="test6" classname="org.mozilla.classfile.ConstantEntry_ESTest" time="0.031"/>
  <testcase name="test7" classname="org.mozilla.classfile.ConstantEntry_ESTest" time="0.021"/>
  <testcase name="test0" classname="org.mozilla.classfile.ConstantEntry_ESTest" time="0.053"/>
  <testcase name="test1" classname="org.mozilla.classfile.ConstantEntry_ESTest" time="0.037"/>
  <system-out><![CDATA[]]></system-out>
  <system-err><![CDATA[Aug 04, 2018 10:37:53 PM org.evosuite.runtime.instrumentation.EvoClassLoader loadClass
INFO: Seeing class for first time: org.mozilla.classfile.ConstantEntry_ESTest
Aug 04, 2018 10:37:53 PM org.evosuite.runtime.instrumentation.EvoClassLoader instrumentClass
INFO: Instrumenting class 'org.mozilla.classfile.ConstantEntry_ESTest'.
Aug 04, 2018 10:37:53 PM org.evosuite.runtime.instrumentation.EvoClassLoader loadClass
INFO: Seeing class for first time: org.mozilla.classfile.ConstantEntry_ESTest_scaffolding
Aug 04, 2018 10:37:53 PM org.evosuite.runtime.instrumentation.EvoClassLoader instrumentClass
INFO: Instrumenting class 'org.mozilla.classfile.ConstantEntry_ESTest_scaffolding'.
Aug 04, 2018 10:37:53 PM org.evosuite.runtime.instrumentation.EvoClassLoader instrumentClass
INFO: Keeping class: org.mozilla.classfile.ConstantEntry_ESTest_scaffolding
Aug 04, 2018 10:37:53 PM org.evosuite.runtime.instrumentation.EvoClassLoader instrumentClass
INFO: Keeping class: org.mozilla.classfile.ConstantEntry_ESTest
Aug 05, 2018 5:37:54 AM org.evosuite.runtime.instrumentation.EvoClassLoader loadClass
INFO: Seeing class for first time: org.mozilla.classfile.ConstantEntry
Aug 05, 2018 5:37:54 AM org.evosuite.runtime.instrumentation.EvoClassLoader instrumentClass
INFO: Instrumenting class 'org.mozilla.classfile.ConstantEntry'.
Aug 05, 2018 5:37:54 AM org.evosuite.runtime.instrumentation.MethodCallReplacementClassAdapter visit
INFO: Adding mock interface to class org/mozilla/classfile/ConstantEntry
Aug 05, 2018 5:37:55 AM org.evosuite.runtime.instrumentation.CreateClassResetClassAdapter createEmptyStaticReset
INFO: Creating brand-new static initializer in class org/mozilla/classfile/ConstantEntry
Aug 05, 2018 5:37:55 AM org.evosuite.runtime.instrumentation.EvoClassLoader instrumentClass
INFO: Keeping class: org.mozilla.classfile.ConstantEntry
Aug 05, 2018 5:37:55 AM org.evosuite.runtime.thread.ThreadStopper killAndJoinClientThreads
INFO: Found new thread
Aug 05, 2018 5:37:56 AM org.evosuite.runtime.thread.ThreadStopper killAndJoinClientThreads
INFO: Found new thread
Aug 05, 2018 5:37:56 AM org.evosuite.runtime.thread.ThreadStopper killAndJoinClientThreads
INFO: Found new thread
Aug 05, 2018 5:37:56 AM org.evosuite.runtime.thread.ThreadStopper killAndJoinClientThreads
INFO: Found new thread
Aug 05, 2018 5:37:56 AM org.evosuite.runtime.thread.ThreadStopper killAndJoinClientThreads
INFO: Found new thread
]]></system-err>
</testsuite>
