<?xml version="1.0" encoding="UTF-8"?>
<testsuite name="org.mozilla.javascript.UniqueTag_ESTest" tests="2" skipped="0" failures="0" errors="0" timestamp="2018-08-05T05:33:17" hostname="cobb" time="0.189">
  <properties/>
  <testcase name="test0" classname="org.mozilla.javascript.UniqueTag_ESTest" time="0.099"/>
  <testcase name="test1" classname="org.mozilla.javascript.UniqueTag_ESTest" time="0.076"/>
  <system-out><![CDATA[]]></system-out>
  <system-err><![CDATA[Aug 04, 2018 10:33:12 PM org.evosuite.runtime.instrumentation.EvoClassLoader loadClass
INFO: Seeing class for first time: org.mozilla.javascript.UniqueTag_ESTest
Aug 04, 2018 10:33:12 PM org.evosuite.runtime.instrumentation.EvoClassLoader instrumentClass
INFO: Instrumenting class 'org.mozilla.javascript.UniqueTag_ESTest'.
Aug 04, 2018 10:33:13 PM org.evosuite.runtime.instrumentation.EvoClassLoader loadClass
INFO: Seeing class for first time: org.mozilla.javascript.UniqueTag_ESTest_scaffolding
Aug 04, 2018 10:33:13 PM org.evosuite.runtime.instrumentation.EvoClassLoader instrumentClass
INFO: Instrumenting class 'org.mozilla.javascript.UniqueTag_ESTest_scaffolding'.
Aug 04, 2018 10:33:13 PM org.evosuite.runtime.instrumentation.EvoClassLoader instrumentClass
INFO: Keeping class: org.mozilla.javascript.UniqueTag_ESTest_scaffolding
Aug 04, 2018 10:33:13 PM org.evosuite.runtime.instrumentation.EvoClassLoader instrumentClass
INFO: Keeping class: org.mozilla.javascript.UniqueTag_ESTest
Aug 05, 2018 5:33:14 AM org.evosuite.runtime.instrumentation.EvoClassLoader loadClass
INFO: Seeing class for first time: org.mozilla.javascript.UniqueTag
Aug 05, 2018 5:33:15 AM org.evosuite.runtime.instrumentation.EvoClassLoader instrumentClass
INFO: Instrumenting class 'org.mozilla.javascript.UniqueTag'.
Aug 05, 2018 5:33:15 AM org.evosuite.runtime.instrumentation.MethodCallReplacementClassAdapter visit
INFO: Adding mock interface to class org/mozilla/javascript/UniqueTag
Aug 05, 2018 5:33:17 AM org.evosuite.runtime.instrumentation.CreateClassResetClassAdapter visitMethod
INFO: Found static initializer in class org/mozilla/javascript/UniqueTag
Aug 05, 2018 5:33:17 AM org.evosuite.runtime.instrumentation.EvoClassLoader instrumentClass
INFO: Keeping class: org.mozilla.javascript.UniqueTag
Aug 05, 2018 5:33:17 AM org.evosuite.runtime.instrumentation.EvoClassLoader loadClass
INFO: Seeing class for first time: org.mozilla.javascript.Kit
Aug 05, 2018 5:33:17 AM org.evosuite.runtime.instrumentation.EvoClassLoader instrumentClass
INFO: Instrumenting class 'org.mozilla.javascript.Kit'.
Aug 05, 2018 5:33:17 AM org.evosuite.runtime.instrumentation.MethodCallReplacementClassAdapter visit
INFO: Adding mock interface to class org/mozilla/javascript/Kit
Aug 05, 2018 5:33:17 AM org.evosuite.runtime.instrumentation.CreateClassResetClassAdapter visitMethod
INFO: Found static initializer in class org/mozilla/javascript/Kit
Aug 05, 2018 5:33:17 AM org.evosuite.runtime.instrumentation.EvoClassLoader instrumentClass
INFO: Keeping class: org.mozilla.javascript.Kit
Aug 05, 2018 5:33:17 AM org.evosuite.runtime.thread.ThreadStopper killAndJoinClientThreads
INFO: Found new thread
]]></system-err>
</testsuite>
