<?xml version="1.0" encoding="UTF-8"?>
<testsuite name="org.mozilla.javascript.UintMap_ESTest" tests="17" skipped="0" failures="0" errors="0" timestamp="2018-08-05T05:34:27" hostname="cobb" time="0.832">
  <properties/>
  <testcase name="test05" classname="org.mozilla.javascript.UintMap_ESTest" time="0.1"/>
  <testcase name="test16" classname="org.mozilla.javascript.UintMap_ESTest" time="0.075"/>
  <testcase name="test04" classname="org.mozilla.javascript.UintMap_ESTest" time="0.036"/>
  <testcase name="test15" classname="org.mozilla.javascript.UintMap_ESTest" time="0.068"/>
  <testcase name="test03" classname="org.mozilla.javascript.UintMap_ESTest" time="0.041"/>
  <testcase name="test14" classname="org.mozilla.javascript.UintMap_ESTest" time="0.044"/>
  <testcase name="test02" classname="org.mozilla.javascript.UintMap_ESTest" time="0.041"/>
  <testcase name="test13" classname="org.mozilla.javascript.UintMap_ESTest" time="0.026"/>
  <testcase name="test01" classname="org.mozilla.javascript.UintMap_ESTest" time="0.029"/>
  <testcase name="test12" classname="org.mozilla.javascript.UintMap_ESTest" time="0.056"/>
  <testcase name="test00" classname="org.mozilla.javascript.UintMap_ESTest" time="0.023"/>
  <testcase name="test11" classname="org.mozilla.javascript.UintMap_ESTest" time="0.092"/>
  <testcase name="test10" classname="org.mozilla.javascript.UintMap_ESTest" time="0.028"/>
  <testcase name="test09" classname="org.mozilla.javascript.UintMap_ESTest" time="0.026"/>
  <testcase name="test08" classname="org.mozilla.javascript.UintMap_ESTest" time="0.047"/>
  <testcase name="test07" classname="org.mozilla.javascript.UintMap_ESTest" time="0.056"/>
  <testcase name="test06" classname="org.mozilla.javascript.UintMap_ESTest" time="0.017"/>
  <system-out><![CDATA[]]></system-out>
  <system-err><![CDATA[Aug 04, 2018 10:34:22 PM org.evosuite.runtime.instrumentation.EvoClassLoader loadClass
INFO: Seeing class for first time: org.mozilla.javascript.UintMap_ESTest
Aug 04, 2018 10:34:22 PM org.evosuite.runtime.instrumentation.EvoClassLoader instrumentClass
INFO: Instrumenting class 'org.mozilla.javascript.UintMap_ESTest'.
Aug 04, 2018 10:34:23 PM org.evosuite.runtime.instrumentation.EvoClassLoader loadClass
INFO: Seeing class for first time: org.mozilla.javascript.UintMap_ESTest_scaffolding
Aug 04, 2018 10:34:23 PM org.evosuite.runtime.instrumentation.EvoClassLoader instrumentClass
INFO: Instrumenting class 'org.mozilla.javascript.UintMap_ESTest_scaffolding'.
Aug 04, 2018 10:34:23 PM org.evosuite.runtime.instrumentation.EvoClassLoader instrumentClass
INFO: Keeping class: org.mozilla.javascript.UintMap_ESTest_scaffolding
Aug 04, 2018 10:34:23 PM org.evosuite.runtime.instrumentation.EvoClassLoader instrumentClass
INFO: Keeping class: org.mozilla.javascript.UintMap_ESTest
Aug 05, 2018 5:34:24 AM org.evosuite.runtime.instrumentation.EvoClassLoader loadClass
INFO: Seeing class for first time: org.mozilla.javascript.Kit
Aug 05, 2018 5:34:24 AM org.evosuite.runtime.instrumentation.EvoClassLoader instrumentClass
INFO: Instrumenting class 'org.mozilla.javascript.Kit'.
Aug 05, 2018 5:34:25 AM org.evosuite.runtime.instrumentation.MethodCallReplacementClassAdapter visit
INFO: Adding mock interface to class org/mozilla/javascript/Kit
Aug 05, 2018 5:34:26 AM org.evosuite.runtime.instrumentation.CreateClassResetClassAdapter visitMethod
INFO: Found static initializer in class org/mozilla/javascript/Kit
Aug 05, 2018 5:34:26 AM org.evosuite.runtime.instrumentation.EvoClassLoader instrumentClass
INFO: Keeping class: org.mozilla.javascript.Kit
Aug 05, 2018 5:34:26 AM org.evosuite.runtime.instrumentation.EvoClassLoader loadClass
INFO: Seeing class for first time: org.mozilla.javascript.UintMap
Aug 05, 2018 5:34:27 AM org.evosuite.runtime.instrumentation.EvoClassLoader instrumentClass
INFO: Instrumenting class 'org.mozilla.javascript.UintMap'.
Aug 05, 2018 5:34:27 AM org.evosuite.runtime.instrumentation.MethodCallReplacementClassAdapter visit
INFO: Adding mock interface to class org/mozilla/javascript/UintMap
Aug 05, 2018 5:34:27 AM org.evosuite.runtime.instrumentation.CreateClassResetClassAdapter createEmptyStaticReset
INFO: Creating brand-new static initializer in class org/mozilla/javascript/UintMap
Aug 05, 2018 5:34:27 AM org.evosuite.runtime.instrumentation.CreateClassResetClassAdapter createEmptyStaticReset
INFO: Adding bytecode for initializing field A
Aug 05, 2018 5:34:27 AM org.evosuite.runtime.instrumentation.CreateClassResetClassAdapter createEmptyStaticReset
INFO: Adding bytecode for initializing field EMPTY
Aug 05, 2018 5:34:27 AM org.evosuite.runtime.instrumentation.CreateClassResetClassAdapter createEmptyStaticReset
INFO: Adding bytecode for initializing field DELETED
Aug 05, 2018 5:34:27 AM org.evosuite.runtime.instrumentation.CreateClassResetClassAdapter createEmptyStaticReset
INFO: Adding bytecode for initializing field check
Aug 05, 2018 5:34:27 AM org.evosuite.runtime.instrumentation.EvoClassLoader instrumentClass
INFO: Keeping class: org.mozilla.javascript.UintMap
Aug 05, 2018 5:34:27 AM org.evosuite.runtime.thread.ThreadStopper killAndJoinClientThreads
INFO: Found new thread
Aug 05, 2018 5:34:27 AM org.evosuite.runtime.thread.ThreadStopper killAndJoinClientThreads
INFO: Found new thread
Aug 05, 2018 5:34:27 AM org.evosuite.runtime.thread.ThreadStopper killAndJoinClientThreads
INFO: Found new thread
Aug 05, 2018 5:34:27 AM org.evosuite.runtime.thread.ThreadStopper killAndJoinClientThreads
INFO: Found new thread
Aug 05, 2018 5:34:27 AM org.evosuite.runtime.thread.ThreadStopper killAndJoinClientThreads
INFO: Found new thread
Aug 05, 2018 5:34:27 AM org.evosuite.runtime.thread.ThreadStopper killAndJoinClientThreads
INFO: Found new thread
Aug 05, 2018 5:34:27 AM org.evosuite.runtime.thread.ThreadStopper killAndJoinClientThreads
INFO: Found new thread
org.mozilla.javascript.Kit.codeBug(Kit.java:417)
<evosuite>.<evosuite>(<evosuite>)
<evosuite>.<evosuite>(<evosuite>)
<evosuite>.<evosuite>(<evosuite>)
<evosuite>.<evosuite>(<evosuite>)
<evosuite>.<evosuite>(<evosuite>)
Aug 05, 2018 5:34:27 AM org.evosuite.runtime.thread.ThreadStopper killAndJoinClientThreads
INFO: Found new thread
Aug 05, 2018 5:34:27 AM org.evosuite.runtime.thread.ThreadStopper killAndJoinClientThreads
INFO: Found new thread
Aug 05, 2018 5:34:27 AM org.evosuite.runtime.thread.ThreadStopper killAndJoinClientThreads
INFO: Found new thread
Aug 05, 2018 5:34:27 AM org.evosuite.runtime.thread.ThreadStopper killAndJoinClientThreads
INFO: Found new thread
Aug 05, 2018 5:34:28 AM org.evosuite.runtime.thread.ThreadStopper killAndJoinClientThreads
INFO: Found new thread
]]></system-err>
</testsuite>
