<?xml version="1.0" encoding="UTF-8"?>
<testsuite name="org.mozilla.javascript.v8dtoa.DiyFp_ESTest" tests="9" skipped="0" failures="0" errors="0" timestamp="2018-08-05T05:27:19" hostname="cobb" time="0.51">
  <properties/>
  <testcase name="test3" classname="org.mozilla.javascript.v8dtoa.DiyFp_ESTest" time="0.122"/>
  <testcase name="test2" classname="org.mozilla.javascript.v8dtoa.DiyFp_ESTest" time="0.046"/>
  <testcase name="test5" classname="org.mozilla.javascript.v8dtoa.DiyFp_ESTest" time="0.058"/>
  <testcase name="test4" classname="org.mozilla.javascript.v8dtoa.DiyFp_ESTest" time="0.036"/>
  <testcase name="test7" classname="org.mozilla.javascript.v8dtoa.DiyFp_ESTest" time="0.035"/>
  <testcase name="test6" classname="org.mozilla.javascript.v8dtoa.DiyFp_ESTest" time="0.058"/>
  <testcase name="test8" classname="org.mozilla.javascript.v8dtoa.DiyFp_ESTest" time="0.04"/>
  <testcase name="test1" classname="org.mozilla.javascript.v8dtoa.DiyFp_ESTest" time="0.037"/>
  <testcase name="test0" classname="org.mozilla.javascript.v8dtoa.DiyFp_ESTest" time="0.04"/>
  <system-out><![CDATA[]]></system-out>
  <system-err><![CDATA[Aug 04, 2018 10:27:15 PM org.evosuite.runtime.instrumentation.EvoClassLoader loadClass
INFO: Seeing class for first time: org.mozilla.javascript.v8dtoa.DiyFp_ESTest
Aug 04, 2018 10:27:15 PM org.evosuite.runtime.instrumentation.EvoClassLoader instrumentClass
INFO: Instrumenting class 'org.mozilla.javascript.v8dtoa.DiyFp_ESTest'.
Aug 04, 2018 10:27:16 PM org.evosuite.runtime.instrumentation.EvoClassLoader loadClass
INFO: Seeing class for first time: org.mozilla.javascript.v8dtoa.DiyFp_ESTest_scaffolding
Aug 04, 2018 10:27:16 PM org.evosuite.runtime.instrumentation.EvoClassLoader instrumentClass
INFO: Instrumenting class 'org.mozilla.javascript.v8dtoa.DiyFp_ESTest_scaffolding'.
Aug 04, 2018 10:27:16 PM org.evosuite.runtime.instrumentation.EvoClassLoader instrumentClass
INFO: Keeping class: org.mozilla.javascript.v8dtoa.DiyFp_ESTest_scaffolding
Aug 04, 2018 10:27:16 PM org.evosuite.runtime.instrumentation.EvoClassLoader instrumentClass
INFO: Keeping class: org.mozilla.javascript.v8dtoa.DiyFp_ESTest
Aug 05, 2018 5:27:17 AM org.evosuite.runtime.instrumentation.EvoClassLoader loadClass
INFO: Seeing class for first time: org.mozilla.javascript.v8dtoa.DiyFp
Aug 05, 2018 5:27:17 AM org.evosuite.runtime.instrumentation.EvoClassLoader instrumentClass
INFO: Instrumenting class 'org.mozilla.javascript.v8dtoa.DiyFp'.
Aug 05, 2018 5:27:17 AM org.evosuite.runtime.instrumentation.MethodCallReplacementClassAdapter visit
INFO: Adding mock interface to class org/mozilla/javascript/v8dtoa/DiyFp
Aug 05, 2018 5:27:19 AM org.evosuite.runtime.instrumentation.CreateClassResetClassAdapter visitMethod
INFO: Found static initializer in class org/mozilla/javascript/v8dtoa/DiyFp
Aug 05, 2018 5:27:19 AM org.evosuite.runtime.instrumentation.EvoClassLoader instrumentClass
INFO: Keeping class: org.mozilla.javascript.v8dtoa.DiyFp
Aug 05, 2018 5:27:20 AM org.evosuite.runtime.thread.ThreadStopper killAndJoinClientThreads
INFO: Found new thread
Aug 05, 2018 5:27:20 AM org.evosuite.runtime.thread.ThreadStopper killAndJoinClientThreads
INFO: Found new thread
Aug 05, 2018 5:27:20 AM org.evosuite.runtime.thread.ThreadStopper killAndJoinClientThreads
INFO: Found new thread
Aug 05, 2018 5:27:20 AM org.evosuite.runtime.thread.ThreadStopper killAndJoinClientThreads
INFO: Found new thread
Aug 05, 2018 5:27:20 AM org.evosuite.runtime.thread.ThreadStopper killAndJoinClientThreads
INFO: Found new thread
Aug 05, 2018 5:27:20 AM org.evosuite.runtime.thread.ThreadStopper killAndJoinClientThreads
INFO: Found new thread
]]></system-err>
</testsuite>
