<?xml version="1.0" encoding="UTF-8"?>
<testsuite name="org.mozilla.javascript.StackStyle_ESTest" tests="1" skipped="0" failures="0" errors="0" timestamp="2018-08-05T05:27:12" hostname="cobb" time="0.051">
  <properties/>
  <testcase name="notGeneratedAnyTest" classname="org.mozilla.javascript.StackStyle_ESTest" time="0.051"/>
  <system-out><![CDATA[]]></system-out>
  <system-err><![CDATA[Aug 04, 2018 10:27:08 PM org.evosuite.runtime.instrumentation.EvoClassLoader loadClass
INFO: Seeing class for first time: org.mozilla.javascript.StackStyle_ESTest
Aug 04, 2018 10:27:08 PM org.evosuite.runtime.instrumentation.EvoClassLoader instrumentClass
INFO: Instrumenting class 'org.mozilla.javascript.StackStyle_ESTest'.
Aug 04, 2018 10:27:09 PM org.evosuite.runtime.instrumentation.EvoClassLoader loadClass
INFO: Seeing class for first time: org.mozilla.javascript.StackStyle_ESTest_scaffolding
Aug 04, 2018 10:27:09 PM org.evosuite.runtime.instrumentation.EvoClassLoader instrumentClass
INFO: Instrumenting class 'org.mozilla.javascript.StackStyle_ESTest_scaffolding'.
Aug 04, 2018 10:27:09 PM org.evosuite.runtime.instrumentation.EvoClassLoader instrumentClass
INFO: Keeping class: org.mozilla.javascript.StackStyle_ESTest_scaffolding
Aug 04, 2018 10:27:09 PM org.evosuite.runtime.instrumentation.EvoClassLoader instrumentClass
INFO: Keeping class: org.mozilla.javascript.StackStyle_ESTest
Aug 05, 2018 5:27:10 AM org.evosuite.runtime.instrumentation.EvoClassLoader loadClass
INFO: Seeing class for first time: org.mozilla.javascript.StackStyle
Aug 05, 2018 5:27:10 AM org.evosuite.runtime.instrumentation.EvoClassLoader instrumentClass
INFO: Instrumenting class 'org.mozilla.javascript.StackStyle'.
Aug 05, 2018 5:27:10 AM org.evosuite.runtime.instrumentation.MethodCallReplacementClassAdapter visit
INFO: Adding mock interface to class org/mozilla/javascript/StackStyle
Aug 05, 2018 5:27:12 AM org.evosuite.runtime.instrumentation.CreateClassResetClassAdapter visitMethod
INFO: Found static initializer in class org/mozilla/javascript/StackStyle
Aug 05, 2018 5:27:12 AM org.evosuite.runtime.instrumentation.EvoClassLoader instrumentClass
INFO: Keeping class: org.mozilla.javascript.StackStyle
]]></system-err>
</testsuite>
