<?xml version="1.0" encoding="UTF-8"?>
<testsuite name="org.mozilla.javascript.ObjArray_ESTest" tests="30" skipped="0" failures="0" errors="0" timestamp="2018-08-05T04:50:03" hostname="cobb" time="1.211">
  <properties/>
  <testcase name="test17" classname="org.mozilla.javascript.ObjArray_ESTest" time="0.136"/>
  <testcase name="test18" classname="org.mozilla.javascript.ObjArray_ESTest" time="0.034"/>
  <testcase name="test19" classname="org.mozilla.javascript.ObjArray_ESTest" time="0.034"/>
  <testcase name="test13" classname="org.mozilla.javascript.ObjArray_ESTest" time="0.07"/>
  <testcase name="test14" classname="org.mozilla.javascript.ObjArray_ESTest" time="0.031"/>
  <testcase name="test15" classname="org.mozilla.javascript.ObjArray_ESTest" time="0.037"/>
  <testcase name="test16" classname="org.mozilla.javascript.ObjArray_ESTest" time="0.036"/>
  <testcase name="test10" classname="org.mozilla.javascript.ObjArray_ESTest" time="0.026"/>
  <testcase name="test11" classname="org.mozilla.javascript.ObjArray_ESTest" time="0.039"/>
  <testcase name="test12" classname="org.mozilla.javascript.ObjArray_ESTest" time="0.036"/>
  <testcase name="test06" classname="org.mozilla.javascript.ObjArray_ESTest" time="0.043"/>
  <testcase name="test28" classname="org.mozilla.javascript.ObjArray_ESTest" time="0.023"/>
  <testcase name="test07" classname="org.mozilla.javascript.ObjArray_ESTest" time="0.04"/>
  <testcase name="test29" classname="org.mozilla.javascript.ObjArray_ESTest" time="0.006"/>
  <testcase name="test08" classname="org.mozilla.javascript.ObjArray_ESTest" time="0.031"/>
  <testcase name="test09" classname="org.mozilla.javascript.ObjArray_ESTest" time="0.022"/>
  <testcase name="test02" classname="org.mozilla.javascript.ObjArray_ESTest" time="0.022"/>
  <testcase name="test24" classname="org.mozilla.javascript.ObjArray_ESTest" time="0.017"/>
  <testcase name="test03" classname="org.mozilla.javascript.ObjArray_ESTest" time="0.052"/>
  <testcase name="test25" classname="org.mozilla.javascript.ObjArray_ESTest" time="0.038"/>
  <testcase name="test04" classname="org.mozilla.javascript.ObjArray_ESTest" time="0.044"/>
  <testcase name="test26" classname="org.mozilla.javascript.ObjArray_ESTest" time="0.046"/>
  <testcase name="test05" classname="org.mozilla.javascript.ObjArray_ESTest" time="0.071"/>
  <testcase name="test27" classname="org.mozilla.javascript.ObjArray_ESTest" time="0.026"/>
  <testcase name="test20" classname="org.mozilla.javascript.ObjArray_ESTest" time="0.042"/>
  <testcase name="test21" classname="org.mozilla.javascript.ObjArray_ESTest" time="0.023"/>
  <testcase name="test00" classname="org.mozilla.javascript.ObjArray_ESTest" time="0.039"/>
  <testcase name="test22" classname="org.mozilla.javascript.ObjArray_ESTest" time="0.033"/>
  <testcase name="test01" classname="org.mozilla.javascript.ObjArray_ESTest" time="0.039"/>
  <testcase name="test23" classname="org.mozilla.javascript.ObjArray_ESTest" time="0.05"/>
  <system-out><![CDATA[]]></system-out>
  <system-err><![CDATA[Aug 04, 2018 9:49:58 PM org.evosuite.runtime.instrumentation.EvoClassLoader loadClass
INFO: Seeing class for first time: org.mozilla.javascript.ObjArray_ESTest
Aug 04, 2018 9:49:58 PM org.evosuite.runtime.instrumentation.EvoClassLoader instrumentClass
INFO: Instrumenting class 'org.mozilla.javascript.ObjArray_ESTest'.
Aug 04, 2018 9:49:59 PM org.evosuite.runtime.instrumentation.EvoClassLoader loadClass
INFO: Seeing class for first time: org.mozilla.javascript.ObjArray_ESTest_scaffolding
Aug 04, 2018 9:49:59 PM org.evosuite.runtime.instrumentation.EvoClassLoader instrumentClass
INFO: Instrumenting class 'org.mozilla.javascript.ObjArray_ESTest_scaffolding'.
Aug 04, 2018 9:49:59 PM org.evosuite.runtime.instrumentation.EvoClassLoader instrumentClass
INFO: Keeping class: org.mozilla.javascript.ObjArray_ESTest_scaffolding
Aug 04, 2018 9:49:59 PM org.evosuite.runtime.instrumentation.EvoClassLoader instrumentClass
INFO: Keeping class: org.mozilla.javascript.ObjArray_ESTest
Aug 05, 2018 4:50:01 AM org.evosuite.runtime.instrumentation.EvoClassLoader loadClass
INFO: Seeing class for first time: org.mozilla.javascript.ObjArray
Aug 05, 2018 4:50:01 AM org.evosuite.runtime.instrumentation.EvoClassLoader instrumentClass
INFO: Instrumenting class 'org.mozilla.javascript.ObjArray'.
Aug 05, 2018 4:50:01 AM org.evosuite.runtime.instrumentation.MethodCallReplacementClassAdapter visit
INFO: Adding mock interface to class org/mozilla/javascript/ObjArray
Aug 05, 2018 4:50:03 AM org.evosuite.runtime.instrumentation.CreateClassResetClassAdapter createEmptyStaticReset
INFO: Creating brand-new static initializer in class org/mozilla/javascript/ObjArray
Aug 05, 2018 4:50:03 AM org.evosuite.runtime.instrumentation.CreateClassResetClassAdapter createEmptyStaticReset
INFO: Adding bytecode for initializing field FIELDS_STORE_SIZE
Aug 05, 2018 4:50:03 AM org.evosuite.runtime.instrumentation.EvoClassLoader instrumentClass
INFO: Keeping class: org.mozilla.javascript.ObjArray
Aug 05, 2018 4:50:03 AM org.evosuite.runtime.thread.ThreadStopper killAndJoinClientThreads
INFO: Found new thread
Aug 05, 2018 4:50:03 AM org.evosuite.runtime.thread.ThreadStopper killAndJoinClientThreads
INFO: Found new thread
Aug 05, 2018 4:50:03 AM org.evosuite.runtime.thread.ThreadStopper killAndJoinClientThreads
INFO: Found new thread
Aug 05, 2018 4:50:03 AM org.evosuite.runtime.thread.ThreadStopper killAndJoinClientThreads
INFO: Found new thread
Aug 05, 2018 4:50:03 AM org.evosuite.runtime.thread.ThreadStopper killAndJoinClientThreads
INFO: Found new thread
Aug 05, 2018 4:50:03 AM org.evosuite.runtime.thread.ThreadStopper killAndJoinClientThreads
INFO: Found new thread
Aug 05, 2018 4:50:03 AM org.evosuite.runtime.thread.ThreadStopper killAndJoinClientThreads
INFO: Found new thread
Aug 05, 2018 4:50:03 AM org.evosuite.runtime.thread.ThreadStopper killAndJoinClientThreads
INFO: Found new thread
Aug 05, 2018 4:50:03 AM org.evosuite.runtime.thread.ThreadStopper killAndJoinClientThreads
INFO: Found new thread
Aug 05, 2018 4:50:03 AM org.evosuite.runtime.thread.ThreadStopper killAndJoinClientThreads
INFO: Found new thread
Aug 05, 2018 4:50:03 AM org.evosuite.runtime.thread.ThreadStopper killAndJoinClientThreads
INFO: Found new thread
Aug 05, 2018 4:50:03 AM org.evosuite.runtime.thread.ThreadStopper killAndJoinClientThreads
INFO: Found new thread
Aug 05, 2018 4:50:03 AM org.evosuite.runtime.thread.ThreadStopper killAndJoinClientThreads
INFO: Found new thread
Aug 05, 2018 4:50:03 AM org.evosuite.runtime.thread.ThreadStopper killAndJoinClientThreads
INFO: Found new thread
Aug 05, 2018 4:50:04 AM org.evosuite.runtime.thread.ThreadStopper killAndJoinClientThreads
INFO: Found new thread
Aug 05, 2018 4:50:04 AM org.evosuite.runtime.thread.ThreadStopper killAndJoinClientThreads
INFO: Found new thread
Aug 05, 2018 4:50:04 AM org.evosuite.runtime.thread.ThreadStopper killAndJoinClientThreads
INFO: Found new thread
Aug 05, 2018 4:50:04 AM org.evosuite.runtime.thread.ThreadStopper killAndJoinClientThreads
INFO: Found new thread
Aug 05, 2018 4:50:04 AM org.evosuite.runtime.thread.ThreadStopper killAndJoinClientThreads
INFO: Found new thread
Aug 05, 2018 4:50:04 AM org.evosuite.runtime.thread.ThreadStopper killAndJoinClientThreads
INFO: Found new thread
Aug 05, 2018 4:50:04 AM org.evosuite.runtime.thread.ThreadStopper killAndJoinClientThreads
INFO: Found new thread
Aug 05, 2018 4:50:04 AM org.evosuite.runtime.thread.ThreadStopper killAndJoinClientThreads
INFO: Found new thread
Aug 05, 2018 4:50:04 AM org.evosuite.runtime.thread.ThreadStopper killAndJoinClientThreads
INFO: Found new thread
Aug 05, 2018 4:50:04 AM org.evosuite.runtime.thread.ThreadStopper killAndJoinClientThreads
INFO: Found new thread
]]></system-err>
</testsuite>
