<?xml version="1.0" encoding="UTF-8"?>
<testsuite name="org.mozilla.javascript.tools.debugger.treetable.TreeTableModelAdapter_ESTest" tests="10" skipped="1" failures="0" errors="0" timestamp="2018-08-05T04:45:18" hostname="cobb" time="1.475">
  <properties/>
  <testcase name="test1" classname="org.mozilla.javascript.tools.debugger.treetable.TreeTableModelAdapter_ESTest" time="0.828"/>
  <testcase name="test0" classname="org.mozilla.javascript.tools.debugger.treetable.TreeTableModelAdapter_ESTest" time="0.059"/>
  <testcase name="test5" classname="org.mozilla.javascript.tools.debugger.treetable.TreeTableModelAdapter_ESTest" time="0.037"/>
  <testcase name="test4" classname="org.mozilla.javascript.tools.debugger.treetable.TreeTableModelAdapter_ESTest" time="0.138"/>
  <testcase name="test3" classname="org.mozilla.javascript.tools.debugger.treetable.TreeTableModelAdapter_ESTest" time="0.069"/>
  <testcase name="test2" classname="org.mozilla.javascript.tools.debugger.treetable.TreeTableModelAdapter_ESTest" time="0.033"/>
  <testcase name="test9" classname="org.mozilla.javascript.tools.debugger.treetable.TreeTableModelAdapter_ESTest" time="0.144">
    <skipped/>
  </testcase>
  <testcase name="test8" classname="org.mozilla.javascript.tools.debugger.treetable.TreeTableModelAdapter_ESTest" time="0.054"/>
  <testcase name="test7" classname="org.mozilla.javascript.tools.debugger.treetable.TreeTableModelAdapter_ESTest" time="0.049"/>
  <testcase name="test6" classname="org.mozilla.javascript.tools.debugger.treetable.TreeTableModelAdapter_ESTest" time="0.048"/>
  <system-out><![CDATA[]]></system-out>
  <system-err><![CDATA[Aug 04, 2018 9:45:05 PM org.evosuite.runtime.instrumentation.EvoClassLoader loadClass
INFO: Seeing class for first time: org.mozilla.javascript.tools.debugger.treetable.TreeTableModelAdapter_ESTest
Aug 04, 2018 9:45:05 PM org.evosuite.runtime.instrumentation.EvoClassLoader instrumentClass
INFO: Instrumenting class 'org.mozilla.javascript.tools.debugger.treetable.TreeTableModelAdapter_ESTest'.
Aug 04, 2018 9:45:06 PM org.evosuite.runtime.instrumentation.EvoClassLoader loadClass
INFO: Seeing class for first time: org.mozilla.javascript.tools.debugger.treetable.TreeTableModelAdapter_ESTest_scaffolding
Aug 04, 2018 9:45:06 PM org.evosuite.runtime.instrumentation.EvoClassLoader instrumentClass
INFO: Instrumenting class 'org.mozilla.javascript.tools.debugger.treetable.TreeTableModelAdapter_ESTest_scaffolding'.
Aug 04, 2018 9:45:06 PM org.evosuite.runtime.instrumentation.EvoClassLoader instrumentClass
INFO: Keeping class: org.mozilla.javascript.tools.debugger.treetable.TreeTableModelAdapter_ESTest_scaffolding
Aug 04, 2018 9:45:06 PM org.evosuite.runtime.instrumentation.EvoClassLoader instrumentClass
INFO: Keeping class: org.mozilla.javascript.tools.debugger.treetable.TreeTableModelAdapter_ESTest
Aug 05, 2018 4:45:07 AM org.evosuite.runtime.instrumentation.EvoClassLoader loadClass
INFO: Seeing class for first time: org.mozilla.javascript.tools.debugger.treetable.TreeTableModelAdapter$3
Aug 05, 2018 4:45:08 AM org.evosuite.runtime.instrumentation.EvoClassLoader instrumentClass
INFO: Instrumenting class 'org.mozilla.javascript.tools.debugger.treetable.TreeTableModelAdapter$3'.
Aug 05, 2018 4:45:08 AM org.evosuite.runtime.instrumentation.MethodCallReplacementClassAdapter visit
INFO: Adding mock interface to class org/mozilla/javascript/tools/debugger/treetable/TreeTableModelAdapter$3
Aug 05, 2018 4:45:10 AM org.evosuite.runtime.instrumentation.EvoClassLoader instrumentClass
INFO: Keeping class: org.mozilla.javascript.tools.debugger.treetable.TreeTableModelAdapter$3
Aug 05, 2018 4:45:10 AM org.evosuite.runtime.instrumentation.EvoClassLoader loadClass
INFO: Seeing class for first time: org.mozilla.javascript.tools.debugger.treetable.TreeTableModelAdapter$2
Aug 05, 2018 4:45:10 AM org.evosuite.runtime.instrumentation.EvoClassLoader instrumentClass
INFO: Instrumenting class 'org.mozilla.javascript.tools.debugger.treetable.TreeTableModelAdapter$2'.
Aug 05, 2018 4:45:10 AM org.evosuite.runtime.instrumentation.MethodCallReplacementClassAdapter visit
INFO: Adding mock interface to class org/mozilla/javascript/tools/debugger/treetable/TreeTableModelAdapter$2
Aug 05, 2018 4:45:10 AM org.evosuite.runtime.instrumentation.EvoClassLoader instrumentClass
INFO: Keeping class: org.mozilla.javascript.tools.debugger.treetable.TreeTableModelAdapter$2
Aug 05, 2018 4:45:10 AM org.evosuite.runtime.instrumentation.EvoClassLoader loadClass
INFO: Seeing class for first time: org.mozilla.javascript.tools.debugger.treetable.TreeTableModelAdapter$1
Aug 05, 2018 4:45:10 AM org.evosuite.runtime.instrumentation.EvoClassLoader instrumentClass
INFO: Instrumenting class 'org.mozilla.javascript.tools.debugger.treetable.TreeTableModelAdapter$1'.
Aug 05, 2018 4:45:10 AM org.evosuite.runtime.instrumentation.MethodCallReplacementClassAdapter visit
INFO: Adding mock interface to class org/mozilla/javascript/tools/debugger/treetable/TreeTableModelAdapter$1
Aug 05, 2018 4:45:10 AM org.evosuite.runtime.instrumentation.EvoClassLoader instrumentClass
INFO: Keeping class: org.mozilla.javascript.tools.debugger.treetable.TreeTableModelAdapter$1
Aug 05, 2018 4:45:10 AM org.evosuite.runtime.instrumentation.EvoClassLoader loadClass
INFO: Seeing class for first time: org.mozilla.javascript.tools.debugger.treetable.TreeTableModel
Aug 05, 2018 4:45:10 AM org.evosuite.runtime.instrumentation.EvoClassLoader instrumentClass
INFO: Instrumenting class 'org.mozilla.javascript.tools.debugger.treetable.TreeTableModel'.
Aug 05, 2018 4:45:10 AM org.evosuite.runtime.instrumentation.EvoClassLoader instrumentClass
INFO: Keeping class: org.mozilla.javascript.tools.debugger.treetable.TreeTableModel
Aug 05, 2018 4:45:10 AM org.evosuite.runtime.instrumentation.EvoClassLoader loadClass
INFO: Seeing class for first time: org.mozilla.javascript.tools.debugger.treetable.TreeTableModelAdapter
Aug 05, 2018 4:45:10 AM org.evosuite.runtime.instrumentation.EvoClassLoader instrumentClass
INFO: Instrumenting class 'org.mozilla.javascript.tools.debugger.treetable.TreeTableModelAdapter'.
Aug 05, 2018 4:45:10 AM org.evosuite.runtime.instrumentation.MethodCallReplacementClassAdapter visit
INFO: Adding mock interface to class org/mozilla/javascript/tools/debugger/treetable/TreeTableModelAdapter
Aug 05, 2018 4:45:10 AM org.evosuite.runtime.instrumentation.CreateClassResetClassAdapter createEmptyStaticReset
INFO: Creating brand-new static initializer in class org/mozilla/javascript/tools/debugger/treetable/TreeTableModelAdapter
Aug 05, 2018 4:45:10 AM org.evosuite.runtime.instrumentation.EvoClassLoader instrumentClass
INFO: Keeping class: org.mozilla.javascript.tools.debugger.treetable.TreeTableModelAdapter
Aug 05, 2018 4:45:19 AM org.evosuite.runtime.thread.ThreadStopper killAndJoinClientThreads
INFO: Found new thread
Aug 05, 2018 4:45:19 AM org.evosuite.runtime.thread.ThreadStopper killAndJoinClientThreads
INFO: Found new thread
Aug 05, 2018 4:45:20 AM org.evosuite.runtime.thread.ThreadStopper killAndJoinClientThreads
INFO: Found new thread
Aug 05, 2018 4:45:20 AM org.evosuite.runtime.thread.ThreadStopper killAndJoinClientThreads
INFO: Found new thread
Aug 05, 2018 4:45:20 AM org.evosuite.runtime.thread.ThreadStopper killAndJoinClientThreads
INFO: Found new thread
Aug 05, 2018 4:45:20 AM org.evosuite.runtime.thread.ThreadStopper killAndJoinClientThreads
INFO: Found new thread
Aug 05, 2018 4:45:20 AM org.evosuite.runtime.thread.ThreadStopper killAndJoinClientThreads
INFO: Found new thread
Aug 05, 2018 4:45:20 AM org.evosuite.runtime.thread.ThreadStopper killAndJoinClientThreads
INFO: Found new thread
]]></system-err>
</testsuite>
