<?xml version="1.0" encoding="UTF-8"?>
<testsuite name="org.mozilla.javascript.tools.debugger.treetable.JTreeTable_ESTest" tests="12" skipped="0" failures="0" errors="0" timestamp="2018-08-05T04:45:35" hostname="cobb" time="3.478">
  <properties/>
  <testcase name="test01" classname="org.mozilla.javascript.tools.debugger.treetable.JTreeTable_ESTest" time="1.506"/>
  <testcase name="test00" classname="org.mozilla.javascript.tools.debugger.treetable.JTreeTable_ESTest" time="0.214"/>
  <testcase name="test11" classname="org.mozilla.javascript.tools.debugger.treetable.JTreeTable_ESTest" time="0.428"/>
  <testcase name="test10" classname="org.mozilla.javascript.tools.debugger.treetable.JTreeTable_ESTest" time="0.083"/>
  <testcase name="test05" classname="org.mozilla.javascript.tools.debugger.treetable.JTreeTable_ESTest" time="0.117"/>
  <testcase name="test04" classname="org.mozilla.javascript.tools.debugger.treetable.JTreeTable_ESTest" time="0.102"/>
  <testcase name="test03" classname="org.mozilla.javascript.tools.debugger.treetable.JTreeTable_ESTest" time="0.084"/>
  <testcase name="test02" classname="org.mozilla.javascript.tools.debugger.treetable.JTreeTable_ESTest" time="0.199"/>
  <testcase name="test09" classname="org.mozilla.javascript.tools.debugger.treetable.JTreeTable_ESTest" time="0.066"/>
  <testcase name="test08" classname="org.mozilla.javascript.tools.debugger.treetable.JTreeTable_ESTest" time="0.22"/>
  <testcase name="test07" classname="org.mozilla.javascript.tools.debugger.treetable.JTreeTable_ESTest" time="0.383"/>
  <testcase name="test06" classname="org.mozilla.javascript.tools.debugger.treetable.JTreeTable_ESTest" time="0.058"/>
  <system-out><![CDATA[]]></system-out>
  <system-err><![CDATA[Aug 04, 2018 9:45:19 PM org.evosuite.runtime.instrumentation.EvoClassLoader loadClass
INFO: Seeing class for first time: org.mozilla.javascript.tools.debugger.treetable.JTreeTable_ESTest
Aug 04, 2018 9:45:20 PM org.evosuite.runtime.instrumentation.EvoClassLoader instrumentClass
INFO: Instrumenting class 'org.mozilla.javascript.tools.debugger.treetable.JTreeTable_ESTest'.
Aug 04, 2018 9:45:20 PM org.evosuite.runtime.instrumentation.EvoClassLoader loadClass
INFO: Seeing class for first time: org.mozilla.javascript.tools.debugger.treetable.JTreeTable_ESTest_scaffolding
Aug 04, 2018 9:45:20 PM org.evosuite.runtime.instrumentation.EvoClassLoader instrumentClass
INFO: Instrumenting class 'org.mozilla.javascript.tools.debugger.treetable.JTreeTable_ESTest_scaffolding'.
Aug 04, 2018 9:45:20 PM org.evosuite.runtime.instrumentation.EvoClassLoader instrumentClass
INFO: Keeping class: org.mozilla.javascript.tools.debugger.treetable.JTreeTable_ESTest_scaffolding
Aug 04, 2018 9:45:20 PM org.evosuite.runtime.instrumentation.EvoClassLoader instrumentClass
INFO: Keeping class: org.mozilla.javascript.tools.debugger.treetable.JTreeTable_ESTest
Aug 04, 2018 9:45:20 PM org.evosuite.runtime.instrumentation.EvoClassLoader loadClass
INFO: Seeing class for first time: org.mozilla.javascript.tools.debugger.treetable.JTreeTable
Aug 04, 2018 9:45:20 PM org.evosuite.runtime.instrumentation.EvoClassLoader instrumentClass
INFO: Instrumenting class 'org.mozilla.javascript.tools.debugger.treetable.JTreeTable'.
Aug 04, 2018 9:45:21 PM org.evosuite.runtime.instrumentation.MethodCallReplacementClassAdapter visit
INFO: Adding mock interface to class org/mozilla/javascript/tools/debugger/treetable/JTreeTable
Aug 04, 2018 9:45:22 PM org.evosuite.runtime.instrumentation.CreateClassResetClassAdapter createEmptyStaticReset
INFO: Creating brand-new static initializer in class org/mozilla/javascript/tools/debugger/treetable/JTreeTable
Aug 04, 2018 9:45:22 PM org.evosuite.runtime.instrumentation.EvoClassLoader instrumentClass
INFO: Keeping class: org.mozilla.javascript.tools.debugger.treetable.JTreeTable
Aug 04, 2018 9:45:22 PM org.evosuite.runtime.instrumentation.EvoClassLoader loadClass
INFO: Seeing class for first time: org.mozilla.javascript.tools.debugger.treetable.JTreeTable$TreeTableCellRenderer
Aug 04, 2018 9:45:22 PM org.evosuite.runtime.instrumentation.EvoClassLoader instrumentClass
INFO: Instrumenting class 'org.mozilla.javascript.tools.debugger.treetable.JTreeTable$TreeTableCellRenderer'.
Aug 04, 2018 9:45:22 PM org.evosuite.runtime.instrumentation.MethodCallReplacementClassAdapter visit
INFO: Adding mock interface to class org/mozilla/javascript/tools/debugger/treetable/JTreeTable$TreeTableCellRenderer
Aug 04, 2018 9:45:23 PM org.evosuite.runtime.instrumentation.CreateClassResetClassAdapter createEmptyStaticReset
INFO: Creating brand-new static initializer in class org/mozilla/javascript/tools/debugger/treetable/JTreeTable$TreeTableCellRenderer
Aug 04, 2018 9:45:23 PM org.evosuite.runtime.instrumentation.EvoClassLoader instrumentClass
INFO: Keeping class: org.mozilla.javascript.tools.debugger.treetable.JTreeTable$TreeTableCellRenderer
Aug 05, 2018 4:45:24 AM org.evosuite.runtime.instrumentation.EvoClassLoader loadClass
INFO: Seeing class for first time: org.mozilla.javascript.tools.debugger.treetable.JTreeTable$ListToTreeSelectionModelWrapper
Aug 05, 2018 4:45:24 AM org.evosuite.runtime.instrumentation.EvoClassLoader instrumentClass
INFO: Instrumenting class 'org.mozilla.javascript.tools.debugger.treetable.JTreeTable$ListToTreeSelectionModelWrapper'.
Aug 05, 2018 4:45:24 AM org.evosuite.runtime.instrumentation.MethodCallReplacementClassAdapter visit
INFO: Adding mock interface to class org/mozilla/javascript/tools/debugger/treetable/JTreeTable$ListToTreeSelectionModelWrapper
Aug 05, 2018 4:45:24 AM org.evosuite.runtime.instrumentation.CreateClassResetClassAdapter createEmptyStaticReset
INFO: Creating brand-new static initializer in class org/mozilla/javascript/tools/debugger/treetable/JTreeTable$ListToTreeSelectionModelWrapper
Aug 05, 2018 4:45:24 AM org.evosuite.runtime.instrumentation.EvoClassLoader instrumentClass
INFO: Keeping class: org.mozilla.javascript.tools.debugger.treetable.JTreeTable$ListToTreeSelectionModelWrapper
Aug 05, 2018 4:45:24 AM org.evosuite.runtime.instrumentation.EvoClassLoader loadClass
INFO: Seeing class for first time: org.mozilla.javascript.tools.debugger.treetable.TreeTableModelAdapter$2
Aug 05, 2018 4:45:24 AM org.evosuite.runtime.instrumentation.EvoClassLoader instrumentClass
INFO: Instrumenting class 'org.mozilla.javascript.tools.debugger.treetable.TreeTableModelAdapter$2'.
Aug 05, 2018 4:45:24 AM org.evosuite.runtime.instrumentation.MethodCallReplacementClassAdapter visit
INFO: Adding mock interface to class org/mozilla/javascript/tools/debugger/treetable/TreeTableModelAdapter$2
Aug 05, 2018 4:45:24 AM org.evosuite.runtime.instrumentation.EvoClassLoader instrumentClass
INFO: Keeping class: org.mozilla.javascript.tools.debugger.treetable.TreeTableModelAdapter$2
Aug 05, 2018 4:45:24 AM org.evosuite.runtime.instrumentation.EvoClassLoader loadClass
INFO: Seeing class for first time: org.mozilla.javascript.tools.debugger.treetable.TreeTableModelAdapter$1
Aug 05, 2018 4:45:24 AM org.evosuite.runtime.instrumentation.EvoClassLoader instrumentClass
INFO: Instrumenting class 'org.mozilla.javascript.tools.debugger.treetable.TreeTableModelAdapter$1'.
Aug 05, 2018 4:45:24 AM org.evosuite.runtime.instrumentation.MethodCallReplacementClassAdapter visit
INFO: Adding mock interface to class org/mozilla/javascript/tools/debugger/treetable/TreeTableModelAdapter$1
Aug 05, 2018 4:45:24 AM org.evosuite.runtime.instrumentation.EvoClassLoader instrumentClass
INFO: Keeping class: org.mozilla.javascript.tools.debugger.treetable.TreeTableModelAdapter$1
Aug 05, 2018 4:45:24 AM org.evosuite.runtime.instrumentation.EvoClassLoader loadClass
INFO: Seeing class for first time: org.mozilla.javascript.tools.debugger.treetable.AbstractCellEditor
Aug 05, 2018 4:45:24 AM org.evosuite.runtime.instrumentation.EvoClassLoader instrumentClass
INFO: Instrumenting class 'org.mozilla.javascript.tools.debugger.treetable.AbstractCellEditor'.
Aug 05, 2018 4:45:24 AM org.evosuite.runtime.instrumentation.MethodCallReplacementClassAdapter visit
INFO: Adding mock interface to class org/mozilla/javascript/tools/debugger/treetable/AbstractCellEditor
Aug 05, 2018 4:45:24 AM org.evosuite.runtime.instrumentation.CreateClassResetClassAdapter createEmptyStaticReset
INFO: Creating brand-new static initializer in class org/mozilla/javascript/tools/debugger/treetable/AbstractCellEditor
Aug 05, 2018 4:45:24 AM org.evosuite.runtime.instrumentation.EvoClassLoader instrumentClass
INFO: Keeping class: org.mozilla.javascript.tools.debugger.treetable.AbstractCellEditor
Aug 05, 2018 4:45:24 AM org.evosuite.runtime.instrumentation.EvoClassLoader loadClass
INFO: Seeing class for first time: org.mozilla.javascript.tools.debugger.treetable.JTreeTable$TreeTableCellEditor
Aug 05, 2018 4:45:25 AM org.evosuite.runtime.instrumentation.EvoClassLoader instrumentClass
INFO: Instrumenting class 'org.mozilla.javascript.tools.debugger.treetable.JTreeTable$TreeTableCellEditor'.
Aug 05, 2018 4:45:25 AM org.evosuite.runtime.instrumentation.MethodCallReplacementClassAdapter visit
INFO: Adding mock interface to class org/mozilla/javascript/tools/debugger/treetable/JTreeTable$TreeTableCellEditor
Aug 05, 2018 4:45:25 AM org.evosuite.runtime.instrumentation.CreateClassResetClassAdapter createEmptyStaticReset
INFO: Creating brand-new static initializer in class org/mozilla/javascript/tools/debugger/treetable/JTreeTable$TreeTableCellEditor
Aug 05, 2018 4:45:25 AM org.evosuite.runtime.instrumentation.EvoClassLoader instrumentClass
INFO: Keeping class: org.mozilla.javascript.tools.debugger.treetable.JTreeTable$TreeTableCellEditor
Aug 05, 2018 4:45:25 AM org.evosuite.runtime.instrumentation.EvoClassLoader loadClass
INFO: Seeing class for first time: org.mozilla.javascript.tools.debugger.treetable.TreeTableModel
Aug 05, 2018 4:45:25 AM org.evosuite.runtime.instrumentation.EvoClassLoader instrumentClass
INFO: Instrumenting class 'org.mozilla.javascript.tools.debugger.treetable.TreeTableModel'.
Aug 05, 2018 4:45:25 AM org.evosuite.runtime.instrumentation.EvoClassLoader instrumentClass
INFO: Keeping class: org.mozilla.javascript.tools.debugger.treetable.TreeTableModel
Aug 05, 2018 4:45:25 AM org.evosuite.runtime.instrumentation.EvoClassLoader loadClass
INFO: Seeing class for first time: org.mozilla.javascript.tools.debugger.treetable.TreeTableModelAdapter
Aug 05, 2018 4:45:25 AM org.evosuite.runtime.instrumentation.EvoClassLoader instrumentClass
INFO: Instrumenting class 'org.mozilla.javascript.tools.debugger.treetable.TreeTableModelAdapter'.
Aug 05, 2018 4:45:25 AM org.evosuite.runtime.instrumentation.MethodCallReplacementClassAdapter visit
INFO: Adding mock interface to class org/mozilla/javascript/tools/debugger/treetable/TreeTableModelAdapter
Aug 05, 2018 4:45:25 AM org.evosuite.runtime.instrumentation.CreateClassResetClassAdapter createEmptyStaticReset
INFO: Creating brand-new static initializer in class org/mozilla/javascript/tools/debugger/treetable/TreeTableModelAdapter
Aug 05, 2018 4:45:25 AM org.evosuite.runtime.instrumentation.EvoClassLoader instrumentClass
INFO: Keeping class: org.mozilla.javascript.tools.debugger.treetable.TreeTableModelAdapter
Aug 05, 2018 4:45:25 AM org.evosuite.runtime.instrumentation.EvoClassLoader loadClass
INFO: Seeing class for first time: org.mozilla.javascript.tools.debugger.treetable.JTreeTable$ListToTreeSelectionModelWrapper$ListSelectionHandler
Aug 05, 2018 4:45:25 AM org.evosuite.runtime.instrumentation.EvoClassLoader instrumentClass
INFO: Instrumenting class 'org.mozilla.javascript.tools.debugger.treetable.JTreeTable$ListToTreeSelectionModelWrapper$ListSelectionHandler'.
Aug 05, 2018 4:45:25 AM org.evosuite.runtime.instrumentation.MethodCallReplacementClassAdapter visit
INFO: Adding mock interface to class org/mozilla/javascript/tools/debugger/treetable/JTreeTable$ListToTreeSelectionModelWrapper$ListSelectionHandler
Aug 05, 2018 4:45:25 AM org.evosuite.runtime.instrumentation.CreateClassResetClassAdapter createEmptyStaticReset
INFO: Creating brand-new static initializer in class org/mozilla/javascript/tools/debugger/treetable/JTreeTable$ListToTreeSelectionModelWrapper$ListSelectionHandler
Aug 05, 2018 4:45:25 AM org.evosuite.runtime.instrumentation.EvoClassLoader instrumentClass
INFO: Keeping class: org.mozilla.javascript.tools.debugger.treetable.JTreeTable$ListToTreeSelectionModelWrapper$ListSelectionHandler
Aug 05, 2018 4:45:36 AM org.evosuite.runtime.thread.ThreadStopper killAndJoinClientThreads
INFO: Found new thread
Aug 05, 2018 4:45:37 AM org.evosuite.runtime.thread.ThreadStopper killAndJoinClientThreads
INFO: Found new thread
Aug 05, 2018 4:45:37 AM org.evosuite.runtime.thread.ThreadStopper killAndJoinClientThreads
INFO: Found new thread
Aug 05, 2018 4:45:37 AM org.evosuite.runtime.thread.ThreadStopper killAndJoinClientThreads
INFO: Found new thread
Aug 05, 2018 4:45:37 AM org.evosuite.runtime.thread.ThreadStopper killAndJoinClientThreads
INFO: Found new thread
Aug 05, 2018 4:45:37 AM org.evosuite.runtime.thread.ThreadStopper killAndJoinClientThreads
INFO: Found new thread
Aug 05, 2018 4:45:37 AM org.evosuite.runtime.thread.ThreadStopper killAndJoinClientThreads
INFO: Found new thread
Aug 05, 2018 4:45:37 AM org.evosuite.runtime.thread.ThreadStopper killAndJoinClientThreads
INFO: Found new thread
Aug 05, 2018 4:45:38 AM org.evosuite.runtime.thread.ThreadStopper killAndJoinClientThreads
INFO: Found new thread
Aug 05, 2018 4:45:38 AM org.evosuite.runtime.thread.ThreadStopper killAndJoinClientThreads
INFO: Found new thread
]]></system-err>
</testsuite>
