<?xml version="1.0" encoding="UTF-8"?>
<testsuite name="org.mozilla.javascript.ConsString_ESTest" tests="3" skipped="0" failures="0" errors="0" timestamp="2018-08-05T04:49:53" hostname="cobb" time="0.219">
  <properties/>
  <testcase name="test2" classname="org.mozilla.javascript.ConsString_ESTest" time="0.111"/>
  <testcase name="test0" classname="org.mozilla.javascript.ConsString_ESTest" time="0.045"/>
  <testcase name="test1" classname="org.mozilla.javascript.ConsString_ESTest" time="0.052"/>
  <system-out><![CDATA[]]></system-out>
  <system-err><![CDATA[Aug 04, 2018 9:49:49 PM org.evosuite.runtime.instrumentation.EvoClassLoader loadClass
INFO: Seeing class for first time: org.mozilla.javascript.ConsString_ESTest
Aug 04, 2018 9:49:49 PM org.evosuite.runtime.instrumentation.EvoClassLoader instrumentClass
INFO: Instrumenting class 'org.mozilla.javascript.ConsString_ESTest'.
Aug 04, 2018 9:49:49 PM org.evosuite.runtime.instrumentation.EvoClassLoader loadClass
INFO: Seeing class for first time: org.mozilla.javascript.ConsString_ESTest_scaffolding
Aug 04, 2018 9:49:49 PM org.evosuite.runtime.instrumentation.EvoClassLoader instrumentClass
INFO: Instrumenting class 'org.mozilla.javascript.ConsString_ESTest_scaffolding'.
Aug 04, 2018 9:49:50 PM org.evosuite.runtime.instrumentation.EvoClassLoader instrumentClass
INFO: Keeping class: org.mozilla.javascript.ConsString_ESTest_scaffolding
Aug 04, 2018 9:49:50 PM org.evosuite.runtime.instrumentation.EvoClassLoader instrumentClass
INFO: Keeping class: org.mozilla.javascript.ConsString_ESTest
Aug 05, 2018 4:49:51 AM org.evosuite.runtime.instrumentation.EvoClassLoader loadClass
INFO: Seeing class for first time: org.mozilla.javascript.ConsString
Aug 05, 2018 4:49:51 AM org.evosuite.runtime.instrumentation.EvoClassLoader instrumentClass
INFO: Instrumenting class 'org.mozilla.javascript.ConsString'.
Aug 05, 2018 4:49:51 AM org.evosuite.runtime.instrumentation.MethodCallReplacementClassAdapter visit
INFO: Adding mock interface to class org/mozilla/javascript/ConsString
Aug 05, 2018 4:49:53 AM org.evosuite.runtime.instrumentation.CreateClassResetClassAdapter createEmptyStaticReset
INFO: Creating brand-new static initializer in class org/mozilla/javascript/ConsString
Aug 05, 2018 4:49:53 AM org.evosuite.runtime.instrumentation.EvoClassLoader instrumentClass
INFO: Keeping class: org.mozilla.javascript.ConsString
Aug 05, 2018 4:49:54 AM org.evosuite.runtime.thread.ThreadStopper killAndJoinClientThreads
INFO: Found new thread
Aug 05, 2018 4:49:54 AM org.evosuite.runtime.thread.ThreadStopper killAndJoinClientThreads
INFO: Found new thread
Aug 05, 2018 4:49:54 AM org.evosuite.runtime.thread.ThreadStopper killAndJoinClientThreads
INFO: Found new thread
]]></system-err>
</testsuite>
