<?xml version="1.0" encoding="UTF-8"?>
<testsuite name="org.mozilla.javascript.tools.shell.ConsoleTextArea_ESTest" tests="18" skipped="0" failures="0" errors="0" timestamp="2018-08-05T04:43:58" hostname="cobb" time="1.241">
  <properties/>
  <testcase name="test08" classname="org.mozilla.javascript.tools.shell.ConsoleTextArea_ESTest" time="0.24"/>
  <testcase name="test09" classname="org.mozilla.javascript.tools.shell.ConsoleTextArea_ESTest" time="0.103"/>
  <testcase name="test06" classname="org.mozilla.javascript.tools.shell.ConsoleTextArea_ESTest" time="0.159"/>
  <testcase name="test17" classname="org.mozilla.javascript.tools.shell.ConsoleTextArea_ESTest" time="0.044"/>
  <testcase name="test07" classname="org.mozilla.javascript.tools.shell.ConsoleTextArea_ESTest" time="0.062"/>
  <testcase name="test04" classname="org.mozilla.javascript.tools.shell.ConsoleTextArea_ESTest" time="0.033"/>
  <testcase name="test15" classname="org.mozilla.javascript.tools.shell.ConsoleTextArea_ESTest" time="0.024"/>
  <testcase name="test05" classname="org.mozilla.javascript.tools.shell.ConsoleTextArea_ESTest" time="0.051"/>
  <testcase name="test16" classname="org.mozilla.javascript.tools.shell.ConsoleTextArea_ESTest" time="0.031"/>
  <testcase name="test02" classname="org.mozilla.javascript.tools.shell.ConsoleTextArea_ESTest" time="0.05"/>
  <testcase name="test13" classname="org.mozilla.javascript.tools.shell.ConsoleTextArea_ESTest" time="0.046"/>
  <testcase name="test03" classname="org.mozilla.javascript.tools.shell.ConsoleTextArea_ESTest" time="0.023"/>
  <testcase name="test14" classname="org.mozilla.javascript.tools.shell.ConsoleTextArea_ESTest" time="0.049"/>
  <testcase name="test00" classname="org.mozilla.javascript.tools.shell.ConsoleTextArea_ESTest" time="0.099"/>
  <testcase name="test11" classname="org.mozilla.javascript.tools.shell.ConsoleTextArea_ESTest" time="0.056"/>
  <testcase name="test01" classname="org.mozilla.javascript.tools.shell.ConsoleTextArea_ESTest" time="0.071"/>
  <testcase name="test12" classname="org.mozilla.javascript.tools.shell.ConsoleTextArea_ESTest" time="0.046"/>
  <testcase name="test10" classname="org.mozilla.javascript.tools.shell.ConsoleTextArea_ESTest" time="0.036"/>
  <system-out><![CDATA[]]></system-out>
  <system-err><![CDATA[Aug 04, 2018 9:43:53 PM org.evosuite.runtime.instrumentation.EvoClassLoader loadClass
INFO: Seeing class for first time: org.mozilla.javascript.tools.shell.ConsoleTextArea_ESTest
Aug 04, 2018 9:43:53 PM org.evosuite.runtime.instrumentation.EvoClassLoader instrumentClass
INFO: Instrumenting class 'org.mozilla.javascript.tools.shell.ConsoleTextArea_ESTest'.
Aug 04, 2018 9:43:54 PM org.evosuite.runtime.instrumentation.EvoClassLoader loadClass
INFO: Seeing class for first time: org.mozilla.javascript.tools.shell.ConsoleTextArea_ESTest_scaffolding
Aug 04, 2018 9:43:54 PM org.evosuite.runtime.instrumentation.EvoClassLoader instrumentClass
INFO: Instrumenting class 'org.mozilla.javascript.tools.shell.ConsoleTextArea_ESTest_scaffolding'.
Aug 04, 2018 9:43:54 PM org.evosuite.runtime.instrumentation.EvoClassLoader instrumentClass
INFO: Keeping class: org.mozilla.javascript.tools.shell.ConsoleTextArea_ESTest_scaffolding
Aug 04, 2018 9:43:54 PM org.evosuite.runtime.instrumentation.EvoClassLoader instrumentClass
INFO: Keeping class: org.mozilla.javascript.tools.shell.ConsoleTextArea_ESTest
Aug 04, 2018 9:43:54 PM org.evosuite.runtime.instrumentation.EvoClassLoader loadClass
INFO: Seeing class for first time: org.mozilla.javascript.tools.shell.ConsoleTextArea
Aug 04, 2018 9:43:54 PM org.evosuite.runtime.instrumentation.EvoClassLoader instrumentClass
INFO: Instrumenting class 'org.mozilla.javascript.tools.shell.ConsoleTextArea'.
Aug 04, 2018 9:43:54 PM org.evosuite.runtime.instrumentation.MethodCallReplacementClassAdapter visit
INFO: Adding mock interface to class org/mozilla/javascript/tools/shell/ConsoleTextArea
Aug 04, 2018 9:43:56 PM org.evosuite.runtime.instrumentation.CreateClassResetClassAdapter createEmptyStaticReset
INFO: Creating brand-new static initializer in class org/mozilla/javascript/tools/shell/ConsoleTextArea
Aug 04, 2018 9:43:56 PM org.evosuite.runtime.instrumentation.EvoClassLoader instrumentClass
INFO: Keeping class: org.mozilla.javascript.tools.shell.ConsoleTextArea
Aug 05, 2018 4:43:58 AM org.evosuite.runtime.instrumentation.EvoClassLoader loadClass
INFO: Seeing class for first time: org.mozilla.javascript.tools.shell.ConsoleWrite
Aug 05, 2018 4:43:58 AM org.evosuite.runtime.instrumentation.EvoClassLoader instrumentClass
INFO: Instrumenting class 'org.mozilla.javascript.tools.shell.ConsoleWrite'.
Aug 05, 2018 4:43:58 AM org.evosuite.runtime.instrumentation.MethodCallReplacementClassAdapter visit
INFO: Adding mock interface to class org/mozilla/javascript/tools/shell/ConsoleWrite
Aug 05, 2018 4:43:58 AM org.evosuite.runtime.instrumentation.CreateClassResetClassAdapter createEmptyStaticReset
INFO: Creating brand-new static initializer in class org/mozilla/javascript/tools/shell/ConsoleWrite
Aug 05, 2018 4:43:58 AM org.evosuite.runtime.instrumentation.EvoClassLoader instrumentClass
INFO: Keeping class: org.mozilla.javascript.tools.shell.ConsoleWrite
Aug 05, 2018 4:43:58 AM org.evosuite.runtime.instrumentation.EvoClassLoader loadClass
INFO: Seeing class for first time: org.mozilla.javascript.tools.shell.ConsoleWriter
Aug 05, 2018 4:43:58 AM org.evosuite.runtime.instrumentation.EvoClassLoader instrumentClass
INFO: Instrumenting class 'org.mozilla.javascript.tools.shell.ConsoleWriter'.
Aug 05, 2018 4:43:58 AM org.evosuite.runtime.instrumentation.MethodCallReplacementClassAdapter visit
INFO: Adding mock interface to class org/mozilla/javascript/tools/shell/ConsoleWriter
Aug 05, 2018 4:43:58 AM org.evosuite.runtime.instrumentation.CreateClassResetClassAdapter createEmptyStaticReset
INFO: Creating brand-new static initializer in class org/mozilla/javascript/tools/shell/ConsoleWriter
Aug 05, 2018 4:43:58 AM org.evosuite.runtime.instrumentation.EvoClassLoader instrumentClass
INFO: Keeping class: org.mozilla.javascript.tools.shell.ConsoleWriter
Aug 05, 2018 4:43:58 AM org.evosuite.runtime.thread.ThreadStopper killAndJoinClientThreads
INFO: Found new thread
Aug 05, 2018 4:43:58 AM org.evosuite.runtime.thread.ThreadStopper killAndJoinClientThreads
INFO: Found new thread
Aug 05, 2018 4:43:58 AM org.evosuite.runtime.thread.ThreadStopper killAndJoinClientThreads
INFO: Found new thread
Aug 05, 2018 4:43:58 AM org.evosuite.runtime.thread.ThreadStopper killAndJoinClientThreads
INFO: Found new thread
Aug 05, 2018 4:43:58 AM org.evosuite.runtime.thread.ThreadStopper killAndJoinClientThreads
INFO: Found new thread
Aug 05, 2018 4:43:58 AM org.evosuite.runtime.thread.ThreadStopper killAndJoinClientThreads
INFO: Found new thread
Aug 05, 2018 4:43:58 AM org.evosuite.runtime.thread.ThreadStopper killAndJoinClientThreads
INFO: Found new thread
Aug 05, 2018 4:43:58 AM org.evosuite.runtime.thread.ThreadStopper killAndJoinClientThreads
INFO: Found new thread
Aug 05, 2018 4:43:58 AM org.evosuite.runtime.thread.ThreadStopper killAndJoinClientThreads
INFO: Found new thread
Aug 05, 2018 4:43:59 AM org.evosuite.runtime.thread.ThreadStopper killAndJoinClientThreads
INFO: Found new thread
Aug 05, 2018 4:43:59 AM org.evosuite.runtime.thread.ThreadStopper killAndJoinClientThreads
INFO: Found new thread
Aug 05, 2018 4:43:59 AM org.evosuite.runtime.thread.ThreadStopper killAndJoinClientThreads
INFO: Found new thread
Aug 05, 2018 4:43:59 AM org.evosuite.runtime.thread.ThreadStopper killAndJoinClientThreads
INFO: Found new thread
javax.swing.text.BadLocationException: Length must be positive
	at javax.swing.text.AbstractDocument.getText(AbstractDocument.java:808)
	at org.mozilla.javascript.tools.shell.ConsoleTextArea.returnPressed(ConsoleTextArea.java:123)
	at org.mozilla.javascript.tools.shell.ConsoleTextArea_ESTest.test01(ConsoleTextArea_ESTest.java:49)
	at sun.reflect.NativeMethodAccessorImpl.invoke0(Native Method)
	at sun.reflect.NativeMethodAccessorImpl.invoke(NativeMethodAccessorImpl.java:62)
	at sun.reflect.DelegatingMethodAccessorImpl.invoke(DelegatingMethodAccessorImpl.java:43)
	at java.lang.reflect.Method.invoke(Method.java:498)
	at org.junit.runners.model.FrameworkMethod$1.runReflectiveCall(FrameworkMethod.java:50)
	at org.junit.internal.runners.model.ReflectiveCallable.run(ReflectiveCallable.java:12)
	at org.junit.runners.model.FrameworkMethod.invokeExplosively(FrameworkMethod.java:47)
	at org.junit.internal.runners.statements.InvokeMethod.evaluate(InvokeMethod.java:17)
	at org.junit.internal.runners.statements.FailOnTimeout$CallableStatement.call(FailOnTimeout.java:298)
	at org.junit.internal.runners.statements.FailOnTimeout$CallableStatement.call(FailOnTimeout.java:292)
	at java.util.concurrent.FutureTask.run(FutureTask.java:266)
	at java.lang.Thread.run(Thread.java:748)
Aug 05, 2018 4:43:59 AM org.evosuite.runtime.thread.ThreadStopper killAndJoinClientThreads
INFO: Found new thread
Aug 05, 2018 4:43:59 AM org.evosuite.runtime.thread.ThreadStopper killAndJoinClientThreads
INFO: Found new thread
Aug 05, 2018 4:43:59 AM org.evosuite.runtime.thread.ThreadStopper killAndJoinClientThreads
INFO: Found new thread
]]></system-err>
</testsuite>
