<?xml version="1.0" encoding="UTF-8"?>
<testsuite name="org.mozilla.javascript.DToA_ESTest" tests="28" skipped="0" failures="0" errors="0" timestamp="2018-08-05T04:52:08" hostname="cobb" time="0.941">
  <properties/>
  <testcase name="test12" classname="org.mozilla.javascript.DToA_ESTest" time="0.074"/>
  <testcase name="test11" classname="org.mozilla.javascript.DToA_ESTest" time="0.041"/>
  <testcase name="test10" classname="org.mozilla.javascript.DToA_ESTest" time="0.03"/>
  <testcase name="test16" classname="org.mozilla.javascript.DToA_ESTest" time="0.037"/>
  <testcase name="test15" classname="org.mozilla.javascript.DToA_ESTest" time="0.037"/>
  <testcase name="test14" classname="org.mozilla.javascript.DToA_ESTest" time="0.012"/>
  <testcase name="test13" classname="org.mozilla.javascript.DToA_ESTest" time="0.035"/>
  <testcase name="test19" classname="org.mozilla.javascript.DToA_ESTest" time="0.02"/>
  <testcase name="test18" classname="org.mozilla.javascript.DToA_ESTest" time="0.032"/>
  <testcase name="test17" classname="org.mozilla.javascript.DToA_ESTest" time="0.063"/>
  <testcase name="test01" classname="org.mozilla.javascript.DToA_ESTest" time="0.027"/>
  <testcase name="test23" classname="org.mozilla.javascript.DToA_ESTest" time="0.032"/>
  <testcase name="test00" classname="org.mozilla.javascript.DToA_ESTest" time="0.024"/>
  <testcase name="test22" classname="org.mozilla.javascript.DToA_ESTest" time="0.021"/>
  <testcase name="test21" classname="org.mozilla.javascript.DToA_ESTest" time="0.041"/>
  <testcase name="test20" classname="org.mozilla.javascript.DToA_ESTest" time="0.038"/>
  <testcase name="test05" classname="org.mozilla.javascript.DToA_ESTest" time="0.019"/>
  <testcase name="test27" classname="org.mozilla.javascript.DToA_ESTest" time="0.03"/>
  <testcase name="test04" classname="org.mozilla.javascript.DToA_ESTest" time="0.03"/>
  <testcase name="test26" classname="org.mozilla.javascript.DToA_ESTest" time="0.049"/>
  <testcase name="test03" classname="org.mozilla.javascript.DToA_ESTest" time="0.036"/>
  <testcase name="test25" classname="org.mozilla.javascript.DToA_ESTest" time="0.031"/>
  <testcase name="test02" classname="org.mozilla.javascript.DToA_ESTest" time="0.035"/>
  <testcase name="test24" classname="org.mozilla.javascript.DToA_ESTest" time="0.036"/>
  <testcase name="test09" classname="org.mozilla.javascript.DToA_ESTest" time="0.026"/>
  <testcase name="test08" classname="org.mozilla.javascript.DToA_ESTest" time="0.029"/>
  <testcase name="test07" classname="org.mozilla.javascript.DToA_ESTest" time="0.01"/>
  <testcase name="test06" classname="org.mozilla.javascript.DToA_ESTest" time="0.03"/>
  <system-out><![CDATA[]]></system-out>
  <system-err><![CDATA[Aug 04, 2018 9:52:05 PM org.evosuite.runtime.instrumentation.EvoClassLoader loadClass
INFO: Seeing class for first time: org.mozilla.javascript.DToA_ESTest
Aug 04, 2018 9:52:05 PM org.evosuite.runtime.instrumentation.EvoClassLoader instrumentClass
INFO: Instrumenting class 'org.mozilla.javascript.DToA_ESTest'.
Aug 04, 2018 9:52:06 PM org.evosuite.runtime.instrumentation.EvoClassLoader loadClass
INFO: Seeing class for first time: org.mozilla.javascript.DToA_ESTest_scaffolding
Aug 04, 2018 9:52:06 PM org.evosuite.runtime.instrumentation.EvoClassLoader instrumentClass
INFO: Instrumenting class 'org.mozilla.javascript.DToA_ESTest_scaffolding'.
Aug 04, 2018 9:52:06 PM org.evosuite.runtime.instrumentation.EvoClassLoader instrumentClass
INFO: Keeping class: org.mozilla.javascript.DToA_ESTest_scaffolding
Aug 04, 2018 9:52:06 PM org.evosuite.runtime.instrumentation.EvoClassLoader instrumentClass
INFO: Keeping class: org.mozilla.javascript.DToA_ESTest
Aug 05, 2018 4:52:06 AM org.evosuite.runtime.instrumentation.EvoClassLoader loadClass
INFO: Seeing class for first time: org.mozilla.javascript.DToA
Aug 05, 2018 4:52:06 AM org.evosuite.runtime.instrumentation.EvoClassLoader instrumentClass
INFO: Instrumenting class 'org.mozilla.javascript.DToA'.
Aug 05, 2018 4:52:06 AM org.evosuite.runtime.instrumentation.MethodCallReplacementClassAdapter visit
INFO: Adding mock interface to class org/mozilla/javascript/DToA
Aug 05, 2018 4:52:07 AM org.evosuite.runtime.instrumentation.CreateClassResetClassAdapter visitMethod
INFO: Found static initializer in class org/mozilla/javascript/DToA
Aug 05, 2018 4:52:07 AM org.evosuite.runtime.instrumentation.EvoClassLoader instrumentClass
INFO: Keeping class: org.mozilla.javascript.DToA
Aug 05, 2018 4:52:08 AM org.evosuite.runtime.thread.ThreadStopper killAndJoinClientThreads
INFO: Found new thread
Aug 05, 2018 4:52:08 AM org.evosuite.runtime.thread.ThreadStopper killAndJoinClientThreads
INFO: Found new thread
Aug 05, 2018 4:52:08 AM org.evosuite.runtime.thread.ThreadStopper killAndJoinClientThreads
INFO: Found new thread
Aug 05, 2018 4:52:08 AM org.evosuite.runtime.thread.ThreadStopper killAndJoinClientThreads
INFO: Found new thread
Aug 05, 2018 4:52:08 AM org.evosuite.runtime.thread.ThreadStopper killAndJoinClientThreads
INFO: Found new thread
Aug 05, 2018 4:52:08 AM org.evosuite.runtime.thread.ThreadStopper killAndJoinClientThreads
INFO: Found new thread
Aug 05, 2018 4:52:08 AM org.evosuite.runtime.thread.ThreadStopper killAndJoinClientThreads
INFO: Found new thread
Aug 05, 2018 4:52:08 AM org.evosuite.runtime.thread.ThreadStopper killAndJoinClientThreads
INFO: Found new thread
Aug 05, 2018 4:52:08 AM org.evosuite.runtime.thread.ThreadStopper killAndJoinClientThreads
INFO: Found new thread
Aug 05, 2018 4:52:08 AM org.evosuite.runtime.thread.ThreadStopper killAndJoinClientThreads
INFO: Found new thread
Aug 05, 2018 4:52:08 AM org.evosuite.runtime.thread.ThreadStopper killAndJoinClientThreads
INFO: Found new thread
Aug 05, 2018 4:52:08 AM org.evosuite.runtime.thread.ThreadStopper killAndJoinClientThreads
INFO: Found new thread
Aug 05, 2018 4:52:08 AM org.evosuite.runtime.thread.ThreadStopper killAndJoinClientThreads
INFO: Found new thread
Aug 05, 2018 4:52:08 AM org.evosuite.runtime.thread.ThreadStopper killAndJoinClientThreads
INFO: Found new thread
Aug 05, 2018 4:52:08 AM org.evosuite.runtime.thread.ThreadStopper killAndJoinClientThreads
INFO: Found new thread
Aug 05, 2018 4:52:08 AM org.evosuite.runtime.thread.ThreadStopper killAndJoinClientThreads
INFO: Found new thread
Aug 05, 2018 4:52:08 AM org.evosuite.runtime.thread.ThreadStopper killAndJoinClientThreads
INFO: Found new thread
Aug 05, 2018 4:52:08 AM org.evosuite.runtime.thread.ThreadStopper killAndJoinClientThreads
INFO: Found new thread
Aug 05, 2018 4:52:08 AM org.evosuite.runtime.thread.ThreadStopper killAndJoinClientThreads
INFO: Found new thread
]]></system-err>
</testsuite>
