<?xml version="1.0" encoding="UTF-8"?>
<testsuite name="org.mozilla.javascript.ScriptStackElement_ESTest" tests="5" skipped="0" failures="0" errors="0" timestamp="2018-08-05T04:51:02" hostname="cobb" time="0.248">
  <properties/>
  <testcase name="test4" classname="org.mozilla.javascript.ScriptStackElement_ESTest" time="0.067"/>
  <testcase name="test3" classname="org.mozilla.javascript.ScriptStackElement_ESTest" time="0.062"/>
  <testcase name="test2" classname="org.mozilla.javascript.ScriptStackElement_ESTest" time="0.025"/>
  <testcase name="test1" classname="org.mozilla.javascript.ScriptStackElement_ESTest" time="0.044"/>
  <testcase name="test0" classname="org.mozilla.javascript.ScriptStackElement_ESTest" time="0.039"/>
  <system-out><![CDATA[]]></system-out>
  <system-err><![CDATA[Aug 04, 2018 9:50:58 PM org.evosuite.runtime.instrumentation.EvoClassLoader loadClass
INFO: Seeing class for first time: org.mozilla.javascript.ScriptStackElement_ESTest
Aug 04, 2018 9:50:58 PM org.evosuite.runtime.instrumentation.EvoClassLoader instrumentClass
INFO: Instrumenting class 'org.mozilla.javascript.ScriptStackElement_ESTest'.
Aug 04, 2018 9:50:59 PM org.evosuite.runtime.instrumentation.EvoClassLoader loadClass
INFO: Seeing class for first time: org.mozilla.javascript.ScriptStackElement_ESTest_scaffolding
Aug 04, 2018 9:50:59 PM org.evosuite.runtime.instrumentation.EvoClassLoader instrumentClass
INFO: Instrumenting class 'org.mozilla.javascript.ScriptStackElement_ESTest_scaffolding'.
Aug 04, 2018 9:50:59 PM org.evosuite.runtime.instrumentation.EvoClassLoader instrumentClass
INFO: Keeping class: org.mozilla.javascript.ScriptStackElement_ESTest_scaffolding
Aug 04, 2018 9:50:59 PM org.evosuite.runtime.instrumentation.EvoClassLoader instrumentClass
INFO: Keeping class: org.mozilla.javascript.ScriptStackElement_ESTest
Aug 05, 2018 4:51:00 AM org.evosuite.runtime.instrumentation.EvoClassLoader loadClass
INFO: Seeing class for first time: org.mozilla.javascript.ScriptStackElement
Aug 05, 2018 4:51:00 AM org.evosuite.runtime.instrumentation.EvoClassLoader instrumentClass
INFO: Instrumenting class 'org.mozilla.javascript.ScriptStackElement'.
Aug 05, 2018 4:51:00 AM org.evosuite.runtime.instrumentation.MethodCallReplacementClassAdapter visit
INFO: Adding mock interface to class org/mozilla/javascript/ScriptStackElement
Aug 05, 2018 4:51:01 AM org.evosuite.runtime.instrumentation.CreateClassResetClassAdapter createEmptyStaticReset
INFO: Creating brand-new static initializer in class org/mozilla/javascript/ScriptStackElement
Aug 05, 2018 4:51:01 AM org.evosuite.runtime.instrumentation.EvoClassLoader instrumentClass
INFO: Keeping class: org.mozilla.javascript.ScriptStackElement
Aug 05, 2018 4:51:02 AM org.evosuite.runtime.thread.ThreadStopper killAndJoinClientThreads
INFO: Found new thread
Aug 05, 2018 4:51:02 AM org.evosuite.runtime.thread.ThreadStopper killAndJoinClientThreads
INFO: Found new thread
]]></system-err>
</testsuite>
