<?xml version="1.0" encoding="UTF-8"?>
<testsuite name="org.mozilla.javascript.regexp.RENode_ESTest" tests="1" skipped="0" failures="0" errors="0" timestamp="2018-08-05T04:43:32" hostname="cobb" time="0.071">
  <properties/>
  <testcase name="test0" classname="org.mozilla.javascript.regexp.RENode_ESTest" time="0.071"/>
  <system-out><![CDATA[]]></system-out>
  <system-err><![CDATA[Aug 04, 2018 9:43:27 PM org.evosuite.runtime.instrumentation.EvoClassLoader loadClass
INFO: Seeing class for first time: org.mozilla.javascript.regexp.RENode_ESTest
Aug 04, 2018 9:43:27 PM org.evosuite.runtime.instrumentation.EvoClassLoader instrumentClass
INFO: Instrumenting class 'org.mozilla.javascript.regexp.RENode_ESTest'.
Aug 04, 2018 9:43:28 PM org.evosuite.runtime.instrumentation.EvoClassLoader loadClass
INFO: Seeing class for first time: org.mozilla.javascript.regexp.RENode_ESTest_scaffolding
Aug 04, 2018 9:43:28 PM org.evosuite.runtime.instrumentation.EvoClassLoader instrumentClass
INFO: Instrumenting class 'org.mozilla.javascript.regexp.RENode_ESTest_scaffolding'.
Aug 04, 2018 9:43:28 PM org.evosuite.runtime.instrumentation.EvoClassLoader instrumentClass
INFO: Keeping class: org.mozilla.javascript.regexp.RENode_ESTest_scaffolding
Aug 04, 2018 9:43:28 PM org.evosuite.runtime.instrumentation.EvoClassLoader instrumentClass
INFO: Keeping class: org.mozilla.javascript.regexp.RENode_ESTest
Aug 05, 2018 4:43:30 AM org.evosuite.runtime.instrumentation.EvoClassLoader loadClass
INFO: Seeing class for first time: org.mozilla.javascript.regexp.RENode
Aug 05, 2018 4:43:30 AM org.evosuite.runtime.instrumentation.EvoClassLoader instrumentClass
INFO: Instrumenting class 'org.mozilla.javascript.regexp.RENode'.
Aug 05, 2018 4:43:30 AM org.evosuite.runtime.instrumentation.MethodCallReplacementClassAdapter visit
INFO: Adding mock interface to class org/mozilla/javascript/regexp/RENode
Aug 05, 2018 4:43:32 AM org.evosuite.runtime.instrumentation.CreateClassResetClassAdapter createEmptyStaticReset
INFO: Creating brand-new static initializer in class org/mozilla/javascript/regexp/RENode
Aug 05, 2018 4:43:32 AM org.evosuite.runtime.instrumentation.EvoClassLoader instrumentClass
INFO: Keeping class: org.mozilla.javascript.regexp.RENode
]]></system-err>
</testsuite>
