<?xml version="1.0" encoding="UTF-8"?>
<testsuite name="org.mozilla.javascript.commonjs.module.provider.ModuleSource_ESTest" tests="5" skipped="0" failures="0" errors="0" timestamp="2018-08-05T04:47:59" hostname="cobb" time="0.222">
  <properties/>
  <testcase name="test0" classname="org.mozilla.javascript.commonjs.module.provider.ModuleSource_ESTest" time="0.086"/>
  <testcase name="test1" classname="org.mozilla.javascript.commonjs.module.provider.ModuleSource_ESTest" time="0.03"/>
  <testcase name="test4" classname="org.mozilla.javascript.commonjs.module.provider.ModuleSource_ESTest" time="0.037"/>
  <testcase name="test2" classname="org.mozilla.javascript.commonjs.module.provider.ModuleSource_ESTest" time="0.031"/>
  <testcase name="test3" classname="org.mozilla.javascript.commonjs.module.provider.ModuleSource_ESTest" time="0.034"/>
  <system-out><![CDATA[]]></system-out>
  <system-err><![CDATA[Aug 04, 2018 9:47:55 PM org.evosuite.runtime.instrumentation.EvoClassLoader loadClass
INFO: Seeing class for first time: org.mozilla.javascript.commonjs.module.provider.ModuleSource_ESTest
Aug 04, 2018 9:47:55 PM org.evosuite.runtime.instrumentation.EvoClassLoader instrumentClass
INFO: Instrumenting class 'org.mozilla.javascript.commonjs.module.provider.ModuleSource_ESTest'.
Aug 04, 2018 9:47:56 PM org.evosuite.runtime.instrumentation.EvoClassLoader loadClass
INFO: Seeing class for first time: org.mozilla.javascript.commonjs.module.provider.ModuleSource_ESTest_scaffolding
Aug 04, 2018 9:47:56 PM org.evosuite.runtime.instrumentation.EvoClassLoader instrumentClass
INFO: Instrumenting class 'org.mozilla.javascript.commonjs.module.provider.ModuleSource_ESTest_scaffolding'.
Aug 04, 2018 9:47:56 PM org.evosuite.runtime.instrumentation.EvoClassLoader instrumentClass
INFO: Keeping class: org.mozilla.javascript.commonjs.module.provider.ModuleSource_ESTest_scaffolding
Aug 04, 2018 9:47:56 PM org.evosuite.runtime.instrumentation.EvoClassLoader instrumentClass
INFO: Keeping class: org.mozilla.javascript.commonjs.module.provider.ModuleSource_ESTest
Aug 05, 2018 4:47:57 AM org.evosuite.runtime.instrumentation.EvoClassLoader loadClass
INFO: Seeing class for first time: org.mozilla.javascript.commonjs.module.provider.ModuleSource
Aug 05, 2018 4:47:57 AM org.evosuite.runtime.instrumentation.EvoClassLoader instrumentClass
INFO: Instrumenting class 'org.mozilla.javascript.commonjs.module.provider.ModuleSource'.
Aug 05, 2018 4:47:58 AM org.evosuite.runtime.instrumentation.MethodCallReplacementClassAdapter visit
INFO: Adding mock interface to class org/mozilla/javascript/commonjs/module/provider/ModuleSource
Aug 05, 2018 4:47:59 AM org.evosuite.runtime.instrumentation.CreateClassResetClassAdapter createEmptyStaticReset
INFO: Creating brand-new static initializer in class org/mozilla/javascript/commonjs/module/provider/ModuleSource
Aug 05, 2018 4:47:59 AM org.evosuite.runtime.instrumentation.EvoClassLoader instrumentClass
INFO: Keeping class: org.mozilla.javascript.commonjs.module.provider.ModuleSource
Aug 05, 2018 4:47:59 AM org.evosuite.runtime.thread.ThreadStopper killAndJoinClientThreads
INFO: Found new thread
Aug 05, 2018 4:47:59 AM org.evosuite.runtime.thread.ThreadStopper killAndJoinClientThreads
INFO: Found new thread
Aug 05, 2018 4:47:59 AM org.evosuite.runtime.thread.ThreadStopper killAndJoinClientThreads
INFO: Found new thread
]]></system-err>
</testsuite>
