<?xml version="1.0" encoding="UTF-8"?>
<testsuite name="org.mozilla.javascript.commonjs.module.provider.ParsedContentType_ESTest" tests="4" skipped="0" failures="0" errors="0" timestamp="2018-08-05T04:48:16" hostname="cobb" time="0.195">
  <properties/>
  <testcase name="test3" classname="org.mozilla.javascript.commonjs.module.provider.ParsedContentType_ESTest" time="0.1"/>
  <testcase name="test2" classname="org.mozilla.javascript.commonjs.module.provider.ParsedContentType_ESTest" time="0.021"/>
  <testcase name="test1" classname="org.mozilla.javascript.commonjs.module.provider.ParsedContentType_ESTest" time="0.036"/>
  <testcase name="test0" classname="org.mozilla.javascript.commonjs.module.provider.ParsedContentType_ESTest" time="0.036"/>
  <system-out><![CDATA[]]></system-out>
  <system-err><![CDATA[Aug 04, 2018 9:48:12 PM org.evosuite.runtime.instrumentation.EvoClassLoader loadClass
INFO: Seeing class for first time: org.mozilla.javascript.commonjs.module.provider.ParsedContentType_ESTest
Aug 04, 2018 9:48:12 PM org.evosuite.runtime.instrumentation.EvoClassLoader instrumentClass
INFO: Instrumenting class 'org.mozilla.javascript.commonjs.module.provider.ParsedContentType_ESTest'.
Aug 04, 2018 9:48:12 PM org.evosuite.runtime.instrumentation.EvoClassLoader loadClass
INFO: Seeing class for first time: org.mozilla.javascript.commonjs.module.provider.ParsedContentType_ESTest_scaffolding
Aug 04, 2018 9:48:12 PM org.evosuite.runtime.instrumentation.EvoClassLoader instrumentClass
INFO: Instrumenting class 'org.mozilla.javascript.commonjs.module.provider.ParsedContentType_ESTest_scaffolding'.
Aug 04, 2018 9:48:12 PM org.evosuite.runtime.instrumentation.EvoClassLoader instrumentClass
INFO: Keeping class: org.mozilla.javascript.commonjs.module.provider.ParsedContentType_ESTest_scaffolding
Aug 04, 2018 9:48:12 PM org.evosuite.runtime.instrumentation.EvoClassLoader instrumentClass
INFO: Keeping class: org.mozilla.javascript.commonjs.module.provider.ParsedContentType_ESTest
Aug 05, 2018 4:48:14 AM org.evosuite.runtime.instrumentation.EvoClassLoader loadClass
INFO: Seeing class for first time: org.mozilla.javascript.commonjs.module.provider.ParsedContentType
Aug 05, 2018 4:48:14 AM org.evosuite.runtime.instrumentation.EvoClassLoader instrumentClass
INFO: Instrumenting class 'org.mozilla.javascript.commonjs.module.provider.ParsedContentType'.
Aug 05, 2018 4:48:14 AM org.evosuite.runtime.instrumentation.MethodCallReplacementClassAdapter visit
INFO: Adding mock interface to class org/mozilla/javascript/commonjs/module/provider/ParsedContentType
Aug 05, 2018 4:48:16 AM org.evosuite.runtime.instrumentation.CreateClassResetClassAdapter createEmptyStaticReset
INFO: Creating brand-new static initializer in class org/mozilla/javascript/commonjs/module/provider/ParsedContentType
Aug 05, 2018 4:48:16 AM org.evosuite.runtime.instrumentation.EvoClassLoader instrumentClass
INFO: Keeping class: org.mozilla.javascript.commonjs.module.provider.ParsedContentType
Aug 05, 2018 4:48:16 AM org.evosuite.runtime.thread.ThreadStopper killAndJoinClientThreads
INFO: Found new thread
Aug 05, 2018 4:48:16 AM org.evosuite.runtime.thread.ThreadStopper killAndJoinClientThreads
INFO: Found new thread
Aug 05, 2018 4:48:16 AM org.evosuite.runtime.thread.ThreadStopper killAndJoinClientThreads
INFO: Found new thread
Aug 05, 2018 4:48:16 AM org.evosuite.runtime.thread.ThreadStopper killAndJoinClientThreads
INFO: Found new thread
]]></system-err>
</testsuite>
