<?xml version="1.0" encoding="UTF-8"?>
<testsuite name="org.mozilla.javascript.tools.idswitch.CodePrinter_ESTest" tests="18" skipped="0" failures="0" errors="0" timestamp="2018-08-05T04:45:18" hostname="cobb" time="0.797">
  <properties/>
  <testcase name="test03" classname="org.mozilla.javascript.tools.idswitch.CodePrinter_ESTest" time="0.12"/>
  <testcase name="test14" classname="org.mozilla.javascript.tools.idswitch.CodePrinter_ESTest" time="0.075"/>
  <testcase name="test02" classname="org.mozilla.javascript.tools.idswitch.CodePrinter_ESTest" time="0.05"/>
  <testcase name="test13" classname="org.mozilla.javascript.tools.idswitch.CodePrinter_ESTest" time="0.059"/>
  <testcase name="test05" classname="org.mozilla.javascript.tools.idswitch.CodePrinter_ESTest" time="0.053"/>
  <testcase name="test16" classname="org.mozilla.javascript.tools.idswitch.CodePrinter_ESTest" time="0.053"/>
  <testcase name="test04" classname="org.mozilla.javascript.tools.idswitch.CodePrinter_ESTest" time="0.023"/>
  <testcase name="test15" classname="org.mozilla.javascript.tools.idswitch.CodePrinter_ESTest" time="0.041"/>
  <testcase name="test10" classname="org.mozilla.javascript.tools.idswitch.CodePrinter_ESTest" time="0.025"/>
  <testcase name="test01" classname="org.mozilla.javascript.tools.idswitch.CodePrinter_ESTest" time="0.053"/>
  <testcase name="test12" classname="org.mozilla.javascript.tools.idswitch.CodePrinter_ESTest" time="0.025"/>
  <testcase name="test00" classname="org.mozilla.javascript.tools.idswitch.CodePrinter_ESTest" time="0.028"/>
  <testcase name="test11" classname="org.mozilla.javascript.tools.idswitch.CodePrinter_ESTest" time="0.04"/>
  <testcase name="test07" classname="org.mozilla.javascript.tools.idswitch.CodePrinter_ESTest" time="0.043"/>
  <testcase name="test06" classname="org.mozilla.javascript.tools.idswitch.CodePrinter_ESTest" time="0.017"/>
  <testcase name="test17" classname="org.mozilla.javascript.tools.idswitch.CodePrinter_ESTest" time="0.037"/>
  <testcase name="test09" classname="org.mozilla.javascript.tools.idswitch.CodePrinter_ESTest" time="0.027"/>
  <testcase name="test08" classname="org.mozilla.javascript.tools.idswitch.CodePrinter_ESTest" time="0.019"/>
  <system-out><![CDATA[]]></system-out>
  <system-err><![CDATA[Aug 04, 2018 9:45:13 PM org.evosuite.runtime.instrumentation.EvoClassLoader loadClass
INFO: Seeing class for first time: org.mozilla.javascript.tools.idswitch.CodePrinter_ESTest
Aug 04, 2018 9:45:13 PM org.evosuite.runtime.instrumentation.EvoClassLoader instrumentClass
INFO: Instrumenting class 'org.mozilla.javascript.tools.idswitch.CodePrinter_ESTest'.
Aug 04, 2018 9:45:14 PM org.evosuite.runtime.instrumentation.EvoClassLoader loadClass
INFO: Seeing class for first time: org.mozilla.javascript.tools.idswitch.CodePrinter_ESTest_scaffolding
Aug 04, 2018 9:45:14 PM org.evosuite.runtime.instrumentation.EvoClassLoader instrumentClass
INFO: Instrumenting class 'org.mozilla.javascript.tools.idswitch.CodePrinter_ESTest_scaffolding'.
Aug 04, 2018 9:45:14 PM org.evosuite.runtime.instrumentation.EvoClassLoader instrumentClass
INFO: Keeping class: org.mozilla.javascript.tools.idswitch.CodePrinter_ESTest_scaffolding
Aug 04, 2018 9:45:14 PM org.evosuite.runtime.instrumentation.EvoClassLoader instrumentClass
INFO: Keeping class: org.mozilla.javascript.tools.idswitch.CodePrinter_ESTest
Aug 05, 2018 4:45:16 AM org.evosuite.runtime.instrumentation.EvoClassLoader loadClass
INFO: Seeing class for first time: org.mozilla.javascript.tools.idswitch.CodePrinter
Aug 05, 2018 4:45:16 AM org.evosuite.runtime.instrumentation.EvoClassLoader instrumentClass
INFO: Instrumenting class 'org.mozilla.javascript.tools.idswitch.CodePrinter'.
Aug 05, 2018 4:45:16 AM org.evosuite.runtime.instrumentation.MethodCallReplacementClassAdapter visit
INFO: Adding mock interface to class org/mozilla/javascript/tools/idswitch/CodePrinter
Aug 05, 2018 4:45:18 AM org.evosuite.runtime.instrumentation.CreateClassResetClassAdapter createEmptyStaticReset
INFO: Creating brand-new static initializer in class org/mozilla/javascript/tools/idswitch/CodePrinter
Aug 05, 2018 4:45:18 AM org.evosuite.runtime.instrumentation.CreateClassResetClassAdapter createEmptyStaticReset
INFO: Adding bytecode for initializing field LITERAL_CHAR_MAX_SIZE
Aug 05, 2018 4:45:18 AM org.evosuite.runtime.instrumentation.EvoClassLoader instrumentClass
INFO: Keeping class: org.mozilla.javascript.tools.idswitch.CodePrinter
Aug 05, 2018 4:45:18 AM org.evosuite.runtime.thread.ThreadStopper killAndJoinClientThreads
INFO: Found new thread
Aug 05, 2018 4:45:18 AM org.evosuite.runtime.thread.ThreadStopper killAndJoinClientThreads
INFO: Found new thread
Aug 05, 2018 4:45:18 AM org.evosuite.runtime.thread.ThreadStopper killAndJoinClientThreads
INFO: Found new thread
Aug 05, 2018 4:45:18 AM org.evosuite.runtime.thread.ThreadStopper killAndJoinClientThreads
INFO: Found new thread
Aug 05, 2018 4:45:18 AM org.evosuite.runtime.thread.ThreadStopper killAndJoinClientThreads
INFO: Found new thread
Aug 05, 2018 4:45:18 AM org.evosuite.runtime.thread.ThreadStopper killAndJoinClientThreads
INFO: Found new thread
Aug 05, 2018 4:45:18 AM org.evosuite.runtime.thread.ThreadStopper killAndJoinClientThreads
INFO: Found new thread
Aug 05, 2018 4:45:18 AM org.evosuite.runtime.thread.ThreadStopper killAndJoinClientThreads
INFO: Found new thread
Aug 05, 2018 4:45:18 AM org.evosuite.runtime.thread.ThreadStopper killAndJoinClientThreads
INFO: Found new thread
Aug 05, 2018 4:45:18 AM org.evosuite.runtime.thread.ThreadStopper killAndJoinClientThreads
INFO: Found new thread
Aug 05, 2018 4:45:18 AM org.evosuite.runtime.thread.ThreadStopper killAndJoinClientThreads
INFO: Found new thread
Aug 05, 2018 4:45:18 AM org.evosuite.runtime.thread.ThreadStopper killAndJoinClientThreads
INFO: Found new thread
Aug 05, 2018 4:45:18 AM org.evosuite.runtime.thread.ThreadStopper killAndJoinClientThreads
INFO: Found new thread
Aug 05, 2018 4:45:18 AM org.evosuite.runtime.thread.ThreadStopper killAndJoinClientThreads
INFO: Found new thread
Aug 05, 2018 4:45:18 AM org.evosuite.runtime.thread.ThreadStopper killAndJoinClientThreads
INFO: Found new thread
]]></system-err>
</testsuite>
