<?xml version="1.0" encoding="UTF-8"?>
<testsuite name="org.mozilla.javascript.SecurityUtilities_ESTest" tests="4" skipped="0" failures="0" errors="0" timestamp="2018-08-05T05:09:36" hostname="cobb" time="0.282">
  <properties/>
  <testcase name="test0" classname="org.mozilla.javascript.SecurityUtilities_ESTest" time="0.128"/>
  <testcase name="test1" classname="org.mozilla.javascript.SecurityUtilities_ESTest" time="0.048"/>
  <testcase name="test2" classname="org.mozilla.javascript.SecurityUtilities_ESTest" time="0.041"/>
  <testcase name="test3" classname="org.mozilla.javascript.SecurityUtilities_ESTest" time="0.035"/>
  <system-out><![CDATA[]]></system-out>
  <system-err><![CDATA[Aug 04, 2018 10:09:31 PM org.evosuite.runtime.instrumentation.EvoClassLoader loadClass
INFO: Seeing class for first time: org.mozilla.javascript.SecurityUtilities_ESTest
Aug 04, 2018 10:09:31 PM org.evosuite.runtime.instrumentation.EvoClassLoader instrumentClass
INFO: Instrumenting class 'org.mozilla.javascript.SecurityUtilities_ESTest'.
Aug 04, 2018 10:09:32 PM org.evosuite.runtime.instrumentation.EvoClassLoader loadClass
INFO: Seeing class for first time: org.mozilla.javascript.SecurityUtilities_ESTest_scaffolding
Aug 04, 2018 10:09:32 PM org.evosuite.runtime.instrumentation.EvoClassLoader instrumentClass
INFO: Instrumenting class 'org.mozilla.javascript.SecurityUtilities_ESTest_scaffolding'.
Aug 04, 2018 10:09:32 PM org.evosuite.runtime.instrumentation.EvoClassLoader instrumentClass
INFO: Keeping class: org.mozilla.javascript.SecurityUtilities_ESTest_scaffolding
Aug 04, 2018 10:09:32 PM org.evosuite.runtime.instrumentation.EvoClassLoader instrumentClass
INFO: Keeping class: org.mozilla.javascript.SecurityUtilities_ESTest
Aug 05, 2018 5:09:34 AM org.evosuite.runtime.instrumentation.EvoClassLoader loadClass
INFO: Seeing class for first time: org.mozilla.javascript.SecurityUtilities$1
Aug 05, 2018 5:09:34 AM org.evosuite.runtime.instrumentation.EvoClassLoader instrumentClass
INFO: Instrumenting class 'org.mozilla.javascript.SecurityUtilities$1'.
Aug 05, 2018 5:09:34 AM org.evosuite.runtime.instrumentation.MethodCallReplacementClassAdapter visit
INFO: Adding mock interface to class org/mozilla/javascript/SecurityUtilities$1
Aug 05, 2018 5:09:35 AM org.evosuite.runtime.instrumentation.EvoClassLoader instrumentClass
INFO: Keeping class: org.mozilla.javascript.SecurityUtilities$1
Aug 05, 2018 5:09:35 AM org.evosuite.runtime.instrumentation.EvoClassLoader loadClass
INFO: Seeing class for first time: org.mozilla.javascript.SecurityUtilities$2
Aug 05, 2018 5:09:35 AM org.evosuite.runtime.instrumentation.EvoClassLoader instrumentClass
INFO: Instrumenting class 'org.mozilla.javascript.SecurityUtilities$2'.
Aug 05, 2018 5:09:35 AM org.evosuite.runtime.instrumentation.MethodCallReplacementClassAdapter visit
INFO: Adding mock interface to class org/mozilla/javascript/SecurityUtilities$2
Aug 05, 2018 5:09:35 AM org.evosuite.runtime.instrumentation.EvoClassLoader instrumentClass
INFO: Keeping class: org.mozilla.javascript.SecurityUtilities$2
Aug 05, 2018 5:09:35 AM org.evosuite.runtime.instrumentation.EvoClassLoader loadClass
INFO: Seeing class for first time: org.mozilla.javascript.SecurityUtilities$3
Aug 05, 2018 5:09:35 AM org.evosuite.runtime.instrumentation.EvoClassLoader instrumentClass
INFO: Instrumenting class 'org.mozilla.javascript.SecurityUtilities$3'.
Aug 05, 2018 5:09:35 AM org.evosuite.runtime.instrumentation.MethodCallReplacementClassAdapter visit
INFO: Adding mock interface to class org/mozilla/javascript/SecurityUtilities$3
Aug 05, 2018 5:09:35 AM org.evosuite.runtime.instrumentation.EvoClassLoader instrumentClass
INFO: Keeping class: org.mozilla.javascript.SecurityUtilities$3
Aug 05, 2018 5:09:35 AM org.evosuite.runtime.instrumentation.EvoClassLoader loadClass
INFO: Seeing class for first time: org.mozilla.javascript.SecurityUtilities
Aug 05, 2018 5:09:35 AM org.evosuite.runtime.instrumentation.EvoClassLoader instrumentClass
INFO: Instrumenting class 'org.mozilla.javascript.SecurityUtilities'.
Aug 05, 2018 5:09:36 AM org.evosuite.runtime.instrumentation.MethodCallReplacementClassAdapter visit
INFO: Adding mock interface to class org/mozilla/javascript/SecurityUtilities
Aug 05, 2018 5:09:36 AM org.evosuite.runtime.instrumentation.CreateClassResetClassAdapter createEmptyStaticReset
INFO: Creating brand-new static initializer in class org/mozilla/javascript/SecurityUtilities
Aug 05, 2018 5:09:36 AM org.evosuite.runtime.instrumentation.EvoClassLoader instrumentClass
INFO: Keeping class: org.mozilla.javascript.SecurityUtilities
Aug 05, 2018 5:09:36 AM org.evosuite.runtime.instrumentation.EvoClassLoader loadClass
INFO: Seeing class for first time: org.mozilla.javascript.RhinoSecurityManager
Aug 05, 2018 5:09:36 AM org.evosuite.runtime.instrumentation.EvoClassLoader instrumentClass
INFO: Instrumenting class 'org.mozilla.javascript.RhinoSecurityManager'.
Aug 05, 2018 5:09:36 AM org.evosuite.runtime.instrumentation.MethodCallReplacementClassAdapter visit
INFO: Adding mock interface to class org/mozilla/javascript/RhinoSecurityManager
Aug 05, 2018 5:09:36 AM org.evosuite.runtime.instrumentation.CreateClassResetClassAdapter createEmptyStaticReset
INFO: Creating brand-new static initializer in class org/mozilla/javascript/RhinoSecurityManager
Aug 05, 2018 5:09:36 AM org.evosuite.runtime.instrumentation.EvoClassLoader instrumentClass
INFO: Keeping class: org.mozilla.javascript.RhinoSecurityManager
Aug 05, 2018 5:09:36 AM org.evosuite.runtime.thread.ThreadStopper killAndJoinClientThreads
INFO: Found new thread
Aug 05, 2018 5:09:36 AM org.evosuite.runtime.thread.ThreadStopper killAndJoinClientThreads
INFO: Found new thread
Aug 05, 2018 5:09:36 AM org.evosuite.runtime.thread.ThreadStopper killAndJoinClientThreads
INFO: Found new thread
Aug 05, 2018 5:09:36 AM org.evosuite.runtime.thread.ThreadStopper killAndJoinClientThreads
INFO: Found new thread
]]></system-err>
</testsuite>
