<?xml version="1.0" encoding="UTF-8"?>
<testsuite name="org.mozilla.classfile.ClassFileWriter_ESTest" tests="81" skipped="0" failures="0" errors="0" timestamp="2018-08-05T05:21:30" hostname="cobb" time="2.1">
  <properties/>
  <testcase name="test30" classname="org.mozilla.classfile.ClassFileWriter_ESTest" time="0.088"/>
  <testcase name="test74" classname="org.mozilla.classfile.ClassFileWriter_ESTest" time="0.089"/>
  <testcase name="test73" classname="org.mozilla.classfile.ClassFileWriter_ESTest" time="0.031"/>
  <testcase name="test72" classname="org.mozilla.classfile.ClassFileWriter_ESTest" time="0.112"/>
  <testcase name="test71" classname="org.mozilla.classfile.ClassFileWriter_ESTest" time="0.062"/>
  <testcase name="test70" classname="org.mozilla.classfile.ClassFileWriter_ESTest" time="0.062"/>
  <testcase name="test39" classname="org.mozilla.classfile.ClassFileWriter_ESTest" time="0.038"/>
  <testcase name="test38" classname="org.mozilla.classfile.ClassFileWriter_ESTest" time="0.016"/>
  <testcase name="test37" classname="org.mozilla.classfile.ClassFileWriter_ESTest" time="0.014"/>
  <testcase name="test36" classname="org.mozilla.classfile.ClassFileWriter_ESTest" time="0.047"/>
  <testcase name="test35" classname="org.mozilla.classfile.ClassFileWriter_ESTest" time="0.025"/>
  <testcase name="test79" classname="org.mozilla.classfile.ClassFileWriter_ESTest" time="0.034"/>
  <testcase name="test34" classname="org.mozilla.classfile.ClassFileWriter_ESTest" time="0.02"/>
  <testcase name="test78" classname="org.mozilla.classfile.ClassFileWriter_ESTest" time="0.021"/>
  <testcase name="test33" classname="org.mozilla.classfile.ClassFileWriter_ESTest" time="0.031"/>
  <testcase name="test77" classname="org.mozilla.classfile.ClassFileWriter_ESTest" time="0.037"/>
  <testcase name="test32" classname="org.mozilla.classfile.ClassFileWriter_ESTest" time="0.036"/>
  <testcase name="test76" classname="org.mozilla.classfile.ClassFileWriter_ESTest" time="0.021"/>
  <testcase name="test31" classname="org.mozilla.classfile.ClassFileWriter_ESTest" time="0.04"/>
  <testcase name="test75" classname="org.mozilla.classfile.ClassFileWriter_ESTest" time="0.02"/>
  <testcase name="test63" classname="org.mozilla.classfile.ClassFileWriter_ESTest" time="0.023"/>
  <testcase name="test62" classname="org.mozilla.classfile.ClassFileWriter_ESTest" time="0.027"/>
  <testcase name="test61" classname="org.mozilla.classfile.ClassFileWriter_ESTest" time="0.028"/>
  <testcase name="test60" classname="org.mozilla.classfile.ClassFileWriter_ESTest" time="0.026"/>
  <testcase name="test29" classname="org.mozilla.classfile.ClassFileWriter_ESTest" time="0.031"/>
  <testcase name="test28" classname="org.mozilla.classfile.ClassFileWriter_ESTest" time="0.027"/>
  <testcase name="test27" classname="org.mozilla.classfile.ClassFileWriter_ESTest" time="0.03"/>
  <testcase name="test26" classname="org.mozilla.classfile.ClassFileWriter_ESTest" time="0.017"/>
  <testcase name="test25" classname="org.mozilla.classfile.ClassFileWriter_ESTest" time="0.029"/>
  <testcase name="test69" classname="org.mozilla.classfile.ClassFileWriter_ESTest" time="0.019"/>
  <testcase name="test24" classname="org.mozilla.classfile.ClassFileWriter_ESTest" time="0.016"/>
  <testcase name="test68" classname="org.mozilla.classfile.ClassFileWriter_ESTest" time="0.035"/>
  <testcase name="test23" classname="org.mozilla.classfile.ClassFileWriter_ESTest" time="0.026"/>
  <testcase name="test67" classname="org.mozilla.classfile.ClassFileWriter_ESTest" time="0.013"/>
  <testcase name="test22" classname="org.mozilla.classfile.ClassFileWriter_ESTest" time="0.024"/>
  <testcase name="test66" classname="org.mozilla.classfile.ClassFileWriter_ESTest" time="0.009"/>
  <testcase name="test21" classname="org.mozilla.classfile.ClassFileWriter_ESTest" time="0.025"/>
  <testcase name="test65" classname="org.mozilla.classfile.ClassFileWriter_ESTest" time="0.026"/>
  <testcase name="test20" classname="org.mozilla.classfile.ClassFileWriter_ESTest" time="0.019"/>
  <testcase name="test64" classname="org.mozilla.classfile.ClassFileWriter_ESTest" time="0.028"/>
  <testcase name="test52" classname="org.mozilla.classfile.ClassFileWriter_ESTest" time="0.021"/>
  <testcase name="test51" classname="org.mozilla.classfile.ClassFileWriter_ESTest" time="0.025"/>
  <testcase name="test50" classname="org.mozilla.classfile.ClassFileWriter_ESTest" time="0.034"/>
  <testcase name="test19" classname="org.mozilla.classfile.ClassFileWriter_ESTest" time="0.013"/>
  <testcase name="test18" classname="org.mozilla.classfile.ClassFileWriter_ESTest" time="0.025"/>
  <testcase name="test17" classname="org.mozilla.classfile.ClassFileWriter_ESTest" time="0.012"/>
  <testcase name="test16" classname="org.mozilla.classfile.ClassFileWriter_ESTest" time="0.026"/>
  <testcase name="test15" classname="org.mozilla.classfile.ClassFileWriter_ESTest" time="0.018"/>
  <testcase name="test59" classname="org.mozilla.classfile.ClassFileWriter_ESTest" time="0.02"/>
  <testcase name="test14" classname="org.mozilla.classfile.ClassFileWriter_ESTest" time="0.011"/>
  <testcase name="test58" classname="org.mozilla.classfile.ClassFileWriter_ESTest" time="0.008"/>
  <testcase name="test13" classname="org.mozilla.classfile.ClassFileWriter_ESTest" time="0.022"/>
  <testcase name="test57" classname="org.mozilla.classfile.ClassFileWriter_ESTest" time="0.023"/>
  <testcase name="test12" classname="org.mozilla.classfile.ClassFileWriter_ESTest" time="0.031"/>
  <testcase name="test56" classname="org.mozilla.classfile.ClassFileWriter_ESTest" time="0.017"/>
  <testcase name="test11" classname="org.mozilla.classfile.ClassFileWriter_ESTest" time="0.002"/>
  <testcase name="test55" classname="org.mozilla.classfile.ClassFileWriter_ESTest" time="0.017"/>
  <testcase name="test10" classname="org.mozilla.classfile.ClassFileWriter_ESTest" time="0.027"/>
  <testcase name="test54" classname="org.mozilla.classfile.ClassFileWriter_ESTest" time="0.018"/>
  <testcase name="test53" classname="org.mozilla.classfile.ClassFileWriter_ESTest" time="0.017"/>
  <testcase name="test41" classname="org.mozilla.classfile.ClassFileWriter_ESTest" time="0.016"/>
  <testcase name="test40" classname="org.mozilla.classfile.ClassFileWriter_ESTest" time="0.008"/>
  <testcase name="test80" classname="org.mozilla.classfile.ClassFileWriter_ESTest" time="0.018"/>
  <testcase name="test09" classname="org.mozilla.classfile.ClassFileWriter_ESTest" time="0.007"/>
  <testcase name="test08" classname="org.mozilla.classfile.ClassFileWriter_ESTest" time="0.013"/>
  <testcase name="test07" classname="org.mozilla.classfile.ClassFileWriter_ESTest" time="0.017"/>
  <testcase name="test06" classname="org.mozilla.classfile.ClassFileWriter_ESTest" time="0.003"/>
  <testcase name="test05" classname="org.mozilla.classfile.ClassFileWriter_ESTest" time="0.003"/>
  <testcase name="test49" classname="org.mozilla.classfile.ClassFileWriter_ESTest" time="0.005"/>
  <testcase name="test04" classname="org.mozilla.classfile.ClassFileWriter_ESTest" time="0.015"/>
  <testcase name="test48" classname="org.mozilla.classfile.ClassFileWriter_ESTest" time="0.004"/>
  <testcase name="test03" classname="org.mozilla.classfile.ClassFileWriter_ESTest" time="0.01"/>
  <testcase name="test47" classname="org.mozilla.classfile.ClassFileWriter_ESTest" time="0.015"/>
  <testcase name="test02" classname="org.mozilla.classfile.ClassFileWriter_ESTest" time="0.058"/>
  <testcase name="test46" classname="org.mozilla.classfile.ClassFileWriter_ESTest" time="0.03"/>
  <testcase name="test01" classname="org.mozilla.classfile.ClassFileWriter_ESTest" time="0.02"/>
  <testcase name="test45" classname="org.mozilla.classfile.ClassFileWriter_ESTest" time="0.018"/>
  <testcase name="test00" classname="org.mozilla.classfile.ClassFileWriter_ESTest" time="0.005"/>
  <testcase name="test44" classname="org.mozilla.classfile.ClassFileWriter_ESTest" time="0.006"/>
  <testcase name="test43" classname="org.mozilla.classfile.ClassFileWriter_ESTest" time="0.011"/>
  <testcase name="test42" classname="org.mozilla.classfile.ClassFileWriter_ESTest" time="0.011"/>
  <system-out><![CDATA[]]></system-out>
  <system-err><![CDATA[Aug 04, 2018 10:21:25 PM org.evosuite.runtime.instrumentation.EvoClassLoader loadClass
INFO: Seeing class for first time: org.mozilla.classfile.ClassFileWriter_ESTest
Aug 04, 2018 10:21:25 PM org.evosuite.runtime.instrumentation.EvoClassLoader instrumentClass
INFO: Instrumenting class 'org.mozilla.classfile.ClassFileWriter_ESTest'.
Aug 04, 2018 10:21:26 PM org.evosuite.runtime.instrumentation.EvoClassLoader loadClass
INFO: Seeing class for first time: org.mozilla.classfile.ClassFileWriter_ESTest_scaffolding
Aug 04, 2018 10:21:26 PM org.evosuite.runtime.instrumentation.EvoClassLoader instrumentClass
INFO: Instrumenting class 'org.mozilla.classfile.ClassFileWriter_ESTest_scaffolding'.
Aug 04, 2018 10:21:26 PM org.evosuite.runtime.instrumentation.EvoClassLoader instrumentClass
INFO: Keeping class: org.mozilla.classfile.ClassFileWriter_ESTest_scaffolding
Aug 04, 2018 10:21:26 PM org.evosuite.runtime.instrumentation.EvoClassLoader instrumentClass
INFO: Keeping class: org.mozilla.classfile.ClassFileWriter_ESTest
Aug 05, 2018 5:21:27 AM org.evosuite.runtime.instrumentation.EvoClassLoader loadClass
INFO: Seeing class for first time: org.mozilla.classfile.ClassFileWriter$BootstrapEntry
Aug 05, 2018 5:21:27 AM org.evosuite.runtime.instrumentation.EvoClassLoader instrumentClass
INFO: Instrumenting class 'org.mozilla.classfile.ClassFileWriter$BootstrapEntry'.
Aug 05, 2018 5:21:27 AM org.evosuite.runtime.instrumentation.MethodCallReplacementClassAdapter visit
INFO: Adding mock interface to class org/mozilla/classfile/ClassFileWriter$BootstrapEntry
Aug 05, 2018 5:21:28 AM org.evosuite.runtime.instrumentation.CreateClassResetClassAdapter createEmptyStaticReset
INFO: Creating brand-new static initializer in class org/mozilla/classfile/ClassFileWriter$BootstrapEntry
Aug 05, 2018 5:21:28 AM org.evosuite.runtime.instrumentation.EvoClassLoader instrumentClass
INFO: Keeping class: org.mozilla.classfile.ClassFileWriter$BootstrapEntry
Aug 05, 2018 5:21:28 AM org.evosuite.runtime.instrumentation.EvoClassLoader loadClass
INFO: Seeing class for first time: org.mozilla.classfile.ClassFileWriter$ClassFileFormatException
Aug 05, 2018 5:21:28 AM org.evosuite.runtime.instrumentation.EvoClassLoader instrumentClass
INFO: Instrumenting class 'org.mozilla.classfile.ClassFileWriter$ClassFileFormatException'.
Aug 05, 2018 5:21:28 AM org.evosuite.runtime.instrumentation.MethodCallReplacementClassAdapter visit
INFO: Adding mock interface to class org/mozilla/classfile/ClassFileWriter$ClassFileFormatException
Aug 05, 2018 5:21:28 AM org.evosuite.runtime.instrumentation.CreateClassResetClassAdapter createEmptyStaticReset
INFO: Creating brand-new static initializer in class org/mozilla/classfile/ClassFileWriter$ClassFileFormatException
Aug 05, 2018 5:21:28 AM org.evosuite.runtime.instrumentation.EvoClassLoader instrumentClass
INFO: Keeping class: org.mozilla.classfile.ClassFileWriter$ClassFileFormatException
Aug 05, 2018 5:21:28 AM org.evosuite.runtime.instrumentation.EvoClassLoader loadClass
INFO: Seeing class for first time: org.mozilla.classfile.ConstantPool
Aug 05, 2018 5:21:28 AM org.evosuite.runtime.instrumentation.EvoClassLoader instrumentClass
INFO: Instrumenting class 'org.mozilla.classfile.ConstantPool'.
Aug 05, 2018 5:21:28 AM org.evosuite.runtime.instrumentation.MethodCallReplacementClassAdapter visit
INFO: Adding mock interface to class org/mozilla/classfile/ConstantPool
Aug 05, 2018 5:21:28 AM org.evosuite.runtime.instrumentation.CreateClassResetClassAdapter createEmptyStaticReset
INFO: Creating brand-new static initializer in class org/mozilla/classfile/ConstantPool
Aug 05, 2018 5:21:28 AM org.evosuite.runtime.instrumentation.CreateClassResetClassAdapter createEmptyStaticReset
INFO: Adding bytecode for initializing field ConstantPoolSize
Aug 05, 2018 5:21:28 AM org.evosuite.runtime.instrumentation.CreateClassResetClassAdapter createEmptyStaticReset
INFO: Adding bytecode for initializing field CONSTANT_Class
Aug 05, 2018 5:21:28 AM org.evosuite.runtime.instrumentation.CreateClassResetClassAdapter createEmptyStaticReset
INFO: Adding bytecode for initializing field CONSTANT_Fieldref
Aug 05, 2018 5:21:28 AM org.evosuite.runtime.instrumentation.CreateClassResetClassAdapter createEmptyStaticReset
INFO: Adding bytecode for initializing field CONSTANT_Methodref
Aug 05, 2018 5:21:28 AM org.evosuite.runtime.instrumentation.CreateClassResetClassAdapter createEmptyStaticReset
INFO: Adding bytecode for initializing field CONSTANT_InterfaceMethodref
Aug 05, 2018 5:21:28 AM org.evosuite.runtime.instrumentation.CreateClassResetClassAdapter createEmptyStaticReset
INFO: Adding bytecode for initializing field CONSTANT_String
Aug 05, 2018 5:21:28 AM org.evosuite.runtime.instrumentation.CreateClassResetClassAdapter createEmptyStaticReset
INFO: Adding bytecode for initializing field CONSTANT_Integer
Aug 05, 2018 5:21:28 AM org.evosuite.runtime.instrumentation.CreateClassResetClassAdapter createEmptyStaticReset
INFO: Adding bytecode for initializing field CONSTANT_Float
Aug 05, 2018 5:21:28 AM org.evosuite.runtime.instrumentation.CreateClassResetClassAdapter createEmptyStaticReset
INFO: Adding bytecode for initializing field CONSTANT_Long
Aug 05, 2018 5:21:28 AM org.evosuite.runtime.instrumentation.CreateClassResetClassAdapter createEmptyStaticReset
INFO: Adding bytecode for initializing field CONSTANT_Double
Aug 05, 2018 5:21:28 AM org.evosuite.runtime.instrumentation.CreateClassResetClassAdapter createEmptyStaticReset
INFO: Adding bytecode for initializing field CONSTANT_NameAndType
Aug 05, 2018 5:21:28 AM org.evosuite.runtime.instrumentation.CreateClassResetClassAdapter createEmptyStaticReset
INFO: Adding bytecode for initializing field CONSTANT_Utf8
Aug 05, 2018 5:21:28 AM org.evosuite.runtime.instrumentation.CreateClassResetClassAdapter createEmptyStaticReset
INFO: Adding bytecode for initializing field CONSTANT_MethodType
Aug 05, 2018 5:21:28 AM org.evosuite.runtime.instrumentation.CreateClassResetClassAdapter createEmptyStaticReset
INFO: Adding bytecode for initializing field CONSTANT_MethodHandle
Aug 05, 2018 5:21:28 AM org.evosuite.runtime.instrumentation.CreateClassResetClassAdapter createEmptyStaticReset
INFO: Adding bytecode for initializing field CONSTANT_InvokeDynamic
Aug 05, 2018 5:21:28 AM org.evosuite.runtime.instrumentation.CreateClassResetClassAdapter createEmptyStaticReset
INFO: Adding bytecode for initializing field MAX_UTF_ENCODING_SIZE
Aug 05, 2018 5:21:28 AM org.evosuite.runtime.instrumentation.EvoClassLoader instrumentClass
INFO: Keeping class: org.mozilla.classfile.ConstantPool
Aug 05, 2018 5:21:28 AM org.evosuite.runtime.instrumentation.EvoClassLoader loadClass
INFO: Seeing class for first time: org.mozilla.classfile.ClassFileWriter$StackMapTable
Aug 05, 2018 5:21:28 AM org.evosuite.runtime.instrumentation.EvoClassLoader instrumentClass
INFO: Instrumenting class 'org.mozilla.classfile.ClassFileWriter$StackMapTable'.
Aug 05, 2018 5:21:28 AM org.evosuite.runtime.instrumentation.MethodCallReplacementClassAdapter visit
INFO: Adding mock interface to class org/mozilla/classfile/ClassFileWriter$StackMapTable
Aug 05, 2018 5:21:29 AM org.evosuite.runtime.instrumentation.CreateClassResetClassAdapter createEmptyStaticReset
INFO: Creating brand-new static initializer in class org/mozilla/classfile/ClassFileWriter$StackMapTable
Aug 05, 2018 5:21:29 AM org.evosuite.runtime.instrumentation.CreateClassResetClassAdapter createEmptyStaticReset
INFO: Adding bytecode for initializing field DEBUGSTACKMAP
Aug 05, 2018 5:21:29 AM org.evosuite.runtime.instrumentation.EvoClassLoader instrumentClass
INFO: Keeping class: org.mozilla.classfile.ClassFileWriter$StackMapTable
Aug 05, 2018 5:21:29 AM org.evosuite.runtime.instrumentation.EvoClassLoader loadClass
INFO: Seeing class for first time: org.mozilla.classfile.ClassFileWriter
Aug 05, 2018 5:21:29 AM org.evosuite.runtime.instrumentation.EvoClassLoader instrumentClass
INFO: Instrumenting class 'org.mozilla.classfile.ClassFileWriter'.
Aug 05, 2018 5:21:29 AM org.evosuite.runtime.instrumentation.MethodCallReplacementClassAdapter visit
INFO: Adding mock interface to class org/mozilla/classfile/ClassFileWriter
Aug 05, 2018 5:21:29 AM org.evosuite.runtime.instrumentation.CreateClassResetClassAdapter visitMethod
INFO: Found static initializer in class org/mozilla/classfile/ClassFileWriter
Aug 05, 2018 5:21:29 AM org.evosuite.runtime.instrumentation.EvoClassLoader instrumentClass
INFO: Keeping class: org.mozilla.classfile.ClassFileWriter
Aug 05, 2018 5:21:29 AM org.evosuite.runtime.instrumentation.EvoClassLoader loadClass
INFO: Seeing class for first time: org.mozilla.javascript.UintMap
Aug 05, 2018 5:21:29 AM org.evosuite.runtime.instrumentation.EvoClassLoader instrumentClass
INFO: Instrumenting class 'org.mozilla.javascript.UintMap'.
Aug 05, 2018 5:21:29 AM org.evosuite.runtime.instrumentation.MethodCallReplacementClassAdapter visit
INFO: Adding mock interface to class org/mozilla/javascript/UintMap
Aug 05, 2018 5:21:29 AM org.evosuite.runtime.instrumentation.CreateClassResetClassAdapter createEmptyStaticReset
INFO: Creating brand-new static initializer in class org/mozilla/javascript/UintMap
Aug 05, 2018 5:21:29 AM org.evosuite.runtime.instrumentation.CreateClassResetClassAdapter createEmptyStaticReset
INFO: Adding bytecode for initializing field A
Aug 05, 2018 5:21:29 AM org.evosuite.runtime.instrumentation.CreateClassResetClassAdapter createEmptyStaticReset
INFO: Adding bytecode for initializing field EMPTY
Aug 05, 2018 5:21:29 AM org.evosuite.runtime.instrumentation.CreateClassResetClassAdapter createEmptyStaticReset
INFO: Adding bytecode for initializing field DELETED
Aug 05, 2018 5:21:29 AM org.evosuite.runtime.instrumentation.CreateClassResetClassAdapter createEmptyStaticReset
INFO: Adding bytecode for initializing field check
Aug 05, 2018 5:21:29 AM org.evosuite.runtime.instrumentation.EvoClassLoader createPackageDefinition
INFO: Defined package (3): package org.mozilla.javascript, -1130473355
Aug 05, 2018 5:21:29 AM org.evosuite.runtime.instrumentation.EvoClassLoader instrumentClass
INFO: Keeping class: org.mozilla.javascript.UintMap
Aug 05, 2018 5:21:29 AM org.evosuite.runtime.instrumentation.EvoClassLoader loadClass
INFO: Seeing class for first time: org.mozilla.classfile.FieldOrMethodRef
Aug 05, 2018 5:21:29 AM org.evosuite.runtime.instrumentation.EvoClassLoader instrumentClass
INFO: Instrumenting class 'org.mozilla.classfile.FieldOrMethodRef'.
Aug 05, 2018 5:21:29 AM org.evosuite.runtime.instrumentation.MethodCallReplacementClassAdapter visit
INFO: Adding mock interface to class org/mozilla/classfile/FieldOrMethodRef
Aug 05, 2018 5:21:29 AM org.evosuite.runtime.instrumentation.CreateClassResetClassAdapter createEmptyStaticReset
INFO: Creating brand-new static initializer in class org/mozilla/classfile/FieldOrMethodRef
Aug 05, 2018 5:21:29 AM org.evosuite.runtime.instrumentation.EvoClassLoader instrumentClass
INFO: Keeping class: org.mozilla.classfile.FieldOrMethodRef
Aug 05, 2018 5:21:29 AM org.evosuite.runtime.instrumentation.EvoClassLoader loadClass
INFO: Seeing class for first time: org.mozilla.javascript.ObjToIntMap$Iterator
Aug 05, 2018 5:21:29 AM org.evosuite.runtime.instrumentation.EvoClassLoader instrumentClass
INFO: Instrumenting class 'org.mozilla.javascript.ObjToIntMap$Iterator'.
Aug 05, 2018 5:21:29 AM org.evosuite.runtime.instrumentation.MethodCallReplacementClassAdapter visit
INFO: Adding mock interface to class org/mozilla/javascript/ObjToIntMap$Iterator
Aug 05, 2018 5:21:29 AM org.evosuite.runtime.instrumentation.CreateClassResetClassAdapter createEmptyStaticReset
INFO: Creating brand-new static initializer in class org/mozilla/javascript/ObjToIntMap$Iterator
Aug 05, 2018 5:21:29 AM org.evosuite.runtime.instrumentation.EvoClassLoader instrumentClass
INFO: Keeping class: org.mozilla.javascript.ObjToIntMap$Iterator
Aug 05, 2018 5:21:29 AM org.evosuite.runtime.instrumentation.EvoClassLoader loadClass
INFO: Seeing class for first time: org.mozilla.classfile.ExceptionTableEntry
Aug 05, 2018 5:21:29 AM org.evosuite.runtime.instrumentation.EvoClassLoader instrumentClass
INFO: Instrumenting class 'org.mozilla.classfile.ExceptionTableEntry'.
Aug 05, 2018 5:21:29 AM org.evosuite.runtime.instrumentation.MethodCallReplacementClassAdapter visit
INFO: Adding mock interface to class org/mozilla/classfile/ExceptionTableEntry
Aug 05, 2018 5:21:29 AM org.evosuite.runtime.instrumentation.CreateClassResetClassAdapter createEmptyStaticReset
INFO: Creating brand-new static initializer in class org/mozilla/classfile/ExceptionTableEntry
Aug 05, 2018 5:21:29 AM org.evosuite.runtime.instrumentation.EvoClassLoader instrumentClass
INFO: Keeping class: org.mozilla.classfile.ExceptionTableEntry
Aug 05, 2018 5:21:29 AM org.evosuite.runtime.instrumentation.EvoClassLoader loadClass
INFO: Seeing class for first time: org.mozilla.classfile.SuperBlock
Aug 05, 2018 5:21:29 AM org.evosuite.runtime.instrumentation.EvoClassLoader instrumentClass
INFO: Instrumenting class 'org.mozilla.classfile.SuperBlock'.
Aug 05, 2018 5:21:29 AM org.evosuite.runtime.instrumentation.MethodCallReplacementClassAdapter visit
INFO: Adding mock interface to class org/mozilla/classfile/SuperBlock
Aug 05, 2018 5:21:29 AM org.evosuite.runtime.instrumentation.CreateClassResetClassAdapter createEmptyStaticReset
INFO: Creating brand-new static initializer in class org/mozilla/classfile/SuperBlock
Aug 05, 2018 5:21:29 AM org.evosuite.runtime.instrumentation.EvoClassLoader instrumentClass
INFO: Keeping class: org.mozilla.classfile.SuperBlock
Aug 05, 2018 5:21:29 AM org.evosuite.runtime.instrumentation.EvoClassLoader loadClass
INFO: Seeing class for first time: org.mozilla.javascript.UniqueTag
Aug 05, 2018 5:21:29 AM org.evosuite.runtime.instrumentation.EvoClassLoader instrumentClass
INFO: Instrumenting class 'org.mozilla.javascript.UniqueTag'.
Aug 05, 2018 5:21:29 AM org.evosuite.runtime.instrumentation.MethodCallReplacementClassAdapter visit
INFO: Adding mock interface to class org/mozilla/javascript/UniqueTag
Aug 05, 2018 5:21:29 AM org.evosuite.runtime.instrumentation.CreateClassResetClassAdapter visitMethod
INFO: Found static initializer in class org/mozilla/javascript/UniqueTag
Aug 05, 2018 5:21:29 AM org.evosuite.runtime.instrumentation.EvoClassLoader instrumentClass
INFO: Keeping class: org.mozilla.javascript.UniqueTag
Aug 05, 2018 5:21:29 AM org.evosuite.runtime.instrumentation.EvoClassLoader loadClass
INFO: Seeing class for first time: org.mozilla.classfile.ClassFileMethod
Aug 05, 2018 5:21:29 AM org.evosuite.runtime.instrumentation.EvoClassLoader instrumentClass
INFO: Instrumenting class 'org.mozilla.classfile.ClassFileMethod'.
Aug 05, 2018 5:21:29 AM org.evosuite.runtime.instrumentation.MethodCallReplacementClassAdapter visit
INFO: Adding mock interface to class org/mozilla/classfile/ClassFileMethod
Aug 05, 2018 5:21:29 AM org.evosuite.runtime.instrumentation.CreateClassResetClassAdapter createEmptyStaticReset
INFO: Creating brand-new static initializer in class org/mozilla/classfile/ClassFileMethod
Aug 05, 2018 5:21:29 AM org.evosuite.runtime.instrumentation.EvoClassLoader instrumentClass
INFO: Keeping class: org.mozilla.classfile.ClassFileMethod
Aug 05, 2018 5:21:29 AM org.evosuite.runtime.instrumentation.EvoClassLoader loadClass
INFO: Seeing class for first time: org.mozilla.javascript.ObjArray
Aug 05, 2018 5:21:29 AM org.evosuite.runtime.instrumentation.EvoClassLoader instrumentClass
INFO: Instrumenting class 'org.mozilla.javascript.ObjArray'.
Aug 05, 2018 5:21:29 AM org.evosuite.runtime.instrumentation.MethodCallReplacementClassAdapter visit
INFO: Adding mock interface to class org/mozilla/javascript/ObjArray
Aug 05, 2018 5:21:29 AM org.evosuite.runtime.instrumentation.CreateClassResetClassAdapter createEmptyStaticReset
INFO: Creating brand-new static initializer in class org/mozilla/javascript/ObjArray
Aug 05, 2018 5:21:29 AM org.evosuite.runtime.instrumentation.CreateClassResetClassAdapter createEmptyStaticReset
INFO: Adding bytecode for initializing field FIELDS_STORE_SIZE
Aug 05, 2018 5:21:29 AM org.evosuite.runtime.instrumentation.EvoClassLoader instrumentClass
INFO: Keeping class: org.mozilla.javascript.ObjArray
Aug 05, 2018 5:21:29 AM org.evosuite.runtime.instrumentation.EvoClassLoader loadClass
INFO: Seeing class for first time: org.mozilla.classfile.ClassFileWriter$MHandle
Aug 05, 2018 5:21:29 AM org.evosuite.runtime.instrumentation.EvoClassLoader instrumentClass
INFO: Instrumenting class 'org.mozilla.classfile.ClassFileWriter$MHandle'.
Aug 05, 2018 5:21:29 AM org.evosuite.runtime.instrumentation.MethodCallReplacementClassAdapter visit
INFO: Adding mock interface to class org/mozilla/classfile/ClassFileWriter$MHandle
Aug 05, 2018 5:21:29 AM org.evosuite.runtime.instrumentation.CreateClassResetClassAdapter createEmptyStaticReset
INFO: Creating brand-new static initializer in class org/mozilla/classfile/ClassFileWriter$MHandle
Aug 05, 2018 5:21:29 AM org.evosuite.runtime.instrumentation.EvoClassLoader instrumentClass
INFO: Keeping class: org.mozilla.classfile.ClassFileWriter$MHandle
Aug 05, 2018 5:21:29 AM org.evosuite.runtime.instrumentation.EvoClassLoader loadClass
INFO: Seeing class for first time: org.mozilla.javascript.ObjToIntMap
Aug 05, 2018 5:21:29 AM org.evosuite.runtime.instrumentation.EvoClassLoader instrumentClass
INFO: Instrumenting class 'org.mozilla.javascript.ObjToIntMap'.
Aug 05, 2018 5:21:29 AM org.evosuite.runtime.instrumentation.MethodCallReplacementClassAdapter visit
INFO: Adding mock interface to class org/mozilla/javascript/ObjToIntMap
Aug 05, 2018 5:21:29 AM org.evosuite.runtime.instrumentation.CreateClassResetClassAdapter visitMethod
INFO: Found static initializer in class org/mozilla/javascript/ObjToIntMap
Aug 05, 2018 5:21:29 AM org.evosuite.runtime.instrumentation.EvoClassLoader instrumentClass
INFO: Keeping class: org.mozilla.javascript.ObjToIntMap
Aug 05, 2018 5:21:29 AM org.evosuite.runtime.instrumentation.EvoClassLoader loadClass
INFO: Seeing class for first time: org.mozilla.classfile.ClassFileField
Aug 05, 2018 5:21:29 AM org.evosuite.runtime.instrumentation.EvoClassLoader instrumentClass
INFO: Instrumenting class 'org.mozilla.classfile.ClassFileField'.
Aug 05, 2018 5:21:29 AM org.evosuite.runtime.instrumentation.MethodCallReplacementClassAdapter visit
INFO: Adding mock interface to class org/mozilla/classfile/ClassFileField
Aug 05, 2018 5:21:29 AM org.evosuite.runtime.instrumentation.CreateClassResetClassAdapter createEmptyStaticReset
INFO: Creating brand-new static initializer in class org/mozilla/classfile/ClassFileField
Aug 05, 2018 5:21:29 AM org.evosuite.runtime.instrumentation.EvoClassLoader instrumentClass
INFO: Keeping class: org.mozilla.classfile.ClassFileField
Aug 05, 2018 5:21:30 AM org.evosuite.runtime.thread.ThreadStopper killAndJoinClientThreads
INFO: Found new thread
Aug 05, 2018 5:21:30 AM org.evosuite.runtime.thread.ThreadStopper killAndJoinClientThreads
INFO: Found new thread
Aug 05, 2018 5:21:30 AM org.evosuite.runtime.thread.ThreadStopper killAndJoinClientThreads
INFO: Found new thread
Aug 05, 2018 5:21:30 AM org.evosuite.runtime.thread.ThreadStopper killAndJoinClientThreads
INFO: Found new thread
Aug 05, 2018 5:21:30 AM org.evosuite.runtime.thread.ThreadStopper killAndJoinClientThreads
INFO: Found new thread
Aug 05, 2018 5:21:30 AM org.evosuite.runtime.thread.ThreadStopper killAndJoinClientThreads
INFO: Found new thread
Aug 05, 2018 5:21:30 AM org.evosuite.runtime.thread.ThreadStopper killAndJoinClientThreads
INFO: Found new thread
Aug 05, 2018 5:21:30 AM org.evosuite.runtime.thread.ThreadStopper killAndJoinClientThreads
INFO: Found new thread
Aug 05, 2018 5:21:30 AM org.evosuite.runtime.thread.ThreadStopper killAndJoinClientThreads
INFO: Found new thread
Aug 05, 2018 5:21:30 AM org.evosuite.runtime.thread.ThreadStopper killAndJoinClientThreads
INFO: Found new thread
Aug 05, 2018 5:21:30 AM org.evosuite.runtime.thread.ThreadStopper killAndJoinClientThreads
INFO: Found new thread
Aug 05, 2018 5:21:30 AM org.evosuite.runtime.thread.ThreadStopper killAndJoinClientThreads
INFO: Found new thread
Aug 05, 2018 5:21:30 AM org.evosuite.runtime.thread.ThreadStopper killAndJoinClientThreads
INFO: Found new thread
Aug 05, 2018 5:21:31 AM org.evosuite.runtime.thread.ThreadStopper killAndJoinClientThreads
INFO: Found new thread
Aug 05, 2018 5:21:31 AM org.evosuite.runtime.thread.ThreadStopper killAndJoinClientThreads
INFO: Found new thread
Aug 05, 2018 5:21:31 AM org.evosuite.runtime.thread.ThreadStopper killAndJoinClientThreads
INFO: Found new thread
Aug 05, 2018 5:21:31 AM org.evosuite.runtime.thread.ThreadStopper killAndJoinClientThreads
INFO: Found new thread
Aug 05, 2018 5:21:31 AM org.evosuite.runtime.thread.ThreadStopper killAndJoinClientThreads
INFO: Found new thread
Aug 05, 2018 5:21:31 AM org.evosuite.runtime.thread.ThreadStopper killAndJoinClientThreads
INFO: Found new thread
Aug 05, 2018 5:21:31 AM org.evosuite.runtime.thread.ThreadStopper killAndJoinClientThreads
INFO: Found new thread
Aug 05, 2018 5:21:31 AM org.evosuite.runtime.thread.ThreadStopper killAndJoinClientThreads
INFO: Found new thread
Aug 05, 2018 5:21:31 AM org.evosuite.runtime.thread.ThreadStopper killAndJoinClientThreads
INFO: Found new thread
Aug 05, 2018 5:21:31 AM org.evosuite.runtime.thread.ThreadStopper killAndJoinClientThreads
INFO: Found new thread
Aug 05, 2018 5:21:31 AM org.evosuite.runtime.thread.ThreadStopper killAndJoinClientThreads
INFO: Found new thread
Aug 05, 2018 5:21:31 AM org.evosuite.runtime.thread.ThreadStopper killAndJoinClientThreads
INFO: Found new thread
Aug 05, 2018 5:21:31 AM org.evosuite.runtime.thread.ThreadStopper killAndJoinClientThreads
INFO: Found new thread
Aug 05, 2018 5:21:31 AM org.evosuite.runtime.thread.ThreadStopper killAndJoinClientThreads
INFO: Found new thread
Aug 05, 2018 5:21:31 AM org.evosuite.runtime.thread.ThreadStopper killAndJoinClientThreads
INFO: Found new thread
Aug 05, 2018 5:21:31 AM org.evosuite.runtime.thread.ThreadStopper killAndJoinClientThreads
INFO: Found new thread
Aug 05, 2018 5:21:31 AM org.evosuite.runtime.thread.ThreadStopper killAndJoinClientThreads
INFO: Found new thread
Aug 05, 2018 5:21:31 AM org.evosuite.runtime.thread.ThreadStopper killAndJoinClientThreads
INFO: Found new thread
Aug 05, 2018 5:21:31 AM org.evosuite.runtime.thread.ThreadStopper killAndJoinClientThreads
INFO: Found new thread
Aug 05, 2018 5:21:31 AM org.evosuite.runtime.thread.ThreadStopper killAndJoinClientThreads
INFO: Found new thread
Aug 05, 2018 5:21:31 AM org.evosuite.runtime.thread.ThreadStopper killAndJoinClientThreads
INFO: Found new thread
Aug 05, 2018 5:21:31 AM org.evosuite.runtime.thread.ThreadStopper killAndJoinClientThreads
INFO: Found new thread
Aug 05, 2018 5:21:31 AM org.evosuite.runtime.thread.ThreadStopper killAndJoinClientThreads
INFO: Found new thread
Aug 05, 2018 5:21:32 AM org.evosuite.runtime.thread.ThreadStopper killAndJoinClientThreads
INFO: Found new thread
Aug 05, 2018 5:21:32 AM org.evosuite.runtime.thread.ThreadStopper killAndJoinClientThreads
INFO: Found new thread
]]></system-err>
</testsuite>
