<?xml version="1.0" encoding="UTF-8"?>
<testsuite name="org.mozilla.javascript.v8dtoa.FastDtoaBuilder_ESTest" tests="8" skipped="0" failures="0" errors="0" timestamp="2018-08-05T05:13:04" hostname="cobb" time="0.411">
  <properties/>
  <testcase name="test3" classname="org.mozilla.javascript.v8dtoa.FastDtoaBuilder_ESTest" time="0.121"/>
  <testcase name="test2" classname="org.mozilla.javascript.v8dtoa.FastDtoaBuilder_ESTest" time="0.049"/>
  <testcase name="test5" classname="org.mozilla.javascript.v8dtoa.FastDtoaBuilder_ESTest" time="0.036"/>
  <testcase name="test4" classname="org.mozilla.javascript.v8dtoa.FastDtoaBuilder_ESTest" time="0.038"/>
  <testcase name="test7" classname="org.mozilla.javascript.v8dtoa.FastDtoaBuilder_ESTest" time="0.055"/>
  <testcase name="test6" classname="org.mozilla.javascript.v8dtoa.FastDtoaBuilder_ESTest" time="0.04"/>
  <testcase name="test1" classname="org.mozilla.javascript.v8dtoa.FastDtoaBuilder_ESTest" time="0.03"/>
  <testcase name="test0" classname="org.mozilla.javascript.v8dtoa.FastDtoaBuilder_ESTest" time="0.034"/>
  <system-out><![CDATA[]]></system-out>
  <system-err><![CDATA[Aug 04, 2018 10:13:00 PM org.evosuite.runtime.instrumentation.EvoClassLoader loadClass
INFO: Seeing class for first time: org.mozilla.javascript.v8dtoa.FastDtoaBuilder_ESTest
Aug 04, 2018 10:13:00 PM org.evosuite.runtime.instrumentation.EvoClassLoader instrumentClass
INFO: Instrumenting class 'org.mozilla.javascript.v8dtoa.FastDtoaBuilder_ESTest'.
Aug 04, 2018 10:13:01 PM org.evosuite.runtime.instrumentation.EvoClassLoader loadClass
INFO: Seeing class for first time: org.mozilla.javascript.v8dtoa.FastDtoaBuilder_ESTest_scaffolding
Aug 04, 2018 10:13:01 PM org.evosuite.runtime.instrumentation.EvoClassLoader instrumentClass
INFO: Instrumenting class 'org.mozilla.javascript.v8dtoa.FastDtoaBuilder_ESTest_scaffolding'.
Aug 04, 2018 10:13:01 PM org.evosuite.runtime.instrumentation.EvoClassLoader instrumentClass
INFO: Keeping class: org.mozilla.javascript.v8dtoa.FastDtoaBuilder_ESTest_scaffolding
Aug 04, 2018 10:13:01 PM org.evosuite.runtime.instrumentation.EvoClassLoader instrumentClass
INFO: Keeping class: org.mozilla.javascript.v8dtoa.FastDtoaBuilder_ESTest
Aug 05, 2018 5:13:02 AM org.evosuite.runtime.instrumentation.EvoClassLoader loadClass
INFO: Seeing class for first time: org.mozilla.javascript.v8dtoa.FastDtoaBuilder
Aug 05, 2018 5:13:02 AM org.evosuite.runtime.instrumentation.EvoClassLoader instrumentClass
INFO: Instrumenting class 'org.mozilla.javascript.v8dtoa.FastDtoaBuilder'.
Aug 05, 2018 5:13:02 AM org.evosuite.runtime.instrumentation.MethodCallReplacementClassAdapter visit
INFO: Adding mock interface to class org/mozilla/javascript/v8dtoa/FastDtoaBuilder
Aug 05, 2018 5:13:04 AM org.evosuite.runtime.instrumentation.CreateClassResetClassAdapter visitMethod
INFO: Found static initializer in class org/mozilla/javascript/v8dtoa/FastDtoaBuilder
Aug 05, 2018 5:13:04 AM org.evosuite.runtime.instrumentation.EvoClassLoader instrumentClass
INFO: Keeping class: org.mozilla.javascript.v8dtoa.FastDtoaBuilder
Aug 05, 2018 5:13:04 AM org.evosuite.runtime.thread.ThreadStopper killAndJoinClientThreads
INFO: Found new thread
Aug 05, 2018 5:13:04 AM org.evosuite.runtime.thread.ThreadStopper killAndJoinClientThreads
INFO: Found new thread
Aug 05, 2018 5:13:04 AM org.evosuite.runtime.thread.ThreadStopper killAndJoinClientThreads
INFO: Found new thread
Aug 05, 2018 5:13:04 AM org.evosuite.runtime.thread.ThreadStopper killAndJoinClientThreads
INFO: Found new thread
Aug 05, 2018 5:13:04 AM org.evosuite.runtime.thread.ThreadStopper killAndJoinClientThreads
INFO: Found new thread
Aug 05, 2018 5:13:04 AM org.evosuite.runtime.thread.ThreadStopper killAndJoinClientThreads
INFO: Found new thread
]]></system-err>
</testsuite>
