<?xml version="1.0" encoding="UTF-8"?>
<testsuite name="org.mozilla.javascript.ScriptStackElement_ESTest" tests="4" skipped="0" failures="0" errors="0" timestamp="2018-08-05T05:18:13" hostname="cobb" time="0.244">
  <properties/>
  <testcase name="test3" classname="org.mozilla.javascript.ScriptStackElement_ESTest" time="0.122"/>
  <testcase name="test2" classname="org.mozilla.javascript.ScriptStackElement_ESTest" time="0.057"/>
  <testcase name="test1" classname="org.mozilla.javascript.ScriptStackElement_ESTest" time="0.036"/>
  <testcase name="test0" classname="org.mozilla.javascript.ScriptStackElement_ESTest" time="0.024"/>
  <system-out><![CDATA[]]></system-out>
  <system-err><![CDATA[Aug 04, 2018 10:18:10 PM org.evosuite.runtime.instrumentation.EvoClassLoader loadClass
INFO: Seeing class for first time: org.mozilla.javascript.ScriptStackElement_ESTest
Aug 04, 2018 10:18:10 PM org.evosuite.runtime.instrumentation.EvoClassLoader instrumentClass
INFO: Instrumenting class 'org.mozilla.javascript.ScriptStackElement_ESTest'.
Aug 04, 2018 10:18:10 PM org.evosuite.runtime.instrumentation.EvoClassLoader loadClass
INFO: Seeing class for first time: org.mozilla.javascript.ScriptStackElement_ESTest_scaffolding
Aug 04, 2018 10:18:10 PM org.evosuite.runtime.instrumentation.EvoClassLoader instrumentClass
INFO: Instrumenting class 'org.mozilla.javascript.ScriptStackElement_ESTest_scaffolding'.
Aug 04, 2018 10:18:10 PM org.evosuite.runtime.instrumentation.EvoClassLoader instrumentClass
INFO: Keeping class: org.mozilla.javascript.ScriptStackElement_ESTest_scaffolding
Aug 04, 2018 10:18:10 PM org.evosuite.runtime.instrumentation.EvoClassLoader instrumentClass
INFO: Keeping class: org.mozilla.javascript.ScriptStackElement_ESTest
Aug 05, 2018 5:18:11 AM org.evosuite.runtime.instrumentation.EvoClassLoader loadClass
INFO: Seeing class for first time: org.mozilla.javascript.ScriptStackElement
Aug 05, 2018 5:18:11 AM org.evosuite.runtime.instrumentation.EvoClassLoader instrumentClass
INFO: Instrumenting class 'org.mozilla.javascript.ScriptStackElement'.
Aug 05, 2018 5:18:11 AM org.evosuite.runtime.instrumentation.MethodCallReplacementClassAdapter visit
INFO: Adding mock interface to class org/mozilla/javascript/ScriptStackElement
Aug 05, 2018 5:18:13 AM org.evosuite.runtime.instrumentation.CreateClassResetClassAdapter createEmptyStaticReset
INFO: Creating brand-new static initializer in class org/mozilla/javascript/ScriptStackElement
Aug 05, 2018 5:18:13 AM org.evosuite.runtime.instrumentation.EvoClassLoader instrumentClass
INFO: Keeping class: org.mozilla.javascript.ScriptStackElement
]]></system-err>
</testsuite>
