<?xml version="1.0" encoding="UTF-8"?>
<testsuite name="org.mozilla.javascript.commonjs.module.provider.ParsedContentType_ESTest" tests="5" skipped="0" failures="0" errors="0" timestamp="2018-08-05T05:16:48" hostname="cobb" time="0.246">
  <properties/>
  <testcase name="test4" classname="org.mozilla.javascript.commonjs.module.provider.ParsedContentType_ESTest" time="0.062"/>
  <testcase name="test3" classname="org.mozilla.javascript.commonjs.module.provider.ParsedContentType_ESTest" time="0.056"/>
  <testcase name="test2" classname="org.mozilla.javascript.commonjs.module.provider.ParsedContentType_ESTest" time="0.042"/>
  <testcase name="test1" classname="org.mozilla.javascript.commonjs.module.provider.ParsedContentType_ESTest" time="0.036"/>
  <testcase name="test0" classname="org.mozilla.javascript.commonjs.module.provider.ParsedContentType_ESTest" time="0.026"/>
  <system-out><![CDATA[]]></system-out>
  <system-err><![CDATA[Aug 04, 2018 10:16:44 PM org.evosuite.runtime.instrumentation.EvoClassLoader loadClass
INFO: Seeing class for first time: org.mozilla.javascript.commonjs.module.provider.ParsedContentType_ESTest
Aug 04, 2018 10:16:44 PM org.evosuite.runtime.instrumentation.EvoClassLoader instrumentClass
INFO: Instrumenting class 'org.mozilla.javascript.commonjs.module.provider.ParsedContentType_ESTest'.
Aug 04, 2018 10:16:45 PM org.evosuite.runtime.instrumentation.EvoClassLoader loadClass
INFO: Seeing class for first time: org.mozilla.javascript.commonjs.module.provider.ParsedContentType_ESTest_scaffolding
Aug 04, 2018 10:16:45 PM org.evosuite.runtime.instrumentation.EvoClassLoader instrumentClass
INFO: Instrumenting class 'org.mozilla.javascript.commonjs.module.provider.ParsedContentType_ESTest_scaffolding'.
Aug 04, 2018 10:16:45 PM org.evosuite.runtime.instrumentation.EvoClassLoader instrumentClass
INFO: Keeping class: org.mozilla.javascript.commonjs.module.provider.ParsedContentType_ESTest_scaffolding
Aug 04, 2018 10:16:45 PM org.evosuite.runtime.instrumentation.EvoClassLoader instrumentClass
INFO: Keeping class: org.mozilla.javascript.commonjs.module.provider.ParsedContentType_ESTest
Aug 05, 2018 5:16:46 AM org.evosuite.runtime.instrumentation.EvoClassLoader loadClass
INFO: Seeing class for first time: org.mozilla.javascript.commonjs.module.provider.ParsedContentType
Aug 05, 2018 5:16:46 AM org.evosuite.runtime.instrumentation.EvoClassLoader instrumentClass
INFO: Instrumenting class 'org.mozilla.javascript.commonjs.module.provider.ParsedContentType'.
Aug 05, 2018 5:16:47 AM org.evosuite.runtime.instrumentation.MethodCallReplacementClassAdapter visit
INFO: Adding mock interface to class org/mozilla/javascript/commonjs/module/provider/ParsedContentType
Aug 05, 2018 5:16:48 AM org.evosuite.runtime.instrumentation.CreateClassResetClassAdapter createEmptyStaticReset
INFO: Creating brand-new static initializer in class org/mozilla/javascript/commonjs/module/provider/ParsedContentType
Aug 05, 2018 5:16:48 AM org.evosuite.runtime.instrumentation.EvoClassLoader instrumentClass
INFO: Keeping class: org.mozilla.javascript.commonjs.module.provider.ParsedContentType
Aug 05, 2018 5:16:48 AM org.evosuite.runtime.thread.ThreadStopper killAndJoinClientThreads
INFO: Found new thread
Aug 05, 2018 5:16:49 AM org.evosuite.runtime.thread.ThreadStopper killAndJoinClientThreads
INFO: Found new thread
]]></system-err>
</testsuite>
