<?xml version="1.0" encoding="UTF-8"?>
<testsuite name="org.mozilla.javascript.UintMap_ESTest" tests="17" skipped="0" failures="0" errors="0" timestamp="2018-08-05T05:17:44" hostname="cobb" time="0.717">
  <properties/>
  <testcase name="test05" classname="org.mozilla.javascript.UintMap_ESTest" time="0.101"/>
  <testcase name="test16" classname="org.mozilla.javascript.UintMap_ESTest" time="0.051"/>
  <testcase name="test04" classname="org.mozilla.javascript.UintMap_ESTest" time="0.035"/>
  <testcase name="test15" classname="org.mozilla.javascript.UintMap_ESTest" time="0.047"/>
  <testcase name="test03" classname="org.mozilla.javascript.UintMap_ESTest" time="0.017"/>
  <testcase name="test14" classname="org.mozilla.javascript.UintMap_ESTest" time="0.022"/>
  <testcase name="test02" classname="org.mozilla.javascript.UintMap_ESTest" time="0.027"/>
  <testcase name="test13" classname="org.mozilla.javascript.UintMap_ESTest" time="0.025"/>
  <testcase name="test01" classname="org.mozilla.javascript.UintMap_ESTest" time="0.05"/>
  <testcase name="test12" classname="org.mozilla.javascript.UintMap_ESTest" time="0.041"/>
  <testcase name="test00" classname="org.mozilla.javascript.UintMap_ESTest" time="0.033"/>
  <testcase name="test11" classname="org.mozilla.javascript.UintMap_ESTest" time="0.033"/>
  <testcase name="test10" classname="org.mozilla.javascript.UintMap_ESTest" time="0.04"/>
  <testcase name="test09" classname="org.mozilla.javascript.UintMap_ESTest" time="0.024"/>
  <testcase name="test08" classname="org.mozilla.javascript.UintMap_ESTest" time="0.028"/>
  <testcase name="test07" classname="org.mozilla.javascript.UintMap_ESTest" time="0.043"/>
  <testcase name="test06" classname="org.mozilla.javascript.UintMap_ESTest" time="0.078"/>
  <system-out><![CDATA[]]></system-out>
  <system-err><![CDATA[Aug 04, 2018 10:17:39 PM org.evosuite.runtime.instrumentation.EvoClassLoader loadClass
INFO: Seeing class for first time: org.mozilla.javascript.UintMap_ESTest
Aug 04, 2018 10:17:39 PM org.evosuite.runtime.instrumentation.EvoClassLoader instrumentClass
INFO: Instrumenting class 'org.mozilla.javascript.UintMap_ESTest'.
Aug 04, 2018 10:17:40 PM org.evosuite.runtime.instrumentation.EvoClassLoader loadClass
INFO: Seeing class for first time: org.mozilla.javascript.UintMap_ESTest_scaffolding
Aug 04, 2018 10:17:40 PM org.evosuite.runtime.instrumentation.EvoClassLoader instrumentClass
INFO: Instrumenting class 'org.mozilla.javascript.UintMap_ESTest_scaffolding'.
Aug 04, 2018 10:17:40 PM org.evosuite.runtime.instrumentation.EvoClassLoader instrumentClass
INFO: Keeping class: org.mozilla.javascript.UintMap_ESTest_scaffolding
Aug 04, 2018 10:17:40 PM org.evosuite.runtime.instrumentation.EvoClassLoader instrumentClass
INFO: Keeping class: org.mozilla.javascript.UintMap_ESTest
Aug 05, 2018 5:17:41 AM org.evosuite.runtime.instrumentation.EvoClassLoader loadClass
INFO: Seeing class for first time: org.mozilla.javascript.Kit
Aug 05, 2018 5:17:41 AM org.evosuite.runtime.instrumentation.EvoClassLoader instrumentClass
INFO: Instrumenting class 'org.mozilla.javascript.Kit'.
Aug 05, 2018 5:17:41 AM org.evosuite.runtime.instrumentation.MethodCallReplacementClassAdapter visit
INFO: Adding mock interface to class org/mozilla/javascript/Kit
Aug 05, 2018 5:17:44 AM org.evosuite.runtime.instrumentation.CreateClassResetClassAdapter visitMethod
INFO: Found static initializer in class org/mozilla/javascript/Kit
Aug 05, 2018 5:17:44 AM org.evosuite.runtime.instrumentation.EvoClassLoader instrumentClass
INFO: Keeping class: org.mozilla.javascript.Kit
Aug 05, 2018 5:17:44 AM org.evosuite.runtime.instrumentation.EvoClassLoader loadClass
INFO: Seeing class for first time: org.mozilla.javascript.UintMap
Aug 05, 2018 5:17:44 AM org.evosuite.runtime.instrumentation.EvoClassLoader instrumentClass
INFO: Instrumenting class 'org.mozilla.javascript.UintMap'.
Aug 05, 2018 5:17:44 AM org.evosuite.runtime.instrumentation.MethodCallReplacementClassAdapter visit
INFO: Adding mock interface to class org/mozilla/javascript/UintMap
Aug 05, 2018 5:17:44 AM org.evosuite.runtime.instrumentation.CreateClassResetClassAdapter createEmptyStaticReset
INFO: Creating brand-new static initializer in class org/mozilla/javascript/UintMap
Aug 05, 2018 5:17:44 AM org.evosuite.runtime.instrumentation.CreateClassResetClassAdapter createEmptyStaticReset
INFO: Adding bytecode for initializing field A
Aug 05, 2018 5:17:44 AM org.evosuite.runtime.instrumentation.CreateClassResetClassAdapter createEmptyStaticReset
INFO: Adding bytecode for initializing field EMPTY
Aug 05, 2018 5:17:44 AM org.evosuite.runtime.instrumentation.CreateClassResetClassAdapter createEmptyStaticReset
INFO: Adding bytecode for initializing field DELETED
Aug 05, 2018 5:17:44 AM org.evosuite.runtime.instrumentation.CreateClassResetClassAdapter createEmptyStaticReset
INFO: Adding bytecode for initializing field check
Aug 05, 2018 5:17:44 AM org.evosuite.runtime.instrumentation.EvoClassLoader instrumentClass
INFO: Keeping class: org.mozilla.javascript.UintMap
Aug 05, 2018 5:17:44 AM org.evosuite.runtime.thread.ThreadStopper killAndJoinClientThreads
INFO: Found new thread
Aug 05, 2018 5:17:44 AM org.evosuite.runtime.thread.ThreadStopper killAndJoinClientThreads
INFO: Found new thread
Aug 05, 2018 5:17:44 AM org.evosuite.runtime.thread.ThreadStopper killAndJoinClientThreads
INFO: Found new thread
Aug 05, 2018 5:17:44 AM org.evosuite.runtime.thread.ThreadStopper killAndJoinClientThreads
INFO: Found new thread
Aug 05, 2018 5:17:44 AM org.evosuite.runtime.thread.ThreadStopper killAndJoinClientThreads
INFO: Found new thread
Aug 05, 2018 5:17:44 AM org.evosuite.runtime.thread.ThreadStopper killAndJoinClientThreads
INFO: Found new thread
Aug 05, 2018 5:17:44 AM org.evosuite.runtime.thread.ThreadStopper killAndJoinClientThreads
INFO: Found new thread
Aug 05, 2018 5:17:44 AM org.evosuite.runtime.thread.ThreadStopper killAndJoinClientThreads
INFO: Found new thread
Aug 05, 2018 5:17:44 AM org.evosuite.runtime.thread.ThreadStopper killAndJoinClientThreads
INFO: Found new thread
org.mozilla.javascript.Kit.codeBug(Kit.java:417)
<evosuite>.<evosuite>(<evosuite>)
<evosuite>.<evosuite>(<evosuite>)
<evosuite>.<evosuite>(<evosuite>)
<evosuite>.<evosuite>(<evosuite>)
<evosuite>.<evosuite>(<evosuite>)
Aug 05, 2018 5:17:44 AM org.evosuite.runtime.thread.ThreadStopper killAndJoinClientThreads
INFO: Found new thread
Aug 05, 2018 5:17:44 AM org.evosuite.runtime.thread.ThreadStopper killAndJoinClientThreads
INFO: Found new thread
Aug 05, 2018 5:17:44 AM org.evosuite.runtime.thread.ThreadStopper killAndJoinClientThreads
INFO: Found new thread
Aug 05, 2018 5:17:44 AM org.evosuite.runtime.thread.ThreadStopper killAndJoinClientThreads
INFO: Found new thread
Aug 05, 2018 5:17:44 AM org.evosuite.runtime.thread.ThreadStopper killAndJoinClientThreads
INFO: Found new thread
Aug 05, 2018 5:17:44 AM org.evosuite.runtime.thread.ThreadStopper killAndJoinClientThreads
INFO: Found new thread
Aug 05, 2018 5:17:45 AM org.evosuite.runtime.thread.ThreadStopper killAndJoinClientThreads
INFO: Found new thread
]]></system-err>
</testsuite>
