<?xml version="1.0" encoding="UTF-8"?>
<testsuite name="org.mozilla.javascript.commonjs.module.provider.DefaultUrlConnectionExpiryCalculator_ESTest" tests="2" skipped="0" failures="0" errors="0" timestamp="2018-08-05T05:18:13" hostname="cobb" time="0.375">
  <properties/>
  <testcase name="test1" classname="org.mozilla.javascript.commonjs.module.provider.DefaultUrlConnectionExpiryCalculator_ESTest" time="0.333"/>
  <testcase name="test0" classname="org.mozilla.javascript.commonjs.module.provider.DefaultUrlConnectionExpiryCalculator_ESTest" time="0.036"/>
  <system-out><![CDATA[]]></system-out>
  <system-err><![CDATA[Aug 04, 2018 10:18:01 PM org.evosuite.runtime.instrumentation.EvoClassLoader loadClass
INFO: Seeing class for first time: org.mozilla.javascript.commonjs.module.provider.DefaultUrlConnectionExpiryCalculator_ESTest
Aug 04, 2018 10:18:01 PM org.evosuite.runtime.instrumentation.EvoClassLoader instrumentClass
INFO: Instrumenting class 'org.mozilla.javascript.commonjs.module.provider.DefaultUrlConnectionExpiryCalculator_ESTest'.
Aug 04, 2018 10:18:02 PM org.evosuite.runtime.instrumentation.EvoClassLoader loadClass
INFO: Seeing class for first time: org.mozilla.javascript.commonjs.module.provider.DefaultUrlConnectionExpiryCalculator_ESTest_scaffolding
Aug 04, 2018 10:18:02 PM org.evosuite.runtime.instrumentation.EvoClassLoader instrumentClass
INFO: Instrumenting class 'org.mozilla.javascript.commonjs.module.provider.DefaultUrlConnectionExpiryCalculator_ESTest_scaffolding'.
Aug 04, 2018 10:18:02 PM org.evosuite.runtime.instrumentation.EvoClassLoader instrumentClass
INFO: Keeping class: org.mozilla.javascript.commonjs.module.provider.DefaultUrlConnectionExpiryCalculator_ESTest_scaffolding
Aug 04, 2018 10:18:02 PM org.evosuite.runtime.instrumentation.EvoClassLoader instrumentClass
INFO: Keeping class: org.mozilla.javascript.commonjs.module.provider.DefaultUrlConnectionExpiryCalculator_ESTest
Aug 05, 2018 5:18:03 AM org.evosuite.runtime.instrumentation.EvoClassLoader loadClass
INFO: Seeing class for first time: org.mozilla.javascript.commonjs.module.provider.UrlConnectionExpiryCalculator
Aug 05, 2018 5:18:03 AM org.evosuite.runtime.instrumentation.EvoClassLoader instrumentClass
INFO: Instrumenting class 'org.mozilla.javascript.commonjs.module.provider.UrlConnectionExpiryCalculator'.
Aug 05, 2018 5:18:04 AM org.evosuite.runtime.instrumentation.EvoClassLoader instrumentClass
INFO: Keeping class: org.mozilla.javascript.commonjs.module.provider.UrlConnectionExpiryCalculator
Aug 05, 2018 5:18:04 AM org.evosuite.runtime.instrumentation.EvoClassLoader loadClass
INFO: Seeing class for first time: org.mozilla.javascript.commonjs.module.provider.DefaultUrlConnectionExpiryCalculator
Aug 05, 2018 5:18:04 AM org.evosuite.runtime.instrumentation.EvoClassLoader instrumentClass
INFO: Instrumenting class 'org.mozilla.javascript.commonjs.module.provider.DefaultUrlConnectionExpiryCalculator'.
Aug 05, 2018 5:18:04 AM org.evosuite.runtime.instrumentation.MethodCallReplacementClassAdapter visit
INFO: Adding mock interface to class org/mozilla/javascript/commonjs/module/provider/DefaultUrlConnectionExpiryCalculator
Aug 05, 2018 5:18:05 AM org.evosuite.runtime.instrumentation.CreateClassResetClassAdapter createEmptyStaticReset
INFO: Creating brand-new static initializer in class org/mozilla/javascript/commonjs/module/provider/DefaultUrlConnectionExpiryCalculator
Aug 05, 2018 5:18:05 AM org.evosuite.runtime.instrumentation.EvoClassLoader instrumentClass
INFO: Keeping class: org.mozilla.javascript.commonjs.module.provider.DefaultUrlConnectionExpiryCalculator
Aug 05, 2018 5:18:14 AM org.evosuite.runtime.thread.ThreadStopper killAndJoinClientThreads
INFO: Found new thread
Aug 05, 2018 5:18:14 AM org.evosuite.runtime.thread.ThreadStopper killAndJoinClientThreads
INFO: Found new thread
]]></system-err>
</testsuite>
