<?xml version="1.0" encoding="UTF-8"?>
<testsuite name="org.mozilla.javascript.Token_ESTest" tests="202" skipped="0" failures="0" errors="0" timestamp="2018-08-05T05:13:53" hostname="cobb" time="6.185">
  <properties/>
  <testcase name="test118" classname="org.mozilla.javascript.Token_ESTest" time="0.131"/>
  <testcase name="test119" classname="org.mozilla.javascript.Token_ESTest" time="0.06"/>
  <testcase name="test116" classname="org.mozilla.javascript.Token_ESTest" time="0.021"/>
  <testcase name="test117" classname="org.mozilla.javascript.Token_ESTest" time="0.037"/>
  <testcase name="test114" classname="org.mozilla.javascript.Token_ESTest" time="0.052"/>
  <testcase name="test115" classname="org.mozilla.javascript.Token_ESTest" time="0.027"/>
  <testcase name="test112" classname="org.mozilla.javascript.Token_ESTest" time="0.027"/>
  <testcase name="test113" classname="org.mozilla.javascript.Token_ESTest" time="0.029"/>
  <testcase name="test000" classname="org.mozilla.javascript.Token_ESTest" time="0.038"/>
  <testcase name="test121" classname="org.mozilla.javascript.Token_ESTest" time="0.047"/>
  <testcase name="test001" classname="org.mozilla.javascript.Token_ESTest" time="0.019"/>
  <testcase name="test122" classname="org.mozilla.javascript.Token_ESTest" time="0.026"/>
  <testcase name="test120" classname="org.mozilla.javascript.Token_ESTest" time="0.025"/>
  <testcase name="test008" classname="org.mozilla.javascript.Token_ESTest" time="0.031"/>
  <testcase name="test129" classname="org.mozilla.javascript.Token_ESTest" time="0.021"/>
  <testcase name="test009" classname="org.mozilla.javascript.Token_ESTest" time="0.039"/>
  <testcase name="test006" classname="org.mozilla.javascript.Token_ESTest" time="0.032"/>
  <testcase name="test127" classname="org.mozilla.javascript.Token_ESTest" time="0.025"/>
  <testcase name="test007" classname="org.mozilla.javascript.Token_ESTest" time="0.046"/>
  <testcase name="test128" classname="org.mozilla.javascript.Token_ESTest" time="0.047"/>
  <testcase name="test004" classname="org.mozilla.javascript.Token_ESTest" time="0.042"/>
  <testcase name="test125" classname="org.mozilla.javascript.Token_ESTest" time="0.039"/>
  <testcase name="test005" classname="org.mozilla.javascript.Token_ESTest" time="0.026"/>
  <testcase name="test126" classname="org.mozilla.javascript.Token_ESTest" time="0.052"/>
  <testcase name="test002" classname="org.mozilla.javascript.Token_ESTest" time="0.032"/>
  <testcase name="test123" classname="org.mozilla.javascript.Token_ESTest" time="0.034"/>
  <testcase name="test003" classname="org.mozilla.javascript.Token_ESTest" time="0.035"/>
  <testcase name="test124" classname="org.mozilla.javascript.Token_ESTest" time="0.026"/>
  <testcase name="test011" classname="org.mozilla.javascript.Token_ESTest" time="0.034"/>
  <testcase name="test132" classname="org.mozilla.javascript.Token_ESTest" time="0.025"/>
  <testcase name="test012" classname="org.mozilla.javascript.Token_ESTest" time="0.024"/>
  <testcase name="test133" classname="org.mozilla.javascript.Token_ESTest" time="0.072"/>
  <testcase name="test130" classname="org.mozilla.javascript.Token_ESTest" time="0.029"/>
  <testcase name="test010" classname="org.mozilla.javascript.Token_ESTest" time="0.034"/>
  <testcase name="test131" classname="org.mozilla.javascript.Token_ESTest" time="0.029"/>
  <testcase name="test100" classname="org.mozilla.javascript.Token_ESTest" time="0.036"/>
  <testcase name="test109" classname="org.mozilla.javascript.Token_ESTest" time="0.024"/>
  <testcase name="test107" classname="org.mozilla.javascript.Token_ESTest" time="0.037"/>
  <testcase name="test108" classname="org.mozilla.javascript.Token_ESTest" time="0.027"/>
  <testcase name="test105" classname="org.mozilla.javascript.Token_ESTest" time="0.025"/>
  <testcase name="test106" classname="org.mozilla.javascript.Token_ESTest" time="0.029"/>
  <testcase name="test103" classname="org.mozilla.javascript.Token_ESTest" time="0.027"/>
  <testcase name="test104" classname="org.mozilla.javascript.Token_ESTest" time="0.028"/>
  <testcase name="test101" classname="org.mozilla.javascript.Token_ESTest" time="0.025"/>
  <testcase name="test102" classname="org.mozilla.javascript.Token_ESTest" time="0.012"/>
  <testcase name="test110" classname="org.mozilla.javascript.Token_ESTest" time="0.049"/>
  <testcase name="test111" classname="org.mozilla.javascript.Token_ESTest" time="0.018"/>
  <testcase name="test039" classname="org.mozilla.javascript.Token_ESTest" time="0.024"/>
  <testcase name="test037" classname="org.mozilla.javascript.Token_ESTest" time="0.039"/>
  <testcase name="test158" classname="org.mozilla.javascript.Token_ESTest" time="0.047"/>
  <testcase name="test038" classname="org.mozilla.javascript.Token_ESTest" time="0.026"/>
  <testcase name="test159" classname="org.mozilla.javascript.Token_ESTest" time="0.034"/>
  <testcase name="test035" classname="org.mozilla.javascript.Token_ESTest" time="0.021"/>
  <testcase name="test156" classname="org.mozilla.javascript.Token_ESTest" time="0.025"/>
  <testcase name="test036" classname="org.mozilla.javascript.Token_ESTest" time="0.02"/>
  <testcase name="test157" classname="org.mozilla.javascript.Token_ESTest" time="0.034"/>
  <testcase name="test044" classname="org.mozilla.javascript.Token_ESTest" time="0.027"/>
  <testcase name="test165" classname="org.mozilla.javascript.Token_ESTest" time="0.021"/>
  <testcase name="test045" classname="org.mozilla.javascript.Token_ESTest" time="0.03"/>
  <testcase name="test166" classname="org.mozilla.javascript.Token_ESTest" time="0.035"/>
  <testcase name="test042" classname="org.mozilla.javascript.Token_ESTest" time="0.027"/>
  <testcase name="test163" classname="org.mozilla.javascript.Token_ESTest" time="0.03"/>
  <testcase name="test043" classname="org.mozilla.javascript.Token_ESTest" time="0.031"/>
  <testcase name="test164" classname="org.mozilla.javascript.Token_ESTest" time="0.033"/>
  <testcase name="test040" classname="org.mozilla.javascript.Token_ESTest" time="0.014"/>
  <testcase name="test161" classname="org.mozilla.javascript.Token_ESTest" time="0.026"/>
  <testcase name="test041" classname="org.mozilla.javascript.Token_ESTest" time="0.029"/>
  <testcase name="test162" classname="org.mozilla.javascript.Token_ESTest" time="0.02"/>
  <testcase name="test160" classname="org.mozilla.javascript.Token_ESTest" time="0.034"/>
  <testcase name="test048" classname="org.mozilla.javascript.Token_ESTest" time="0.017"/>
  <testcase name="test169" classname="org.mozilla.javascript.Token_ESTest" time="0.03"/>
  <testcase name="test049" classname="org.mozilla.javascript.Token_ESTest" time="0.021"/>
  <testcase name="test046" classname="org.mozilla.javascript.Token_ESTest" time="0.028"/>
  <testcase name="test167" classname="org.mozilla.javascript.Token_ESTest" time="0.028"/>
  <testcase name="test047" classname="org.mozilla.javascript.Token_ESTest" time="0.011"/>
  <testcase name="test168" classname="org.mozilla.javascript.Token_ESTest" time="0.034"/>
  <testcase name="test055" classname="org.mozilla.javascript.Token_ESTest" time="0.019"/>
  <testcase name="test176" classname="org.mozilla.javascript.Token_ESTest" time="0.024"/>
  <testcase name="test056" classname="org.mozilla.javascript.Token_ESTest" time="0.033"/>
  <testcase name="test177" classname="org.mozilla.javascript.Token_ESTest" time="0.027"/>
  <testcase name="test053" classname="org.mozilla.javascript.Token_ESTest" time="0.028"/>
  <testcase name="test174" classname="org.mozilla.javascript.Token_ESTest" time="0.016"/>
  <testcase name="test054" classname="org.mozilla.javascript.Token_ESTest" time="0.029"/>
  <testcase name="test175" classname="org.mozilla.javascript.Token_ESTest" time="0.037"/>
  <testcase name="test051" classname="org.mozilla.javascript.Token_ESTest" time="0.05"/>
  <testcase name="test172" classname="org.mozilla.javascript.Token_ESTest" time="0.031"/>
  <testcase name="test052" classname="org.mozilla.javascript.Token_ESTest" time="0.02"/>
  <testcase name="test173" classname="org.mozilla.javascript.Token_ESTest" time="0.026"/>
  <testcase name="test170" classname="org.mozilla.javascript.Token_ESTest" time="0.023"/>
  <testcase name="test050" classname="org.mozilla.javascript.Token_ESTest" time="0.027"/>
  <testcase name="test171" classname="org.mozilla.javascript.Token_ESTest" time="0.013"/>
  <testcase name="test019" classname="org.mozilla.javascript.Token_ESTest" time="0.014"/>
  <testcase name="test017" classname="org.mozilla.javascript.Token_ESTest" time="0.023"/>
  <testcase name="test138" classname="org.mozilla.javascript.Token_ESTest" time="0.027"/>
  <testcase name="test018" classname="org.mozilla.javascript.Token_ESTest" time="0.037"/>
  <testcase name="test139" classname="org.mozilla.javascript.Token_ESTest" time="0.015"/>
  <testcase name="test015" classname="org.mozilla.javascript.Token_ESTest" time="0.046"/>
  <testcase name="test136" classname="org.mozilla.javascript.Token_ESTest" time="0.03"/>
  <testcase name="test016" classname="org.mozilla.javascript.Token_ESTest" time="0.04"/>
  <testcase name="test137" classname="org.mozilla.javascript.Token_ESTest" time="0.032"/>
  <testcase name="test013" classname="org.mozilla.javascript.Token_ESTest" time="0.033"/>
  <testcase name="test134" classname="org.mozilla.javascript.Token_ESTest" time="0.033"/>
  <testcase name="test014" classname="org.mozilla.javascript.Token_ESTest" time="0.03"/>
  <testcase name="test135" classname="org.mozilla.javascript.Token_ESTest" time="0.039"/>
  <testcase name="test022" classname="org.mozilla.javascript.Token_ESTest" time="0.043"/>
  <testcase name="test143" classname="org.mozilla.javascript.Token_ESTest" time="0.042"/>
  <testcase name="test023" classname="org.mozilla.javascript.Token_ESTest" time="0.015"/>
  <testcase name="test144" classname="org.mozilla.javascript.Token_ESTest" time="0.025"/>
  <testcase name="test020" classname="org.mozilla.javascript.Token_ESTest" time="0.029"/>
  <testcase name="test141" classname="org.mozilla.javascript.Token_ESTest" time="0.025"/>
  <testcase name="test021" classname="org.mozilla.javascript.Token_ESTest" time="0.031"/>
  <testcase name="test142" classname="org.mozilla.javascript.Token_ESTest" time="0.044"/>
  <testcase name="test140" classname="org.mozilla.javascript.Token_ESTest" time="0.035"/>
  <testcase name="test028" classname="org.mozilla.javascript.Token_ESTest" time="0.025"/>
  <testcase name="test149" classname="org.mozilla.javascript.Token_ESTest" time="0.013"/>
  <testcase name="test029" classname="org.mozilla.javascript.Token_ESTest" time="0.02"/>
  <testcase name="test026" classname="org.mozilla.javascript.Token_ESTest" time="0.01"/>
  <testcase name="test147" classname="org.mozilla.javascript.Token_ESTest" time="0.039"/>
  <testcase name="test027" classname="org.mozilla.javascript.Token_ESTest" time="0.029"/>
  <testcase name="test148" classname="org.mozilla.javascript.Token_ESTest" time="0.03"/>
  <testcase name="test024" classname="org.mozilla.javascript.Token_ESTest" time="0.021"/>
  <testcase name="test145" classname="org.mozilla.javascript.Token_ESTest" time="0.025"/>
  <testcase name="test025" classname="org.mozilla.javascript.Token_ESTest" time="0.027"/>
  <testcase name="test146" classname="org.mozilla.javascript.Token_ESTest" time="0.021"/>
  <testcase name="test033" classname="org.mozilla.javascript.Token_ESTest" time="0.037"/>
  <testcase name="test154" classname="org.mozilla.javascript.Token_ESTest" time="0.023"/>
  <testcase name="test034" classname="org.mozilla.javascript.Token_ESTest" time="0.026"/>
  <testcase name="test155" classname="org.mozilla.javascript.Token_ESTest" time="0.032"/>
  <testcase name="test031" classname="org.mozilla.javascript.Token_ESTest" time="0.028"/>
  <testcase name="test152" classname="org.mozilla.javascript.Token_ESTest" time="0.025"/>
  <testcase name="test032" classname="org.mozilla.javascript.Token_ESTest" time="0.03"/>
  <testcase name="test153" classname="org.mozilla.javascript.Token_ESTest" time="0.028"/>
  <testcase name="test150" classname="org.mozilla.javascript.Token_ESTest" time="0.034"/>
  <testcase name="test030" classname="org.mozilla.javascript.Token_ESTest" time="0.037"/>
  <testcase name="test151" classname="org.mozilla.javascript.Token_ESTest" time="0.033"/>
  <testcase name="test079" classname="org.mozilla.javascript.Token_ESTest" time="0.022"/>
  <testcase name="test088" classname="org.mozilla.javascript.Token_ESTest" time="0.03"/>
  <testcase name="test089" classname="org.mozilla.javascript.Token_ESTest" time="0.032"/>
  <testcase name="test086" classname="org.mozilla.javascript.Token_ESTest" time="0.092"/>
  <testcase name="test087" classname="org.mozilla.javascript.Token_ESTest" time="0.023"/>
  <testcase name="test084" classname="org.mozilla.javascript.Token_ESTest" time="0.032"/>
  <testcase name="test085" classname="org.mozilla.javascript.Token_ESTest" time="0.032"/>
  <testcase name="test082" classname="org.mozilla.javascript.Token_ESTest" time="0.014"/>
  <testcase name="test083" classname="org.mozilla.javascript.Token_ESTest" time="0.029"/>
  <testcase name="test080" classname="org.mozilla.javascript.Token_ESTest" time="0.037"/>
  <testcase name="test081" classname="org.mozilla.javascript.Token_ESTest" time="0.032"/>
  <testcase name="test099" classname="org.mozilla.javascript.Token_ESTest" time="0.02"/>
  <testcase name="test097" classname="org.mozilla.javascript.Token_ESTest" time="0.025"/>
  <testcase name="test098" classname="org.mozilla.javascript.Token_ESTest" time="0.029"/>
  <testcase name="test095" classname="org.mozilla.javascript.Token_ESTest" time="0.035"/>
  <testcase name="test096" classname="org.mozilla.javascript.Token_ESTest" time="0.025"/>
  <testcase name="test093" classname="org.mozilla.javascript.Token_ESTest" time="0.006"/>
  <testcase name="test094" classname="org.mozilla.javascript.Token_ESTest" time="0.045"/>
  <testcase name="test091" classname="org.mozilla.javascript.Token_ESTest" time="0.018"/>
  <testcase name="test092" classname="org.mozilla.javascript.Token_ESTest" time="0.041"/>
  <testcase name="test090" classname="org.mozilla.javascript.Token_ESTest" time="0.023"/>
  <testcase name="test059" classname="org.mozilla.javascript.Token_ESTest" time="0.072"/>
  <testcase name="test057" classname="org.mozilla.javascript.Token_ESTest" time="0.025"/>
  <testcase name="test178" classname="org.mozilla.javascript.Token_ESTest" time="0.031"/>
  <testcase name="test058" classname="org.mozilla.javascript.Token_ESTest" time="0.046"/>
  <testcase name="test179" classname="org.mozilla.javascript.Token_ESTest" time="0.044"/>
  <testcase name="test066" classname="org.mozilla.javascript.Token_ESTest" time="0.018"/>
  <testcase name="test187" classname="org.mozilla.javascript.Token_ESTest" time="0.022"/>
  <testcase name="test067" classname="org.mozilla.javascript.Token_ESTest" time="0.013"/>
  <testcase name="test188" classname="org.mozilla.javascript.Token_ESTest" time="0.023"/>
  <testcase name="test064" classname="org.mozilla.javascript.Token_ESTest" time="0.02"/>
  <testcase name="test185" classname="org.mozilla.javascript.Token_ESTest" time="0.036"/>
  <testcase name="test065" classname="org.mozilla.javascript.Token_ESTest" time="0.028"/>
  <testcase name="test186" classname="org.mozilla.javascript.Token_ESTest" time="0.03"/>
  <testcase name="test062" classname="org.mozilla.javascript.Token_ESTest" time="0.029"/>
  <testcase name="test183" classname="org.mozilla.javascript.Token_ESTest" time="0.021"/>
  <testcase name="test063" classname="org.mozilla.javascript.Token_ESTest" time="0.015"/>
  <testcase name="test184" classname="org.mozilla.javascript.Token_ESTest" time="0.029"/>
  <testcase name="test060" classname="org.mozilla.javascript.Token_ESTest" time="0.022"/>
  <testcase name="test181" classname="org.mozilla.javascript.Token_ESTest" time="0.003"/>
  <testcase name="test061" classname="org.mozilla.javascript.Token_ESTest" time="0.034"/>
  <testcase name="test182" classname="org.mozilla.javascript.Token_ESTest" time="0.036"/>
  <testcase name="test180" classname="org.mozilla.javascript.Token_ESTest" time="0.053"/>
  <testcase name="test068" classname="org.mozilla.javascript.Token_ESTest" time="0.027"/>
  <testcase name="test189" classname="org.mozilla.javascript.Token_ESTest" time="0.023"/>
  <testcase name="test069" classname="org.mozilla.javascript.Token_ESTest" time="0.041"/>
  <testcase name="test077" classname="org.mozilla.javascript.Token_ESTest" time="0.024"/>
  <testcase name="test198" classname="org.mozilla.javascript.Token_ESTest" time="0.031"/>
  <testcase name="test078" classname="org.mozilla.javascript.Token_ESTest" time="0.037"/>
  <testcase name="test199" classname="org.mozilla.javascript.Token_ESTest" time="0.029"/>
  <testcase name="test075" classname="org.mozilla.javascript.Token_ESTest" time="0.017"/>
  <testcase name="test196" classname="org.mozilla.javascript.Token_ESTest" time="0.02"/>
  <testcase name="test076" classname="org.mozilla.javascript.Token_ESTest" time="0.036"/>
  <testcase name="test197" classname="org.mozilla.javascript.Token_ESTest" time="0.024"/>
  <testcase name="test073" classname="org.mozilla.javascript.Token_ESTest" time="0.037"/>
  <testcase name="test194" classname="org.mozilla.javascript.Token_ESTest" time="0.031"/>
  <testcase name="test074" classname="org.mozilla.javascript.Token_ESTest" time="0.025"/>
  <testcase name="test195" classname="org.mozilla.javascript.Token_ESTest" time="0.02"/>
  <testcase name="test071" classname="org.mozilla.javascript.Token_ESTest" time="0.027"/>
  <testcase name="test192" classname="org.mozilla.javascript.Token_ESTest" time="0.023"/>
  <testcase name="test072" classname="org.mozilla.javascript.Token_ESTest" time="0.02"/>
  <testcase name="test193" classname="org.mozilla.javascript.Token_ESTest" time="0.02"/>
  <testcase name="test190" classname="org.mozilla.javascript.Token_ESTest" time="0.019"/>
  <testcase name="test070" classname="org.mozilla.javascript.Token_ESTest" time="0.029"/>
  <testcase name="test191" classname="org.mozilla.javascript.Token_ESTest" time="0.024"/>
  <testcase name="test200" classname="org.mozilla.javascript.Token_ESTest" time="0.027"/>
  <testcase name="test201" classname="org.mozilla.javascript.Token_ESTest" time="0.047"/>
  <system-out><![CDATA[]]></system-out>
  <system-err><![CDATA[Aug 04, 2018 10:13:48 PM org.evosuite.runtime.instrumentation.EvoClassLoader loadClass
INFO: Seeing class for first time: org.mozilla.javascript.Token_ESTest
Aug 04, 2018 10:13:48 PM org.evosuite.runtime.instrumentation.EvoClassLoader instrumentClass
INFO: Instrumenting class 'org.mozilla.javascript.Token_ESTest'.
Aug 04, 2018 10:13:49 PM org.evosuite.runtime.instrumentation.EvoClassLoader loadClass
INFO: Seeing class for first time: org.mozilla.javascript.Token_ESTest_scaffolding
Aug 04, 2018 10:13:49 PM org.evosuite.runtime.instrumentation.EvoClassLoader instrumentClass
INFO: Instrumenting class 'org.mozilla.javascript.Token_ESTest_scaffolding'.
Aug 04, 2018 10:13:49 PM org.evosuite.runtime.instrumentation.EvoClassLoader instrumentClass
INFO: Keeping class: org.mozilla.javascript.Token_ESTest_scaffolding
Aug 04, 2018 10:13:49 PM org.evosuite.runtime.instrumentation.EvoClassLoader instrumentClass
INFO: Keeping class: org.mozilla.javascript.Token_ESTest
Aug 05, 2018 5:13:51 AM org.evosuite.runtime.instrumentation.EvoClassLoader loadClass
INFO: Seeing class for first time: org.mozilla.javascript.Token$CommentType
Aug 05, 2018 5:13:51 AM org.evosuite.runtime.instrumentation.EvoClassLoader instrumentClass
INFO: Instrumenting class 'org.mozilla.javascript.Token$CommentType'.
Aug 05, 2018 5:13:51 AM org.evosuite.runtime.instrumentation.MethodCallReplacementClassAdapter visit
INFO: Adding mock interface to class org/mozilla/javascript/Token$CommentType
Aug 05, 2018 5:13:52 AM org.evosuite.runtime.instrumentation.CreateClassResetClassAdapter visitMethod
INFO: Found static initializer in class org/mozilla/javascript/Token$CommentType
Aug 05, 2018 5:13:52 AM org.evosuite.runtime.instrumentation.EvoClassLoader instrumentClass
INFO: Keeping class: org.mozilla.javascript.Token$CommentType
Aug 05, 2018 5:13:52 AM org.evosuite.runtime.instrumentation.EvoClassLoader loadClass
INFO: Seeing class for first time: org.mozilla.javascript.Token
Aug 05, 2018 5:13:52 AM org.evosuite.runtime.instrumentation.EvoClassLoader instrumentClass
INFO: Instrumenting class 'org.mozilla.javascript.Token'.
Aug 05, 2018 5:13:52 AM org.evosuite.runtime.instrumentation.MethodCallReplacementClassAdapter visit
INFO: Adding mock interface to class org/mozilla/javascript/Token
Aug 05, 2018 5:13:52 AM org.evosuite.runtime.instrumentation.CreateClassResetClassAdapter createEmptyStaticReset
INFO: Creating brand-new static initializer in class org/mozilla/javascript/Token
Aug 05, 2018 5:13:52 AM org.evosuite.runtime.instrumentation.CreateClassResetClassAdapter createEmptyStaticReset
INFO: Adding bytecode for initializing field printTrees
Aug 05, 2018 5:13:52 AM org.evosuite.runtime.instrumentation.CreateClassResetClassAdapter createEmptyStaticReset
INFO: Adding bytecode for initializing field printICode
Aug 05, 2018 5:13:52 AM org.evosuite.runtime.instrumentation.CreateClassResetClassAdapter createEmptyStaticReset
INFO: Adding bytecode for initializing field printNames
Aug 05, 2018 5:13:52 AM org.evosuite.runtime.instrumentation.CreateClassResetClassAdapter createEmptyStaticReset
INFO: Adding bytecode for initializing field ERROR
Aug 05, 2018 5:13:52 AM org.evosuite.runtime.instrumentation.CreateClassResetClassAdapter createEmptyStaticReset
INFO: Adding bytecode for initializing field EOF
Aug 05, 2018 5:13:52 AM org.evosuite.runtime.instrumentation.CreateClassResetClassAdapter createEmptyStaticReset
INFO: Adding bytecode for initializing field EOL
Aug 05, 2018 5:13:52 AM org.evosuite.runtime.instrumentation.CreateClassResetClassAdapter createEmptyStaticReset
INFO: Adding bytecode for initializing field FIRST_BYTECODE_TOKEN
Aug 05, 2018 5:13:52 AM org.evosuite.runtime.instrumentation.CreateClassResetClassAdapter createEmptyStaticReset
INFO: Adding bytecode for initializing field ENTERWITH
Aug 05, 2018 5:13:52 AM org.evosuite.runtime.instrumentation.CreateClassResetClassAdapter createEmptyStaticReset
INFO: Adding bytecode for initializing field LEAVEWITH
Aug 05, 2018 5:13:52 AM org.evosuite.runtime.instrumentation.CreateClassResetClassAdapter createEmptyStaticReset
INFO: Adding bytecode for initializing field RETURN
Aug 05, 2018 5:13:52 AM org.evosuite.runtime.instrumentation.CreateClassResetClassAdapter createEmptyStaticReset
INFO: Adding bytecode for initializing field GOTO
Aug 05, 2018 5:13:52 AM org.evosuite.runtime.instrumentation.CreateClassResetClassAdapter createEmptyStaticReset
INFO: Adding bytecode for initializing field IFEQ
Aug 05, 2018 5:13:52 AM org.evosuite.runtime.instrumentation.CreateClassResetClassAdapter createEmptyStaticReset
INFO: Adding bytecode for initializing field IFNE
Aug 05, 2018 5:13:52 AM org.evosuite.runtime.instrumentation.CreateClassResetClassAdapter createEmptyStaticReset
INFO: Adding bytecode for initializing field SETNAME
Aug 05, 2018 5:13:52 AM org.evosuite.runtime.instrumentation.CreateClassResetClassAdapter createEmptyStaticReset
INFO: Adding bytecode for initializing field BITOR
Aug 05, 2018 5:13:52 AM org.evosuite.runtime.instrumentation.CreateClassResetClassAdapter createEmptyStaticReset
INFO: Adding bytecode for initializing field BITXOR
Aug 05, 2018 5:13:52 AM org.evosuite.runtime.instrumentation.CreateClassResetClassAdapter createEmptyStaticReset
INFO: Adding bytecode for initializing field BITAND
Aug 05, 2018 5:13:52 AM org.evosuite.runtime.instrumentation.CreateClassResetClassAdapter createEmptyStaticReset
INFO: Adding bytecode for initializing field EQ
Aug 05, 2018 5:13:52 AM org.evosuite.runtime.instrumentation.CreateClassResetClassAdapter createEmptyStaticReset
INFO: Adding bytecode for initializing field NE
Aug 05, 2018 5:13:52 AM org.evosuite.runtime.instrumentation.CreateClassResetClassAdapter createEmptyStaticReset
INFO: Adding bytecode for initializing field LT
Aug 05, 2018 5:13:52 AM org.evosuite.runtime.instrumentation.CreateClassResetClassAdapter createEmptyStaticReset
INFO: Adding bytecode for initializing field LE
Aug 05, 2018 5:13:52 AM org.evosuite.runtime.instrumentation.CreateClassResetClassAdapter createEmptyStaticReset
INFO: Adding bytecode for initializing field GT
Aug 05, 2018 5:13:52 AM org.evosuite.runtime.instrumentation.CreateClassResetClassAdapter createEmptyStaticReset
INFO: Adding bytecode for initializing field GE
Aug 05, 2018 5:13:52 AM org.evosuite.runtime.instrumentation.CreateClassResetClassAdapter createEmptyStaticReset
INFO: Adding bytecode for initializing field LSH
Aug 05, 2018 5:13:52 AM org.evosuite.runtime.instrumentation.CreateClassResetClassAdapter createEmptyStaticReset
INFO: Adding bytecode for initializing field RSH
Aug 05, 2018 5:13:52 AM org.evosuite.runtime.instrumentation.CreateClassResetClassAdapter createEmptyStaticReset
INFO: Adding bytecode for initializing field URSH
Aug 05, 2018 5:13:52 AM org.evosuite.runtime.instrumentation.CreateClassResetClassAdapter createEmptyStaticReset
INFO: Adding bytecode for initializing field ADD
Aug 05, 2018 5:13:52 AM org.evosuite.runtime.instrumentation.CreateClassResetClassAdapter createEmptyStaticReset
INFO: Adding bytecode for initializing field SUB
Aug 05, 2018 5:13:52 AM org.evosuite.runtime.instrumentation.CreateClassResetClassAdapter createEmptyStaticReset
INFO: Adding bytecode for initializing field MUL
Aug 05, 2018 5:13:52 AM org.evosuite.runtime.instrumentation.CreateClassResetClassAdapter createEmptyStaticReset
INFO: Adding bytecode for initializing field DIV
Aug 05, 2018 5:13:52 AM org.evosuite.runtime.instrumentation.CreateClassResetClassAdapter createEmptyStaticReset
INFO: Adding bytecode for initializing field MOD
Aug 05, 2018 5:13:52 AM org.evosuite.runtime.instrumentation.CreateClassResetClassAdapter createEmptyStaticReset
INFO: Adding bytecode for initializing field NOT
Aug 05, 2018 5:13:52 AM org.evosuite.runtime.instrumentation.CreateClassResetClassAdapter createEmptyStaticReset
INFO: Adding bytecode for initializing field BITNOT
Aug 05, 2018 5:13:52 AM org.evosuite.runtime.instrumentation.CreateClassResetClassAdapter createEmptyStaticReset
INFO: Adding bytecode for initializing field POS
Aug 05, 2018 5:13:52 AM org.evosuite.runtime.instrumentation.CreateClassResetClassAdapter createEmptyStaticReset
INFO: Adding bytecode for initializing field NEG
Aug 05, 2018 5:13:52 AM org.evosuite.runtime.instrumentation.CreateClassResetClassAdapter createEmptyStaticReset
INFO: Adding bytecode for initializing field NEW
Aug 05, 2018 5:13:52 AM org.evosuite.runtime.instrumentation.CreateClassResetClassAdapter createEmptyStaticReset
INFO: Adding bytecode for initializing field DELPROP
Aug 05, 2018 5:13:52 AM org.evosuite.runtime.instrumentation.CreateClassResetClassAdapter createEmptyStaticReset
INFO: Adding bytecode for initializing field TYPEOF
Aug 05, 2018 5:13:52 AM org.evosuite.runtime.instrumentation.CreateClassResetClassAdapter createEmptyStaticReset
INFO: Adding bytecode for initializing field GETPROP
Aug 05, 2018 5:13:52 AM org.evosuite.runtime.instrumentation.CreateClassResetClassAdapter createEmptyStaticReset
INFO: Adding bytecode for initializing field GETPROPNOWARN
Aug 05, 2018 5:13:52 AM org.evosuite.runtime.instrumentation.CreateClassResetClassAdapter createEmptyStaticReset
INFO: Adding bytecode for initializing field SETPROP
Aug 05, 2018 5:13:52 AM org.evosuite.runtime.instrumentation.CreateClassResetClassAdapter createEmptyStaticReset
INFO: Adding bytecode for initializing field GETELEM
Aug 05, 2018 5:13:52 AM org.evosuite.runtime.instrumentation.CreateClassResetClassAdapter createEmptyStaticReset
INFO: Adding bytecode for initializing field SETELEM
Aug 05, 2018 5:13:52 AM org.evosuite.runtime.instrumentation.CreateClassResetClassAdapter createEmptyStaticReset
INFO: Adding bytecode for initializing field CALL
Aug 05, 2018 5:13:52 AM org.evosuite.runtime.instrumentation.CreateClassResetClassAdapter createEmptyStaticReset
INFO: Adding bytecode for initializing field NAME
Aug 05, 2018 5:13:52 AM org.evosuite.runtime.instrumentation.CreateClassResetClassAdapter createEmptyStaticReset
INFO: Adding bytecode for initializing field NUMBER
Aug 05, 2018 5:13:52 AM org.evosuite.runtime.instrumentation.CreateClassResetClassAdapter createEmptyStaticReset
INFO: Adding bytecode for initializing field STRING
Aug 05, 2018 5:13:52 AM org.evosuite.runtime.instrumentation.CreateClassResetClassAdapter createEmptyStaticReset
INFO: Adding bytecode for initializing field NULL
Aug 05, 2018 5:13:52 AM org.evosuite.runtime.instrumentation.CreateClassResetClassAdapter createEmptyStaticReset
INFO: Adding bytecode for initializing field THIS
Aug 05, 2018 5:13:52 AM org.evosuite.runtime.instrumentation.CreateClassResetClassAdapter createEmptyStaticReset
INFO: Adding bytecode for initializing field FALSE
Aug 05, 2018 5:13:52 AM org.evosuite.runtime.instrumentation.CreateClassResetClassAdapter createEmptyStaticReset
INFO: Adding bytecode for initializing field TRUE
Aug 05, 2018 5:13:52 AM org.evosuite.runtime.instrumentation.CreateClassResetClassAdapter createEmptyStaticReset
INFO: Adding bytecode for initializing field SHEQ
Aug 05, 2018 5:13:52 AM org.evosuite.runtime.instrumentation.CreateClassResetClassAdapter createEmptyStaticReset
INFO: Adding bytecode for initializing field SHNE
Aug 05, 2018 5:13:52 AM org.evosuite.runtime.instrumentation.CreateClassResetClassAdapter createEmptyStaticReset
INFO: Adding bytecode for initializing field REGEXP
Aug 05, 2018 5:13:52 AM org.evosuite.runtime.instrumentation.CreateClassResetClassAdapter createEmptyStaticReset
INFO: Adding bytecode for initializing field BINDNAME
Aug 05, 2018 5:13:52 AM org.evosuite.runtime.instrumentation.CreateClassResetClassAdapter createEmptyStaticReset
INFO: Adding bytecode for initializing field THROW
Aug 05, 2018 5:13:52 AM org.evosuite.runtime.instrumentation.CreateClassResetClassAdapter createEmptyStaticReset
INFO: Adding bytecode for initializing field RETHROW
Aug 05, 2018 5:13:52 AM org.evosuite.runtime.instrumentation.CreateClassResetClassAdapter createEmptyStaticReset
INFO: Adding bytecode for initializing field IN
Aug 05, 2018 5:13:52 AM org.evosuite.runtime.instrumentation.CreateClassResetClassAdapter createEmptyStaticReset
INFO: Adding bytecode for initializing field INSTANCEOF
Aug 05, 2018 5:13:52 AM org.evosuite.runtime.instrumentation.CreateClassResetClassAdapter createEmptyStaticReset
INFO: Adding bytecode for initializing field LOCAL_LOAD
Aug 05, 2018 5:13:52 AM org.evosuite.runtime.instrumentation.CreateClassResetClassAdapter createEmptyStaticReset
INFO: Adding bytecode for initializing field GETVAR
Aug 05, 2018 5:13:52 AM org.evosuite.runtime.instrumentation.CreateClassResetClassAdapter createEmptyStaticReset
INFO: Adding bytecode for initializing field SETVAR
Aug 05, 2018 5:13:52 AM org.evosuite.runtime.instrumentation.CreateClassResetClassAdapter createEmptyStaticReset
INFO: Adding bytecode for initializing field CATCH_SCOPE
Aug 05, 2018 5:13:52 AM org.evosuite.runtime.instrumentation.CreateClassResetClassAdapter createEmptyStaticReset
INFO: Adding bytecode for initializing field ENUM_INIT_KEYS
Aug 05, 2018 5:13:52 AM org.evosuite.runtime.instrumentation.CreateClassResetClassAdapter createEmptyStaticReset
INFO: Adding bytecode for initializing field ENUM_INIT_VALUES
Aug 05, 2018 5:13:52 AM org.evosuite.runtime.instrumentation.CreateClassResetClassAdapter createEmptyStaticReset
INFO: Adding bytecode for initializing field ENUM_INIT_ARRAY
Aug 05, 2018 5:13:52 AM org.evosuite.runtime.instrumentation.CreateClassResetClassAdapter createEmptyStaticReset
INFO: Adding bytecode for initializing field ENUM_INIT_VALUES_IN_ORDER
Aug 05, 2018 5:13:52 AM org.evosuite.runtime.instrumentation.CreateClassResetClassAdapter createEmptyStaticReset
INFO: Adding bytecode for initializing field ENUM_NEXT
Aug 05, 2018 5:13:52 AM org.evosuite.runtime.instrumentation.CreateClassResetClassAdapter createEmptyStaticReset
INFO: Adding bytecode for initializing field ENUM_ID
Aug 05, 2018 5:13:52 AM org.evosuite.runtime.instrumentation.CreateClassResetClassAdapter createEmptyStaticReset
INFO: Adding bytecode for initializing field THISFN
Aug 05, 2018 5:13:52 AM org.evosuite.runtime.instrumentation.CreateClassResetClassAdapter createEmptyStaticReset
INFO: Adding bytecode for initializing field RETURN_RESULT
Aug 05, 2018 5:13:52 AM org.evosuite.runtime.instrumentation.CreateClassResetClassAdapter createEmptyStaticReset
INFO: Adding bytecode for initializing field ARRAYLIT
Aug 05, 2018 5:13:52 AM org.evosuite.runtime.instrumentation.CreateClassResetClassAdapter createEmptyStaticReset
INFO: Adding bytecode for initializing field OBJECTLIT
Aug 05, 2018 5:13:52 AM org.evosuite.runtime.instrumentation.CreateClassResetClassAdapter createEmptyStaticReset
INFO: Adding bytecode for initializing field GET_REF
Aug 05, 2018 5:13:52 AM org.evosuite.runtime.instrumentation.CreateClassResetClassAdapter createEmptyStaticReset
INFO: Adding bytecode for initializing field SET_REF
Aug 05, 2018 5:13:52 AM org.evosuite.runtime.instrumentation.CreateClassResetClassAdapter createEmptyStaticReset
INFO: Adding bytecode for initializing field DEL_REF
Aug 05, 2018 5:13:52 AM org.evosuite.runtime.instrumentation.CreateClassResetClassAdapter createEmptyStaticReset
INFO: Adding bytecode for initializing field REF_CALL
Aug 05, 2018 5:13:52 AM org.evosuite.runtime.instrumentation.CreateClassResetClassAdapter createEmptyStaticReset
INFO: Adding bytecode for initializing field REF_SPECIAL
Aug 05, 2018 5:13:52 AM org.evosuite.runtime.instrumentation.CreateClassResetClassAdapter createEmptyStaticReset
INFO: Adding bytecode for initializing field YIELD
Aug 05, 2018 5:13:52 AM org.evosuite.runtime.instrumentation.CreateClassResetClassAdapter createEmptyStaticReset
INFO: Adding bytecode for initializing field STRICT_SETNAME
Aug 05, 2018 5:13:52 AM org.evosuite.runtime.instrumentation.CreateClassResetClassAdapter createEmptyStaticReset
INFO: Adding bytecode for initializing field DEFAULTNAMESPACE
Aug 05, 2018 5:13:52 AM org.evosuite.runtime.instrumentation.CreateClassResetClassAdapter createEmptyStaticReset
INFO: Adding bytecode for initializing field ESCXMLATTR
Aug 05, 2018 5:13:52 AM org.evosuite.runtime.instrumentation.CreateClassResetClassAdapter createEmptyStaticReset
INFO: Adding bytecode for initializing field ESCXMLTEXT
Aug 05, 2018 5:13:52 AM org.evosuite.runtime.instrumentation.CreateClassResetClassAdapter createEmptyStaticReset
INFO: Adding bytecode for initializing field REF_MEMBER
Aug 05, 2018 5:13:52 AM org.evosuite.runtime.instrumentation.CreateClassResetClassAdapter createEmptyStaticReset
INFO: Adding bytecode for initializing field REF_NS_MEMBER
Aug 05, 2018 5:13:52 AM org.evosuite.runtime.instrumentation.CreateClassResetClassAdapter createEmptyStaticReset
INFO: Adding bytecode for initializing field REF_NAME
Aug 05, 2018 5:13:52 AM org.evosuite.runtime.instrumentation.CreateClassResetClassAdapter createEmptyStaticReset
INFO: Adding bytecode for initializing field REF_NS_NAME
Aug 05, 2018 5:13:52 AM org.evosuite.runtime.instrumentation.CreateClassResetClassAdapter createEmptyStaticReset
INFO: Adding bytecode for initializing field LAST_BYTECODE_TOKEN
Aug 05, 2018 5:13:52 AM org.evosuite.runtime.instrumentation.CreateClassResetClassAdapter createEmptyStaticReset
INFO: Adding bytecode for initializing field TRY
Aug 05, 2018 5:13:52 AM org.evosuite.runtime.instrumentation.CreateClassResetClassAdapter createEmptyStaticReset
INFO: Adding bytecode for initializing field SEMI
Aug 05, 2018 5:13:52 AM org.evosuite.runtime.instrumentation.CreateClassResetClassAdapter createEmptyStaticReset
INFO: Adding bytecode for initializing field LB
Aug 05, 2018 5:13:53 AM org.evosuite.runtime.instrumentation.CreateClassResetClassAdapter createEmptyStaticReset
INFO: Adding bytecode for initializing field RB
Aug 05, 2018 5:13:53 AM org.evosuite.runtime.instrumentation.CreateClassResetClassAdapter createEmptyStaticReset
INFO: Adding bytecode for initializing field LC
Aug 05, 2018 5:13:53 AM org.evosuite.runtime.instrumentation.CreateClassResetClassAdapter createEmptyStaticReset
INFO: Adding bytecode for initializing field RC
Aug 05, 2018 5:13:53 AM org.evosuite.runtime.instrumentation.CreateClassResetClassAdapter createEmptyStaticReset
INFO: Adding bytecode for initializing field LP
Aug 05, 2018 5:13:53 AM org.evosuite.runtime.instrumentation.CreateClassResetClassAdapter createEmptyStaticReset
INFO: Adding bytecode for initializing field RP
Aug 05, 2018 5:13:53 AM org.evosuite.runtime.instrumentation.CreateClassResetClassAdapter createEmptyStaticReset
INFO: Adding bytecode for initializing field COMMA
Aug 05, 2018 5:13:53 AM org.evosuite.runtime.instrumentation.CreateClassResetClassAdapter createEmptyStaticReset
INFO: Adding bytecode for initializing field ASSIGN
Aug 05, 2018 5:13:53 AM org.evosuite.runtime.instrumentation.CreateClassResetClassAdapter createEmptyStaticReset
INFO: Adding bytecode for initializing field ASSIGN_BITOR
Aug 05, 2018 5:13:53 AM org.evosuite.runtime.instrumentation.CreateClassResetClassAdapter createEmptyStaticReset
INFO: Adding bytecode for initializing field ASSIGN_BITXOR
Aug 05, 2018 5:13:53 AM org.evosuite.runtime.instrumentation.CreateClassResetClassAdapter createEmptyStaticReset
INFO: Adding bytecode for initializing field ASSIGN_BITAND
Aug 05, 2018 5:13:53 AM org.evosuite.runtime.instrumentation.CreateClassResetClassAdapter createEmptyStaticReset
INFO: Adding bytecode for initializing field ASSIGN_LSH
Aug 05, 2018 5:13:53 AM org.evosuite.runtime.instrumentation.CreateClassResetClassAdapter createEmptyStaticReset
INFO: Adding bytecode for initializing field ASSIGN_RSH
Aug 05, 2018 5:13:53 AM org.evosuite.runtime.instrumentation.CreateClassResetClassAdapter createEmptyStaticReset
INFO: Adding bytecode for initializing field ASSIGN_URSH
Aug 05, 2018 5:13:53 AM org.evosuite.runtime.instrumentation.CreateClassResetClassAdapter createEmptyStaticReset
INFO: Adding bytecode for initializing field ASSIGN_ADD
Aug 05, 2018 5:13:53 AM org.evosuite.runtime.instrumentation.CreateClassResetClassAdapter createEmptyStaticReset
INFO: Adding bytecode for initializing field ASSIGN_SUB
Aug 05, 2018 5:13:53 AM org.evosuite.runtime.instrumentation.CreateClassResetClassAdapter createEmptyStaticReset
INFO: Adding bytecode for initializing field ASSIGN_MUL
Aug 05, 2018 5:13:53 AM org.evosuite.runtime.instrumentation.CreateClassResetClassAdapter createEmptyStaticReset
INFO: Adding bytecode for initializing field ASSIGN_DIV
Aug 05, 2018 5:13:53 AM org.evosuite.runtime.instrumentation.CreateClassResetClassAdapter createEmptyStaticReset
INFO: Adding bytecode for initializing field ASSIGN_MOD
Aug 05, 2018 5:13:53 AM org.evosuite.runtime.instrumentation.CreateClassResetClassAdapter createEmptyStaticReset
INFO: Adding bytecode for initializing field FIRST_ASSIGN
Aug 05, 2018 5:13:53 AM org.evosuite.runtime.instrumentation.CreateClassResetClassAdapter createEmptyStaticReset
INFO: Adding bytecode for initializing field LAST_ASSIGN
Aug 05, 2018 5:13:53 AM org.evosuite.runtime.instrumentation.CreateClassResetClassAdapter createEmptyStaticReset
INFO: Adding bytecode for initializing field HOOK
Aug 05, 2018 5:13:53 AM org.evosuite.runtime.instrumentation.CreateClassResetClassAdapter createEmptyStaticReset
INFO: Adding bytecode for initializing field COLON
Aug 05, 2018 5:13:53 AM org.evosuite.runtime.instrumentation.CreateClassResetClassAdapter createEmptyStaticReset
INFO: Adding bytecode for initializing field OR
Aug 05, 2018 5:13:53 AM org.evosuite.runtime.instrumentation.CreateClassResetClassAdapter createEmptyStaticReset
INFO: Adding bytecode for initializing field AND
Aug 05, 2018 5:13:53 AM org.evosuite.runtime.instrumentation.CreateClassResetClassAdapter createEmptyStaticReset
INFO: Adding bytecode for initializing field INC
Aug 05, 2018 5:13:53 AM org.evosuite.runtime.instrumentation.CreateClassResetClassAdapter createEmptyStaticReset
INFO: Adding bytecode for initializing field DEC
Aug 05, 2018 5:13:53 AM org.evosuite.runtime.instrumentation.CreateClassResetClassAdapter createEmptyStaticReset
INFO: Adding bytecode for initializing field DOT
Aug 05, 2018 5:13:53 AM org.evosuite.runtime.instrumentation.CreateClassResetClassAdapter createEmptyStaticReset
INFO: Adding bytecode for initializing field FUNCTION
Aug 05, 2018 5:13:53 AM org.evosuite.runtime.instrumentation.CreateClassResetClassAdapter createEmptyStaticReset
INFO: Adding bytecode for initializing field EXPORT
Aug 05, 2018 5:13:53 AM org.evosuite.runtime.instrumentation.CreateClassResetClassAdapter createEmptyStaticReset
INFO: Adding bytecode for initializing field IMPORT
Aug 05, 2018 5:13:53 AM org.evosuite.runtime.instrumentation.CreateClassResetClassAdapter createEmptyStaticReset
INFO: Adding bytecode for initializing field IF
Aug 05, 2018 5:13:53 AM org.evosuite.runtime.instrumentation.CreateClassResetClassAdapter createEmptyStaticReset
INFO: Adding bytecode for initializing field ELSE
Aug 05, 2018 5:13:53 AM org.evosuite.runtime.instrumentation.CreateClassResetClassAdapter createEmptyStaticReset
INFO: Adding bytecode for initializing field SWITCH
Aug 05, 2018 5:13:53 AM org.evosuite.runtime.instrumentation.CreateClassResetClassAdapter createEmptyStaticReset
INFO: Adding bytecode for initializing field CASE
Aug 05, 2018 5:13:53 AM org.evosuite.runtime.instrumentation.CreateClassResetClassAdapter createEmptyStaticReset
INFO: Adding bytecode for initializing field DEFAULT
Aug 05, 2018 5:13:53 AM org.evosuite.runtime.instrumentation.CreateClassResetClassAdapter createEmptyStaticReset
INFO: Adding bytecode for initializing field WHILE
Aug 05, 2018 5:13:53 AM org.evosuite.runtime.instrumentation.CreateClassResetClassAdapter createEmptyStaticReset
INFO: Adding bytecode for initializing field DO
Aug 05, 2018 5:13:53 AM org.evosuite.runtime.instrumentation.CreateClassResetClassAdapter createEmptyStaticReset
INFO: Adding bytecode for initializing field FOR
Aug 05, 2018 5:13:53 AM org.evosuite.runtime.instrumentation.CreateClassResetClassAdapter createEmptyStaticReset
INFO: Adding bytecode for initializing field BREAK
Aug 05, 2018 5:13:53 AM org.evosuite.runtime.instrumentation.CreateClassResetClassAdapter createEmptyStaticReset
INFO: Adding bytecode for initializing field CONTINUE
Aug 05, 2018 5:13:53 AM org.evosuite.runtime.instrumentation.CreateClassResetClassAdapter createEmptyStaticReset
INFO: Adding bytecode for initializing field VAR
Aug 05, 2018 5:13:53 AM org.evosuite.runtime.instrumentation.CreateClassResetClassAdapter createEmptyStaticReset
INFO: Adding bytecode for initializing field WITH
Aug 05, 2018 5:13:53 AM org.evosuite.runtime.instrumentation.CreateClassResetClassAdapter createEmptyStaticReset
INFO: Adding bytecode for initializing field CATCH
Aug 05, 2018 5:13:53 AM org.evosuite.runtime.instrumentation.CreateClassResetClassAdapter createEmptyStaticReset
INFO: Adding bytecode for initializing field FINALLY
Aug 05, 2018 5:13:53 AM org.evosuite.runtime.instrumentation.CreateClassResetClassAdapter createEmptyStaticReset
INFO: Adding bytecode for initializing field VOID
Aug 05, 2018 5:13:53 AM org.evosuite.runtime.instrumentation.CreateClassResetClassAdapter createEmptyStaticReset
INFO: Adding bytecode for initializing field RESERVED
Aug 05, 2018 5:13:53 AM org.evosuite.runtime.instrumentation.CreateClassResetClassAdapter createEmptyStaticReset
INFO: Adding bytecode for initializing field EMPTY
Aug 05, 2018 5:13:53 AM org.evosuite.runtime.instrumentation.CreateClassResetClassAdapter createEmptyStaticReset
INFO: Adding bytecode for initializing field BLOCK
Aug 05, 2018 5:13:53 AM org.evosuite.runtime.instrumentation.CreateClassResetClassAdapter createEmptyStaticReset
INFO: Adding bytecode for initializing field LABEL
Aug 05, 2018 5:13:53 AM org.evosuite.runtime.instrumentation.CreateClassResetClassAdapter createEmptyStaticReset
INFO: Adding bytecode for initializing field TARGET
Aug 05, 2018 5:13:53 AM org.evosuite.runtime.instrumentation.CreateClassResetClassAdapter createEmptyStaticReset
INFO: Adding bytecode for initializing field LOOP
Aug 05, 2018 5:13:53 AM org.evosuite.runtime.instrumentation.CreateClassResetClassAdapter createEmptyStaticReset
INFO: Adding bytecode for initializing field EXPR_VOID
Aug 05, 2018 5:13:53 AM org.evosuite.runtime.instrumentation.CreateClassResetClassAdapter createEmptyStaticReset
INFO: Adding bytecode for initializing field EXPR_RESULT
Aug 05, 2018 5:13:53 AM org.evosuite.runtime.instrumentation.CreateClassResetClassAdapter createEmptyStaticReset
INFO: Adding bytecode for initializing field JSR
Aug 05, 2018 5:13:53 AM org.evosuite.runtime.instrumentation.CreateClassResetClassAdapter createEmptyStaticReset
INFO: Adding bytecode for initializing field SCRIPT
Aug 05, 2018 5:13:53 AM org.evosuite.runtime.instrumentation.CreateClassResetClassAdapter createEmptyStaticReset
INFO: Adding bytecode for initializing field TYPEOFNAME
Aug 05, 2018 5:13:53 AM org.evosuite.runtime.instrumentation.CreateClassResetClassAdapter createEmptyStaticReset
INFO: Adding bytecode for initializing field USE_STACK
Aug 05, 2018 5:13:53 AM org.evosuite.runtime.instrumentation.CreateClassResetClassAdapter createEmptyStaticReset
INFO: Adding bytecode for initializing field SETPROP_OP
Aug 05, 2018 5:13:53 AM org.evosuite.runtime.instrumentation.CreateClassResetClassAdapter createEmptyStaticReset
INFO: Adding bytecode for initializing field SETELEM_OP
Aug 05, 2018 5:13:53 AM org.evosuite.runtime.instrumentation.CreateClassResetClassAdapter createEmptyStaticReset
INFO: Adding bytecode for initializing field LOCAL_BLOCK
Aug 05, 2018 5:13:53 AM org.evosuite.runtime.instrumentation.CreateClassResetClassAdapter createEmptyStaticReset
INFO: Adding bytecode for initializing field SET_REF_OP
Aug 05, 2018 5:13:53 AM org.evosuite.runtime.instrumentation.CreateClassResetClassAdapter createEmptyStaticReset
INFO: Adding bytecode for initializing field DOTDOT
Aug 05, 2018 5:13:53 AM org.evosuite.runtime.instrumentation.CreateClassResetClassAdapter createEmptyStaticReset
INFO: Adding bytecode for initializing field COLONCOLON
Aug 05, 2018 5:13:53 AM org.evosuite.runtime.instrumentation.CreateClassResetClassAdapter createEmptyStaticReset
INFO: Adding bytecode for initializing field XML
Aug 05, 2018 5:13:53 AM org.evosuite.runtime.instrumentation.CreateClassResetClassAdapter createEmptyStaticReset
INFO: Adding bytecode for initializing field DOTQUERY
Aug 05, 2018 5:13:53 AM org.evosuite.runtime.instrumentation.CreateClassResetClassAdapter createEmptyStaticReset
INFO: Adding bytecode for initializing field XMLATTR
Aug 05, 2018 5:13:53 AM org.evosuite.runtime.instrumentation.CreateClassResetClassAdapter createEmptyStaticReset
INFO: Adding bytecode for initializing field XMLEND
Aug 05, 2018 5:13:53 AM org.evosuite.runtime.instrumentation.CreateClassResetClassAdapter createEmptyStaticReset
INFO: Adding bytecode for initializing field TO_OBJECT
Aug 05, 2018 5:13:53 AM org.evosuite.runtime.instrumentation.CreateClassResetClassAdapter createEmptyStaticReset
INFO: Adding bytecode for initializing field TO_DOUBLE
Aug 05, 2018 5:13:53 AM org.evosuite.runtime.instrumentation.CreateClassResetClassAdapter createEmptyStaticReset
INFO: Adding bytecode for initializing field GET
Aug 05, 2018 5:13:53 AM org.evosuite.runtime.instrumentation.CreateClassResetClassAdapter createEmptyStaticReset
INFO: Adding bytecode for initializing field SET
Aug 05, 2018 5:13:53 AM org.evosuite.runtime.instrumentation.CreateClassResetClassAdapter createEmptyStaticReset
INFO: Adding bytecode for initializing field LET
Aug 05, 2018 5:13:53 AM org.evosuite.runtime.instrumentation.CreateClassResetClassAdapter createEmptyStaticReset
INFO: Adding bytecode for initializing field CONST
Aug 05, 2018 5:13:53 AM org.evosuite.runtime.instrumentation.CreateClassResetClassAdapter createEmptyStaticReset
INFO: Adding bytecode for initializing field SETCONST
Aug 05, 2018 5:13:53 AM org.evosuite.runtime.instrumentation.CreateClassResetClassAdapter createEmptyStaticReset
INFO: Adding bytecode for initializing field SETCONSTVAR
Aug 05, 2018 5:13:53 AM org.evosuite.runtime.instrumentation.CreateClassResetClassAdapter createEmptyStaticReset
INFO: Adding bytecode for initializing field ARRAYCOMP
Aug 05, 2018 5:13:53 AM org.evosuite.runtime.instrumentation.CreateClassResetClassAdapter createEmptyStaticReset
INFO: Adding bytecode for initializing field LETEXPR
Aug 05, 2018 5:13:53 AM org.evosuite.runtime.instrumentation.CreateClassResetClassAdapter createEmptyStaticReset
INFO: Adding bytecode for initializing field WITHEXPR
Aug 05, 2018 5:13:53 AM org.evosuite.runtime.instrumentation.CreateClassResetClassAdapter createEmptyStaticReset
INFO: Adding bytecode for initializing field DEBUGGER
Aug 05, 2018 5:13:53 AM org.evosuite.runtime.instrumentation.CreateClassResetClassAdapter createEmptyStaticReset
INFO: Adding bytecode for initializing field COMMENT
Aug 05, 2018 5:13:53 AM org.evosuite.runtime.instrumentation.CreateClassResetClassAdapter createEmptyStaticReset
INFO: Adding bytecode for initializing field GENEXPR
Aug 05, 2018 5:13:53 AM org.evosuite.runtime.instrumentation.CreateClassResetClassAdapter createEmptyStaticReset
INFO: Adding bytecode for initializing field METHOD
Aug 05, 2018 5:13:53 AM org.evosuite.runtime.instrumentation.CreateClassResetClassAdapter createEmptyStaticReset
INFO: Adding bytecode for initializing field ARROW
Aug 05, 2018 5:13:53 AM org.evosuite.runtime.instrumentation.CreateClassResetClassAdapter createEmptyStaticReset
INFO: Adding bytecode for initializing field LAST_TOKEN
Aug 05, 2018 5:13:53 AM org.evosuite.runtime.instrumentation.EvoClassLoader instrumentClass
INFO: Keeping class: org.mozilla.javascript.Token
Aug 05, 2018 5:13:53 AM org.evosuite.runtime.thread.ThreadStopper killAndJoinClientThreads
INFO: Found new thread
Aug 05, 2018 5:13:53 AM org.evosuite.runtime.thread.ThreadStopper killAndJoinClientThreads
INFO: Found new thread
Aug 05, 2018 5:13:53 AM org.evosuite.runtime.thread.ThreadStopper killAndJoinClientThreads
INFO: Found new thread
Aug 05, 2018 5:13:53 AM org.evosuite.runtime.thread.ThreadStopper killAndJoinClientThreads
INFO: Found new thread
Aug 05, 2018 5:13:53 AM org.evosuite.runtime.thread.ThreadStopper killAndJoinClientThreads
INFO: Found new thread
Aug 05, 2018 5:13:53 AM org.evosuite.runtime.thread.ThreadStopper killAndJoinClientThreads
INFO: Found new thread
Aug 05, 2018 5:13:54 AM org.evosuite.runtime.thread.ThreadStopper killAndJoinClientThreads
INFO: Found new thread
Aug 05, 2018 5:13:54 AM org.evosuite.runtime.thread.ThreadStopper killAndJoinClientThreads
INFO: Found new thread
Aug 05, 2018 5:13:54 AM org.evosuite.runtime.thread.ThreadStopper killAndJoinClientThreads
INFO: Found new thread
Aug 05, 2018 5:13:54 AM org.evosuite.runtime.thread.ThreadStopper killAndJoinClientThreads
INFO: Found new thread
Aug 05, 2018 5:13:54 AM org.evosuite.runtime.thread.ThreadStopper killAndJoinClientThreads
INFO: Found new thread
Aug 05, 2018 5:13:54 AM org.evosuite.runtime.thread.ThreadStopper killAndJoinClientThreads
INFO: Found new thread
Aug 05, 2018 5:13:54 AM org.evosuite.runtime.thread.ThreadStopper killAndJoinClientThreads
INFO: Found new thread
Aug 05, 2018 5:13:54 AM org.evosuite.runtime.thread.ThreadStopper killAndJoinClientThreads
INFO: Found new thread
Aug 05, 2018 5:13:54 AM org.evosuite.runtime.thread.ThreadStopper killAndJoinClientThreads
INFO: Found new thread
Aug 05, 2018 5:13:54 AM org.evosuite.runtime.thread.ThreadStopper killAndJoinClientThreads
INFO: Found new thread
Aug 05, 2018 5:13:54 AM org.evosuite.runtime.thread.ThreadStopper killAndJoinClientThreads
INFO: Found new thread
Aug 05, 2018 5:13:54 AM org.evosuite.runtime.thread.ThreadStopper killAndJoinClientThreads
INFO: Found new thread
Aug 05, 2018 5:13:54 AM org.evosuite.runtime.thread.ThreadStopper killAndJoinClientThreads
INFO: Found new thread
Aug 05, 2018 5:13:54 AM org.evosuite.runtime.thread.ThreadStopper killAndJoinClientThreads
INFO: Found new thread
Aug 05, 2018 5:13:54 AM org.evosuite.runtime.thread.ThreadStopper killAndJoinClientThreads
INFO: Found new thread
Aug 05, 2018 5:13:54 AM org.evosuite.runtime.thread.ThreadStopper killAndJoinClientThreads
INFO: Found new thread
Aug 05, 2018 5:13:54 AM org.evosuite.runtime.thread.ThreadStopper killAndJoinClientThreads
INFO: Found new thread
Aug 05, 2018 5:13:54 AM org.evosuite.runtime.thread.ThreadStopper killAndJoinClientThreads
INFO: Found new thread
Aug 05, 2018 5:13:54 AM org.evosuite.runtime.thread.ThreadStopper killAndJoinClientThreads
INFO: Found new thread
Aug 05, 2018 5:13:54 AM org.evosuite.runtime.thread.ThreadStopper killAndJoinClientThreads
INFO: Found new thread
Aug 05, 2018 5:13:54 AM org.evosuite.runtime.thread.ThreadStopper killAndJoinClientThreads
INFO: Found new thread
Aug 05, 2018 5:13:54 AM org.evosuite.runtime.thread.ThreadStopper killAndJoinClientThreads
INFO: Found new thread
Aug 05, 2018 5:13:55 AM org.evosuite.runtime.thread.ThreadStopper killAndJoinClientThreads
INFO: Found new thread
Aug 05, 2018 5:13:55 AM org.evosuite.runtime.thread.ThreadStopper killAndJoinClientThreads
INFO: Found new thread
Aug 05, 2018 5:13:55 AM org.evosuite.runtime.thread.ThreadStopper killAndJoinClientThreads
INFO: Found new thread
Aug 05, 2018 5:13:55 AM org.evosuite.runtime.thread.ThreadStopper killAndJoinClientThreads
INFO: Found new thread
Aug 05, 2018 5:13:55 AM org.evosuite.runtime.thread.ThreadStopper killAndJoinClientThreads
INFO: Found new thread
Aug 05, 2018 5:13:55 AM org.evosuite.runtime.thread.ThreadStopper killAndJoinClientThreads
INFO: Found new thread
Aug 05, 2018 5:13:55 AM org.evosuite.runtime.thread.ThreadStopper killAndJoinClientThreads
INFO: Found new thread
Aug 05, 2018 5:13:55 AM org.evosuite.runtime.thread.ThreadStopper killAndJoinClientThreads
INFO: Found new thread
Aug 05, 2018 5:13:55 AM org.evosuite.runtime.thread.ThreadStopper killAndJoinClientThreads
INFO: Found new thread
Aug 05, 2018 5:13:55 AM org.evosuite.runtime.thread.ThreadStopper killAndJoinClientThreads
INFO: Found new thread
Aug 05, 2018 5:13:55 AM org.evosuite.runtime.thread.ThreadStopper killAndJoinClientThreads
INFO: Found new thread
Aug 05, 2018 5:13:55 AM org.evosuite.runtime.thread.ThreadStopper killAndJoinClientThreads
INFO: Found new thread
Aug 05, 2018 5:13:55 AM org.evosuite.runtime.thread.ThreadStopper killAndJoinClientThreads
INFO: Found new thread
Aug 05, 2018 5:13:55 AM org.evosuite.runtime.thread.ThreadStopper killAndJoinClientThreads
INFO: Found new thread
Aug 05, 2018 5:13:55 AM org.evosuite.runtime.thread.ThreadStopper killAndJoinClientThreads
INFO: Found new thread
Aug 05, 2018 5:13:55 AM org.evosuite.runtime.thread.ThreadStopper killAndJoinClientThreads
INFO: Found new thread
Aug 05, 2018 5:13:56 AM org.evosuite.runtime.thread.ThreadStopper killAndJoinClientThreads
INFO: Found new thread
Aug 05, 2018 5:13:56 AM org.evosuite.runtime.thread.ThreadStopper killAndJoinClientThreads
INFO: Found new thread
Aug 05, 2018 5:13:56 AM org.evosuite.runtime.thread.ThreadStopper killAndJoinClientThreads
INFO: Found new thread
Aug 05, 2018 5:13:56 AM org.evosuite.runtime.thread.ThreadStopper killAndJoinClientThreads
INFO: Found new thread
Aug 05, 2018 5:13:56 AM org.evosuite.runtime.thread.ThreadStopper killAndJoinClientThreads
INFO: Found new thread
Aug 05, 2018 5:13:56 AM org.evosuite.runtime.thread.ThreadStopper killAndJoinClientThreads
INFO: Found new thread
Aug 05, 2018 5:13:56 AM org.evosuite.runtime.thread.ThreadStopper killAndJoinClientThreads
INFO: Found new thread
Aug 05, 2018 5:13:56 AM org.evosuite.runtime.thread.ThreadStopper killAndJoinClientThreads
INFO: Found new thread
Aug 05, 2018 5:13:56 AM org.evosuite.runtime.thread.ThreadStopper killAndJoinClientThreads
INFO: Found new thread
Aug 05, 2018 5:13:56 AM org.evosuite.runtime.thread.ThreadStopper killAndJoinClientThreads
INFO: Found new thread
Aug 05, 2018 5:13:56 AM org.evosuite.runtime.thread.ThreadStopper killAndJoinClientThreads
INFO: Found new thread
Aug 05, 2018 5:13:56 AM org.evosuite.runtime.thread.ThreadStopper killAndJoinClientThreads
INFO: Found new thread
Aug 05, 2018 5:13:56 AM org.evosuite.runtime.thread.ThreadStopper killAndJoinClientThreads
INFO: Found new thread
Aug 05, 2018 5:13:56 AM org.evosuite.runtime.thread.ThreadStopper killAndJoinClientThreads
INFO: Found new thread
Aug 05, 2018 5:13:56 AM org.evosuite.runtime.thread.ThreadStopper killAndJoinClientThreads
INFO: Found new thread
Aug 05, 2018 5:13:57 AM org.evosuite.runtime.thread.ThreadStopper killAndJoinClientThreads
INFO: Found new thread
Aug 05, 2018 5:13:57 AM org.evosuite.runtime.thread.ThreadStopper killAndJoinClientThreads
INFO: Found new thread
Aug 05, 2018 5:13:57 AM org.evosuite.runtime.thread.ThreadStopper killAndJoinClientThreads
INFO: Found new thread
Aug 05, 2018 5:13:57 AM org.evosuite.runtime.thread.ThreadStopper killAndJoinClientThreads
INFO: Found new thread
Aug 05, 2018 5:13:57 AM org.evosuite.runtime.thread.ThreadStopper killAndJoinClientThreads
INFO: Found new thread
Aug 05, 2018 5:13:57 AM org.evosuite.runtime.thread.ThreadStopper killAndJoinClientThreads
INFO: Found new thread
Aug 05, 2018 5:13:57 AM org.evosuite.runtime.thread.ThreadStopper killAndJoinClientThreads
INFO: Found new thread
Aug 05, 2018 5:13:57 AM org.evosuite.runtime.thread.ThreadStopper killAndJoinClientThreads
INFO: Found new thread
Aug 05, 2018 5:13:57 AM org.evosuite.runtime.thread.ThreadStopper killAndJoinClientThreads
INFO: Found new thread
Aug 05, 2018 5:13:57 AM org.evosuite.runtime.thread.ThreadStopper killAndJoinClientThreads
INFO: Found new thread
Aug 05, 2018 5:13:57 AM org.evosuite.runtime.thread.ThreadStopper killAndJoinClientThreads
INFO: Found new thread
Aug 05, 2018 5:13:57 AM org.evosuite.runtime.thread.ThreadStopper killAndJoinClientThreads
INFO: Found new thread
Aug 05, 2018 5:13:57 AM org.evosuite.runtime.thread.ThreadStopper killAndJoinClientThreads
INFO: Found new thread
Aug 05, 2018 5:13:57 AM org.evosuite.runtime.thread.ThreadStopper killAndJoinClientThreads
INFO: Found new thread
Aug 05, 2018 5:13:57 AM org.evosuite.runtime.thread.ThreadStopper killAndJoinClientThreads
INFO: Found new thread
Aug 05, 2018 5:13:57 AM org.evosuite.runtime.thread.ThreadStopper killAndJoinClientThreads
INFO: Found new thread
Aug 05, 2018 5:13:57 AM org.evosuite.runtime.thread.ThreadStopper killAndJoinClientThreads
INFO: Found new thread
Aug 05, 2018 5:13:57 AM org.evosuite.runtime.thread.ThreadStopper killAndJoinClientThreads
INFO: Found new thread
Aug 05, 2018 5:13:57 AM org.evosuite.runtime.thread.ThreadStopper killAndJoinClientThreads
INFO: Found new thread
Aug 05, 2018 5:13:58 AM org.evosuite.runtime.thread.ThreadStopper killAndJoinClientThreads
INFO: Found new thread
Aug 05, 2018 5:13:58 AM org.evosuite.runtime.thread.ThreadStopper killAndJoinClientThreads
INFO: Found new thread
Aug 05, 2018 5:13:58 AM org.evosuite.runtime.thread.ThreadStopper killAndJoinClientThreads
INFO: Found new thread
Aug 05, 2018 5:13:58 AM org.evosuite.runtime.thread.ThreadStopper killAndJoinClientThreads
INFO: Found new thread
Aug 05, 2018 5:13:58 AM org.evosuite.runtime.thread.ThreadStopper killAndJoinClientThreads
INFO: Found new thread
Aug 05, 2018 5:13:58 AM org.evosuite.runtime.thread.ThreadStopper killAndJoinClientThreads
INFO: Found new thread
Aug 05, 2018 5:13:58 AM org.evosuite.runtime.thread.ThreadStopper killAndJoinClientThreads
INFO: Found new thread
Aug 05, 2018 5:13:58 AM org.evosuite.runtime.thread.ThreadStopper killAndJoinClientThreads
INFO: Found new thread
Aug 05, 2018 5:13:58 AM org.evosuite.runtime.thread.ThreadStopper killAndJoinClientThreads
INFO: Found new thread
Aug 05, 2018 5:13:58 AM org.evosuite.runtime.thread.ThreadStopper killAndJoinClientThreads
INFO: Found new thread
Aug 05, 2018 5:13:58 AM org.evosuite.runtime.thread.ThreadStopper killAndJoinClientThreads
INFO: Found new thread
Aug 05, 2018 5:13:58 AM org.evosuite.runtime.thread.ThreadStopper killAndJoinClientThreads
INFO: Found new thread
Aug 05, 2018 5:13:58 AM org.evosuite.runtime.thread.ThreadStopper killAndJoinClientThreads
INFO: Found new thread
Aug 05, 2018 5:13:58 AM org.evosuite.runtime.thread.ThreadStopper killAndJoinClientThreads
INFO: Found new thread
Aug 05, 2018 5:13:58 AM org.evosuite.runtime.thread.ThreadStopper killAndJoinClientThreads
INFO: Found new thread
Aug 05, 2018 5:13:58 AM org.evosuite.runtime.thread.ThreadStopper killAndJoinClientThreads
INFO: Found new thread
Aug 05, 2018 5:13:58 AM org.evosuite.runtime.thread.ThreadStopper killAndJoinClientThreads
INFO: Found new thread
Aug 05, 2018 5:13:58 AM org.evosuite.runtime.thread.ThreadStopper killAndJoinClientThreads
INFO: Found new thread
Aug 05, 2018 5:13:58 AM org.evosuite.runtime.thread.ThreadStopper killAndJoinClientThreads
INFO: Found new thread
Aug 05, 2018 5:13:58 AM org.evosuite.runtime.thread.ThreadStopper killAndJoinClientThreads
INFO: Found new thread
Aug 05, 2018 5:13:58 AM org.evosuite.runtime.thread.ThreadStopper killAndJoinClientThreads
INFO: Found new thread
Aug 05, 2018 5:13:59 AM org.evosuite.runtime.thread.ThreadStopper killAndJoinClientThreads
INFO: Found new thread
Aug 05, 2018 5:13:59 AM org.evosuite.runtime.thread.ThreadStopper killAndJoinClientThreads
INFO: Found new thread
Aug 05, 2018 5:13:59 AM org.evosuite.runtime.thread.ThreadStopper killAndJoinClientThreads
INFO: Found new thread
Aug 05, 2018 5:13:59 AM org.evosuite.runtime.thread.ThreadStopper killAndJoinClientThreads
INFO: Found new thread
Aug 05, 2018 5:13:59 AM org.evosuite.runtime.thread.ThreadStopper killAndJoinClientThreads
INFO: Found new thread
Aug 05, 2018 5:13:59 AM org.evosuite.runtime.thread.ThreadStopper killAndJoinClientThreads
INFO: Found new thread
Aug 05, 2018 5:13:59 AM org.evosuite.runtime.thread.ThreadStopper killAndJoinClientThreads
INFO: Found new thread
Aug 05, 2018 5:13:59 AM org.evosuite.runtime.thread.ThreadStopper killAndJoinClientThreads
INFO: Found new thread
Aug 05, 2018 5:13:59 AM org.evosuite.runtime.thread.ThreadStopper killAndJoinClientThreads
INFO: Found new thread
Aug 05, 2018 5:13:59 AM org.evosuite.runtime.thread.ThreadStopper killAndJoinClientThreads
INFO: Found new thread
Aug 05, 2018 5:13:59 AM org.evosuite.runtime.thread.ThreadStopper killAndJoinClientThreads
INFO: Found new thread
Aug 05, 2018 5:13:59 AM org.evosuite.runtime.thread.ThreadStopper killAndJoinClientThreads
INFO: Found new thread
Aug 05, 2018 5:13:59 AM org.evosuite.runtime.thread.ThreadStopper killAndJoinClientThreads
INFO: Found new thread
Aug 05, 2018 5:13:59 AM org.evosuite.runtime.thread.ThreadStopper killAndJoinClientThreads
INFO: Found new thread
Aug 05, 2018 5:13:59 AM org.evosuite.runtime.thread.ThreadStopper killAndJoinClientThreads
INFO: Found new thread
]]></system-err>
</testsuite>
