<?xml version="1.0" encoding="UTF-8"?>
<testsuite name="org.mozilla.javascript.ObjArray_ESTest" tests="29" skipped="0" failures="0" errors="0" timestamp="2018-08-05T05:18:21" hostname="cobb" time="1.064">
  <properties/>
  <testcase name="test17" classname="org.mozilla.javascript.ObjArray_ESTest" time="0.099"/>
  <testcase name="test18" classname="org.mozilla.javascript.ObjArray_ESTest" time="0.047"/>
  <testcase name="test19" classname="org.mozilla.javascript.ObjArray_ESTest" time="0.042"/>
  <testcase name="test13" classname="org.mozilla.javascript.ObjArray_ESTest" time="0.051"/>
  <testcase name="test14" classname="org.mozilla.javascript.ObjArray_ESTest" time="0.027"/>
  <testcase name="test15" classname="org.mozilla.javascript.ObjArray_ESTest" time="0.018"/>
  <testcase name="test16" classname="org.mozilla.javascript.ObjArray_ESTest" time="0.039"/>
  <testcase name="test10" classname="org.mozilla.javascript.ObjArray_ESTest" time="0.019"/>
  <testcase name="test11" classname="org.mozilla.javascript.ObjArray_ESTest" time="0.037"/>
  <testcase name="test12" classname="org.mozilla.javascript.ObjArray_ESTest" time="0.03"/>
  <testcase name="test06" classname="org.mozilla.javascript.ObjArray_ESTest" time="0.039"/>
  <testcase name="test28" classname="org.mozilla.javascript.ObjArray_ESTest" time="0.025"/>
  <testcase name="test07" classname="org.mozilla.javascript.ObjArray_ESTest" time="0.048"/>
  <testcase name="test08" classname="org.mozilla.javascript.ObjArray_ESTest" time="0.027"/>
  <testcase name="test09" classname="org.mozilla.javascript.ObjArray_ESTest" time="0.041"/>
  <testcase name="test02" classname="org.mozilla.javascript.ObjArray_ESTest" time="0.037"/>
  <testcase name="test24" classname="org.mozilla.javascript.ObjArray_ESTest" time="0.037"/>
  <testcase name="test03" classname="org.mozilla.javascript.ObjArray_ESTest" time="0.026"/>
  <testcase name="test25" classname="org.mozilla.javascript.ObjArray_ESTest" time="0.03"/>
  <testcase name="test04" classname="org.mozilla.javascript.ObjArray_ESTest" time="0.041"/>
  <testcase name="test26" classname="org.mozilla.javascript.ObjArray_ESTest" time="0.026"/>
  <testcase name="test05" classname="org.mozilla.javascript.ObjArray_ESTest" time="0.033"/>
  <testcase name="test27" classname="org.mozilla.javascript.ObjArray_ESTest" time="0.035"/>
  <testcase name="test20" classname="org.mozilla.javascript.ObjArray_ESTest" time="0.023"/>
  <testcase name="test21" classname="org.mozilla.javascript.ObjArray_ESTest" time="0.025"/>
  <testcase name="test00" classname="org.mozilla.javascript.ObjArray_ESTest" time="0.048"/>
  <testcase name="test22" classname="org.mozilla.javascript.ObjArray_ESTest" time="0.032"/>
  <testcase name="test01" classname="org.mozilla.javascript.ObjArray_ESTest" time="0.032"/>
  <testcase name="test23" classname="org.mozilla.javascript.ObjArray_ESTest" time="0.03"/>
  <system-out><![CDATA[]]></system-out>
  <system-err><![CDATA[Aug 04, 2018 10:18:17 PM org.evosuite.runtime.instrumentation.EvoClassLoader loadClass
INFO: Seeing class for first time: org.mozilla.javascript.ObjArray_ESTest
Aug 04, 2018 10:18:17 PM org.evosuite.runtime.instrumentation.EvoClassLoader instrumentClass
INFO: Instrumenting class 'org.mozilla.javascript.ObjArray_ESTest'.
Aug 04, 2018 10:18:18 PM org.evosuite.runtime.instrumentation.EvoClassLoader loadClass
INFO: Seeing class for first time: org.mozilla.javascript.ObjArray_ESTest_scaffolding
Aug 04, 2018 10:18:18 PM org.evosuite.runtime.instrumentation.EvoClassLoader instrumentClass
INFO: Instrumenting class 'org.mozilla.javascript.ObjArray_ESTest_scaffolding'.
Aug 04, 2018 10:18:18 PM org.evosuite.runtime.instrumentation.EvoClassLoader instrumentClass
INFO: Keeping class: org.mozilla.javascript.ObjArray_ESTest_scaffolding
Aug 04, 2018 10:18:18 PM org.evosuite.runtime.instrumentation.EvoClassLoader instrumentClass
INFO: Keeping class: org.mozilla.javascript.ObjArray_ESTest
Aug 05, 2018 5:18:19 AM org.evosuite.runtime.instrumentation.EvoClassLoader loadClass
INFO: Seeing class for first time: org.mozilla.javascript.ObjArray
Aug 05, 2018 5:18:19 AM org.evosuite.runtime.instrumentation.EvoClassLoader instrumentClass
INFO: Instrumenting class 'org.mozilla.javascript.ObjArray'.
Aug 05, 2018 5:18:19 AM org.evosuite.runtime.instrumentation.MethodCallReplacementClassAdapter visit
INFO: Adding mock interface to class org/mozilla/javascript/ObjArray
Aug 05, 2018 5:18:21 AM org.evosuite.runtime.instrumentation.CreateClassResetClassAdapter createEmptyStaticReset
INFO: Creating brand-new static initializer in class org/mozilla/javascript/ObjArray
Aug 05, 2018 5:18:21 AM org.evosuite.runtime.instrumentation.CreateClassResetClassAdapter createEmptyStaticReset
INFO: Adding bytecode for initializing field FIELDS_STORE_SIZE
Aug 05, 2018 5:18:21 AM org.evosuite.runtime.instrumentation.EvoClassLoader instrumentClass
INFO: Keeping class: org.mozilla.javascript.ObjArray
Aug 05, 2018 5:18:21 AM org.evosuite.runtime.thread.ThreadStopper killAndJoinClientThreads
INFO: Found new thread
Aug 05, 2018 5:18:21 AM org.evosuite.runtime.thread.ThreadStopper killAndJoinClientThreads
INFO: Found new thread
Aug 05, 2018 5:18:21 AM org.evosuite.runtime.thread.ThreadStopper killAndJoinClientThreads
INFO: Found new thread
Aug 05, 2018 5:18:21 AM org.evosuite.runtime.thread.ThreadStopper killAndJoinClientThreads
INFO: Found new thread
Aug 05, 2018 5:18:21 AM org.evosuite.runtime.thread.ThreadStopper killAndJoinClientThreads
INFO: Found new thread
Aug 05, 2018 5:18:22 AM org.evosuite.runtime.thread.ThreadStopper killAndJoinClientThreads
INFO: Found new thread
Aug 05, 2018 5:18:22 AM org.evosuite.runtime.thread.ThreadStopper killAndJoinClientThreads
INFO: Found new thread
Aug 05, 2018 5:18:22 AM org.evosuite.runtime.thread.ThreadStopper killAndJoinClientThreads
INFO: Found new thread
Aug 05, 2018 5:18:22 AM org.evosuite.runtime.thread.ThreadStopper killAndJoinClientThreads
INFO: Found new thread
Aug 05, 2018 5:18:22 AM org.evosuite.runtime.thread.ThreadStopper killAndJoinClientThreads
INFO: Found new thread
Aug 05, 2018 5:18:22 AM org.evosuite.runtime.thread.ThreadStopper killAndJoinClientThreads
INFO: Found new thread
Aug 05, 2018 5:18:22 AM org.evosuite.runtime.thread.ThreadStopper killAndJoinClientThreads
INFO: Found new thread
Aug 05, 2018 5:18:22 AM org.evosuite.runtime.thread.ThreadStopper killAndJoinClientThreads
INFO: Found new thread
Aug 05, 2018 5:18:22 AM org.evosuite.runtime.thread.ThreadStopper killAndJoinClientThreads
INFO: Found new thread
Aug 05, 2018 5:18:22 AM org.evosuite.runtime.thread.ThreadStopper killAndJoinClientThreads
INFO: Found new thread
Aug 05, 2018 5:18:22 AM org.evosuite.runtime.thread.ThreadStopper killAndJoinClientThreads
INFO: Found new thread
Aug 05, 2018 5:18:22 AM org.evosuite.runtime.thread.ThreadStopper killAndJoinClientThreads
INFO: Found new thread
Aug 05, 2018 5:18:22 AM org.evosuite.runtime.thread.ThreadStopper killAndJoinClientThreads
INFO: Found new thread
Aug 05, 2018 5:18:22 AM org.evosuite.runtime.thread.ThreadStopper killAndJoinClientThreads
INFO: Found new thread
Aug 05, 2018 5:18:22 AM org.evosuite.runtime.thread.ThreadStopper killAndJoinClientThreads
INFO: Found new thread
Aug 05, 2018 5:18:22 AM org.evosuite.runtime.thread.ThreadStopper killAndJoinClientThreads
INFO: Found new thread
Aug 05, 2018 5:18:22 AM org.evosuite.runtime.thread.ThreadStopper killAndJoinClientThreads
INFO: Found new thread
]]></system-err>
</testsuite>
