<?xml version="1.0" encoding="UTF-8"?>
<testsuite name="org.mozilla.classfile.ConstantEntry_ESTest" tests="8" skipped="0" failures="0" errors="0" timestamp="2018-08-05T05:20:11" hostname="cobb" time="0.38">
  <properties/>
  <testcase name="test2" classname="org.mozilla.classfile.ConstantEntry_ESTest" time="0.102"/>
  <testcase name="test3" classname="org.mozilla.classfile.ConstantEntry_ESTest" time="0.029"/>
  <testcase name="test4" classname="org.mozilla.classfile.ConstantEntry_ESTest" time="0.033"/>
  <testcase name="test5" classname="org.mozilla.classfile.ConstantEntry_ESTest" time="0.022"/>
  <testcase name="test6" classname="org.mozilla.classfile.ConstantEntry_ESTest" time="0.029"/>
  <testcase name="test7" classname="org.mozilla.classfile.ConstantEntry_ESTest" time="0.025"/>
  <testcase name="test0" classname="org.mozilla.classfile.ConstantEntry_ESTest" time="0.034"/>
  <testcase name="test1" classname="org.mozilla.classfile.ConstantEntry_ESTest" time="0.071"/>
  <system-out><![CDATA[]]></system-out>
  <system-err><![CDATA[Aug 04, 2018 10:20:07 PM org.evosuite.runtime.instrumentation.EvoClassLoader loadClass
INFO: Seeing class for first time: org.mozilla.classfile.ConstantEntry_ESTest
Aug 04, 2018 10:20:07 PM org.evosuite.runtime.instrumentation.EvoClassLoader instrumentClass
INFO: Instrumenting class 'org.mozilla.classfile.ConstantEntry_ESTest'.
Aug 04, 2018 10:20:07 PM org.evosuite.runtime.instrumentation.EvoClassLoader loadClass
INFO: Seeing class for first time: org.mozilla.classfile.ConstantEntry_ESTest_scaffolding
Aug 04, 2018 10:20:07 PM org.evosuite.runtime.instrumentation.EvoClassLoader instrumentClass
INFO: Instrumenting class 'org.mozilla.classfile.ConstantEntry_ESTest_scaffolding'.
Aug 04, 2018 10:20:07 PM org.evosuite.runtime.instrumentation.EvoClassLoader instrumentClass
INFO: Keeping class: org.mozilla.classfile.ConstantEntry_ESTest_scaffolding
Aug 04, 2018 10:20:08 PM org.evosuite.runtime.instrumentation.EvoClassLoader instrumentClass
INFO: Keeping class: org.mozilla.classfile.ConstantEntry_ESTest
Aug 05, 2018 5:20:09 AM org.evosuite.runtime.instrumentation.EvoClassLoader loadClass
INFO: Seeing class for first time: org.mozilla.classfile.ConstantEntry
Aug 05, 2018 5:20:09 AM org.evosuite.runtime.instrumentation.EvoClassLoader instrumentClass
INFO: Instrumenting class 'org.mozilla.classfile.ConstantEntry'.
Aug 05, 2018 5:20:09 AM org.evosuite.runtime.instrumentation.MethodCallReplacementClassAdapter visit
INFO: Adding mock interface to class org/mozilla/classfile/ConstantEntry
Aug 05, 2018 5:20:11 AM org.evosuite.runtime.instrumentation.CreateClassResetClassAdapter createEmptyStaticReset
INFO: Creating brand-new static initializer in class org/mozilla/classfile/ConstantEntry
Aug 05, 2018 5:20:11 AM org.evosuite.runtime.instrumentation.EvoClassLoader instrumentClass
INFO: Keeping class: org.mozilla.classfile.ConstantEntry
Aug 05, 2018 5:20:11 AM org.evosuite.runtime.thread.ThreadStopper killAndJoinClientThreads
INFO: Found new thread
Aug 05, 2018 5:20:11 AM org.evosuite.runtime.thread.ThreadStopper killAndJoinClientThreads
INFO: Found new thread
Aug 05, 2018 5:20:11 AM org.evosuite.runtime.thread.ThreadStopper killAndJoinClientThreads
INFO: Found new thread
Aug 05, 2018 5:20:11 AM org.evosuite.runtime.thread.ThreadStopper killAndJoinClientThreads
INFO: Found new thread
Aug 05, 2018 5:20:11 AM org.evosuite.runtime.thread.ThreadStopper killAndJoinClientThreads
INFO: Found new thread
Aug 05, 2018 5:20:11 AM org.evosuite.runtime.thread.ThreadStopper killAndJoinClientThreads
INFO: Found new thread
]]></system-err>
</testsuite>
