<?xml version="1.0" encoding="UTF-8"?>
<testsuite name="org.mozilla.javascript.commonjs.module.provider.ModuleSource_ESTest" tests="5" skipped="0" failures="0" errors="0" timestamp="2018-08-05T05:17:26" hostname="cobb" time="0.274">
  <properties/>
  <testcase name="test0" classname="org.mozilla.javascript.commonjs.module.provider.ModuleSource_ESTest" time="0.118"/>
  <testcase name="test1" classname="org.mozilla.javascript.commonjs.module.provider.ModuleSource_ESTest" time="0.059"/>
  <testcase name="test4" classname="org.mozilla.javascript.commonjs.module.provider.ModuleSource_ESTest" time="0.029"/>
  <testcase name="test2" classname="org.mozilla.javascript.commonjs.module.provider.ModuleSource_ESTest" time="0.023"/>
  <testcase name="test3" classname="org.mozilla.javascript.commonjs.module.provider.ModuleSource_ESTest" time="0.042"/>
  <system-out><![CDATA[]]></system-out>
  <system-err><![CDATA[Aug 04, 2018 10:17:22 PM org.evosuite.runtime.instrumentation.EvoClassLoader loadClass
INFO: Seeing class for first time: org.mozilla.javascript.commonjs.module.provider.ModuleSource_ESTest
Aug 04, 2018 10:17:22 PM org.evosuite.runtime.instrumentation.EvoClassLoader instrumentClass
INFO: Instrumenting class 'org.mozilla.javascript.commonjs.module.provider.ModuleSource_ESTest'.
Aug 04, 2018 10:17:23 PM org.evosuite.runtime.instrumentation.EvoClassLoader loadClass
INFO: Seeing class for first time: org.mozilla.javascript.commonjs.module.provider.ModuleSource_ESTest_scaffolding
Aug 04, 2018 10:17:23 PM org.evosuite.runtime.instrumentation.EvoClassLoader instrumentClass
INFO: Instrumenting class 'org.mozilla.javascript.commonjs.module.provider.ModuleSource_ESTest_scaffolding'.
Aug 04, 2018 10:17:23 PM org.evosuite.runtime.instrumentation.EvoClassLoader instrumentClass
INFO: Keeping class: org.mozilla.javascript.commonjs.module.provider.ModuleSource_ESTest_scaffolding
Aug 04, 2018 10:17:23 PM org.evosuite.runtime.instrumentation.EvoClassLoader instrumentClass
INFO: Keeping class: org.mozilla.javascript.commonjs.module.provider.ModuleSource_ESTest
Aug 05, 2018 5:17:25 AM org.evosuite.runtime.instrumentation.EvoClassLoader loadClass
INFO: Seeing class for first time: org.mozilla.javascript.commonjs.module.provider.ModuleSource
Aug 05, 2018 5:17:25 AM org.evosuite.runtime.instrumentation.EvoClassLoader instrumentClass
INFO: Instrumenting class 'org.mozilla.javascript.commonjs.module.provider.ModuleSource'.
Aug 05, 2018 5:17:25 AM org.evosuite.runtime.instrumentation.MethodCallReplacementClassAdapter visit
INFO: Adding mock interface to class org/mozilla/javascript/commonjs/module/provider/ModuleSource
Aug 05, 2018 5:17:26 AM org.evosuite.runtime.instrumentation.CreateClassResetClassAdapter createEmptyStaticReset
INFO: Creating brand-new static initializer in class org/mozilla/javascript/commonjs/module/provider/ModuleSource
Aug 05, 2018 5:17:26 AM org.evosuite.runtime.instrumentation.EvoClassLoader instrumentClass
INFO: Keeping class: org.mozilla.javascript.commonjs.module.provider.ModuleSource
Aug 05, 2018 5:17:27 AM org.evosuite.runtime.thread.ThreadStopper killAndJoinClientThreads
INFO: Found new thread
Aug 05, 2018 5:17:27 AM org.evosuite.runtime.thread.ThreadStopper killAndJoinClientThreads
INFO: Found new thread
Aug 05, 2018 5:17:27 AM org.evosuite.runtime.thread.ThreadStopper killAndJoinClientThreads
INFO: Found new thread
]]></system-err>
</testsuite>
