<?xml version="1.0" encoding="UTF-8"?>
<testsuite name="org.mozilla.javascript.ast.ErrorCollector_ESTest" tests="7" skipped="0" failures="0" errors="0" timestamp="2018-08-05T05:11:27" hostname="cobb" time="0.295">
  <properties/>
  <testcase name="test1" classname="org.mozilla.javascript.ast.ErrorCollector_ESTest" time="0.089"/>
  <testcase name="test0" classname="org.mozilla.javascript.ast.ErrorCollector_ESTest" time="0.04"/>
  <testcase name="test5" classname="org.mozilla.javascript.ast.ErrorCollector_ESTest" time="0.03"/>
  <testcase name="test4" classname="org.mozilla.javascript.ast.ErrorCollector_ESTest" time="0.034"/>
  <testcase name="test3" classname="org.mozilla.javascript.ast.ErrorCollector_ESTest" time="0.02"/>
  <testcase name="test2" classname="org.mozilla.javascript.ast.ErrorCollector_ESTest" time="0.056"/>
  <testcase name="test6" classname="org.mozilla.javascript.ast.ErrorCollector_ESTest" time="0.023"/>
  <system-out><![CDATA[]]></system-out>
  <system-err><![CDATA[Aug 04, 2018 10:11:23 PM org.evosuite.runtime.instrumentation.EvoClassLoader loadClass
INFO: Seeing class for first time: org.mozilla.javascript.ast.ErrorCollector_ESTest
Aug 04, 2018 10:11:23 PM org.evosuite.runtime.instrumentation.EvoClassLoader instrumentClass
INFO: Instrumenting class 'org.mozilla.javascript.ast.ErrorCollector_ESTest'.
Aug 04, 2018 10:11:24 PM org.evosuite.runtime.instrumentation.EvoClassLoader loadClass
INFO: Seeing class for first time: org.mozilla.javascript.ast.ErrorCollector_ESTest_scaffolding
Aug 04, 2018 10:11:24 PM org.evosuite.runtime.instrumentation.EvoClassLoader instrumentClass
INFO: Instrumenting class 'org.mozilla.javascript.ast.ErrorCollector_ESTest_scaffolding'.
Aug 04, 2018 10:11:24 PM org.evosuite.runtime.instrumentation.EvoClassLoader instrumentClass
INFO: Keeping class: org.mozilla.javascript.ast.ErrorCollector_ESTest_scaffolding
Aug 04, 2018 10:11:24 PM org.evosuite.runtime.instrumentation.EvoClassLoader instrumentClass
INFO: Keeping class: org.mozilla.javascript.ast.ErrorCollector_ESTest
Aug 05, 2018 5:11:25 AM org.evosuite.runtime.instrumentation.EvoClassLoader loadClass
INFO: Seeing class for first time: org.mozilla.javascript.ErrorReporter
Aug 05, 2018 5:11:25 AM org.evosuite.runtime.instrumentation.EvoClassLoader instrumentClass
INFO: Instrumenting class 'org.mozilla.javascript.ErrorReporter'.
Aug 05, 2018 5:11:26 AM org.evosuite.runtime.instrumentation.EvoClassLoader createPackageDefinition
INFO: Defined package (3): package org.mozilla.javascript, -1130473355
Aug 05, 2018 5:11:26 AM org.evosuite.runtime.instrumentation.EvoClassLoader instrumentClass
INFO: Keeping class: org.mozilla.javascript.ErrorReporter
Aug 05, 2018 5:11:26 AM org.evosuite.runtime.instrumentation.EvoClassLoader loadClass
INFO: Seeing class for first time: org.mozilla.javascript.ScriptStackElement
Aug 05, 2018 5:11:26 AM org.evosuite.runtime.instrumentation.EvoClassLoader instrumentClass
INFO: Instrumenting class 'org.mozilla.javascript.ScriptStackElement'.
Aug 05, 2018 5:11:26 AM org.evosuite.runtime.instrumentation.MethodCallReplacementClassAdapter visit
INFO: Adding mock interface to class org/mozilla/javascript/ScriptStackElement
Aug 05, 2018 5:11:26 AM org.evosuite.runtime.instrumentation.CreateClassResetClassAdapter createEmptyStaticReset
INFO: Creating brand-new static initializer in class org/mozilla/javascript/ScriptStackElement
Aug 05, 2018 5:11:26 AM org.evosuite.runtime.instrumentation.EvoClassLoader instrumentClass
INFO: Keeping class: org.mozilla.javascript.ScriptStackElement
Aug 05, 2018 5:11:26 AM org.evosuite.runtime.instrumentation.EvoClassLoader loadClass
INFO: Seeing class for first time: org.mozilla.javascript.EvaluatorException
Aug 05, 2018 5:11:26 AM org.evosuite.runtime.instrumentation.EvoClassLoader instrumentClass
INFO: Instrumenting class 'org.mozilla.javascript.EvaluatorException'.
Aug 05, 2018 5:11:26 AM org.evosuite.runtime.instrumentation.MethodCallReplacementClassAdapter visit
INFO: Adding mock interface to class org/mozilla/javascript/EvaluatorException
Aug 05, 2018 5:11:26 AM org.evosuite.runtime.instrumentation.CreateClassResetClassAdapter createEmptyStaticReset
INFO: Creating brand-new static initializer in class org/mozilla/javascript/EvaluatorException
Aug 05, 2018 5:11:26 AM org.evosuite.runtime.instrumentation.EvoClassLoader loadClass
INFO: Seeing class for first time: org.mozilla.javascript.RhinoException
Aug 05, 2018 5:11:26 AM org.evosuite.runtime.instrumentation.EvoClassLoader instrumentClass
INFO: Instrumenting class 'org.mozilla.javascript.RhinoException'.
Aug 05, 2018 5:11:26 AM org.evosuite.runtime.instrumentation.MethodCallReplacementClassAdapter visit
INFO: Adding mock interface to class org/mozilla/javascript/RhinoException
Aug 05, 2018 5:11:26 AM org.evosuite.runtime.instrumentation.CreateClassResetClassAdapter visitMethod
INFO: Found static initializer in class org/mozilla/javascript/RhinoException
Aug 05, 2018 5:11:26 AM org.evosuite.runtime.instrumentation.EvoClassLoader instrumentClass
INFO: Keeping class: org.mozilla.javascript.RhinoException
Aug 05, 2018 5:11:26 AM org.evosuite.runtime.instrumentation.EvoClassLoader instrumentClass
INFO: Keeping class: org.mozilla.javascript.EvaluatorException
Aug 05, 2018 5:11:26 AM org.evosuite.runtime.instrumentation.EvoClassLoader loadClass
INFO: Seeing class for first time: org.mozilla.javascript.StackStyle
Aug 05, 2018 5:11:26 AM org.evosuite.runtime.instrumentation.EvoClassLoader instrumentClass
INFO: Instrumenting class 'org.mozilla.javascript.StackStyle'.
Aug 05, 2018 5:11:26 AM org.evosuite.runtime.instrumentation.MethodCallReplacementClassAdapter visit
INFO: Adding mock interface to class org/mozilla/javascript/StackStyle
Aug 05, 2018 5:11:26 AM org.evosuite.runtime.instrumentation.CreateClassResetClassAdapter visitMethod
INFO: Found static initializer in class org/mozilla/javascript/StackStyle
Aug 05, 2018 5:11:26 AM org.evosuite.runtime.instrumentation.EvoClassLoader instrumentClass
INFO: Keeping class: org.mozilla.javascript.StackStyle
Aug 05, 2018 5:11:26 AM org.evosuite.runtime.instrumentation.EvoClassLoader loadClass
INFO: Seeing class for first time: org.mozilla.javascript.ast.ParseProblem
Aug 05, 2018 5:11:26 AM org.evosuite.runtime.instrumentation.EvoClassLoader instrumentClass
INFO: Instrumenting class 'org.mozilla.javascript.ast.ParseProblem'.
Aug 05, 2018 5:11:26 AM org.evosuite.runtime.instrumentation.MethodCallReplacementClassAdapter visit
INFO: Adding mock interface to class org/mozilla/javascript/ast/ParseProblem
Aug 05, 2018 5:11:27 AM org.evosuite.runtime.instrumentation.CreateClassResetClassAdapter createEmptyStaticReset
INFO: Creating brand-new static initializer in class org/mozilla/javascript/ast/ParseProblem
Aug 05, 2018 5:11:27 AM org.evosuite.runtime.instrumentation.EvoClassLoader instrumentClass
INFO: Keeping class: org.mozilla.javascript.ast.ParseProblem
Aug 05, 2018 5:11:27 AM org.evosuite.runtime.instrumentation.EvoClassLoader loadClass
INFO: Seeing class for first time: org.mozilla.javascript.ast.ErrorCollector
Aug 05, 2018 5:11:27 AM org.evosuite.runtime.instrumentation.EvoClassLoader instrumentClass
INFO: Instrumenting class 'org.mozilla.javascript.ast.ErrorCollector'.
Aug 05, 2018 5:11:27 AM org.evosuite.runtime.instrumentation.MethodCallReplacementClassAdapter visit
INFO: Adding mock interface to class org/mozilla/javascript/ast/ErrorCollector
Aug 05, 2018 5:11:27 AM org.evosuite.runtime.instrumentation.CreateClassResetClassAdapter createEmptyStaticReset
INFO: Creating brand-new static initializer in class org/mozilla/javascript/ast/ErrorCollector
Aug 05, 2018 5:11:27 AM org.evosuite.runtime.instrumentation.EvoClassLoader loadClass
INFO: Seeing class for first time: org.mozilla.javascript.ast.IdeErrorReporter
Aug 05, 2018 5:11:27 AM org.evosuite.runtime.instrumentation.EvoClassLoader instrumentClass
INFO: Instrumenting class 'org.mozilla.javascript.ast.IdeErrorReporter'.
Aug 05, 2018 5:11:27 AM org.evosuite.runtime.instrumentation.EvoClassLoader instrumentClass
INFO: Keeping class: org.mozilla.javascript.ast.IdeErrorReporter
Aug 05, 2018 5:11:27 AM org.evosuite.runtime.instrumentation.EvoClassLoader instrumentClass
INFO: Keeping class: org.mozilla.javascript.ast.ErrorCollector
Aug 05, 2018 5:11:27 AM org.evosuite.runtime.instrumentation.EvoClassLoader loadClass
INFO: Seeing class for first time: org.mozilla.javascript.ast.ParseProblem$Type
Aug 05, 2018 5:11:27 AM org.evosuite.runtime.instrumentation.EvoClassLoader instrumentClass
INFO: Instrumenting class 'org.mozilla.javascript.ast.ParseProblem$Type'.
Aug 05, 2018 5:11:27 AM org.evosuite.runtime.instrumentation.MethodCallReplacementClassAdapter visit
INFO: Adding mock interface to class org/mozilla/javascript/ast/ParseProblem$Type
Aug 05, 2018 5:11:27 AM org.evosuite.runtime.instrumentation.CreateClassResetClassAdapter visitMethod
INFO: Found static initializer in class org/mozilla/javascript/ast/ParseProblem$Type
Aug 05, 2018 5:11:27 AM org.evosuite.runtime.instrumentation.EvoClassLoader instrumentClass
INFO: Keeping class: org.mozilla.javascript.ast.ParseProblem$Type
Aug 05, 2018 5:11:27 AM org.evosuite.runtime.thread.ThreadStopper killAndJoinClientThreads
INFO: Found new thread
Aug 05, 2018 5:11:27 AM org.evosuite.runtime.thread.ThreadStopper killAndJoinClientThreads
INFO: Found new thread
Aug 05, 2018 5:11:27 AM org.evosuite.runtime.thread.ThreadStopper killAndJoinClientThreads
INFO: Found new thread
Aug 05, 2018 5:11:27 AM org.evosuite.runtime.thread.ThreadStopper killAndJoinClientThreads
INFO: Found new thread
Aug 05, 2018 5:11:27 AM org.evosuite.runtime.thread.ThreadStopper killAndJoinClientThreads
INFO: Found new thread
Aug 05, 2018 5:11:27 AM org.evosuite.runtime.thread.ThreadStopper killAndJoinClientThreads
INFO: Found new thread
]]></system-err>
</testsuite>
